09:56:50.848 [boundedElastic-3] ERROR c.a.s.g.h.GatewayExceptionHandler - [handle,38] - [统一异常处理]----请求路径:/oauth2/authorize,异常信息:503 SERVICE_UNAVAILABLE "Unable to find instance for mf-oauth"
09:56:51.138 [reactor-http-nio-2] ERROR c.a.s.g.h.GatewayExceptionHandler - [handle,38] - [统一异常处理]----请求路径:/favicon.ico,异常信息:404 NOT_FOUND
09:56:53.182 [boundedElastic-3] ERROR c.a.s.g.h.GatewayExceptionHandler - [handle,38] - [统一异常处理]----请求路径:/oauth2/authorize,异常信息:503 SERVICE_UNAVAILABLE "Unable to find instance for mf-oauth"
09:56:53.203 [reactor-http-nio-2] ERROR c.a.s.g.h.GatewayExceptionHandler - [handle,38] - [统一异常处理]----请求路径:/favicon.ico,异常信息:404 NOT_FOUND
09:57:20.492 [boundedElastic-2] ERROR c.a.s.g.h.GatewayExceptionHandler - [handle,38] - [统一异常处理]----请求路径:/sys/sysConfig,异常信息:503 SERVICE_UNAVAILABLE "Unable to find instance for mf-sys"
09:57:25.080 [boundedElastic-7] ERROR c.a.s.g.h.GatewayExceptionHandler - [handle,38] - [统一异常处理]----请求路径:/storage/file/cefc882726394e3e8cd8df976d3c4eb5.png,异常信息:503 SERVICE_UNAVAILABLE "Unable to find instance for mf-storage"
09:57:28.578 [boundedElastic-6] ERROR c.a.s.g.h.GatewayExceptionHandler - [handle,38] - [统一异常处理]----请求路径:/storage/file/cefc882726394e3e8cd8df976d3c4eb5.png,异常信息:503 SERVICE_UNAVAILABLE "Unable to find instance for mf-storage"
09:57:41.130 [boundedElastic-4] ERROR c.a.s.g.h.GatewayExceptionHandler - [handle,38] - [统一异常处理]----请求路径:/sys/sysConfig,异常信息:503 SERVICE_UNAVAILABLE "Unable to find instance for mf-sys"
09:57:41.991 [boundedElastic-6] ERROR c.a.s.g.h.GatewayExceptionHandler - [handle,38] - [统一异常处理]----请求路径:/storage/file/cefc882726394e3e8cd8df976d3c4eb5.png,异常信息:503 SERVICE_UNAVAILABLE "Unable to find instance for mf-storage"
09:59:55.542 [boundedElastic-6] ERROR c.a.s.g.h.GatewayExceptionHandler - [handle,38] - [统一异常处理]----请求路径:/storage/file/cefc882726394e3e8cd8df976d3c4eb5.png,异常信息:503 SERVICE_UNAVAILABLE "Unable to find instance for mf-storage"
11:09:30.671 [reactor-http-nio-15] ERROR c.a.s.g.h.GatewayExceptionHandler - [handle,38] - [统一异常处理]----请求路径:/oauth2/menu,异常信息:Connection timed out: no further information: /169.254.54.134:9218
11:09:43.101 [boundedElastic-12] ERROR c.a.s.g.h.GatewayExceptionHandler - [handle,38] - [统一异常处理]----请求路径:/storage/file/cefc882726394e3e8cd8df976d3c4eb5.png,异常信息:503 SERVICE_UNAVAILABLE "Unable to find instance for mf-storage"
12:12:35.066 [boundedElastic-37] ERROR c.a.s.g.h.GatewayExceptionHandler - [handle,38] - [统一异常处理]----请求路径:/storage/file/cefc882726394e3e8cd8df976d3c4eb5.png,异常信息:503 SERVICE_UNAVAILABLE "Unable to find instance for mf-storage"
12:14:33.289 [boundedElastic-37] ERROR c.a.s.g.h.GatewayExceptionHandler - [handle,38] - [统一异常处理]----请求路径:/scheduler/job,异常信息:503 SERVICE_UNAVAILABLE "Unable to find instance for mf-scheduler"
12:14:40.678 [boundedElastic-40] ERROR c.a.s.g.h.GatewayExceptionHandler - [handle,38] - [统一异常处理]----请求路径:/scheduler/jobLog,异常信息:503 SERVICE_UNAVAILABLE "Unable to find instance for mf-scheduler"
12:15:46.986 [boundedElastic-38] ERROR c.a.s.g.h.GatewayExceptionHandler - [handle,38] - [统一异常处理]----请求路径:/scheduler/jobLog,异常信息:503 SERVICE_UNAVAILABLE "Unable to find instance for mf-scheduler"
12:15:47.149 [boundedElastic-38] ERROR c.a.s.g.h.GatewayExceptionHandler - [handle,38] - [统一异常处理]----请求路径:/storage/file/cefc882726394e3e8cd8df976d3c4eb5.png,异常信息:503 SERVICE_UNAVAILABLE "Unable to find instance for mf-storage"
12:16:49.766 [boundedElastic-28] ERROR c.a.s.g.h.GatewayExceptionHandler - [handle,38] - [统一异常处理]----请求路径:/storage/file/cefc882726394e3e8cd8df976d3c4eb5.png,异常信息:503 SERVICE_UNAVAILABLE "Unable to find instance for mf-storage"
12:32:39.112 [boundedElastic-44] ERROR c.a.s.g.h.GatewayExceptionHandler - [handle,38] - [统一异常处理]----请求路径:/storage/file/cefc882726394e3e8cd8df976d3c4eb5.png,异常信息:503 SERVICE_UNAVAILABLE "Unable to find instance for mf-storage"
12:32:56.198 [boundedElastic-44] ERROR c.a.s.g.h.GatewayExceptionHandler - [handle,38] - [统一异常处理]----请求路径:/storage/file/cefc882726394e3e8cd8df976d3c4eb5.png,异常信息:503 SERVICE_UNAVAILABLE "Unable to find instance for mf-storage"
12:33:09.194 [boundedElastic-50] ERROR c.a.s.g.h.GatewayExceptionHandler - [handle,38] - [统一异常处理]----请求路径:/storage/sysFile,异常信息:503 SERVICE_UNAVAILABLE "Unable to find instance for mf-storage"
12:33:26.027 [boundedElastic-50] ERROR c.a.s.g.h.GatewayExceptionHandler - [handle,38] - [统一异常处理]----请求路径:/scheduler/job,异常信息:503 SERVICE_UNAVAILABLE "Unable to find instance for mf-scheduler"
12:33:27.327 [boundedElastic-50] ERROR c.a.s.g.h.GatewayExceptionHandler - [handle,38] - [统一异常处理]----请求路径:/scheduler/jobLog,异常信息:503 SERVICE_UNAVAILABLE "Unable to find instance for mf-scheduler"
12:50:58.926 [boundedElastic-68] ERROR c.a.s.g.h.GatewayExceptionHandler - [handle,38] - [统一异常处理]----请求路径:/storage/file/cefc882726394e3e8cd8df976d3c4eb5.png,异常信息:503 SERVICE_UNAVAILABLE "Unable to find instance for mf-storage"
13:06:33.031 [boundedElastic-68] ERROR c.a.s.g.h.GatewayExceptionHandler - [handle,38] - [统一异常处理]----请求路径:/storage/file/cefc882726394e3e8cd8df976d3c4eb5.png,异常信息:503 SERVICE_UNAVAILABLE "Unable to find instance for mf-storage"
13:25:45.833 [boundedElastic-92] ERROR c.a.s.g.h.GatewayExceptionHandler - [handle,38] - [统一异常处理]----请求路径:/storage/file/cefc882726394e3e8cd8df976d3c4eb5.png,异常信息:503 SERVICE_UNAVAILABLE "Unable to find instance for mf-storage"
13:26:55.452 [boundedElastic-82] ERROR c.a.s.g.h.GatewayExceptionHandler - [handle,38] - [统一异常处理]----请求路径:/storage/file/cefc882726394e3e8cd8df976d3c4eb5.png,异常信息:503 SERVICE_UNAVAILABLE "Unable to find instance for mf-storage"
13:29:57.818 [boundedElastic-96] ERROR c.a.s.g.h.GatewayExceptionHandler - [handle,38] - [统一异常处理]----请求路径:/storage/file/cefc882726394e3e8cd8df976d3c4eb5.png,异常信息:503 SERVICE_UNAVAILABLE "Unable to find instance for mf-storage"
13:31:02.676 [boundedElastic-87] ERROR c.a.s.g.h.GatewayExceptionHandler - [handle,38] - [统一异常处理]----请求路径:/storage/file/cefc882726394e3e8cd8df976d3c4eb5.png,异常信息:503 SERVICE_UNAVAILABLE "Unable to find instance for mf-storage"
13:35:11.481 [boundedElastic-96] ERROR c.a.s.g.h.GatewayExceptionHandler - [handle,38] - [统一异常处理]----请求路径:/storage/file/cefc882726394e3e8cd8df976d3c4eb5.png,异常信息:503 SERVICE_UNAVAILABLE "Unable to find instance for mf-storage"
13:36:26.504 [boundedElastic-101] ERROR c.a.s.g.h.GatewayExceptionHandler - [handle,38] - [统一异常处理]----请求路径:/storage/file/cefc882726394e3e8cd8df976d3c4eb5.png,异常信息:503 SERVICE_UNAVAILABLE "Unable to find instance for mf-storage"
13:37:01.074 [boundedElastic-96] ERROR c.a.s.g.h.GatewayExceptionHandler - [handle,38] - [统一异常处理]----请求路径:/storage/file/cefc882726394e3e8cd8df976d3c4eb5.png,异常信息:503 SERVICE_UNAVAILABLE "Unable to find instance for mf-storage"
13:40:05.018 [boundedElastic-93] ERROR c.a.s.g.h.GatewayExceptionHandler - [handle,38] - [统一异常处理]----请求路径:/storage/file/cefc882726394e3e8cd8df976d3c4eb5.png,异常信息:503 SERVICE_UNAVAILABLE "Unable to find instance for mf-storage"
13:53:13.342 [boundedElastic-103] ERROR c.a.s.g.h.GatewayExceptionHandler - [handle,38] - [统一异常处理]----请求路径:/storage/file/cefc882726394e3e8cd8df976d3c4eb5.png,异常信息:503 SERVICE_UNAVAILABLE "Unable to find instance for mf-storage"
14:07:30.870 [boundedElastic-122] ERROR c.a.s.g.h.GatewayExceptionHandler - [handle,38] - [统一异常处理]----请求路径:/storage/file/cefc882726394e3e8cd8df976d3c4eb5.png,异常信息:503 SERVICE_UNAVAILABLE "Unable to find instance for mf-storage"
14:09:18.076 [boundedElastic-124] ERROR c.a.s.g.h.GatewayExceptionHandler - [handle,38] - [统一异常处理]----请求路径:/storage/file/cefc882726394e3e8cd8df976d3c4eb5.png,异常信息:503 SERVICE_UNAVAILABLE "Unable to find instance for mf-storage"
14:10:11.163 [boundedElastic-121] ERROR c.a.s.g.h.GatewayExceptionHandler - [handle,38] - [统一异常处理]----请求路径:/storage/file/cefc882726394e3e8cd8df976d3c4eb5.png,异常信息:503 SERVICE_UNAVAILABLE "Unable to find instance for mf-storage"
14:11:02.469 [boundedElastic-120] ERROR c.a.s.g.h.GatewayExceptionHandler - [handle,38] - [统一异常处理]----请求路径:/storage/file/cefc882726394e3e8cd8df976d3c4eb5.png,异常信息:503 SERVICE_UNAVAILABLE "Unable to find instance for mf-storage"
14:11:40.082 [boundedElastic-127] ERROR c.a.s.g.h.GatewayExceptionHandler - [handle,38] - [统一异常处理]----请求路径:/storage/file/cefc882726394e3e8cd8df976d3c4eb5.png,异常信息:503 SERVICE_UNAVAILABLE "Unable to find instance for mf-storage"
14:22:13.275 [boundedElastic-120] ERROR c.a.s.g.h.GatewayExceptionHandler - [handle,38] - [统一异常处理]----请求路径:/scheduler/job,异常信息:503 SERVICE_UNAVAILABLE "Unable to find instance for mf-scheduler"
14:22:14.174 [boundedElastic-120] ERROR c.a.s.g.h.GatewayExceptionHandler - [handle,38] - [统一异常处理]----请求路径:/scheduler/jobLog,异常信息:503 SERVICE_UNAVAILABLE "Unable to find instance for mf-scheduler"
14:30:34.387 [boundedElastic-131] ERROR c.a.s.g.h.GatewayExceptionHandler - [handle,38] - [统一异常处理]----请求路径:/storage/file/cefc882726394e3e8cd8df976d3c4eb5.png,异常信息:503 SERVICE_UNAVAILABLE "Unable to find instance for mf-storage"
16:09:12.021 [reactor-http-nio-6] ERROR c.a.s.g.f.AuthFilter - [unauthorizedResponse,89] - [鉴权异常处理]请求路径:/oauth2/user/info
16:09:12.021 [reactor-http-nio-5] ERROR c.a.s.g.f.AuthFilter - [unauthorizedResponse,89] - [鉴权异常处理]请求路径:/sys/sysConfig
16:09:14.035 [boundedElastic-200] ERROR c.a.s.g.h.GatewayExceptionHandler - [handle,38] - [统一异常处理]----请求路径:/storage/file/cefc882726394e3e8cd8df976d3c4eb5.png,异常信息:503 SERVICE_UNAVAILABLE "Unable to find instance for mf-storage"
16:09:14.571 [boundedElastic-200] ERROR c.a.s.g.h.GatewayExceptionHandler - [handle,38] - [统一异常处理]----请求路径:/storage/file/cefc882726394e3e8cd8df976d3c4eb5.png,异常信息:503 SERVICE_UNAVAILABLE "Unable to find instance for mf-storage"
16:22:13.274 [boundedElastic-206] ERROR c.a.s.g.h.GatewayExceptionHandler - [handle,38] - [统一异常处理]----请求路径:/storage/file/cefc882726394e3e8cd8df976d3c4eb5.png,异常信息:503 SERVICE_UNAVAILABLE "Unable to find instance for mf-storage"
16:22:31.752 [boundedElastic-206] ERROR c.a.s.g.h.GatewayExceptionHandler - [handle,38] - [统一异常处理]----请求路径:/storage/file/cefc882726394e3e8cd8df976d3c4eb5.png,异常信息:503 SERVICE_UNAVAILABLE "Unable to find instance for mf-storage"
17:15:21.401 [boundedElastic-233] ERROR c.a.s.g.h.GatewayExceptionHandler - [handle,38] - [统一异常处理]----请求路径:/storage/file/cefc882726394e3e8cd8df976d3c4eb5.png,异常信息:503 SERVICE_UNAVAILABLE "Unable to find instance for mf-storage"
17:18:07.882 [boundedElastic-254] ERROR c.a.s.g.h.GatewayExceptionHandler - [handle,38] - [统一异常处理]----请求路径:/storage/file/cefc882726394e3e8cd8df976d3c4eb5.png,异常信息:503 SERVICE_UNAVAILABLE "Unable to find instance for mf-storage"
17:18:26.156 [boundedElastic-254] ERROR c.a.s.g.h.GatewayExceptionHandler - [handle,38] - [统一异常处理]----请求路径:/storage/file/cefc882726394e3e8cd8df976d3c4eb5.png,异常信息:503 SERVICE_UNAVAILABLE "Unable to find instance for mf-storage"
17:21:28.669 [boundedElastic-256] ERROR c.a.s.g.h.GatewayExceptionHandler - [handle,38] - [统一异常处理]----请求路径:/storage/file/cefc882726394e3e8cd8df976d3c4eb5.png,异常信息:503 SERVICE_UNAVAILABLE "Unable to find instance for mf-storage"
17:22:48.704 [boundedElastic-258] ERROR c.a.s.g.h.GatewayExceptionHandler - [handle,38] - [统一异常处理]----请求路径:/storage/file/cefc882726394e3e8cd8df976d3c4eb5.png,异常信息:503 SERVICE_UNAVAILABLE "Unable to find instance for mf-storage"
17:23:46.685 [boundedElastic-252] ERROR c.a.s.g.h.GatewayExceptionHandler - [handle,38] - [统一异常处理]----请求路径:/storage/file/cefc882726394e3e8cd8df976d3c4eb5.png,异常信息:503 SERVICE_UNAVAILABLE "Unable to find instance for mf-storage"
17:27:57.542 [boundedElastic-264] ERROR c.a.s.g.h.GatewayExceptionHandler - [handle,38] - [统一异常处理]----请求路径:/storage/file/cefc882726394e3e8cd8df976d3c4eb5.png,异常信息:503 SERVICE_UNAVAILABLE "Unable to find instance for mf-storage"
17:31:18.275 [boundedElastic-258] ERROR c.a.s.g.h.GatewayExceptionHandler - [handle,38] - [统一异常处理]----请求路径:/storage/file/cefc882726394e3e8cd8df976d3c4eb5.png,异常信息:503 SERVICE_UNAVAILABLE "Unable to find instance for mf-storage"
17:32:13.399 [boundedElastic-257] ERROR c.a.s.g.h.GatewayExceptionHandler - [handle,38] - [统一异常处理]----请求路径:/storage/file/cefc882726394e3e8cd8df976d3c4eb5.png,异常信息:503 SERVICE_UNAVAILABLE "Unable to find instance for mf-storage"
17:39:15.544 [boundedElastic-271] ERROR c.a.s.g.h.GatewayExceptionHandler - [handle,38] - [统一异常处理]----请求路径:/storage/file/cefc882726394e3e8cd8df976d3c4eb5.png,异常信息:503 SERVICE_UNAVAILABLE "Unable to find instance for mf-storage"
17:40:23.637 [boundedElastic-266] ERROR c.a.s.g.h.GatewayExceptionHandler - [handle,38] - [统一异常处理]----请求路径:/storage/file/cefc882726394e3e8cd8df976d3c4eb5.png,异常信息:503 SERVICE_UNAVAILABLE "Unable to find instance for mf-storage"
17:43:28.933 [boundedElastic-269] ERROR c.a.s.g.h.GatewayExceptionHandler - [handle,38] - [统一异常处理]----请求路径:/storage/file/cefc882726394e3e8cd8df976d3c4eb5.png,异常信息:503 SERVICE_UNAVAILABLE "Unable to find instance for mf-storage"
18:13:28.610 [boundedElastic-279] ERROR c.a.s.g.h.GatewayExceptionHandler - [handle,38] - [统一异常处理]----请求路径:/storage/file/cefc882726394e3e8cd8df976d3c4eb5.png,异常信息:503 SERVICE_UNAVAILABLE "Unable to find instance for mf-storage"
19:23:02.463 [boundedElastic-305] ERROR c.a.s.g.h.GatewayExceptionHandler - [handle,38] - [统一异常处理]----请求路径:/storage/file/cefc882726394e3e8cd8df976d3c4eb5.png,异常信息:503 SERVICE_UNAVAILABLE "Unable to find instance for mf-storage"
21:44:02.268 [boundedElastic-342] ERROR c.a.s.g.h.GatewayExceptionHandler - [handle,38] - [统一异常处理]----请求路径:/web/cms/article,异常信息:503 SERVICE_UNAVAILABLE "Unable to find instance for mf-web"
21:44:02.489 [boundedElastic-342] ERROR c.a.s.g.h.GatewayExceptionHandler - [handle,38] - [统一异常处理]----请求路径:/storage/file/cefc882726394e3e8cd8df976d3c4eb5.png,异常信息:503 SERVICE_UNAVAILABLE "Unable to find instance for mf-storage"
21:44:05.010 [boundedElastic-342] ERROR c.a.s.g.h.GatewayExceptionHandler - [handle,38] - [统一异常处理]----请求路径:/web/articleCategory,异常信息:503 SERVICE_UNAVAILABLE "Unable to find instance for mf-web"
21:47:23.343 [boundedElastic-342] ERROR c.a.s.g.h.GatewayExceptionHandler - [handle,38] - [统一异常处理]----请求路径:/storage/file/cefc882726394e3e8cd8df976d3c4eb5.png,异常信息:503 SERVICE_UNAVAILABLE "Unable to find instance for mf-storage"
22:04:20.556 [boundedElastic-342] ERROR c.a.s.g.h.GatewayExceptionHandler - [handle,38] - [统一异常处理]----请求路径:/storage/file/cefc882726394e3e8cd8df976d3c4eb5.png,异常信息:503 SERVICE_UNAVAILABLE "Unable to find instance for mf-storage"
22:05:52.391 [boundedElastic-366] ERROR c.a.s.g.h.GatewayExceptionHandler - [handle,38] - [统一异常处理]----请求路径:/storage/file/cefc882726394e3e8cd8df976d3c4eb5.png,异常信息:503 SERVICE_UNAVAILABLE "Unable to find instance for mf-storage"
22:09:20.323 [reactor-http-nio-13] ERROR c.a.s.g.f.AuthFilter - [unauthorizedResponse,89] - [鉴权异常处理]请求路径:/sys/sysConfig
22:09:20.323 [reactor-http-nio-14] ERROR c.a.s.g.f.AuthFilter - [unauthorizedResponse,89] - [鉴权异常处理]请求路径:/oauth2/user/info
22:09:50.801 [boundedElastic-367] ERROR c.a.s.g.h.GatewayExceptionHandler - [handle,38] - [统一异常处理]----请求路径:/storage/file/cefc882726394e3e8cd8df976d3c4eb5.png,异常信息:503 SERVICE_UNAVAILABLE "Unable to find instance for mf-storage"
22:09:52.542 [boundedElastic-367] ERROR c.a.s.g.h.GatewayExceptionHandler - [handle,38] - [统一异常处理]----请求路径:/storage/file/cefc882726394e3e8cd8df976d3c4eb5.png,异常信息:503 SERVICE_UNAVAILABLE "Unable to find instance for mf-storage"
22:10:03.529 [boundedElastic-367] ERROR c.a.s.g.h.GatewayExceptionHandler - [handle,38] - [统一异常处理]----请求路径:/storage/file/cefc882726394e3e8cd8df976d3c4eb5.png,异常信息:503 SERVICE_UNAVAILABLE "Unable to find instance for mf-storage"
22:11:12.890 [boundedElastic-365] ERROR c.a.s.g.h.GatewayExceptionHandler - [handle,38] - [统一异常处理]----请求路径:/storage/file/cefc882726394e3e8cd8df976d3c4eb5.png,异常信息:503 SERVICE_UNAVAILABLE "Unable to find instance for mf-storage"
22:14:21.825 [boundedElastic-368] ERROR c.a.s.g.h.GatewayExceptionHandler - [handle,38] - [统一异常处理]----请求路径:/storage/file/cefc882726394e3e8cd8df976d3c4eb5.png,异常信息:503 SERVICE_UNAVAILABLE "Unable to find instance for mf-storage"
22:17:27.268 [boundedElastic-368] ERROR c.a.s.g.h.GatewayExceptionHandler - [handle,38] - [统一异常处理]----请求路径:/storage/file/cefc882726394e3e8cd8df976d3c4eb5.png,异常信息:503 SERVICE_UNAVAILABLE "Unable to find instance for mf-storage"
22:17:57.986 [boundedElastic-373] ERROR c.a.s.g.h.GatewayExceptionHandler - [handle,38] - [统一异常处理]----请求路径:/storage/file/cefc882726394e3e8cd8df976d3c4eb5.png,异常信息:503 SERVICE_UNAVAILABLE "Unable to find instance for mf-storage"
22:18:34.566 [boundedElastic-368] ERROR c.a.s.g.h.GatewayExceptionHandler - [handle,38] - [统一异常处理]----请求路径:/storage/file/cefc882726394e3e8cd8df976d3c4eb5.png,异常信息:503 SERVICE_UNAVAILABLE "Unable to find instance for mf-storage"
22:22:26.852 [boundedElastic-377] ERROR c.a.s.g.h.GatewayExceptionHandler - [handle,38] - [统一异常处理]----请求路径:/storage/file/cefc882726394e3e8cd8df976d3c4eb5.png,异常信息:503 SERVICE_UNAVAILABLE "Unable to find instance for mf-storage"
22:24:01.471 [boundedElastic-376] ERROR c.a.s.g.h.GatewayExceptionHandler - [handle,38] - [统一异常处理]----请求路径:/storage/file/cefc882726394e3e8cd8df976d3c4eb5.png,异常信息:503 SERVICE_UNAVAILABLE "Unable to find instance for mf-storage"
22:36:46.360 [boundedElastic-386] ERROR c.a.s.g.h.GatewayExceptionHandler - [handle,38] - [统一异常处理]----请求路径:/storage/file/cefc882726394e3e8cd8df976d3c4eb5.png,异常信息:503 SERVICE_UNAVAILABLE "Unable to find instance for mf-storage"
22:41:59.423 [boundedElastic-390] ERROR c.a.s.g.h.GatewayExceptionHandler - [handle,38] - [统一异常处理]----请求路径:/web/articleCategory,异常信息:503 SERVICE_UNAVAILABLE "Unable to find instance for mf-web"
22:42:00.336 [boundedElastic-390] ERROR c.a.s.g.h.GatewayExceptionHandler - [handle,38] - [统一异常处理]----请求路径:/web/cms/article,异常信息:503 SERVICE_UNAVAILABLE "Unable to find instance for mf-web"
22:47:36.822 [boundedElastic-401] ERROR c.a.s.g.h.GatewayExceptionHandler - [handle,38] - [统一异常处理]----请求路径:/storage/file/cefc882726394e3e8cd8df976d3c4eb5.png,异常信息:503 SERVICE_UNAVAILABLE "Unable to find instance for mf-storage"
23:04:21.852 [boundedElastic-406] ERROR c.a.s.g.h.GatewayExceptionHandler - [handle,38] - [统一异常处理]----请求路径:/storage/file/cefc882726394e3e8cd8df976d3c4eb5.png,异常信息:503 SERVICE_UNAVAILABLE "Unable to find instance for mf-storage"
23:10:06.085 [boundedElastic-412] ERROR c.a.s.g.h.GatewayExceptionHandler - [handle,38] - [统一异常处理]----请求路径:/storage/file/cefc882726394e3e8cd8df976d3c4eb5.png,异常信息:503 SERVICE_UNAVAILABLE "Unable to find instance for mf-storage"
23:10:08.187 [boundedElastic-412] ERROR c.a.s.g.h.GatewayExceptionHandler - [handle,38] - [统一异常处理]----请求路径:/storage/file/cefc882726394e3e8cd8df976d3c4eb5.png,异常信息:503 SERVICE_UNAVAILABLE "Unable to find instance for mf-storage"
23:10:10.873 [boundedElastic-412] ERROR c.a.s.g.h.GatewayExceptionHandler - [handle,38] - [统一异常处理]----请求路径:/storage/file/cefc882726394e3e8cd8df976d3c4eb5.png,异常信息:503 SERVICE_UNAVAILABLE "Unable to find instance for mf-storage"
23:10:17.155 [boundedElastic-412] ERROR c.a.s.g.h.GatewayExceptionHandler - [handle,38] - [统一异常处理]----请求路径:/storage/file/cefc882726394e3e8cd8df976d3c4eb5.png,异常信息:503 SERVICE_UNAVAILABLE "Unable to find instance for mf-storage"
23:10:41.205 [boundedElastic-419] ERROR c.a.s.g.h.GatewayExceptionHandler - [handle,38] - [统一异常处理]----请求路径:/storage/file/cefc882726394e3e8cd8df976d3c4eb5.png,异常信息:503 SERVICE_UNAVAILABLE "Unable to find instance for mf-storage"
23:11:01.759 [boundedElastic-419] ERROR c.a.s.g.h.GatewayExceptionHandler - [handle,38] - [统一异常处理]----请求路径:/storage/file/cefc882726394e3e8cd8df976d3c4eb5.png,异常信息:503 SERVICE_UNAVAILABLE "Unable to find instance for mf-storage"
23:12:07.397 [boundedElastic-410] ERROR c.a.s.g.h.GatewayExceptionHandler - [handle,38] - [统一异常处理]----请求路径:/storage/file/cefc882726394e3e8cd8df976d3c4eb5.png,异常信息:503 SERVICE_UNAVAILABLE "Unable to find instance for mf-storage"
23:15:10.646 [boundedElastic-423] ERROR c.a.s.g.h.GatewayExceptionHandler - [handle,38] - [统一异常处理]----请求路径:/storage/file/cefc882726394e3e8cd8df976d3c4eb5.png,异常信息:503 SERVICE_UNAVAILABLE "Unable to find instance for mf-storage"
23:15:56.439 [boundedElastic-425] ERROR c.a.s.g.h.GatewayExceptionHandler - [handle,38] - [统一异常处理]----请求路径:/storage/file/cefc882726394e3e8cd8df976d3c4eb5.png,异常信息:503 SERVICE_UNAVAILABLE "Unable to find instance for mf-storage"
23:22:20.003 [boundedElastic-423] ERROR c.a.s.g.h.GatewayExceptionHandler - [handle,38] - [统一异常处理]----请求路径:/storage/file/cefc882726394e3e8cd8df976d3c4eb5.png,异常信息:503 SERVICE_UNAVAILABLE "Unable to find instance for mf-storage"
23:23:30.471 [boundedElastic-413] ERROR c.a.s.g.h.GatewayExceptionHandler - [handle,38] - [统一异常处理]----请求路径:/storage/file/cefc882726394e3e8cd8df976d3c4eb5.png,异常信息:503 SERVICE_UNAVAILABLE "Unable to find instance for mf-storage"
23:23:45.354 [boundedElastic-413] ERROR c.a.s.g.h.GatewayExceptionHandler - [handle,38] - [统一异常处理]----请求路径:/storage/file/cefc882726394e3e8cd8df976d3c4eb5.png,异常信息:503 SERVICE_UNAVAILABLE "Unable to find instance for mf-storage"
23:24:02.680 [boundedElastic-428] ERROR c.a.s.g.h.GatewayExceptionHandler - [handle,38] - [统一异常处理]----请求路径:/storage/file/cefc882726394e3e8cd8df976d3c4eb5.png,异常信息:503 SERVICE_UNAVAILABLE "Unable to find instance for mf-storage"
23:24:23.445 [boundedElastic-430] ERROR c.a.s.g.h.GatewayExceptionHandler - [handle,38] - [统一异常处理]----请求路径:/storage/file/cefc882726394e3e8cd8df976d3c4eb5.png,异常信息:503 SERVICE_UNAVAILABLE "Unable to find instance for mf-storage"
23:24:55.404 [boundedElastic-418] ERROR c.a.s.g.h.GatewayExceptionHandler - [handle,38] - [统一异常处理]----请求路径:/storage/file/cefc882726394e3e8cd8df976d3c4eb5.png,异常信息:503 SERVICE_UNAVAILABLE "Unable to find instance for mf-storage"
23:28:02.083 [boundedElastic-432] ERROR c.a.s.g.h.GatewayExceptionHandler - [handle,38] - [统一异常处理]----请求路径:/storage/file/cefc882726394e3e8cd8df976d3c4eb5.png,异常信息:503 SERVICE_UNAVAILABLE "Unable to find instance for mf-storage"
23:34:05.111 [boundedElastic-434] ERROR c.a.s.g.h.GatewayExceptionHandler - [handle,38] - [统一异常处理]----请求路径:/storage/file/cefc882726394e3e8cd8df976d3c4eb5.png,异常信息:503 SERVICE_UNAVAILABLE "Unable to find instance for mf-storage"
23:34:07.915 [boundedElastic-434] ERROR c.a.s.g.h.GatewayExceptionHandler - [handle,38] - [统一异常处理]----请求路径:/storage/file/cefc882726394e3e8cd8df976d3c4eb5.png,异常信息:503 SERVICE_UNAVAILABLE "Unable to find instance for mf-storage"
23:38:40.626 [boundedElastic-440] ERROR c.a.s.g.h.GatewayExceptionHandler - [handle,38] - [统一异常处理]----请求路径:/storage/file/cefc882726394e3e8cd8df976d3c4eb5.png,异常信息:503 SERVICE_UNAVAILABLE "Unable to find instance for mf-storage"
23:39:03.626 [boundedElastic-430] ERROR c.a.s.g.h.GatewayExceptionHandler - [handle,38] - [统一异常处理]----请求路径:/storage/file/cefc882726394e3e8cd8df976d3c4eb5.png,异常信息:503 SERVICE_UNAVAILABLE "Unable to find instance for mf-storage"
23:41:16.934 [boundedElastic-435] ERROR c.a.s.g.h.GatewayExceptionHandler - [handle,38] - [统一异常处理]----请求路径:/storage/file/cefc882726394e3e8cd8df976d3c4eb5.png,异常信息:503 SERVICE_UNAVAILABLE "Unable to find instance for mf-storage"
23:41:35.299 [boundedElastic-441] ERROR c.a.s.g.h.GatewayExceptionHandler - [handle,38] - [统一异常处理]----请求路径:/storage/file/cefc882726394e3e8cd8df976d3c4eb5.png,异常信息:503 SERVICE_UNAVAILABLE "Unable to find instance for mf-storage"
23:42:29.684 [boundedElastic-437] ERROR c.a.s.g.h.GatewayExceptionHandler - [handle,38] - [统一异常处理]----请求路径:/storage/file/cefc882726394e3e8cd8df976d3c4eb5.png,异常信息:503 SERVICE_UNAVAILABLE "Unable to find instance for mf-storage"
23:45:16.501 [boundedElastic-444] ERROR c.a.s.g.h.GatewayExceptionHandler - [handle,38] - [统一异常处理]----请求路径:/storage/file/cefc882726394e3e8cd8df976d3c4eb5.png,异常信息:503 SERVICE_UNAVAILABLE "Unable to find instance for mf-storage"
23:47:26.027 [boundedElastic-435] ERROR c.a.s.g.h.GatewayExceptionHandler - [handle,38] - [统一异常处理]----请求路径:/storage/file/cefc882726394e3e8cd8df976d3c4eb5.png,异常信息:503 SERVICE_UNAVAILABLE "Unable to find instance for mf-storage"
23:48:50.630 [boundedElastic-449] ERROR c.a.s.g.h.GatewayExceptionHandler - [handle,38] - [统一异常处理]----请求路径:/storage/file/cefc882726394e3e8cd8df976d3c4eb5.png,异常信息:503 SERVICE_UNAVAILABLE "Unable to find instance for mf-storage"
23:50:51.571 [boundedElastic-451] ERROR c.a.s.g.h.GatewayExceptionHandler - [handle,38] - [统一异常处理]----请求路径:/storage/file/cefc882726394e3e8cd8df976d3c4eb5.png,异常信息:503 SERVICE_UNAVAILABLE "Unable to find instance for mf-storage"
23:51:31.846 [boundedElastic-453] ERROR c.a.s.g.h.GatewayExceptionHandler - [handle,38] - [统一异常处理]----请求路径:/storage/file/cefc882726394e3e8cd8df976d3c4eb5.png,异常信息:503 SERVICE_UNAVAILABLE "Unable to find instance for mf-storage"
