14:52:31.393 [reactor-http-nio-3] ERROR c.a.s.g.f.AuthFilter - [unauthorizedResponse,89] - [鉴权异常处理]请求路径:/sys/sysConfig
14:52:31.393 [reactor-http-nio-2] ERROR c.a.s.g.f.AuthFilter - [unauthorizedResponse,89] - [鉴权异常处理]请求路径:/oauth2/user/info
14:52:55.857 [boundedElastic-5] ERROR c.a.s.g.h.GatewayExceptionHandler - [handle,38] - [统一异常处理]----请求路径:/storage/file/cefc882726394e3e8cd8df976d3c4eb5.png,异常信息:503 SERVICE_UNAVAILABLE "Unable to find instance for mf-storage"
14:52:59.531 [boundedElastic-8] ERROR c.a.s.g.h.GatewayExceptionHandler - [handle,38] - [统一异常处理]----请求路径:/storage/file/cefc882726394e3e8cd8df976d3c4eb5.png,异常信息:503 SERVICE_UNAVAILABLE "Unable to find instance for mf-storage"
16:08:38.890 [boundedElastic-2] ERROR c.a.s.g.h.GatewayExceptionHandler - [handle,38] - [统一异常处理]----请求路径:/sys/sysConfig,异常信息:503 SERVICE_UNAVAILABLE "Unable to find instance for mf-sys"
16:08:38.890 [boundedElastic-1] ERROR c.a.s.g.h.GatewayExceptionHandler - [handle,38] - [统一异常处理]----请求路径:/oauth2/user/info,异常信息:503 SERVICE_UNAVAILABLE "Unable to find instance for mf-oauth"
16:08:39.043 [boundedElastic-1] ERROR c.a.s.g.h.GatewayExceptionHandler - [handle,38] - [统一异常处理]----请求路径:/oauth2/authorize,异常信息:503 SERVICE_UNAVAILABLE "Unable to find instance for mf-oauth"
16:08:39.092 [reactor-http-nio-4] ERROR c.a.s.g.h.GatewayExceptionHandler - [handle,38] - [统一异常处理]----请求路径:/favicon.ico,异常信息:404 NOT_FOUND
16:12:00.826 [boundedElastic-5] ERROR c.a.s.g.h.GatewayExceptionHandler - [handle,38] - [统一异常处理]----请求路径:/storage/file/cefc882726394e3e8cd8df976d3c4eb5.png,异常信息:503 SERVICE_UNAVAILABLE "Unable to find instance for mf-storage"
16:23:04.117 [boundedElastic-7] ERROR c.a.s.g.h.GatewayExceptionHandler - [handle,38] - [统一异常处理]----请求路径:/storage/file/cefc882726394e3e8cd8df976d3c4eb5.png,异常信息:503 SERVICE_UNAVAILABLE "Unable to find instance for mf-storage"
16:23:14.922 [boundedElastic-7] ERROR c.a.s.g.h.GatewayExceptionHandler - [handle,38] - [统一异常处理]----请求路径:/storage/file/cefc882726394e3e8cd8df976d3c4eb5.png,异常信息:503 SERVICE_UNAVAILABLE "Unable to find instance for mf-storage"
16:23:48.026 [boundedElastic-5] ERROR c.a.s.g.h.GatewayExceptionHandler - [handle,38] - [统一异常处理]----请求路径:/storage/file/cefc882726394e3e8cd8df976d3c4eb5.png,异常信息:503 SERVICE_UNAVAILABLE "Unable to find instance for mf-storage"
16:24:51.684 [boundedElastic-2] ERROR c.a.s.g.h.GatewayExceptionHandler - [handle,38] - [统一异常处理]----请求路径:/storage/file/cefc882726394e3e8cd8df976d3c4eb5.png,异常信息:503 SERVICE_UNAVAILABLE "Unable to find instance for mf-storage"
16:26:42.517 [boundedElastic-14] ERROR c.a.s.g.h.GatewayExceptionHandler - [handle,38] - [统一异常处理]----请求路径:/storage/file/cefc882726394e3e8cd8df976d3c4eb5.png,异常信息:503 SERVICE_UNAVAILABLE "Unable to find instance for mf-storage"
16:27:02.664 [boundedElastic-15] ERROR c.a.s.g.h.GatewayExceptionHandler - [handle,38] - [统一异常处理]----请求路径:/storage/file/cefc882726394e3e8cd8df976d3c4eb5.png,异常信息:503 SERVICE_UNAVAILABLE "Unable to find instance for mf-storage"
16:29:24.399 [boundedElastic-6] ERROR c.a.s.g.h.GatewayExceptionHandler - [handle,38] - [统一异常处理]----请求路径:/storage/file/cefc882726394e3e8cd8df976d3c4eb5.png,异常信息:503 SERVICE_UNAVAILABLE "Unable to find instance for mf-storage"
16:30:32.902 [boundedElastic-18] ERROR c.a.s.g.h.GatewayExceptionHandler - [handle,38] - [统一异常处理]----请求路径:/storage/file/cefc882726394e3e8cd8df976d3c4eb5.png,异常信息:503 SERVICE_UNAVAILABLE "Unable to find instance for mf-storage"
16:30:42.278 [boundedElastic-18] ERROR c.a.s.g.h.GatewayExceptionHandler - [handle,38] - [统一异常处理]----请求路径:/storage/file/cefc882726394e3e8cd8df976d3c4eb5.png,异常信息:503 SERVICE_UNAVAILABLE "Unable to find instance for mf-storage"
16:31:19.227 [boundedElastic-17] ERROR c.a.s.g.h.GatewayExceptionHandler - [handle,38] - [统一异常处理]----请求路径:/storage/file/cefc882726394e3e8cd8df976d3c4eb5.png,异常信息:503 SERVICE_UNAVAILABLE "Unable to find instance for mf-storage"
16:32:04.290 [boundedElastic-15] ERROR c.a.s.g.h.GatewayExceptionHandler - [handle,38] - [统一异常处理]----请求路径:/storage/file/cefc882726394e3e8cd8df976d3c4eb5.png,异常信息:503 SERVICE_UNAVAILABLE "Unable to find instance for mf-storage"
16:32:11.660 [boundedElastic-15] ERROR c.a.s.g.h.GatewayExceptionHandler - [handle,38] - [统一异常处理]----请求路径:/storage/file/cefc882726394e3e8cd8df976d3c4eb5.png,异常信息:503 SERVICE_UNAVAILABLE "Unable to find instance for mf-storage"
16:33:06.976 [boundedElastic-23] ERROR c.a.s.g.h.GatewayExceptionHandler - [handle,38] - [统一异常处理]----请求路径:/storage/file/cefc882726394e3e8cd8df976d3c4eb5.png,异常信息:503 SERVICE_UNAVAILABLE "Unable to find instance for mf-storage"
16:39:12.497 [boundedElastic-17] ERROR c.a.s.g.h.GatewayExceptionHandler - [handle,38] - [统一异常处理]----请求路径:/storage/file/cefc882726394e3e8cd8df976d3c4eb5.png,异常信息:503 SERVICE_UNAVAILABLE "Unable to find instance for mf-storage"
16:44:36.757 [boundedElastic-28] ERROR c.a.s.g.h.GatewayExceptionHandler - [handle,38] - [统一异常处理]----请求路径:/storage/file/cefc882726394e3e8cd8df976d3c4eb5.png,异常信息:503 SERVICE_UNAVAILABLE "Unable to find instance for mf-storage"
16:47:35.243 [boundedElastic-30] ERROR c.a.s.g.h.GatewayExceptionHandler - [handle,38] - [统一异常处理]----请求路径:/storage/file/cefc882726394e3e8cd8df976d3c4eb5.png,异常信息:503 SERVICE_UNAVAILABLE "Unable to find instance for mf-storage"
16:48:04.989 [boundedElastic-22] ERROR c.a.s.g.h.GatewayExceptionHandler - [handle,38] - [统一异常处理]----请求路径:/storage/file/cefc882726394e3e8cd8df976d3c4eb5.png,异常信息:503 SERVICE_UNAVAILABLE "Unable to find instance for mf-storage"
16:49:02.736 [boundedElastic-28] ERROR c.a.s.g.h.GatewayExceptionHandler - [handle,38] - [统一异常处理]----请求路径:/storage/file/cefc882726394e3e8cd8df976d3c4eb5.png,异常信息:503 SERVICE_UNAVAILABLE "Unable to find instance for mf-storage"
16:49:52.985 [boundedElastic-27] ERROR c.a.s.g.h.GatewayExceptionHandler - [handle,38] - [统一异常处理]----请求路径:/storage/file/cefc882726394e3e8cd8df976d3c4eb5.png,异常信息:503 SERVICE_UNAVAILABLE "Unable to find instance for mf-storage"
16:52:04.990 [boundedElastic-36] ERROR c.a.s.g.h.GatewayExceptionHandler - [handle,38] - [统一异常处理]----请求路径:/storage/file/cefc882726394e3e8cd8df976d3c4eb5.png,异常信息:503 SERVICE_UNAVAILABLE "Unable to find instance for mf-storage"
17:36:32.185 [boundedElastic-66] ERROR c.a.s.g.h.GatewayExceptionHandler - [handle,38] - [统一异常处理]----请求路径:/storage/file/cefc882726394e3e8cd8df976d3c4eb5.png,异常信息:503 SERVICE_UNAVAILABLE "Unable to find instance for mf-storage"
17:37:25.301 [boundedElastic-67] ERROR c.a.s.g.h.GatewayExceptionHandler - [handle,38] - [统一异常处理]----请求路径:/storage/file/cefc882726394e3e8cd8df976d3c4eb5.png,异常信息:503 SERVICE_UNAVAILABLE "Unable to find instance for mf-storage"
17:38:51.854 [boundedElastic-61] ERROR c.a.s.g.h.GatewayExceptionHandler - [handle,38] - [统一异常处理]----请求路径:/storage/file/cefc882726394e3e8cd8df976d3c4eb5.png,异常信息:503 SERVICE_UNAVAILABLE "Unable to find instance for mf-storage"
18:10:52.524 [boundedElastic-96] ERROR c.a.s.g.h.GatewayExceptionHandler - [handle,38] - [统一异常处理]----请求路径:/storage/file/cefc882726394e3e8cd8df976d3c4eb5.png,异常信息:503 SERVICE_UNAVAILABLE "Unable to find instance for mf-storage"
18:14:38.502 [boundedElastic-96] ERROR c.a.s.g.h.GatewayExceptionHandler - [handle,38] - [统一异常处理]----请求路径:/storage/file/cefc882726394e3e8cd8df976d3c4eb5.png,异常信息:503 SERVICE_UNAVAILABLE "Unable to find instance for mf-storage"
18:34:59.163 [boundedElastic-95] ERROR c.a.s.g.h.GatewayExceptionHandler - [handle,38] - [统一异常处理]----请求路径:/storage/file/cefc882726394e3e8cd8df976d3c4eb5.png,异常信息:503 SERVICE_UNAVAILABLE "Unable to find instance for mf-storage"
18:38:52.087 [boundedElastic-106] ERROR c.a.s.g.h.GatewayExceptionHandler - [handle,38] - [统一异常处理]----请求路径:/storage/file/cefc882726394e3e8cd8df976d3c4eb5.png,异常信息:503 SERVICE_UNAVAILABLE "Unable to find instance for mf-storage"
18:43:06.859 [boundedElastic-105] ERROR c.a.s.g.h.GatewayExceptionHandler - [handle,38] - [统一异常处理]----请求路径:/storage/file/cefc882726394e3e8cd8df976d3c4eb5.png,异常信息:503 SERVICE_UNAVAILABLE "Unable to find instance for mf-storage"
18:43:08.256 [boundedElastic-105] ERROR c.a.s.g.h.GatewayExceptionHandler - [handle,38] - [统一异常处理]----请求路径:/storage/file/cefc882726394e3e8cd8df976d3c4eb5.png,异常信息:503 SERVICE_UNAVAILABLE "Unable to find instance for mf-storage"
18:43:08.263 [boundedElastic-105] ERROR c.a.s.g.h.GatewayExceptionHandler - [handle,38] - [统一异常处理]----请求路径:/storage/file/cefc882726394e3e8cd8df976d3c4eb5.png,异常信息:503 SERVICE_UNAVAILABLE "Unable to find instance for mf-storage"
18:43:59.942 [boundedElastic-114] ERROR c.a.s.g.h.GatewayExceptionHandler - [handle,38] - [统一异常处理]----请求路径:/storage/file,异常信息:503 SERVICE_UNAVAILABLE "Unable to find instance for mf-storage"
19:01:27.629 [boundedElastic-123] ERROR c.a.s.g.h.GatewayExceptionHandler - [handle,38] - [统一异常处理]----请求路径:/storage/file/cefc882726394e3e8cd8df976d3c4eb5.png,异常信息:503 SERVICE_UNAVAILABLE "Unable to find instance for mf-storage"
19:01:42.547 [boundedElastic-123] ERROR c.a.s.g.h.GatewayExceptionHandler - [handle,38] - [统一异常处理]----请求路径:/storage/file/cefc882726394e3e8cd8df976d3c4eb5.png,异常信息:503 SERVICE_UNAVAILABLE "Unable to find instance for mf-storage"
19:04:07.145 [boundedElastic-131] ERROR c.a.s.g.h.GatewayExceptionHandler - [handle,38] - [统一异常处理]----请求路径:/storage/file/cefc882726394e3e8cd8df976d3c4eb5.png,异常信息:503 SERVICE_UNAVAILABLE "Unable to find instance for mf-storage"
19:04:48.189 [boundedElastic-127] ERROR c.a.s.g.h.GatewayExceptionHandler - [handle,38] - [统一异常处理]----请求路径:/storage/file/cefc882726394e3e8cd8df976d3c4eb5.png,异常信息:503 SERVICE_UNAVAILABLE "Unable to find instance for mf-storage"
19:05:22.544 [boundedElastic-131] ERROR c.a.s.g.h.GatewayExceptionHandler - [handle,38] - [统一异常处理]----请求路径:/storage/file/cefc882726394e3e8cd8df976d3c4eb5.png,异常信息:503 SERVICE_UNAVAILABLE "Unable to find instance for mf-storage"
19:05:41.886 [boundedElastic-130] ERROR c.a.s.g.h.GatewayExceptionHandler - [handle,38] - [统一异常处理]----请求路径:/storage/file/cefc882726394e3e8cd8df976d3c4eb5.png,异常信息:503 SERVICE_UNAVAILABLE "Unable to find instance for mf-storage"
19:05:50.295 [boundedElastic-127] ERROR c.a.s.g.h.GatewayExceptionHandler - [handle,38] - [统一异常处理]----请求路径:/storage/file/cefc882726394e3e8cd8df976d3c4eb5.png,异常信息:503 SERVICE_UNAVAILABLE "Unable to find instance for mf-storage"
19:06:49.602 [boundedElastic-127] ERROR c.a.s.g.h.GatewayExceptionHandler - [handle,38] - [统一异常处理]----请求路径:/storage/file/cefc882726394e3e8cd8df976d3c4eb5.png,异常信息:503 SERVICE_UNAVAILABLE "Unable to find instance for mf-storage"
19:08:25.440 [boundedElastic-133] ERROR c.a.s.g.h.GatewayExceptionHandler - [handle,38] - [统一异常处理]----请求路径:/storage/file/cefc882726394e3e8cd8df976d3c4eb5.png,异常信息:503 SERVICE_UNAVAILABLE "Unable to find instance for mf-storage"
19:09:00.564 [boundedElastic-125] ERROR c.a.s.g.h.GatewayExceptionHandler - [handle,38] - [统一异常处理]----请求路径:/storage/file/cefc882726394e3e8cd8df976d3c4eb5.png,异常信息:503 SERVICE_UNAVAILABLE "Unable to find instance for mf-storage"
19:49:30.099 [boundedElastic-167] ERROR c.a.s.g.h.GatewayExceptionHandler - [handle,38] - [统一异常处理]----请求路径:/storage/file/cefc882726394e3e8cd8df976d3c4eb5.png,异常信息:503 SERVICE_UNAVAILABLE "Unable to find instance for mf-storage"
20:34:45.599 [reactor-http-nio-3] ERROR c.a.s.g.f.AuthFilter - [unauthorizedResponse,89] - [鉴权异常处理]请求路径:/oauth2/user/info
20:34:45.599 [reactor-http-nio-2] ERROR c.a.s.g.f.AuthFilter - [unauthorizedResponse,89] - [鉴权异常处理]请求路径:/sys/sysConfig
20:34:56.370 [boundedElastic-8] ERROR c.a.s.g.h.GatewayExceptionHandler - [handle,38] - [统一异常处理]----请求路径:/storage/file/cefc882726394e3e8cd8df976d3c4eb5.png,异常信息:503 SERVICE_UNAVAILABLE "Unable to find instance for mf-storage"
20:34:59.453 [boundedElastic-10] ERROR c.a.s.g.h.GatewayExceptionHandler - [handle,38] - [统一异常处理]----请求路径:/storage/file/cefc882726394e3e8cd8df976d3c4eb5.png,异常信息:503 SERVICE_UNAVAILABLE "Unable to find instance for mf-storage"
20:40:30.506 [boundedElastic-17] ERROR c.a.s.g.h.GatewayExceptionHandler - [handle,38] - [统一异常处理]----请求路径:/storage/file/cefc882726394e3e8cd8df976d3c4eb5.png,异常信息:503 SERVICE_UNAVAILABLE "Unable to find instance for mf-storage"
20:40:32.939 [boundedElastic-17] ERROR c.a.s.g.h.GatewayExceptionHandler - [handle,38] - [统一异常处理]----请求路径:/storage/file/cefc882726394e3e8cd8df976d3c4eb5.png,异常信息:503 SERVICE_UNAVAILABLE "Unable to find instance for mf-storage"
20:42:48.972 [boundedElastic-9] ERROR c.a.s.g.h.GatewayExceptionHandler - [handle,38] - [统一异常处理]----请求路径:/storage/file/cefc882726394e3e8cd8df976d3c4eb5.png,异常信息:503 SERVICE_UNAVAILABLE "Unable to find instance for mf-storage"
20:43:25.746 [boundedElastic-10] ERROR c.a.s.g.h.GatewayExceptionHandler - [handle,38] - [统一异常处理]----请求路径:/storage/file/cefc882726394e3e8cd8df976d3c4eb5.png,异常信息:503 SERVICE_UNAVAILABLE "Unable to find instance for mf-storage"
20:44:12.130 [boundedElastic-15] ERROR c.a.s.g.h.GatewayExceptionHandler - [handle,38] - [统一异常处理]----请求路径:/storage/file/cefc882726394e3e8cd8df976d3c4eb5.png,异常信息:503 SERVICE_UNAVAILABLE "Unable to find instance for mf-storage"
20:45:28.440 [boundedElastic-2] ERROR c.a.s.g.h.GatewayExceptionHandler - [handle,38] - [统一异常处理]----请求路径:/storage/file/cefc882726394e3e8cd8df976d3c4eb5.png,异常信息:503 SERVICE_UNAVAILABLE "Unable to find instance for mf-storage"
20:47:54.642 [boundedElastic-7] ERROR c.a.s.g.h.GatewayExceptionHandler - [handle,38] - [统一异常处理]----请求路径:/storage/file/cefc882726394e3e8cd8df976d3c4eb5.png,异常信息:503 SERVICE_UNAVAILABLE "Unable to find instance for mf-storage"
20:49:10.297 [boundedElastic-17] ERROR c.a.s.g.h.GatewayExceptionHandler - [handle,38] - [统一异常处理]----请求路径:/storage/file/cefc882726394e3e8cd8df976d3c4eb5.png,异常信息:503 SERVICE_UNAVAILABLE "Unable to find instance for mf-storage"
22:00:45.577 [boundedElastic-49] ERROR c.a.s.g.h.GatewayExceptionHandler - [handle,38] - [统一异常处理]----请求路径:/storage/file/cefc882726394e3e8cd8df976d3c4eb5.png,异常信息:503 SERVICE_UNAVAILABLE "Unable to find instance for mf-storage"
22:26:16.587 [boundedElastic-74] ERROR c.a.s.g.h.GatewayExceptionHandler - [handle,38] - [统一异常处理]----请求路径:/storage/file/cefc882726394e3e8cd8df976d3c4eb5.png,异常信息:503 SERVICE_UNAVAILABLE "Unable to find instance for mf-storage"
22:32:08.287 [boundedElastic-95] ERROR c.a.s.g.h.GatewayExceptionHandler - [handle,38] - [统一异常处理]----请求路径:/storage/file/cefc882726394e3e8cd8df976d3c4eb5.png,异常信息:503 SERVICE_UNAVAILABLE "Unable to find instance for mf-storage"
22:35:02.249 [boundedElastic-98] ERROR c.a.s.g.h.GatewayExceptionHandler - [handle,38] - [统一异常处理]----请求路径:/storage/file/cefc882726394e3e8cd8df976d3c4eb5.png,异常信息:503 SERVICE_UNAVAILABLE "Unable to find instance for mf-storage"
22:38:50.934 [boundedElastic-94] ERROR c.a.s.g.h.GatewayExceptionHandler - [handle,38] - [统一异常处理]----请求路径:/storage/file/cefc882726394e3e8cd8df976d3c4eb5.png,异常信息:503 SERVICE_UNAVAILABLE "Unable to find instance for mf-storage"
22:54:33.074 [boundedElastic-92] ERROR c.a.s.g.h.GatewayExceptionHandler - [handle,38] - [统一异常处理]----请求路径:/storage/file/cefc882726394e3e8cd8df976d3c4eb5.png,异常信息:503 SERVICE_UNAVAILABLE "Unable to find instance for mf-storage"
22:54:50.752 [boundedElastic-102] ERROR c.a.s.g.h.GatewayExceptionHandler - [handle,38] - [统一异常处理]----请求路径:/storage/file/cefc882726394e3e8cd8df976d3c4eb5.png,异常信息:503 SERVICE_UNAVAILABLE "Unable to find instance for mf-storage"
22:55:39.695 [boundedElastic-109] ERROR c.a.s.g.h.GatewayExceptionHandler - [handle,38] - [统一异常处理]----请求路径:/storage/file/cefc882726394e3e8cd8df976d3c4eb5.png,异常信息:503 SERVICE_UNAVAILABLE "Unable to find instance for mf-storage"
22:56:03.634 [boundedElastic-102] ERROR c.a.s.g.h.GatewayExceptionHandler - [handle,38] - [统一异常处理]----请求路径:/storage/file/cefc882726394e3e8cd8df976d3c4eb5.png,异常信息:503 SERVICE_UNAVAILABLE "Unable to find instance for mf-storage"
22:56:38.182 [boundedElastic-111] ERROR c.a.s.g.h.GatewayExceptionHandler - [handle,38] - [统一异常处理]----请求路径:/storage/file/cefc882726394e3e8cd8df976d3c4eb5.png,异常信息:503 SERVICE_UNAVAILABLE "Unable to find instance for mf-storage"
22:58:14.586 [boundedElastic-69] ERROR c.a.s.g.h.GatewayExceptionHandler - [handle,38] - [统一异常处理]----请求路径:/storage/file/cefc882726394e3e8cd8df976d3c4eb5.png,异常信息:503 SERVICE_UNAVAILABLE "Unable to find instance for mf-storage"
22:58:16.002 [boundedElastic-69] ERROR c.a.s.g.h.GatewayExceptionHandler - [handle,38] - [统一异常处理]----请求路径:/storage/file/cefc882726394e3e8cd8df976d3c4eb5.png,异常信息:503 SERVICE_UNAVAILABLE "Unable to find instance for mf-storage"
22:58:57.513 [boundedElastic-113] ERROR c.a.s.g.h.GatewayExceptionHandler - [handle,38] - [统一异常处理]----请求路径:/storage/file/cefc882726394e3e8cd8df976d3c4eb5.png,异常信息:503 SERVICE_UNAVAILABLE "Unable to find instance for mf-storage"
23:00:18.012 [boundedElastic-69] ERROR c.a.s.g.h.GatewayExceptionHandler - [handle,38] - [统一异常处理]----请求路径:/storage/file/cefc882726394e3e8cd8df976d3c4eb5.png,异常信息:503 SERVICE_UNAVAILABLE "Unable to find instance for mf-storage"
23:00:20.647 [boundedElastic-69] ERROR c.a.s.g.h.GatewayExceptionHandler - [handle,38] - [统一异常处理]----请求路径:/storage/file/cefc882726394e3e8cd8df976d3c4eb5.png,异常信息:503 SERVICE_UNAVAILABLE "Unable to find instance for mf-storage"
23:00:22.403 [boundedElastic-69] ERROR c.a.s.g.h.GatewayExceptionHandler - [handle,38] - [统一异常处理]----请求路径:/storage/file/cefc882726394e3e8cd8df976d3c4eb5.png,异常信息:503 SERVICE_UNAVAILABLE "Unable to find instance for mf-storage"
23:00:37.412 [boundedElastic-115] ERROR c.a.s.g.h.GatewayExceptionHandler - [handle,38] - [统一异常处理]----请求路径:/storage/file/cefc882726394e3e8cd8df976d3c4eb5.png,异常信息:503 SERVICE_UNAVAILABLE "Unable to find instance for mf-storage"
23:01:16.042 [boundedElastic-113] ERROR c.a.s.g.h.GatewayExceptionHandler - [handle,38] - [统一异常处理]----请求路径:/storage/file/cefc882726394e3e8cd8df976d3c4eb5.png,异常信息:503 SERVICE_UNAVAILABLE "Unable to find instance for mf-storage"
23:09:40.844 [boundedElastic-122] ERROR c.a.s.g.h.GatewayExceptionHandler - [handle,38] - [统一异常处理]----请求路径:/storage/file/cefc882726394e3e8cd8df976d3c4eb5.png,异常信息:503 SERVICE_UNAVAILABLE "Unable to find instance for mf-storage"
23:10:44.758 [boundedElastic-92] ERROR c.a.s.g.h.GatewayExceptionHandler - [handle,38] - [统一异常处理]----请求路径:/storage/file/cefc882726394e3e8cd8df976d3c4eb5.png,异常信息:503 SERVICE_UNAVAILABLE "Unable to find instance for mf-storage"
23:11:56.095 [boundedElastic-106] ERROR c.a.s.g.h.GatewayExceptionHandler - [handle,38] - [统一异常处理]----请求路径:/storage/file/cefc882726394e3e8cd8df976d3c4eb5.png,异常信息:503 SERVICE_UNAVAILABLE "Unable to find instance for mf-storage"
23:13:23.796 [boundedElastic-125] ERROR c.a.s.g.h.GatewayExceptionHandler - [handle,38] - [统一异常处理]----请求路径:/storage/file/cefc882726394e3e8cd8df976d3c4eb5.png,异常信息:503 SERVICE_UNAVAILABLE "Unable to find instance for mf-storage"
23:14:27.712 [boundedElastic-127] ERROR c.a.s.g.h.GatewayExceptionHandler - [handle,38] - [统一异常处理]----请求路径:/storage/file/cefc882726394e3e8cd8df976d3c4eb5.png,异常信息:503 SERVICE_UNAVAILABLE "Unable to find instance for mf-storage"
23:15:18.107 [boundedElastic-117] ERROR c.a.s.g.h.GatewayExceptionHandler - [handle,38] - [统一异常处理]----请求路径:/storage/file/cefc882726394e3e8cd8df976d3c4eb5.png,异常信息:503 SERVICE_UNAVAILABLE "Unable to find instance for mf-storage"
23:28:56.533 [boundedElastic-140] ERROR c.a.s.g.h.GatewayExceptionHandler - [handle,38] - [统一异常处理]----请求路径:/storage/file/cefc882726394e3e8cd8df976d3c4eb5.png,异常信息:503 SERVICE_UNAVAILABLE "Unable to find instance for mf-storage"
23:28:59.765 [boundedElastic-140] ERROR c.a.s.g.h.GatewayExceptionHandler - [handle,38] - [统一异常处理]----请求路径:/storage/file/cefc882726394e3e8cd8df976d3c4eb5.png,异常信息:503 SERVICE_UNAVAILABLE "Unable to find instance for mf-storage"
23:43:05.040 [boundedElastic-148] ERROR c.a.s.g.h.GatewayExceptionHandler - [handle,38] - [统一异常处理]----请求路径:/storage/file/cefc882726394e3e8cd8df976d3c4eb5.png,异常信息:503 SERVICE_UNAVAILABLE "Unable to find instance for mf-storage"
23:47:58.168 [boundedElastic-155] ERROR c.a.s.g.h.GatewayExceptionHandler - [handle,38] - [统一异常处理]----请求路径:/storage/file/cefc882726394e3e8cd8df976d3c4eb5.png,异常信息:503 SERVICE_UNAVAILABLE "Unable to find instance for mf-storage"
23:51:56.709 [boundedElastic-156] ERROR c.a.s.g.h.GatewayExceptionHandler - [handle,38] - [统一异常处理]----请求路径:/web/articleCategory,异常信息:503 SERVICE_UNAVAILABLE "Unable to find instance for mf-web"
23:51:56.894 [boundedElastic-156] ERROR c.a.s.g.h.GatewayExceptionHandler - [handle,38] - [统一异常处理]----请求路径:/storage/file/cefc882726394e3e8cd8df976d3c4eb5.png,异常信息:503 SERVICE_UNAVAILABLE "Unable to find instance for mf-storage"
