21:31:59.954 [main] INFO  c.a.s.g.MfGatewayApplication - [logStartupProfileInfo,637] - The following 1 profile is active: "dev"
21:32:04.680 [com.alibaba.nacos.client.remote.worker] INFO  c.a.n.c.r.client - [printIfInfoEnabled,60] - [67814202-7254-45e6-9d19-a101b9372b7a_config-0] Fail to connect server, after trying 1 times, last try server is {serverIp = 'localhost', server main port = 8848}, error = unknown
21:32:07.888 [com.alibaba.nacos.client.remote.worker] INFO  c.a.n.c.r.client - [printIfInfoEnabled,60] - [67814202-7254-45e6-9d19-a101b9372b7a_config-0] Fail to connect server, after trying 2 times, last try server is {serverIp = 'localhost', server main port = 8848}, error = unknown
21:32:08.155 [main] INFO  c.a.c.s.g.s.SentinelSCGAutoConfiguration - [sentinelGatewayFilter,144] - [Sentinel SpringCloudGateway] register SentinelGatewayFilter with order: -2147483648
21:32:08.584 [main] INFO  c.a.c.s.g.s.SentinelSCGAutoConfiguration - [sentinelGatewayBlockExceptionHandler,134] - [Sentinel SpringCloudGateway] register SentinelGatewayBlockExceptionHandler
21:32:08.900 [boundedElastic-1] INFO  c.a.n.c.e.SearchableProperties - [sortPropertySourceDefaultOrder,197] - properties search order:PROPERTIES->JVM->ENV->DEFAULT_SETTING
21:32:08.901 [boundedElastic-1] INFO  c.a.n.client.naming - [initNamespaceForNaming,61] - initializer namespace from System Property : null
21:32:08.901 [boundedElastic-1] INFO  c.a.n.client.naming - [lambda$initNamespaceForNaming$0,65] - initializer namespace from System Environment :null
21:32:08.901 [boundedElastic-1] INFO  c.a.n.client.naming - [lambda$initNamespaceForNaming$1,72] - initializer namespace from System Property :
21:32:08.910 [boundedElastic-1] INFO  c.a.n.p.a.s.c.ClientAuthPluginManager - [init,56] - [ClientAuthPluginManager] Load ClientAuthService com.alibaba.nacos.client.auth.impl.NacosClientAuthServiceImpl success.
21:32:08.910 [boundedElastic-1] INFO  c.a.n.p.a.s.c.ClientAuthPluginManager - [init,56] - [ClientAuthPluginManager] Load ClientAuthService com.alibaba.nacos.client.auth.ram.RamClientAuthServiceImpl success.
21:32:08.912 [boundedElastic-1] INFO  c.a.n.c.r.client - [lambda$createClient$0,94] - [RpcClientFactory] create a new rpc client of 38ff3cd6-07f0-4d6d-a597-5194dad26ead
21:32:08.914 [boundedElastic-1] INFO  c.a.n.c.r.client - [printIfInfoEnabled,60] - [38ff3cd6-07f0-4d6d-a597-5194dad26ead] RpcClient init, ServerListFactory = com.alibaba.nacos.client.naming.core.ServerListManager
21:32:08.914 [boundedElastic-1] INFO  c.a.n.c.r.client - [printIfInfoEnabled,60] - [38ff3cd6-07f0-4d6d-a597-5194dad26ead] Registry connection listener to current client:com.alibaba.nacos.client.naming.remote.gprc.redo.NamingGrpcRedoService
21:32:08.915 [boundedElastic-1] INFO  c.a.n.c.r.client - [printIfInfoEnabled,60] - [38ff3cd6-07f0-4d6d-a597-5194dad26ead] Register server push request handler:com.alibaba.nacos.client.naming.remote.gprc.NamingPushRequestHandler
21:32:08.915 [boundedElastic-1] INFO  c.a.n.c.r.client - [printIfInfoEnabled,60] - [38ff3cd6-07f0-4d6d-a597-5194dad26ead] Try to connect to server on start up, server: {serverIp = 'localhost', server main port = 8848}
21:32:11.214 [com.alibaba.nacos.client.remote.worker] INFO  c.a.n.c.r.client - [printIfInfoEnabled,60] - [67814202-7254-45e6-9d19-a101b9372b7a_config-0] Fail to connect server, after trying 3 times, last try server is {serverIp = 'localhost', server main port = 8848}, error = unknown
21:32:11.934 [boundedElastic-1] INFO  c.a.n.c.r.client - [printIfInfoEnabled,60] - [38ff3cd6-07f0-4d6d-a597-5194dad26ead] Try to connect to server on start up, server: {serverIp = 'localhost', server main port = 8848}
21:32:14.624 [com.alibaba.nacos.client.remote.worker] INFO  c.a.n.c.r.client - [printIfInfoEnabled,60] - [67814202-7254-45e6-9d19-a101b9372b7a_config-0] Fail to connect server, after trying 4 times, last try server is {serverIp = 'localhost', server main port = 8848}, error = unknown
21:32:14.941 [boundedElastic-1] INFO  c.a.n.c.r.client - [printIfInfoEnabled,60] - [38ff3cd6-07f0-4d6d-a597-5194dad26ead] Try to connect to server on start up, server: {serverIp = 'localhost', server main port = 8848}
21:32:17.953 [boundedElastic-1] INFO  c.a.n.c.r.client - [printIfInfoEnabled,60] - [38ff3cd6-07f0-4d6d-a597-5194dad26ead] Register server push request handler:com.alibaba.nacos.common.remote.client.RpcClient$ConnectResetRequestHandler
21:32:17.953 [com.alibaba.nacos.client.remote.worker] INFO  c.a.n.c.r.client - [printIfInfoEnabled,60] - [38ff3cd6-07f0-4d6d-a597-5194dad26ead] Try to reconnect to a new server, server is  not appointed, will choose a random server.
21:32:17.953 [boundedElastic-1] INFO  c.a.n.c.r.client - [printIfInfoEnabled,60] - [38ff3cd6-07f0-4d6d-a597-5194dad26ead] Register server push request handler:com.alibaba.nacos.common.remote.client.RpcClient$$Lambda$357/1120670624
21:32:18.138 [com.alibaba.nacos.client.remote.worker] INFO  c.a.n.c.r.client - [printIfInfoEnabled,60] - [67814202-7254-45e6-9d19-a101b9372b7a_config-0] Fail to connect server, after trying 5 times, last try server is {serverIp = 'localhost', server main port = 8848}, error = unknown
21:32:18.654 [main] INFO  c.a.n.c.e.SearchableProperties - [sortPropertySourceDefaultOrder,197] - properties search order:PROPERTIES->JVM->ENV->DEFAULT_SETTING
21:32:18.656 [main] INFO  c.a.n.p.a.s.c.ClientAuthPluginManager - [init,56] - [ClientAuthPluginManager] Load ClientAuthService com.alibaba.nacos.client.auth.impl.NacosClientAuthServiceImpl success.
21:32:18.656 [main] INFO  c.a.n.p.a.s.c.ClientAuthPluginManager - [init,56] - [ClientAuthPluginManager] Load ClientAuthService com.alibaba.nacos.client.auth.ram.RamClientAuthServiceImpl success.
21:32:18.658 [main] INFO  c.a.n.c.c.i.CacheData - [<clinit>,67] - nacos.cache.data.init.snapshot = true 
21:32:18.663 [main] INFO  c.a.n.c.c.i.ClientWorker - [addCacheDataIfAbsent,381] - [fixed-localhost_8848] [subscribe] sentinel-mf-gateway+DEFAULT_GROUP
21:32:18.669 [main] INFO  c.a.n.c.c.i.CacheData - [addListener,197] - [fixed-localhost_8848] [add-listener] ok, tenant=, dataId=sentinel-mf-gateway, group=DEFAULT_GROUP, cnt=1
21:32:18.670 [main] INFO  c.a.n.c.r.client - [lambda$createClient$0,94] - [RpcClientFactory] create a new rpc client of 20b87507-0d70-45b1-8c3a-54ec3f82a1e0_config-0
21:32:18.670 [main] INFO  c.a.n.c.r.client - [printIfInfoEnabled,60] - [20b87507-0d70-45b1-8c3a-54ec3f82a1e0_config-0] Register server push request handler:com.alibaba.nacos.client.config.impl.ClientWorker$ConfigRpcTransportClient$$Lambda$348/181078353
21:32:18.670 [main] INFO  c.a.n.c.r.client - [printIfInfoEnabled,60] - [20b87507-0d70-45b1-8c3a-54ec3f82a1e0_config-0] Register server push request handler:com.alibaba.nacos.client.config.impl.ClientWorker$ConfigRpcTransportClient$$Lambda$349/2054451662
21:32:18.670 [main] INFO  c.a.n.c.r.client - [printIfInfoEnabled,60] - [20b87507-0d70-45b1-8c3a-54ec3f82a1e0_config-0] Registry connection listener to current client:com.alibaba.nacos.client.config.impl.ClientWorker$ConfigRpcTransportClient$1
21:32:18.670 [main] INFO  c.a.n.c.r.client - [printIfInfoEnabled,60] - [20b87507-0d70-45b1-8c3a-54ec3f82a1e0_config-0] RpcClient init, ServerListFactory = com.alibaba.nacos.client.config.impl.ClientWorker$ConfigRpcTransportClient$2
21:32:18.671 [main] INFO  c.a.n.c.r.client - [printIfInfoEnabled,60] - [20b87507-0d70-45b1-8c3a-54ec3f82a1e0_config-0] Try to connect to server on start up, server: {serverIp = 'localhost', server main port = 8848}
21:32:21.675 [main] INFO  c.a.n.c.r.client - [printIfInfoEnabled,60] - [20b87507-0d70-45b1-8c3a-54ec3f82a1e0_config-0] Try to connect to server on start up, server: {serverIp = 'localhost', server main port = 8848}
21:32:21.755 [com.alibaba.nacos.client.remote.worker] INFO  c.a.n.c.r.client - [printIfInfoEnabled,60] - [67814202-7254-45e6-9d19-a101b9372b7a_config-0] Fail to connect server, after trying 6 times, last try server is {serverIp = 'localhost', server main port = 8848}, error = unknown
21:32:24.081 [com.alibaba.nacos.client.remote.worker] INFO  c.a.n.c.r.client - [printIfInfoEnabled,60] - [38ff3cd6-07f0-4d6d-a597-5194dad26ead] Fail to connect server, after trying 1 times, last try server is {serverIp = 'localhost', server main port = 8848}, error = unknown
21:32:24.680 [main] INFO  c.a.n.c.r.client - [printIfInfoEnabled,60] - [20b87507-0d70-45b1-8c3a-54ec3f82a1e0_config-0] Try to connect to server on start up, server: {serverIp = 'localhost', server main port = 8848}
21:32:25.473 [com.alibaba.nacos.client.remote.worker] INFO  c.a.n.c.r.client - [printIfInfoEnabled,60] - [67814202-7254-45e6-9d19-a101b9372b7a_config-0] Fail to connect server, after trying 7 times, last try server is {serverIp = 'localhost', server main port = 8848}, error = unknown
21:32:27.288 [com.alibaba.nacos.client.remote.worker] INFO  c.a.n.c.r.client - [printIfInfoEnabled,60] - [38ff3cd6-07f0-4d6d-a597-5194dad26ead] Fail to connect server, after trying 2 times, last try server is {serverIp = 'localhost', server main port = 8848}, error = unknown
21:32:27.698 [com.alibaba.nacos.client.remote.worker] INFO  c.a.n.c.r.client - [printIfInfoEnabled,60] - [20b87507-0d70-45b1-8c3a-54ec3f82a1e0_config-0] Try to reconnect to a new server, server is  not appointed, will choose a random server.
21:32:27.698 [main] INFO  c.a.n.c.r.client - [printIfInfoEnabled,60] - [20b87507-0d70-45b1-8c3a-54ec3f82a1e0_config-0] Register server push request handler:com.alibaba.nacos.common.remote.client.RpcClient$ConnectResetRequestHandler
21:32:27.699 [main] INFO  c.a.n.c.r.client - [printIfInfoEnabled,60] - [20b87507-0d70-45b1-8c3a-54ec3f82a1e0_config-0] Register server push request handler:com.alibaba.nacos.common.remote.client.RpcClient$$Lambda$357/1120670624
21:32:28.100 [main] INFO  c.a.n.client.naming - [subscribe,167] - [SUBSCRIBE-SERVICE] service:mf-gateway, group:DEFAULT_GROUP, clusters:DEFAULT 
21:32:29.192 [com.alibaba.nacos.client.remote.worker] INFO  c.a.n.c.r.client - [printIfInfoEnabled,60] - [67814202-7254-45e6-9d19-a101b9372b7a_config-0] Fail to connect server, after trying 8 times, last try server is {serverIp = 'localhost', server main port = 8848}, error = unknown
21:32:29.192 [com.alibaba.nacos.client.remote.worker] INFO  c.a.n.c.r.client - [printIfInfoEnabled,60] - [38ff3cd6-07f0-4d6d-a597-5194dad26ead] Fail to connect server, after trying 3 times, last try server is {serverIp = 'localhost', server main port = 8848}, error = unknown
21:32:29.355 [com.alibaba.nacos.client.remote.worker] INFO  c.a.n.c.r.client - [printIfInfoEnabled,60] - [20b87507-0d70-45b1-8c3a-54ec3f82a1e0_config-0] Fail to connect server, after trying 1 times, last try server is {serverIp = 'localhost', server main port = 8848}, error = unknown
21:32:29.578 [com.alibaba.nacos.client.remote.worker] INFO  c.a.n.c.r.client - [printIfInfoEnabled,60] - [20b87507-0d70-45b1-8c3a-54ec3f82a1e0_config-0] Fail to connect server, after trying 2 times, last try server is {serverIp = 'localhost', server main port = 8848}, error = unknown
21:32:29.602 [com.alibaba.nacos.client.remote.worker] INFO  c.a.n.c.r.client - [printIfInfoEnabled,60] - [38ff3cd6-07f0-4d6d-a597-5194dad26ead] Fail to connect server, after trying 4 times, last try server is {serverIp = 'localhost', server main port = 8848}, error = unknown
21:32:29.904 [com.alibaba.nacos.client.remote.worker] INFO  c.a.n.c.r.client - [printIfInfoEnabled,60] - [20b87507-0d70-45b1-8c3a-54ec3f82a1e0_config-0] Fail to connect server, after trying 3 times, last try server is {serverIp = 'localhost', server main port = 8848}, error = unknown
21:32:30.109 [com.alibaba.nacos.client.remote.worker] INFO  c.a.n.c.r.client - [printIfInfoEnabled,60] - [67814202-7254-45e6-9d19-a101b9372b7a_config-0] Fail to connect server, after trying 9 times, last try server is {serverIp = 'localhost', server main port = 8848}, error = unknown
21:32:30.127 [com.alibaba.nacos.client.remote.worker] INFO  c.a.n.c.r.client - [printIfInfoEnabled,60] - [38ff3cd6-07f0-4d6d-a597-5194dad26ead] Fail to connect server, after trying 5 times, last try server is {serverIp = 'localhost', server main port = 8848}, error = unknown
21:32:30.331 [com.alibaba.nacos.client.remote.worker] INFO  c.a.n.c.r.client - [printIfInfoEnabled,60] - [20b87507-0d70-45b1-8c3a-54ec3f82a1e0_config-0] Fail to connect server, after trying 4 times, last try server is {serverIp = 'localhost', server main port = 8848}, error = unknown
21:32:30.862 [com.alibaba.nacos.client.remote.worker] INFO  c.a.n.c.r.client - [printIfInfoEnabled,60] - [38ff3cd6-07f0-4d6d-a597-5194dad26ead] Success to connect a server [localhost:8848], connectionId = 1684589550738_127.0.0.1_61890
21:32:30.862 [com.alibaba.nacos.client.remote.worker] INFO  c.a.n.c.r.client - [printIfInfoEnabled,60] - [38ff3cd6-07f0-4d6d-a597-5194dad26ead] Notify connected event to listeners.
21:32:30.863 [com.alibaba.nacos.client.remote.worker] INFO  c.a.n.client.naming - [onConnected,78] - Grpc connection connect
21:32:30.972 [com.alibaba.nacos.client.remote.worker] INFO  c.a.n.c.r.client - [printIfInfoEnabled,60] - [20b87507-0d70-45b1-8c3a-54ec3f82a1e0_config-0] Success to connect a server [localhost:8848], connectionId = 1684589550851_127.0.0.1_61891
21:32:30.972 [com.alibaba.nacos.client.remote.worker] INFO  c.a.n.c.r.client - [printIfInfoEnabled,60] - [20b87507-0d70-45b1-8c3a-54ec3f82a1e0_config-0] Notify connected event to listeners.
21:32:30.972 [com.alibaba.nacos.client.remote.worker] INFO  c.a.n.c.c.i.ClientWorker - [onConnected,639] - [20b87507-0d70-45b1-8c3a-54ec3f82a1e0_config-0] Connected,notify listen context...
21:32:31.222 [com.alibaba.nacos.client.remote.worker] INFO  c.a.n.c.r.client - [printIfInfoEnabled,60] - [67814202-7254-45e6-9d19-a101b9372b7a_config-0] Success to connect a server [localhost:8848], connectionId = 1684589551117_127.0.0.1_61892
21:32:31.222 [com.alibaba.nacos.client.remote.worker] INFO  c.a.n.c.r.client - [printIfInfoEnabled,60] - [67814202-7254-45e6-9d19-a101b9372b7a_config-0] Notify connected event to listeners.
21:32:31.222 [com.alibaba.nacos.client.remote.worker] INFO  c.a.n.c.c.i.ClientWorker - [onConnected,639] - [67814202-7254-45e6-9d19-a101b9372b7a_config-0] Connected,notify listen context...
21:32:31.768 [main] INFO  c.a.n.client.naming - [registerService,120] - [REGISTER-SERVICE] public registering service mf-gateway with instance Instance{instanceId='null', ip='169.254.54.134', port=8888, weight=1.0, healthy=true, enabled=true, ephemeral=true, clusterName='DEFAULT', serviceName='null', metadata={preserved.register.source=SPRING_CLOUD}}
21:32:31.782 [main] INFO  c.a.c.n.r.NacosServiceRegistry - [register,75] - nacos registry, DEFAULT_GROUP mf-gateway 169.254.54.134:8888 register finished
21:32:31.797 [boundedElastic-3] INFO  c.a.n.client.naming - [subscribe,167] - [SUBSCRIBE-SERVICE] service:mf-gateway, group:DEFAULT_GROUP, clusters: 
21:32:31.797 [boundedElastic-4] INFO  c.a.n.client.naming - [subscribe,167] - [SUBSCRIBE-SERVICE] service:mf-gateway, group:DEFAULT_GROUP, clusters: 
21:32:31.803 [main] INFO  c.a.s.g.MfGatewayApplication - [logStarted,61] - Started MfGatewayApplication in 46.86 seconds (JVM running for 48.195)
21:32:31.806 [boundedElastic-6] INFO  c.a.n.client.naming - [subscribe,167] - [SUBSCRIBE-SERVICE] service:mf-gateway, group:DEFAULT_GROUP, clusters: 
21:32:31.806 [boundedElastic-5] INFO  c.a.n.client.naming - [subscribe,167] - [SUBSCRIBE-SERVICE] service:mf-gateway, group:DEFAULT_GROUP, clusters: 
21:32:31.808 [main] INFO  c.a.n.c.c.i.ClientWorker - [addCacheDataIfAbsent,381] - [fixed-localhost_8848] [subscribe] mf-gateway+DEFAULT_GROUP
21:32:31.808 [main] INFO  c.a.n.c.c.i.CacheData - [addListener,197] - [fixed-localhost_8848] [add-listener] ok, tenant=, dataId=mf-gateway, group=DEFAULT_GROUP, cnt=1
21:32:31.808 [main] INFO  c.a.c.n.r.NacosContextRefresher - [registerNacosListener,129] - [Nacos Config] Listening config: dataId=mf-gateway, group=DEFAULT_GROUP
21:32:31.808 [main] INFO  c.a.n.c.c.i.ClientWorker - [addCacheDataIfAbsent,381] - [fixed-localhost_8848] [subscribe] mf-gateway.yml+DEFAULT_GROUP
21:32:31.809 [main] INFO  c.a.n.c.c.i.CacheData - [addListener,197] - [fixed-localhost_8848] [add-listener] ok, tenant=, dataId=mf-gateway.yml, group=DEFAULT_GROUP, cnt=1
21:32:31.810 [main] INFO  c.a.c.n.r.NacosContextRefresher - [registerNacosListener,129] - [Nacos Config] Listening config: dataId=mf-gateway.yml, group=DEFAULT_GROUP
21:32:31.810 [main] INFO  c.a.n.c.c.i.ClientWorker - [addCacheDataIfAbsent,381] - [fixed-localhost_8848] [subscribe] mf-gateway-dev.yml+DEFAULT_GROUP
21:32:31.811 [main] INFO  c.a.n.c.c.i.CacheData - [addListener,197] - [fixed-localhost_8848] [add-listener] ok, tenant=, dataId=mf-gateway-dev.yml, group=DEFAULT_GROUP, cnt=1
21:32:31.811 [main] INFO  c.a.c.n.r.NacosContextRefresher - [registerNacosListener,129] - [Nacos Config] Listening config: dataId=mf-gateway-dev.yml, group=DEFAULT_GROUP
21:32:31.811 [main] INFO  c.a.n.c.c.i.ClientWorker - [addCacheDataIfAbsent,381] - [fixed-localhost_8848] [subscribe] application-dev.yml+DEFAULT_GROUP
21:32:31.813 [main] INFO  c.a.n.c.c.i.CacheData - [addListener,197] - [fixed-localhost_8848] [add-listener] ok, tenant=, dataId=application-dev.yml, group=DEFAULT_GROUP, cnt=1
21:32:31.813 [main] INFO  c.a.c.n.r.NacosContextRefresher - [registerNacosListener,129] - [Nacos Config] Listening config: dataId=application-dev.yml, group=DEFAULT_GROUP
21:32:31.813 [main] INFO  c.a.s.g.MfGatewayApplication - [main,19] - 
	----------------------------------------------------------
	
	--------------------网关服务启动成功-----------------------
	
21:32:31.827 [boundedElastic-3] INFO  c.a.n.client.naming - [isChangedServiceInfo,184] - init new ips(1) service: DEFAULT_GROUP@@mf-gateway -> [{"ip":"169.254.54.134","port":8888,"weight":1.0,"healthy":true,"enabled":true,"ephemeral":true,"clusterName":"DEFAULT","serviceName":"DEFAULT_GROUP@@mf-gateway","metadata":{"preserved.register.source":"SPRING_CLOUD"},"ipDeleteTimeout":30000,"instanceHeartBeatInterval":5000,"instanceHeartBeatTimeOut":15000}]
21:32:31.827 [boundedElastic-5] INFO  c.a.n.client.naming - [isChangedServiceInfo,184] - init new ips(1) service: DEFAULT_GROUP@@mf-gateway -> [{"ip":"169.254.54.134","port":8888,"weight":1.0,"healthy":true,"enabled":true,"ephemeral":true,"clusterName":"DEFAULT","serviceName":"DEFAULT_GROUP@@mf-gateway","metadata":{"preserved.register.source":"SPRING_CLOUD"},"ipDeleteTimeout":30000,"instanceHeartBeatInterval":5000,"instanceHeartBeatTimeOut":15000}]
21:32:31.828 [boundedElastic-5] INFO  c.a.n.client.naming - [processServiceInfo,169] - current ips:(1) service: DEFAULT_GROUP@@mf-gateway -> [{"ip":"169.254.54.134","port":8888,"weight":1.0,"healthy":true,"enabled":true,"ephemeral":true,"clusterName":"DEFAULT","serviceName":"DEFAULT_GROUP@@mf-gateway","metadata":{"preserved.register.source":"SPRING_CLOUD"},"ipDeleteTimeout":30000,"instanceHeartBeatInterval":5000,"instanceHeartBeatTimeOut":15000}]
21:32:31.828 [boundedElastic-3] INFO  c.a.n.client.naming - [processServiceInfo,169] - current ips:(1) service: DEFAULT_GROUP@@mf-gateway -> [{"ip":"169.254.54.134","port":8888,"weight":1.0,"healthy":true,"enabled":true,"ephemeral":true,"clusterName":"DEFAULT","serviceName":"DEFAULT_GROUP@@mf-gateway","metadata":{"preserved.register.source":"SPRING_CLOUD"},"ipDeleteTimeout":30000,"instanceHeartBeatInterval":5000,"instanceHeartBeatTimeOut":15000}]
21:32:32.804 [nacos-grpc-client-executor-localhost-6] INFO  c.a.n.c.r.client - [printIfInfoEnabled,60] - [38ff3cd6-07f0-4d6d-a597-5194dad26ead] Receive server push request, request = NotifySubscriberRequest, requestId = 1
21:32:32.804 [nacos-grpc-client-executor-localhost-6] INFO  c.a.n.c.r.client - [printIfInfoEnabled,60] - [38ff3cd6-07f0-4d6d-a597-5194dad26ead] Ack server push request, request = NotifySubscriberRequest, requestId = 1
21:32:32.969 [com.alibaba.nacos.client.naming.grpc.redo.0] INFO  c.a.n.client.naming - [redoForSubscribe,121] - Redo subscriber operation REGISTER for DEFAULT_GROUP@@mf-gateway#DEFAULT
21:32:43.680 [main] INFO  c.a.s.g.MfGatewayApplication - [logStartupProfileInfo,637] - The following 1 profile is active: "dev"
21:32:51.425 [main] INFO  c.a.c.s.g.s.SentinelSCGAutoConfiguration - [sentinelGatewayFilter,144] - [Sentinel SpringCloudGateway] register SentinelGatewayFilter with order: -2147483648
21:32:51.772 [main] INFO  c.a.c.s.g.s.SentinelSCGAutoConfiguration - [sentinelGatewayBlockExceptionHandler,134] - [Sentinel SpringCloudGateway] register SentinelGatewayBlockExceptionHandler
21:32:52.043 [boundedElastic-1] INFO  c.a.n.c.e.SearchableProperties - [sortPropertySourceDefaultOrder,197] - properties search order:PROPERTIES->JVM->ENV->DEFAULT_SETTING
21:32:52.045 [boundedElastic-1] INFO  c.a.n.client.naming - [initNamespaceForNaming,61] - initializer namespace from System Property : null
21:32:52.045 [boundedElastic-1] INFO  c.a.n.client.naming - [lambda$initNamespaceForNaming$0,65] - initializer namespace from System Environment :null
21:32:52.045 [boundedElastic-1] INFO  c.a.n.client.naming - [lambda$initNamespaceForNaming$1,72] - initializer namespace from System Property :
21:32:52.051 [boundedElastic-1] INFO  c.a.n.p.a.s.c.ClientAuthPluginManager - [init,56] - [ClientAuthPluginManager] Load ClientAuthService com.alibaba.nacos.client.auth.impl.NacosClientAuthServiceImpl success.
21:32:52.051 [boundedElastic-1] INFO  c.a.n.p.a.s.c.ClientAuthPluginManager - [init,56] - [ClientAuthPluginManager] Load ClientAuthService com.alibaba.nacos.client.auth.ram.RamClientAuthServiceImpl success.
21:32:52.053 [boundedElastic-1] INFO  c.a.n.c.r.client - [lambda$createClient$0,94] - [RpcClientFactory] create a new rpc client of fb2b5ffa-ee43-412a-bd7e-7f699f424177
21:32:52.054 [boundedElastic-1] INFO  c.a.n.c.r.client - [printIfInfoEnabled,60] - [fb2b5ffa-ee43-412a-bd7e-7f699f424177] RpcClient init, ServerListFactory = com.alibaba.nacos.client.naming.core.ServerListManager
21:32:52.054 [boundedElastic-1] INFO  c.a.n.c.r.client - [printIfInfoEnabled,60] - [fb2b5ffa-ee43-412a-bd7e-7f699f424177] Registry connection listener to current client:com.alibaba.nacos.client.naming.remote.gprc.redo.NamingGrpcRedoService
21:32:52.054 [boundedElastic-1] INFO  c.a.n.c.r.client - [printIfInfoEnabled,60] - [fb2b5ffa-ee43-412a-bd7e-7f699f424177] Register server push request handler:com.alibaba.nacos.client.naming.remote.gprc.NamingPushRequestHandler
21:32:52.054 [boundedElastic-1] INFO  c.a.n.c.r.client - [printIfInfoEnabled,60] - [fb2b5ffa-ee43-412a-bd7e-7f699f424177] Try to connect to server on start up, server: {serverIp = 'localhost', server main port = 8848}
21:32:52.173 [boundedElastic-1] INFO  c.a.n.c.r.client - [printIfInfoEnabled,60] - [fb2b5ffa-ee43-412a-bd7e-7f699f424177] Success to connect to server [localhost:8848] on start up, connectionId = 1684589572060_127.0.0.1_61984
21:32:52.173 [boundedElastic-1] INFO  c.a.n.c.r.client - [printIfInfoEnabled,60] - [fb2b5ffa-ee43-412a-bd7e-7f699f424177] Register server push request handler:com.alibaba.nacos.common.remote.client.RpcClient$ConnectResetRequestHandler
21:32:52.173 [com.alibaba.nacos.client.remote.worker] INFO  c.a.n.c.r.client - [printIfInfoEnabled,60] - [fb2b5ffa-ee43-412a-bd7e-7f699f424177] Notify connected event to listeners.
21:32:52.173 [com.alibaba.nacos.client.remote.worker] INFO  c.a.n.client.naming - [onConnected,78] - Grpc connection connect
21:32:52.173 [boundedElastic-1] INFO  c.a.n.c.r.client - [printIfInfoEnabled,60] - [fb2b5ffa-ee43-412a-bd7e-7f699f424177] Register server push request handler:com.alibaba.nacos.common.remote.client.RpcClient$$Lambda$357/1335914322
21:32:52.188 [boundedElastic-4] INFO  c.a.n.client.naming - [subscribe,167] - [SUBSCRIBE-SERVICE] service:mf-gateway, group:DEFAULT_GROUP, clusters: 
21:32:52.188 [boundedElastic-3] INFO  c.a.n.client.naming - [subscribe,167] - [SUBSCRIBE-SERVICE] service:mf-gateway, group:DEFAULT_GROUP, clusters: 
21:32:52.202 [boundedElastic-4] INFO  c.a.n.client.naming - [isChangedServiceInfo,184] - init new ips(0) service: DEFAULT_GROUP@@mf-gateway -> []
21:32:52.202 [boundedElastic-3] INFO  c.a.n.client.naming - [isChangedServiceInfo,184] - init new ips(0) service: DEFAULT_GROUP@@mf-gateway -> []
21:32:52.210 [boundedElastic-4] INFO  c.a.n.client.naming - [processServiceInfo,169] - current ips:(0) service: DEFAULT_GROUP@@mf-gateway -> []
21:32:52.210 [boundedElastic-3] INFO  c.a.n.client.naming - [processServiceInfo,169] - current ips:(0) service: DEFAULT_GROUP@@mf-gateway -> []
21:32:52.532 [main] INFO  c.a.n.c.e.SearchableProperties - [sortPropertySourceDefaultOrder,197] - properties search order:PROPERTIES->JVM->ENV->DEFAULT_SETTING
21:32:52.533 [main] INFO  c.a.n.p.a.s.c.ClientAuthPluginManager - [init,56] - [ClientAuthPluginManager] Load ClientAuthService com.alibaba.nacos.client.auth.impl.NacosClientAuthServiceImpl success.
21:32:52.533 [main] INFO  c.a.n.p.a.s.c.ClientAuthPluginManager - [init,56] - [ClientAuthPluginManager] Load ClientAuthService com.alibaba.nacos.client.auth.ram.RamClientAuthServiceImpl success.
21:32:52.534 [main] INFO  c.a.n.c.c.i.CacheData - [<clinit>,67] - nacos.cache.data.init.snapshot = true 
21:32:52.536 [main] INFO  c.a.n.c.c.i.ClientWorker - [addCacheDataIfAbsent,381] - [fixed-localhost_8848] [subscribe] sentinel-mf-gateway+DEFAULT_GROUP
21:32:52.536 [main] INFO  c.a.n.c.c.i.CacheData - [addListener,197] - [fixed-localhost_8848] [add-listener] ok, tenant=, dataId=sentinel-mf-gateway, group=DEFAULT_GROUP, cnt=1
21:32:52.537 [main] INFO  c.a.n.c.r.client - [lambda$createClient$0,94] - [RpcClientFactory] create a new rpc client of 72bbff71-7bb7-4649-b503-234fc1a62891_config-0
21:32:52.537 [main] INFO  c.a.n.c.r.client - [printIfInfoEnabled,60] - [72bbff71-7bb7-4649-b503-234fc1a62891_config-0] Register server push request handler:com.alibaba.nacos.client.config.impl.ClientWorker$ConfigRpcTransportClient$$Lambda$348/1210939243
21:32:52.537 [main] INFO  c.a.n.c.r.client - [printIfInfoEnabled,60] - [72bbff71-7bb7-4649-b503-234fc1a62891_config-0] Register server push request handler:com.alibaba.nacos.client.config.impl.ClientWorker$ConfigRpcTransportClient$$Lambda$349/696165690
21:32:52.537 [main] INFO  c.a.n.c.r.client - [printIfInfoEnabled,60] - [72bbff71-7bb7-4649-b503-234fc1a62891_config-0] Registry connection listener to current client:com.alibaba.nacos.client.config.impl.ClientWorker$ConfigRpcTransportClient$1
21:32:52.537 [main] INFO  c.a.n.c.r.client - [printIfInfoEnabled,60] - [72bbff71-7bb7-4649-b503-234fc1a62891_config-0] RpcClient init, ServerListFactory = com.alibaba.nacos.client.config.impl.ClientWorker$ConfigRpcTransportClient$2
21:32:52.538 [main] INFO  c.a.n.c.r.client - [printIfInfoEnabled,60] - [72bbff71-7bb7-4649-b503-234fc1a62891_config-0] Try to connect to server on start up, server: {serverIp = 'localhost', server main port = 8848}
21:32:52.660 [main] INFO  c.a.n.c.r.client - [printIfInfoEnabled,60] - [72bbff71-7bb7-4649-b503-234fc1a62891_config-0] Success to connect to server [localhost:8848] on start up, connectionId = 1684589572542_127.0.0.1_62017
21:32:52.660 [main] INFO  c.a.n.c.r.client - [printIfInfoEnabled,60] - [72bbff71-7bb7-4649-b503-234fc1a62891_config-0] Register server push request handler:com.alibaba.nacos.common.remote.client.RpcClient$ConnectResetRequestHandler
21:32:52.660 [main] INFO  c.a.n.c.r.client - [printIfInfoEnabled,60] - [72bbff71-7bb7-4649-b503-234fc1a62891_config-0] Register server push request handler:com.alibaba.nacos.common.remote.client.RpcClient$$Lambda$357/1335914322
21:32:52.662 [com.alibaba.nacos.client.remote.worker] INFO  c.a.n.c.r.client - [printIfInfoEnabled,60] - [72bbff71-7bb7-4649-b503-234fc1a62891_config-0] Notify connected event to listeners.
21:32:52.663 [com.alibaba.nacos.client.remote.worker] INFO  c.a.n.c.c.i.ClientWorker - [onConnected,639] - [72bbff71-7bb7-4649-b503-234fc1a62891_config-0] Connected,notify listen context...
21:32:52.720 [main] INFO  c.a.n.client.naming - [subscribe,167] - [SUBSCRIBE-SERVICE] service:mf-gateway, group:DEFAULT_GROUP, clusters:DEFAULT 
21:32:52.724 [main] INFO  c.a.n.client.naming - [isChangedServiceInfo,184] - init new ips(0) service: DEFAULT_GROUP@@mf-gateway@@DEFAULT -> []
21:32:52.725 [main] INFO  c.a.n.client.naming - [processServiceInfo,169] - current ips:(0) service: DEFAULT_GROUP@@mf-gateway@@DEFAULT -> []
21:32:52.752 [nacos-grpc-client-executor-localhost-21] INFO  c.a.n.c.r.client - [printIfInfoEnabled,60] - [fb2b5ffa-ee43-412a-bd7e-7f699f424177] Receive server push request, request = NotifySubscriberRequest, requestId = 2
21:32:52.752 [nacos-grpc-client-executor-localhost-21] INFO  c.a.n.c.r.client - [printIfInfoEnabled,60] - [fb2b5ffa-ee43-412a-bd7e-7f699f424177] Ack server push request, request = NotifySubscriberRequest, requestId = 2
21:32:55.968 [main] INFO  c.a.n.client.naming - [registerService,120] - [REGISTER-SERVICE] public registering service mf-gateway with instance Instance{instanceId='null', ip='169.254.54.134', port=8888, weight=1.0, healthy=true, enabled=true, ephemeral=true, clusterName='DEFAULT', serviceName='null', metadata={preserved.register.source=SPRING_CLOUD}}
21:32:55.973 [main] INFO  c.a.c.n.r.NacosServiceRegistry - [register,75] - nacos registry, DEFAULT_GROUP mf-gateway 169.254.54.134:8888 register finished
21:32:55.992 [main] INFO  c.a.s.g.MfGatewayApplication - [logStarted,61] - Started MfGatewayApplication in 17.545 seconds (JVM running for 18.466)
21:32:55.996 [main] INFO  c.a.n.c.c.i.ClientWorker - [addCacheDataIfAbsent,381] - [fixed-localhost_8848] [subscribe] mf-gateway+DEFAULT_GROUP
21:32:55.996 [main] INFO  c.a.n.c.c.i.CacheData - [addListener,197] - [fixed-localhost_8848] [add-listener] ok, tenant=, dataId=mf-gateway, group=DEFAULT_GROUP, cnt=1
21:32:55.996 [main] INFO  c.a.c.n.r.NacosContextRefresher - [registerNacosListener,129] - [Nacos Config] Listening config: dataId=mf-gateway, group=DEFAULT_GROUP
21:32:55.997 [main] INFO  c.a.n.c.c.i.ClientWorker - [addCacheDataIfAbsent,381] - [fixed-localhost_8848] [subscribe] mf-gateway.yml+DEFAULT_GROUP
21:32:55.997 [main] INFO  c.a.n.c.c.i.CacheData - [addListener,197] - [fixed-localhost_8848] [add-listener] ok, tenant=, dataId=mf-gateway.yml, group=DEFAULT_GROUP, cnt=1
21:32:55.997 [main] INFO  c.a.c.n.r.NacosContextRefresher - [registerNacosListener,129] - [Nacos Config] Listening config: dataId=mf-gateway.yml, group=DEFAULT_GROUP
21:32:55.998 [main] INFO  c.a.n.c.c.i.ClientWorker - [addCacheDataIfAbsent,381] - [fixed-localhost_8848] [subscribe] mf-gateway-dev.yml+DEFAULT_GROUP
21:32:55.999 [main] INFO  c.a.n.c.c.i.CacheData - [addListener,197] - [fixed-localhost_8848] [add-listener] ok, tenant=, dataId=mf-gateway-dev.yml, group=DEFAULT_GROUP, cnt=1
21:32:55.999 [main] INFO  c.a.c.n.r.NacosContextRefresher - [registerNacosListener,129] - [Nacos Config] Listening config: dataId=mf-gateway-dev.yml, group=DEFAULT_GROUP
21:32:56.004 [main] INFO  c.a.n.c.c.i.ClientWorker - [addCacheDataIfAbsent,381] - [fixed-localhost_8848] [subscribe] application-dev.yml+DEFAULT_GROUP
21:32:56.004 [main] INFO  c.a.n.c.c.i.CacheData - [addListener,197] - [fixed-localhost_8848] [add-listener] ok, tenant=, dataId=application-dev.yml, group=DEFAULT_GROUP, cnt=1
21:32:56.005 [main] INFO  c.a.c.n.r.NacosContextRefresher - [registerNacosListener,129] - [Nacos Config] Listening config: dataId=application-dev.yml, group=DEFAULT_GROUP
21:32:56.005 [main] INFO  c.a.s.g.MfGatewayApplication - [main,19] - 
	----------------------------------------------------------
	
	--------------------网关服务启动成功-----------------------
	
21:32:56.490 [nacos-grpc-client-executor-localhost-0] INFO  c.a.n.c.r.client - [printIfInfoEnabled,60] - [fb2b5ffa-ee43-412a-bd7e-7f699f424177] Receive server push request, request = NotifySubscriberRequest, requestId = 3
21:32:56.491 [nacos-grpc-client-executor-localhost-0] INFO  c.a.n.client.naming - [isChangedServiceInfo,235] - new ips(1) service: DEFAULT_GROUP@@mf-gateway@@DEFAULT -> [{"ip":"169.254.54.134","port":8888,"weight":1.0,"healthy":true,"enabled":true,"ephemeral":true,"clusterName":"DEFAULT","serviceName":"DEFAULT_GROUP@@mf-gateway","metadata":{"preserved.register.source":"SPRING_CLOUD"},"ipDeleteTimeout":30000,"instanceHeartBeatInterval":5000,"instanceHeartBeatTimeOut":15000}]
21:32:56.492 [nacos-grpc-client-executor-localhost-0] INFO  c.a.n.client.naming - [processServiceInfo,169] - current ips:(1) service: DEFAULT_GROUP@@mf-gateway@@DEFAULT -> [{"ip":"169.254.54.134","port":8888,"weight":1.0,"healthy":true,"enabled":true,"ephemeral":true,"clusterName":"DEFAULT","serviceName":"DEFAULT_GROUP@@mf-gateway","metadata":{"preserved.register.source":"SPRING_CLOUD"},"ipDeleteTimeout":30000,"instanceHeartBeatInterval":5000,"instanceHeartBeatTimeOut":15000}]
21:32:56.496 [nacos-grpc-client-executor-localhost-0] INFO  c.a.n.c.r.client - [printIfInfoEnabled,60] - [fb2b5ffa-ee43-412a-bd7e-7f699f424177] Ack server push request, request = NotifySubscriberRequest, requestId = 3
21:33:22.748 [boundedElastic-4] INFO  c.a.n.client.naming - [subscribe,167] - [SUBSCRIBE-SERVICE] service:mf-oauth, group:DEFAULT_GROUP, clusters: 
21:33:22.749 [boundedElastic-3] INFO  c.a.n.client.naming - [subscribe,167] - [SUBSCRIBE-SERVICE] service:mf-oauth, group:DEFAULT_GROUP, clusters: 
21:33:22.752 [boundedElastic-3] INFO  c.a.n.client.naming - [isChangedServiceInfo,184] - init new ips(1) service: DEFAULT_GROUP@@mf-oauth -> [{"ip":"169.254.54.134","port":9218,"weight":1.0,"healthy":true,"enabled":true,"ephemeral":true,"clusterName":"DEFAULT","serviceName":"DEFAULT_GROUP@@mf-oauth","metadata":{"preserved.register.source":"SPRING_CLOUD"},"ipDeleteTimeout":30000,"instanceHeartBeatInterval":5000,"instanceHeartBeatTimeOut":15000}]
21:33:22.752 [boundedElastic-3] INFO  c.a.n.client.naming - [processServiceInfo,169] - current ips:(1) service: DEFAULT_GROUP@@mf-oauth -> [{"ip":"169.254.54.134","port":9218,"weight":1.0,"healthy":true,"enabled":true,"ephemeral":true,"clusterName":"DEFAULT","serviceName":"DEFAULT_GROUP@@mf-oauth","metadata":{"preserved.register.source":"SPRING_CLOUD"},"ipDeleteTimeout":30000,"instanceHeartBeatInterval":5000,"instanceHeartBeatTimeOut":15000}]
21:33:23.292 [nacos-grpc-client-executor-localhost-46] INFO  c.a.n.c.r.client - [printIfInfoEnabled,60] - [fb2b5ffa-ee43-412a-bd7e-7f699f424177] Receive server push request, request = NotifySubscriberRequest, requestId = 5
21:33:23.292 [nacos-grpc-client-executor-localhost-46] INFO  c.a.n.c.r.client - [printIfInfoEnabled,60] - [fb2b5ffa-ee43-412a-bd7e-7f699f424177] Ack server push request, request = NotifySubscriberRequest, requestId = 5
21:34:52.757 [boundedElastic-2] INFO  c.a.n.client.naming - [subscribe,167] - [SUBSCRIBE-SERVICE] service:mf-sys, group:DEFAULT_GROUP, clusters: 
21:34:52.757 [boundedElastic-3] INFO  c.a.n.client.naming - [subscribe,167] - [SUBSCRIBE-SERVICE] service:mf-sys, group:DEFAULT_GROUP, clusters: 
21:34:52.758 [boundedElastic-10] INFO  c.a.n.client.naming - [subscribe,167] - [SUBSCRIBE-SERVICE] service:mf-web, group:DEFAULT_GROUP, clusters: 
21:34:52.758 [boundedElastic-9] INFO  c.a.n.client.naming - [subscribe,167] - [SUBSCRIBE-SERVICE] service:mf-web, group:DEFAULT_GROUP, clusters: 
21:34:52.761 [boundedElastic-3] INFO  c.a.n.client.naming - [isChangedServiceInfo,184] - init new ips(1) service: DEFAULT_GROUP@@mf-sys -> [{"ip":"169.254.54.134","port":9221,"weight":1.0,"healthy":true,"enabled":true,"ephemeral":true,"clusterName":"DEFAULT","serviceName":"DEFAULT_GROUP@@mf-sys","metadata":{"preserved.register.source":"SPRING_CLOUD"},"ipDeleteTimeout":30000,"instanceHeartBeatInterval":5000,"instanceHeartBeatTimeOut":15000}]
21:34:52.761 [boundedElastic-9] INFO  c.a.n.client.naming - [isChangedServiceInfo,184] - init new ips(1) service: DEFAULT_GROUP@@mf-web -> [{"ip":"169.254.54.134","port":9225,"weight":1.0,"healthy":true,"enabled":true,"ephemeral":true,"clusterName":"DEFAULT","serviceName":"DEFAULT_GROUP@@mf-web","metadata":{"preserved.register.source":"SPRING_CLOUD"},"ipDeleteTimeout":30000,"instanceHeartBeatInterval":5000,"instanceHeartBeatTimeOut":15000}]
21:34:52.761 [boundedElastic-3] INFO  c.a.n.client.naming - [processServiceInfo,169] - current ips:(1) service: DEFAULT_GROUP@@mf-sys -> [{"ip":"169.254.54.134","port":9221,"weight":1.0,"healthy":true,"enabled":true,"ephemeral":true,"clusterName":"DEFAULT","serviceName":"DEFAULT_GROUP@@mf-sys","metadata":{"preserved.register.source":"SPRING_CLOUD"},"ipDeleteTimeout":30000,"instanceHeartBeatInterval":5000,"instanceHeartBeatTimeOut":15000}]
21:34:52.763 [boundedElastic-9] INFO  c.a.n.client.naming - [processServiceInfo,169] - current ips:(1) service: DEFAULT_GROUP@@mf-web -> [{"ip":"169.254.54.134","port":9225,"weight":1.0,"healthy":true,"enabled":true,"ephemeral":true,"clusterName":"DEFAULT","serviceName":"DEFAULT_GROUP@@mf-web","metadata":{"preserved.register.source":"SPRING_CLOUD"},"ipDeleteTimeout":30000,"instanceHeartBeatInterval":5000,"instanceHeartBeatTimeOut":15000}]
21:34:53.332 [nacos-grpc-client-executor-localhost-79] INFO  c.a.n.c.r.client - [printIfInfoEnabled,60] - [fb2b5ffa-ee43-412a-bd7e-7f699f424177] Receive server push request, request = NotifySubscriberRequest, requestId = 9
21:34:53.333 [nacos-grpc-client-executor-localhost-79] INFO  c.a.n.c.r.client - [printIfInfoEnabled,60] - [fb2b5ffa-ee43-412a-bd7e-7f699f424177] Ack server push request, request = NotifySubscriberRequest, requestId = 9
21:34:53.334 [nacos-grpc-client-executor-localhost-80] INFO  c.a.n.c.r.client - [printIfInfoEnabled,60] - [fb2b5ffa-ee43-412a-bd7e-7f699f424177] Receive server push request, request = NotifySubscriberRequest, requestId = 8
21:34:53.334 [nacos-grpc-client-executor-localhost-80] INFO  c.a.n.c.r.client - [printIfInfoEnabled,60] - [fb2b5ffa-ee43-412a-bd7e-7f699f424177] Ack server push request, request = NotifySubscriberRequest, requestId = 8
21:42:04.214 [boundedElastic-3] INFO  c.a.n.client.naming - [subscribe,167] - [SUBSCRIBE-SERVICE] service:mf-storage, group:DEFAULT_GROUP, clusters: 
21:42:04.216 [boundedElastic-3] INFO  c.a.n.client.naming - [isChangedServiceInfo,184] - init new ips(0) service: DEFAULT_GROUP@@mf-storage -> []
21:42:04.217 [boundedElastic-3] INFO  c.a.n.client.naming - [processServiceInfo,169] - current ips:(0) service: DEFAULT_GROUP@@mf-storage -> []
21:42:04.809 [nacos-grpc-client-executor-localhost-205] INFO  c.a.n.c.r.client - [printIfInfoEnabled,60] - [fb2b5ffa-ee43-412a-bd7e-7f699f424177] Receive server push request, request = NotifySubscriberRequest, requestId = 11
21:42:04.810 [nacos-grpc-client-executor-localhost-205] INFO  c.a.n.c.r.client - [printIfInfoEnabled,60] - [fb2b5ffa-ee43-412a-bd7e-7f699f424177] Ack server push request, request = NotifySubscriberRequest, requestId = 11
21:51:26.988 [nacos-grpc-client-executor-localhost-338] INFO  c.a.n.c.r.client - [printIfInfoEnabled,60] - [fb2b5ffa-ee43-412a-bd7e-7f699f424177] Receive server push request, request = NotifySubscriberRequest, requestId = 14
21:51:26.988 [nacos-grpc-client-executor-localhost-338] INFO  c.a.n.client.naming - [isChangedServiceInfo,241] - removed ips(1) service: DEFAULT_GROUP@@mf-oauth -> [{"ip":"169.254.54.134","port":9218,"weight":1.0,"healthy":true,"enabled":true,"ephemeral":true,"clusterName":"DEFAULT","serviceName":"DEFAULT_GROUP@@mf-oauth","metadata":{"preserved.register.source":"SPRING_CLOUD"},"ipDeleteTimeout":30000,"instanceHeartBeatInterval":5000,"instanceHeartBeatTimeOut":15000}]
21:51:26.988 [nacos-grpc-client-executor-localhost-338] INFO  c.a.n.client.naming - [processServiceInfo,169] - current ips:(0) service: DEFAULT_GROUP@@mf-oauth -> []
21:51:27.001 [nacos-grpc-client-executor-localhost-338] INFO  c.a.n.c.r.client - [printIfInfoEnabled,60] - [fb2b5ffa-ee43-412a-bd7e-7f699f424177] Ack server push request, request = NotifySubscriberRequest, requestId = 14
21:51:37.027 [nacos-grpc-client-executor-localhost-340] INFO  c.a.n.c.r.client - [printIfInfoEnabled,60] - [fb2b5ffa-ee43-412a-bd7e-7f699f424177] Receive server push request, request = NotifySubscriberRequest, requestId = 15
21:51:37.027 [nacos-grpc-client-executor-localhost-340] INFO  c.a.n.client.naming - [isChangedServiceInfo,241] - removed ips(1) service: DEFAULT_GROUP@@mf-sys -> [{"ip":"169.254.54.134","port":9221,"weight":1.0,"healthy":true,"enabled":true,"ephemeral":true,"clusterName":"DEFAULT","serviceName":"DEFAULT_GROUP@@mf-sys","metadata":{"preserved.register.source":"SPRING_CLOUD"},"ipDeleteTimeout":30000,"instanceHeartBeatInterval":5000,"instanceHeartBeatTimeOut":15000}]
21:51:37.027 [nacos-grpc-client-executor-localhost-340] INFO  c.a.n.client.naming - [processServiceInfo,169] - current ips:(0) service: DEFAULT_GROUP@@mf-sys -> []
21:51:37.037 [nacos-grpc-client-executor-localhost-340] INFO  c.a.n.c.r.client - [printIfInfoEnabled,60] - [fb2b5ffa-ee43-412a-bd7e-7f699f424177] Ack server push request, request = NotifySubscriberRequest, requestId = 15
21:51:50.068 [main] INFO  c.a.s.g.MfGatewayApplication - [logStartupProfileInfo,637] - The following 1 profile is active: "dev"
21:51:56.924 [main] INFO  c.a.c.s.g.s.SentinelSCGAutoConfiguration - [sentinelGatewayFilter,144] - [Sentinel SpringCloudGateway] register SentinelGatewayFilter with order: -2147483648
21:51:57.303 [main] INFO  c.a.c.s.g.s.SentinelSCGAutoConfiguration - [sentinelGatewayBlockExceptionHandler,134] - [Sentinel SpringCloudGateway] register SentinelGatewayBlockExceptionHandler
21:51:57.597 [boundedElastic-1] INFO  c.a.n.c.e.SearchableProperties - [sortPropertySourceDefaultOrder,197] - properties search order:PROPERTIES->JVM->ENV->DEFAULT_SETTING
21:51:57.599 [boundedElastic-1] INFO  c.a.n.client.naming - [initNamespaceForNaming,61] - initializer namespace from System Property : null
21:51:57.599 [boundedElastic-1] INFO  c.a.n.client.naming - [lambda$initNamespaceForNaming$0,65] - initializer namespace from System Environment :null
21:51:57.599 [boundedElastic-1] INFO  c.a.n.client.naming - [lambda$initNamespaceForNaming$1,72] - initializer namespace from System Property :
21:51:57.607 [boundedElastic-1] INFO  c.a.n.p.a.s.c.ClientAuthPluginManager - [init,56] - [ClientAuthPluginManager] Load ClientAuthService com.alibaba.nacos.client.auth.impl.NacosClientAuthServiceImpl success.
21:51:57.608 [boundedElastic-1] INFO  c.a.n.p.a.s.c.ClientAuthPluginManager - [init,56] - [ClientAuthPluginManager] Load ClientAuthService com.alibaba.nacos.client.auth.ram.RamClientAuthServiceImpl success.
21:51:57.610 [boundedElastic-1] INFO  c.a.n.c.r.client - [lambda$createClient$0,94] - [RpcClientFactory] create a new rpc client of f4755f9c-6748-4554-ac9f-60bb06b0c881
21:51:57.612 [boundedElastic-1] INFO  c.a.n.c.r.client - [printIfInfoEnabled,60] - [f4755f9c-6748-4554-ac9f-60bb06b0c881] RpcClient init, ServerListFactory = com.alibaba.nacos.client.naming.core.ServerListManager
21:51:57.612 [boundedElastic-1] INFO  c.a.n.c.r.client - [printIfInfoEnabled,60] - [f4755f9c-6748-4554-ac9f-60bb06b0c881] Registry connection listener to current client:com.alibaba.nacos.client.naming.remote.gprc.redo.NamingGrpcRedoService
21:51:57.612 [boundedElastic-1] INFO  c.a.n.c.r.client - [printIfInfoEnabled,60] - [f4755f9c-6748-4554-ac9f-60bb06b0c881] Register server push request handler:com.alibaba.nacos.client.naming.remote.gprc.NamingPushRequestHandler
21:51:57.612 [boundedElastic-1] INFO  c.a.n.c.r.client - [printIfInfoEnabled,60] - [f4755f9c-6748-4554-ac9f-60bb06b0c881] Try to connect to server on start up, server: {serverIp = 'localhost', server main port = 8848}
21:51:57.723 [boundedElastic-1] INFO  c.a.n.c.r.client - [printIfInfoEnabled,60] - [f4755f9c-6748-4554-ac9f-60bb06b0c881] Success to connect to server [localhost:8848] on start up, connectionId = 1684590717618_127.0.0.1_63264
21:51:57.723 [boundedElastic-1] INFO  c.a.n.c.r.client - [printIfInfoEnabled,60] - [f4755f9c-6748-4554-ac9f-60bb06b0c881] Register server push request handler:com.alibaba.nacos.common.remote.client.RpcClient$ConnectResetRequestHandler
21:51:57.723 [com.alibaba.nacos.client.remote.worker] INFO  c.a.n.c.r.client - [printIfInfoEnabled,60] - [f4755f9c-6748-4554-ac9f-60bb06b0c881] Notify connected event to listeners.
21:51:57.723 [com.alibaba.nacos.client.remote.worker] INFO  c.a.n.client.naming - [onConnected,78] - Grpc connection connect
21:51:57.723 [boundedElastic-1] INFO  c.a.n.c.r.client - [printIfInfoEnabled,60] - [f4755f9c-6748-4554-ac9f-60bb06b0c881] Register server push request handler:com.alibaba.nacos.common.remote.client.RpcClient$$Lambda$357/1274225913
21:51:57.739 [boundedElastic-4] INFO  c.a.n.client.naming - [subscribe,167] - [SUBSCRIBE-SERVICE] service:mf-sys, group:DEFAULT_GROUP, clusters: 
21:51:57.739 [boundedElastic-9] INFO  c.a.n.client.naming - [subscribe,167] - [SUBSCRIBE-SERVICE] service:mf-web, group:DEFAULT_GROUP, clusters: 
21:51:57.739 [boundedElastic-5] INFO  c.a.n.client.naming - [subscribe,167] - [SUBSCRIBE-SERVICE] service:mf-gateway, group:DEFAULT_GROUP, clusters: 
21:51:57.739 [boundedElastic-6] INFO  c.a.n.client.naming - [subscribe,167] - [SUBSCRIBE-SERVICE] service:mf-gateway, group:DEFAULT_GROUP, clusters: 
21:51:57.739 [boundedElastic-10] INFO  c.a.n.client.naming - [subscribe,167] - [SUBSCRIBE-SERVICE] service:mf-web, group:DEFAULT_GROUP, clusters: 
21:51:57.739 [boundedElastic-3] INFO  c.a.n.client.naming - [subscribe,167] - [SUBSCRIBE-SERVICE] service:mf-sys, group:DEFAULT_GROUP, clusters: 
21:51:57.739 [boundedElastic-8] INFO  c.a.n.client.naming - [subscribe,167] - [SUBSCRIBE-SERVICE] service:mf-oauth, group:DEFAULT_GROUP, clusters: 
21:51:57.739 [boundedElastic-7] INFO  c.a.n.client.naming - [subscribe,167] - [SUBSCRIBE-SERVICE] service:mf-oauth, group:DEFAULT_GROUP, clusters: 
21:51:57.763 [boundedElastic-8] INFO  c.a.n.client.naming - [isChangedServiceInfo,184] - init new ips(0) service: DEFAULT_GROUP@@mf-oauth -> []
21:51:57.763 [boundedElastic-7] INFO  c.a.n.client.naming - [isChangedServiceInfo,184] - init new ips(0) service: DEFAULT_GROUP@@mf-oauth -> []
21:51:57.763 [boundedElastic-6] INFO  c.a.n.client.naming - [isChangedServiceInfo,184] - init new ips(0) service: DEFAULT_GROUP@@mf-gateway -> []
21:51:57.764 [boundedElastic-3] INFO  c.a.n.client.naming - [isChangedServiceInfo,184] - init new ips(0) service: DEFAULT_GROUP@@mf-sys -> []
21:51:57.763 [boundedElastic-5] INFO  c.a.n.client.naming - [isChangedServiceInfo,184] - init new ips(0) service: DEFAULT_GROUP@@mf-gateway -> []
21:51:57.766 [boundedElastic-9] INFO  c.a.n.client.naming - [isChangedServiceInfo,184] - init new ips(1) service: DEFAULT_GROUP@@mf-web -> [{"ip":"169.254.54.134","port":9225,"weight":1.0,"healthy":true,"enabled":true,"ephemeral":true,"clusterName":"DEFAULT","serviceName":"DEFAULT_GROUP@@mf-web","metadata":{"preserved.register.source":"SPRING_CLOUD"},"ipDeleteTimeout":30000,"instanceHeartBeatTimeOut":15000,"instanceHeartBeatInterval":5000}]
21:51:57.772 [boundedElastic-6] INFO  c.a.n.client.naming - [processServiceInfo,169] - current ips:(0) service: DEFAULT_GROUP@@mf-gateway -> []
21:51:57.772 [boundedElastic-7] INFO  c.a.n.client.naming - [processServiceInfo,169] - current ips:(0) service: DEFAULT_GROUP@@mf-oauth -> []
21:51:57.772 [boundedElastic-3] INFO  c.a.n.client.naming - [processServiceInfo,169] - current ips:(0) service: DEFAULT_GROUP@@mf-sys -> []
21:51:57.772 [boundedElastic-9] INFO  c.a.n.client.naming - [processServiceInfo,169] - current ips:(1) service: DEFAULT_GROUP@@mf-web -> [{"ip":"169.254.54.134","port":9225,"weight":1.0,"healthy":true,"enabled":true,"ephemeral":true,"clusterName":"DEFAULT","serviceName":"DEFAULT_GROUP@@mf-web","metadata":{"preserved.register.source":"SPRING_CLOUD"},"ipDeleteTimeout":30000,"instanceHeartBeatTimeOut":15000,"instanceHeartBeatInterval":5000}]
21:51:57.772 [boundedElastic-5] INFO  c.a.n.client.naming - [processServiceInfo,169] - current ips:(0) service: DEFAULT_GROUP@@mf-gateway -> []
21:51:57.775 [boundedElastic-8] INFO  c.a.n.client.naming - [processServiceInfo,169] - current ips:(0) service: DEFAULT_GROUP@@mf-oauth -> []
21:51:58.099 [main] INFO  c.a.n.c.e.SearchableProperties - [sortPropertySourceDefaultOrder,197] - properties search order:PROPERTIES->JVM->ENV->DEFAULT_SETTING
21:51:58.100 [main] INFO  c.a.n.p.a.s.c.ClientAuthPluginManager - [init,56] - [ClientAuthPluginManager] Load ClientAuthService com.alibaba.nacos.client.auth.impl.NacosClientAuthServiceImpl success.
21:51:58.100 [main] INFO  c.a.n.p.a.s.c.ClientAuthPluginManager - [init,56] - [ClientAuthPluginManager] Load ClientAuthService com.alibaba.nacos.client.auth.ram.RamClientAuthServiceImpl success.
21:51:58.101 [main] INFO  c.a.n.c.c.i.CacheData - [<clinit>,67] - nacos.cache.data.init.snapshot = true 
21:51:58.106 [main] INFO  c.a.n.c.c.i.ClientWorker - [addCacheDataIfAbsent,381] - [fixed-localhost_8848] [subscribe] sentinel-mf-gateway+DEFAULT_GROUP
21:51:58.107 [main] INFO  c.a.n.c.c.i.CacheData - [addListener,197] - [fixed-localhost_8848] [add-listener] ok, tenant=, dataId=sentinel-mf-gateway, group=DEFAULT_GROUP, cnt=1
21:51:58.108 [main] INFO  c.a.n.c.r.client - [lambda$createClient$0,94] - [RpcClientFactory] create a new rpc client of a7301b80-052d-401a-9a5f-7394f3570ca5_config-0
21:51:58.108 [main] INFO  c.a.n.c.r.client - [printIfInfoEnabled,60] - [a7301b80-052d-401a-9a5f-7394f3570ca5_config-0] Register server push request handler:com.alibaba.nacos.client.config.impl.ClientWorker$ConfigRpcTransportClient$$Lambda$348/276748028
21:51:58.108 [main] INFO  c.a.n.c.r.client - [printIfInfoEnabled,60] - [a7301b80-052d-401a-9a5f-7394f3570ca5_config-0] Register server push request handler:com.alibaba.nacos.client.config.impl.ClientWorker$ConfigRpcTransportClient$$Lambda$349/771923297
21:51:58.108 [main] INFO  c.a.n.c.r.client - [printIfInfoEnabled,60] - [a7301b80-052d-401a-9a5f-7394f3570ca5_config-0] Registry connection listener to current client:com.alibaba.nacos.client.config.impl.ClientWorker$ConfigRpcTransportClient$1
21:51:58.108 [main] INFO  c.a.n.c.r.client - [printIfInfoEnabled,60] - [a7301b80-052d-401a-9a5f-7394f3570ca5_config-0] RpcClient init, ServerListFactory = com.alibaba.nacos.client.config.impl.ClientWorker$ConfigRpcTransportClient$2
21:51:58.108 [main] INFO  c.a.n.c.r.client - [printIfInfoEnabled,60] - [a7301b80-052d-401a-9a5f-7394f3570ca5_config-0] Try to connect to server on start up, server: {serverIp = 'localhost', server main port = 8848}
21:51:58.225 [main] INFO  c.a.n.c.r.client - [printIfInfoEnabled,60] - [a7301b80-052d-401a-9a5f-7394f3570ca5_config-0] Success to connect to server [localhost:8848] on start up, connectionId = 1684590718113_127.0.0.1_63265
21:51:58.225 [main] INFO  c.a.n.c.r.client - [printIfInfoEnabled,60] - [a7301b80-052d-401a-9a5f-7394f3570ca5_config-0] Register server push request handler:com.alibaba.nacos.common.remote.client.RpcClient$ConnectResetRequestHandler
21:51:58.225 [com.alibaba.nacos.client.remote.worker] INFO  c.a.n.c.r.client - [printIfInfoEnabled,60] - [a7301b80-052d-401a-9a5f-7394f3570ca5_config-0] Notify connected event to listeners.
21:51:58.225 [main] INFO  c.a.n.c.r.client - [printIfInfoEnabled,60] - [a7301b80-052d-401a-9a5f-7394f3570ca5_config-0] Register server push request handler:com.alibaba.nacos.common.remote.client.RpcClient$$Lambda$357/1274225913
21:51:58.225 [com.alibaba.nacos.client.remote.worker] INFO  c.a.n.c.c.i.ClientWorker - [onConnected,639] - [a7301b80-052d-401a-9a5f-7394f3570ca5_config-0] Connected,notify listen context...
21:51:58.266 [nacos-grpc-client-executor-localhost-24] INFO  c.a.n.c.r.client - [printIfInfoEnabled,60] - [f4755f9c-6748-4554-ac9f-60bb06b0c881] Receive server push request, request = NotifySubscriberRequest, requestId = 17
21:51:58.266 [nacos-grpc-client-executor-localhost-24] INFO  c.a.n.c.r.client - [printIfInfoEnabled,60] - [f4755f9c-6748-4554-ac9f-60bb06b0c881] Ack server push request, request = NotifySubscriberRequest, requestId = 17
21:51:58.268 [nacos-grpc-client-executor-localhost-25] INFO  c.a.n.c.r.client - [printIfInfoEnabled,60] - [f4755f9c-6748-4554-ac9f-60bb06b0c881] Receive server push request, request = NotifySubscriberRequest, requestId = 18
21:51:58.268 [nacos-grpc-client-executor-localhost-25] INFO  c.a.n.c.r.client - [printIfInfoEnabled,60] - [f4755f9c-6748-4554-ac9f-60bb06b0c881] Ack server push request, request = NotifySubscriberRequest, requestId = 18
21:51:58.270 [nacos-grpc-client-executor-localhost-26] INFO  c.a.n.c.r.client - [printIfInfoEnabled,60] - [f4755f9c-6748-4554-ac9f-60bb06b0c881] Receive server push request, request = NotifySubscriberRequest, requestId = 16
21:51:58.271 [nacos-grpc-client-executor-localhost-26] INFO  c.a.n.c.r.client - [printIfInfoEnabled,60] - [f4755f9c-6748-4554-ac9f-60bb06b0c881] Ack server push request, request = NotifySubscriberRequest, requestId = 16
21:51:58.273 [nacos-grpc-client-executor-localhost-27] INFO  c.a.n.c.r.client - [printIfInfoEnabled,60] - [f4755f9c-6748-4554-ac9f-60bb06b0c881] Receive server push request, request = NotifySubscriberRequest, requestId = 19
21:51:58.273 [nacos-grpc-client-executor-localhost-27] INFO  c.a.n.c.r.client - [printIfInfoEnabled,60] - [f4755f9c-6748-4554-ac9f-60bb06b0c881] Ack server push request, request = NotifySubscriberRequest, requestId = 19
21:51:58.294 [main] INFO  c.a.n.client.naming - [subscribe,167] - [SUBSCRIBE-SERVICE] service:mf-gateway, group:DEFAULT_GROUP, clusters:DEFAULT 
21:51:58.297 [main] INFO  c.a.n.client.naming - [isChangedServiceInfo,184] - init new ips(0) service: DEFAULT_GROUP@@mf-gateway@@DEFAULT -> []
21:51:58.297 [main] INFO  c.a.n.client.naming - [processServiceInfo,169] - current ips:(0) service: DEFAULT_GROUP@@mf-gateway@@DEFAULT -> []
21:51:59.583 [nacos-grpc-client-executor-localhost-31] INFO  c.a.n.c.r.client - [printIfInfoEnabled,60] - [f4755f9c-6748-4554-ac9f-60bb06b0c881] Receive server push request, request = NotifySubscriberRequest, requestId = 20
21:51:59.584 [nacos-grpc-client-executor-localhost-31] INFO  c.a.n.client.naming - [isChangedServiceInfo,235] - new ips(1) service: DEFAULT_GROUP@@mf-sys -> [{"ip":"169.254.54.134","port":9221,"weight":1.0,"healthy":true,"enabled":true,"ephemeral":true,"clusterName":"DEFAULT","serviceName":"DEFAULT_GROUP@@mf-sys","metadata":{"preserved.register.source":"SPRING_CLOUD"},"ipDeleteTimeout":30000,"instanceHeartBeatTimeOut":15000,"instanceHeartBeatInterval":5000}]
21:51:59.585 [nacos-grpc-client-executor-localhost-31] INFO  c.a.n.client.naming - [processServiceInfo,169] - current ips:(1) service: DEFAULT_GROUP@@mf-sys -> [{"ip":"169.254.54.134","port":9221,"weight":1.0,"healthy":true,"enabled":true,"ephemeral":true,"clusterName":"DEFAULT","serviceName":"DEFAULT_GROUP@@mf-sys","metadata":{"preserved.register.source":"SPRING_CLOUD"},"ipDeleteTimeout":30000,"instanceHeartBeatTimeOut":15000,"instanceHeartBeatInterval":5000}]
21:51:59.589 [nacos-grpc-client-executor-localhost-31] INFO  c.a.n.c.r.client - [printIfInfoEnabled,60] - [f4755f9c-6748-4554-ac9f-60bb06b0c881] Ack server push request, request = NotifySubscriberRequest, requestId = 20
21:52:00.244 [nacos-grpc-client-executor-localhost-0] INFO  c.a.n.c.r.client - [printIfInfoEnabled,60] - [f4755f9c-6748-4554-ac9f-60bb06b0c881] Receive server push request, request = NotifySubscriberRequest, requestId = 22
21:52:00.245 [nacos-grpc-client-executor-localhost-0] INFO  c.a.n.client.naming - [isChangedServiceInfo,235] - new ips(1) service: DEFAULT_GROUP@@mf-oauth -> [{"ip":"169.254.54.134","port":9218,"weight":1.0,"healthy":true,"enabled":true,"ephemeral":true,"clusterName":"DEFAULT","serviceName":"DEFAULT_GROUP@@mf-oauth","metadata":{"preserved.register.source":"SPRING_CLOUD"},"ipDeleteTimeout":30000,"instanceHeartBeatTimeOut":15000,"instanceHeartBeatInterval":5000}]
21:52:00.245 [nacos-grpc-client-executor-localhost-0] INFO  c.a.n.client.naming - [processServiceInfo,169] - current ips:(1) service: DEFAULT_GROUP@@mf-oauth -> [{"ip":"169.254.54.134","port":9218,"weight":1.0,"healthy":true,"enabled":true,"ephemeral":true,"clusterName":"DEFAULT","serviceName":"DEFAULT_GROUP@@mf-oauth","metadata":{"preserved.register.source":"SPRING_CLOUD"},"ipDeleteTimeout":30000,"instanceHeartBeatTimeOut":15000,"instanceHeartBeatInterval":5000}]
21:52:00.249 [nacos-grpc-client-executor-localhost-0] INFO  c.a.n.c.r.client - [printIfInfoEnabled,60] - [f4755f9c-6748-4554-ac9f-60bb06b0c881] Ack server push request, request = NotifySubscriberRequest, requestId = 22
21:52:01.489 [main] INFO  c.a.n.client.naming - [registerService,120] - [REGISTER-SERVICE] public registering service mf-gateway with instance Instance{instanceId='null', ip='169.254.54.134', port=8888, weight=1.0, healthy=true, enabled=true, ephemeral=true, clusterName='DEFAULT', serviceName='null', metadata={preserved.register.source=SPRING_CLOUD}}
21:52:01.494 [main] INFO  c.a.c.n.r.NacosServiceRegistry - [register,75] - nacos registry, DEFAULT_GROUP mf-gateway 169.254.54.134:8888 register finished
21:52:01.519 [main] INFO  c.a.s.g.MfGatewayApplication - [logStarted,61] - Started MfGatewayApplication in 16.962 seconds (JVM running for 18.252)
21:52:01.526 [main] INFO  c.a.n.c.c.i.ClientWorker - [addCacheDataIfAbsent,381] - [fixed-localhost_8848] [subscribe] mf-gateway+DEFAULT_GROUP
21:52:01.526 [main] INFO  c.a.n.c.c.i.CacheData - [addListener,197] - [fixed-localhost_8848] [add-listener] ok, tenant=, dataId=mf-gateway, group=DEFAULT_GROUP, cnt=1
21:52:01.526 [main] INFO  c.a.c.n.r.NacosContextRefresher - [registerNacosListener,129] - [Nacos Config] Listening config: dataId=mf-gateway, group=DEFAULT_GROUP
21:52:01.527 [main] INFO  c.a.n.c.c.i.ClientWorker - [addCacheDataIfAbsent,381] - [fixed-localhost_8848] [subscribe] mf-gateway.yml+DEFAULT_GROUP
21:52:01.527 [main] INFO  c.a.n.c.c.i.CacheData - [addListener,197] - [fixed-localhost_8848] [add-listener] ok, tenant=, dataId=mf-gateway.yml, group=DEFAULT_GROUP, cnt=1
21:52:01.527 [main] INFO  c.a.c.n.r.NacosContextRefresher - [registerNacosListener,129] - [Nacos Config] Listening config: dataId=mf-gateway.yml, group=DEFAULT_GROUP
21:52:01.528 [main] INFO  c.a.n.c.c.i.ClientWorker - [addCacheDataIfAbsent,381] - [fixed-localhost_8848] [subscribe] mf-gateway-dev.yml+DEFAULT_GROUP
21:52:01.529 [main] INFO  c.a.n.c.c.i.CacheData - [addListener,197] - [fixed-localhost_8848] [add-listener] ok, tenant=, dataId=mf-gateway-dev.yml, group=DEFAULT_GROUP, cnt=1
21:52:01.529 [main] INFO  c.a.c.n.r.NacosContextRefresher - [registerNacosListener,129] - [Nacos Config] Listening config: dataId=mf-gateway-dev.yml, group=DEFAULT_GROUP
21:52:01.530 [main] INFO  c.a.n.c.c.i.ClientWorker - [addCacheDataIfAbsent,381] - [fixed-localhost_8848] [subscribe] application-dev.yml+DEFAULT_GROUP
21:52:01.530 [main] INFO  c.a.n.c.c.i.CacheData - [addListener,197] - [fixed-localhost_8848] [add-listener] ok, tenant=, dataId=application-dev.yml, group=DEFAULT_GROUP, cnt=1
21:52:01.530 [main] INFO  c.a.c.n.r.NacosContextRefresher - [registerNacosListener,129] - [Nacos Config] Listening config: dataId=application-dev.yml, group=DEFAULT_GROUP
21:52:01.531 [main] INFO  c.a.s.g.MfGatewayApplication - [main,19] - 
	----------------------------------------------------------
	
	--------------------网关服务启动成功-----------------------
	
21:52:02.008 [nacos-grpc-client-executor-localhost-13] INFO  c.a.n.c.r.client - [printIfInfoEnabled,60] - [f4755f9c-6748-4554-ac9f-60bb06b0c881] Receive server push request, request = NotifySubscriberRequest, requestId = 24
21:52:02.009 [nacos-grpc-client-executor-localhost-13] INFO  c.a.n.client.naming - [isChangedServiceInfo,235] - new ips(1) service: DEFAULT_GROUP@@mf-gateway@@DEFAULT -> [{"ip":"169.254.54.134","port":8888,"weight":1.0,"healthy":true,"enabled":true,"ephemeral":true,"clusterName":"DEFAULT","serviceName":"DEFAULT_GROUP@@mf-gateway","metadata":{"preserved.register.source":"SPRING_CLOUD"},"ipDeleteTimeout":30000,"instanceHeartBeatTimeOut":15000,"instanceHeartBeatInterval":5000}]
21:52:02.009 [nacos-grpc-client-executor-localhost-13] INFO  c.a.n.client.naming - [processServiceInfo,169] - current ips:(1) service: DEFAULT_GROUP@@mf-gateway@@DEFAULT -> [{"ip":"169.254.54.134","port":8888,"weight":1.0,"healthy":true,"enabled":true,"ephemeral":true,"clusterName":"DEFAULT","serviceName":"DEFAULT_GROUP@@mf-gateway","metadata":{"preserved.register.source":"SPRING_CLOUD"},"ipDeleteTimeout":30000,"instanceHeartBeatTimeOut":15000,"instanceHeartBeatInterval":5000}]
21:52:02.016 [nacos-grpc-client-executor-localhost-13] INFO  c.a.n.c.r.client - [printIfInfoEnabled,60] - [f4755f9c-6748-4554-ac9f-60bb06b0c881] Ack server push request, request = NotifySubscriberRequest, requestId = 24
21:52:04.317 [nacos-grpc-client-executor-localhost-14] INFO  c.a.n.c.r.client - [printIfInfoEnabled,60] - [f4755f9c-6748-4554-ac9f-60bb06b0c881] Receive server push request, request = NotifySubscriberRequest, requestId = 25
21:52:04.319 [nacos-grpc-client-executor-localhost-14] INFO  c.a.n.c.r.client - [printIfInfoEnabled,60] - [f4755f9c-6748-4554-ac9f-60bb06b0c881] Ack server push request, request = NotifySubscriberRequest, requestId = 25
21:52:27.812 [boundedElastic-7] INFO  c.a.n.client.naming - [subscribe,167] - [SUBSCRIBE-SERVICE] service:mf-storage, group:DEFAULT_GROUP, clusters: 
21:52:27.812 [boundedElastic-7] INFO  c.a.n.client.naming - [isChangedServiceInfo,184] - init new ips(0) service: DEFAULT_GROUP@@mf-storage -> []
21:52:27.812 [boundedElastic-7] INFO  c.a.n.client.naming - [processServiceInfo,169] - current ips:(0) service: DEFAULT_GROUP@@mf-storage -> []
21:52:28.403 [nacos-grpc-client-executor-localhost-53] INFO  c.a.n.c.r.client - [printIfInfoEnabled,60] - [f4755f9c-6748-4554-ac9f-60bb06b0c881] Receive server push request, request = NotifySubscriberRequest, requestId = 27
21:52:28.403 [nacos-grpc-client-executor-localhost-53] INFO  c.a.n.c.r.client - [printIfInfoEnabled,60] - [f4755f9c-6748-4554-ac9f-60bb06b0c881] Ack server push request, request = NotifySubscriberRequest, requestId = 27
