14:49:15.702 [main] INFO  c.a.s.g.MfGatewayApplication - [logStartupProfileInfo,637] - The following 1 profile is active: "dev"
14:49:25.394 [main] INFO  c.a.c.s.g.s.SentinelSCGAutoConfiguration - [sentinelGatewayFilter,144] - [Sentinel SpringCloudGateway] register SentinelGatewayFilter with order: -2147483648
14:49:25.880 [main] INFO  c.a.c.s.g.s.SentinelSCGAutoConfiguration - [sentinelGatewayBlockExceptionHandler,134] - [Sentinel SpringCloudGateway] register SentinelGatewayBlockExceptionHandler
14:49:26.231 [boundedElastic-1] INFO  c.a.n.c.e.SearchableProperties - [sortPropertySourceDefaultOrder,197] - properties search order:PROPERTIES->JVM->ENV->DEFAULT_SETTING
14:49:26.233 [boundedElastic-1] INFO  c.a.n.client.naming - [initNamespaceForNaming,61] - initializer namespace from System Property : null
14:49:26.234 [boundedElastic-1] INFO  c.a.n.client.naming - [lambda$initNamespaceForNaming$0,65] - initializer namespace from System Environment :null
14:49:26.234 [boundedElastic-1] INFO  c.a.n.client.naming - [lambda$initNamespaceForNaming$1,72] - initializer namespace from System Property :
14:49:26.241 [boundedElastic-1] INFO  c.a.n.p.a.s.c.ClientAuthPluginManager - [init,56] - [ClientAuthPluginManager] Load ClientAuthService com.alibaba.nacos.client.auth.impl.NacosClientAuthServiceImpl success.
14:49:26.241 [boundedElastic-1] INFO  c.a.n.p.a.s.c.ClientAuthPluginManager - [init,56] - [ClientAuthPluginManager] Load ClientAuthService com.alibaba.nacos.client.auth.ram.RamClientAuthServiceImpl success.
14:49:26.244 [boundedElastic-1] INFO  c.a.n.c.r.client - [lambda$createClient$0,94] - [RpcClientFactory] create a new rpc client of 3f167734-5fdf-4e2c-9383-09992b4445bb
14:49:26.246 [boundedElastic-1] INFO  c.a.n.c.r.client - [printIfInfoEnabled,60] - [3f167734-5fdf-4e2c-9383-09992b4445bb] RpcClient init, ServerListFactory = com.alibaba.nacos.client.naming.core.ServerListManager
14:49:26.246 [boundedElastic-1] INFO  c.a.n.c.r.client - [printIfInfoEnabled,60] - [3f167734-5fdf-4e2c-9383-09992b4445bb] Registry connection listener to current client:com.alibaba.nacos.client.naming.remote.gprc.redo.NamingGrpcRedoService
14:49:26.246 [boundedElastic-1] INFO  c.a.n.c.r.client - [printIfInfoEnabled,60] - [3f167734-5fdf-4e2c-9383-09992b4445bb] Register server push request handler:com.alibaba.nacos.client.naming.remote.gprc.NamingPushRequestHandler
14:49:26.246 [boundedElastic-1] INFO  c.a.n.c.r.client - [printIfInfoEnabled,60] - [3f167734-5fdf-4e2c-9383-09992b4445bb] Try to connect to server on start up, server: {serverIp = 'localhost', server main port = 8848}
14:49:26.363 [boundedElastic-1] INFO  c.a.n.c.r.client - [printIfInfoEnabled,60] - [3f167734-5fdf-4e2c-9383-09992b4445bb] Success to connect to server [localhost:8848] on start up, connectionId = 1684133366252_127.0.0.1_59227
14:49:26.363 [boundedElastic-1] INFO  c.a.n.c.r.client - [printIfInfoEnabled,60] - [3f167734-5fdf-4e2c-9383-09992b4445bb] Register server push request handler:com.alibaba.nacos.common.remote.client.RpcClient$ConnectResetRequestHandler
14:49:26.363 [com.alibaba.nacos.client.remote.worker] INFO  c.a.n.c.r.client - [printIfInfoEnabled,60] - [3f167734-5fdf-4e2c-9383-09992b4445bb] Notify connected event to listeners.
14:49:26.363 [boundedElastic-1] INFO  c.a.n.c.r.client - [printIfInfoEnabled,60] - [3f167734-5fdf-4e2c-9383-09992b4445bb] Register server push request handler:com.alibaba.nacos.common.remote.client.RpcClient$$Lambda$357/1274225913
14:49:26.364 [com.alibaba.nacos.client.remote.worker] INFO  c.a.n.client.naming - [onConnected,78] - Grpc connection connect
14:49:26.382 [boundedElastic-3] INFO  c.a.n.client.naming - [subscribe,167] - [SUBSCRIBE-SERVICE] service:mf-code, group:DEFAULT_GROUP, clusters: 
14:49:26.382 [boundedElastic-4] INFO  c.a.n.client.naming - [subscribe,167] - [SUBSCRIBE-SERVICE] service:mf-code, group:DEFAULT_GROUP, clusters: 
14:49:26.406 [boundedElastic-4] INFO  c.a.n.client.naming - [isChangedServiceInfo,184] - init new ips(1) service: DEFAULT_GROUP@@mf-code -> [{"ip":"169.254.54.134","port":9220,"weight":1.0,"healthy":true,"enabled":true,"ephemeral":true,"clusterName":"DEFAULT","serviceName":"DEFAULT_GROUP@@mf-code","metadata":{"preserved.register.source":"SPRING_CLOUD"},"ipDeleteTimeout":30000,"instanceHeartBeatTimeOut":15000,"instanceHeartBeatInterval":5000}]
14:49:26.406 [boundedElastic-3] INFO  c.a.n.client.naming - [isChangedServiceInfo,184] - init new ips(1) service: DEFAULT_GROUP@@mf-code -> [{"ip":"169.254.54.134","port":9220,"weight":1.0,"healthy":true,"enabled":true,"ephemeral":true,"clusterName":"DEFAULT","serviceName":"DEFAULT_GROUP@@mf-code","metadata":{"preserved.register.source":"SPRING_CLOUD"},"ipDeleteTimeout":30000,"instanceHeartBeatTimeOut":15000,"instanceHeartBeatInterval":5000}]
14:49:26.416 [boundedElastic-4] INFO  c.a.n.client.naming - [processServiceInfo,169] - current ips:(1) service: DEFAULT_GROUP@@mf-code -> [{"ip":"169.254.54.134","port":9220,"weight":1.0,"healthy":true,"enabled":true,"ephemeral":true,"clusterName":"DEFAULT","serviceName":"DEFAULT_GROUP@@mf-code","metadata":{"preserved.register.source":"SPRING_CLOUD"},"ipDeleteTimeout":30000,"instanceHeartBeatTimeOut":15000,"instanceHeartBeatInterval":5000}]
14:49:26.416 [boundedElastic-3] INFO  c.a.n.client.naming - [processServiceInfo,169] - current ips:(1) service: DEFAULT_GROUP@@mf-code -> [{"ip":"169.254.54.134","port":9220,"weight":1.0,"healthy":true,"enabled":true,"ephemeral":true,"clusterName":"DEFAULT","serviceName":"DEFAULT_GROUP@@mf-code","metadata":{"preserved.register.source":"SPRING_CLOUD"},"ipDeleteTimeout":30000,"instanceHeartBeatTimeOut":15000,"instanceHeartBeatInterval":5000}]
14:49:26.817 [main] INFO  c.a.n.c.e.SearchableProperties - [sortPropertySourceDefaultOrder,197] - properties search order:PROPERTIES->JVM->ENV->DEFAULT_SETTING
14:49:26.819 [main] INFO  c.a.n.p.a.s.c.ClientAuthPluginManager - [init,56] - [ClientAuthPluginManager] Load ClientAuthService com.alibaba.nacos.client.auth.impl.NacosClientAuthServiceImpl success.
14:49:26.820 [main] INFO  c.a.n.p.a.s.c.ClientAuthPluginManager - [init,56] - [ClientAuthPluginManager] Load ClientAuthService com.alibaba.nacos.client.auth.ram.RamClientAuthServiceImpl success.
14:49:26.822 [main] INFO  c.a.n.c.c.i.CacheData - [<clinit>,67] - nacos.cache.data.init.snapshot = true 
14:49:26.828 [main] INFO  c.a.n.c.c.i.ClientWorker - [addCacheDataIfAbsent,381] - [fixed-localhost_8848] [subscribe] sentinel-mf-gateway+DEFAULT_GROUP
14:49:26.829 [main] INFO  c.a.n.c.c.i.CacheData - [addListener,197] - [fixed-localhost_8848] [add-listener] ok, tenant=, dataId=sentinel-mf-gateway, group=DEFAULT_GROUP, cnt=1
14:49:26.830 [main] INFO  c.a.n.c.r.client - [lambda$createClient$0,94] - [RpcClientFactory] create a new rpc client of d04ba7a8-7312-42fc-9f63-ce0e29f0f946_config-0
14:49:26.830 [main] INFO  c.a.n.c.r.client - [printIfInfoEnabled,60] - [d04ba7a8-7312-42fc-9f63-ce0e29f0f946_config-0] Register server push request handler:com.alibaba.nacos.client.config.impl.ClientWorker$ConfigRpcTransportClient$$Lambda$348/276748028
14:49:26.830 [main] INFO  c.a.n.c.r.client - [printIfInfoEnabled,60] - [d04ba7a8-7312-42fc-9f63-ce0e29f0f946_config-0] Register server push request handler:com.alibaba.nacos.client.config.impl.ClientWorker$ConfigRpcTransportClient$$Lambda$349/771923297
14:49:26.830 [main] INFO  c.a.n.c.r.client - [printIfInfoEnabled,60] - [d04ba7a8-7312-42fc-9f63-ce0e29f0f946_config-0] Registry connection listener to current client:com.alibaba.nacos.client.config.impl.ClientWorker$ConfigRpcTransportClient$1
14:49:26.830 [main] INFO  c.a.n.c.r.client - [printIfInfoEnabled,60] - [d04ba7a8-7312-42fc-9f63-ce0e29f0f946_config-0] RpcClient init, ServerListFactory = com.alibaba.nacos.client.config.impl.ClientWorker$ConfigRpcTransportClient$2
14:49:26.831 [main] INFO  c.a.n.c.r.client - [printIfInfoEnabled,60] - [d04ba7a8-7312-42fc-9f63-ce0e29f0f946_config-0] Try to connect to server on start up, server: {serverIp = 'localhost', server main port = 8848}
14:49:26.949 [main] INFO  c.a.n.c.r.client - [printIfInfoEnabled,60] - [d04ba7a8-7312-42fc-9f63-ce0e29f0f946_config-0] Success to connect to server [localhost:8848] on start up, connectionId = 1684133366838_127.0.0.1_59228
14:49:26.949 [main] INFO  c.a.n.c.r.client - [printIfInfoEnabled,60] - [d04ba7a8-7312-42fc-9f63-ce0e29f0f946_config-0] Register server push request handler:com.alibaba.nacos.common.remote.client.RpcClient$ConnectResetRequestHandler
14:49:26.949 [main] INFO  c.a.n.c.r.client - [printIfInfoEnabled,60] - [d04ba7a8-7312-42fc-9f63-ce0e29f0f946_config-0] Register server push request handler:com.alibaba.nacos.common.remote.client.RpcClient$$Lambda$357/1274225913
14:49:26.953 [com.alibaba.nacos.client.remote.worker] INFO  c.a.n.c.r.client - [printIfInfoEnabled,60] - [d04ba7a8-7312-42fc-9f63-ce0e29f0f946_config-0] Notify connected event to listeners.
14:49:26.953 [com.alibaba.nacos.client.remote.worker] INFO  c.a.n.c.c.i.ClientWorker - [onConnected,639] - [d04ba7a8-7312-42fc-9f63-ce0e29f0f946_config-0] Connected,notify listen context...
14:49:26.978 [nacos-grpc-client-executor-localhost-15] INFO  c.a.n.c.r.client - [printIfInfoEnabled,60] - [3f167734-5fdf-4e2c-9383-09992b4445bb] Receive server push request, request = NotifySubscriberRequest, requestId = 3
14:49:26.978 [nacos-grpc-client-executor-localhost-15] INFO  c.a.n.c.r.client - [printIfInfoEnabled,60] - [3f167734-5fdf-4e2c-9383-09992b4445bb] Ack server push request, request = NotifySubscriberRequest, requestId = 3
14:49:27.043 [main] INFO  c.a.n.client.naming - [subscribe,167] - [SUBSCRIBE-SERVICE] service:mf-gateway, group:DEFAULT_GROUP, clusters:DEFAULT 
14:49:27.049 [main] INFO  c.a.n.client.naming - [isChangedServiceInfo,184] - init new ips(0) service: DEFAULT_GROUP@@mf-gateway@@DEFAULT -> []
14:49:27.049 [main] INFO  c.a.n.client.naming - [processServiceInfo,169] - current ips:(0) service: DEFAULT_GROUP@@mf-gateway@@DEFAULT -> []
14:49:27.633 [nacos-grpc-client-executor-localhost-22] INFO  c.a.n.c.r.client - [printIfInfoEnabled,60] - [3f167734-5fdf-4e2c-9383-09992b4445bb] Receive server push request, request = NotifySubscriberRequest, requestId = 4
14:49:27.634 [nacos-grpc-client-executor-localhost-22] INFO  c.a.n.c.r.client - [printIfInfoEnabled,60] - [3f167734-5fdf-4e2c-9383-09992b4445bb] Ack server push request, request = NotifySubscriberRequest, requestId = 4
14:49:30.904 [main] INFO  c.a.n.client.naming - [registerService,120] - [REGISTER-SERVICE] public registering service mf-gateway with instance Instance{instanceId='null', ip='169.254.54.134', port=8888, weight=1.0, healthy=true, enabled=true, ephemeral=true, clusterName='DEFAULT', serviceName='null', metadata={preserved.register.source=SPRING_CLOUD}}
14:49:30.910 [main] INFO  c.a.c.n.r.NacosServiceRegistry - [register,75] - nacos registry, DEFAULT_GROUP mf-gateway 169.254.54.134:8888 register finished
14:49:30.917 [boundedElastic-3] INFO  c.a.n.client.naming - [subscribe,167] - [SUBSCRIBE-SERVICE] service:mf-gateway, group:DEFAULT_GROUP, clusters: 
14:49:30.918 [boundedElastic-1] INFO  c.a.n.client.naming - [subscribe,167] - [SUBSCRIBE-SERVICE] service:mf-gateway, group:DEFAULT_GROUP, clusters: 
14:49:30.925 [boundedElastic-1] INFO  c.a.n.client.naming - [isChangedServiceInfo,184] - init new ips(1) service: DEFAULT_GROUP@@mf-gateway -> [{"ip":"169.254.54.134","port":8888,"weight":1.0,"healthy":true,"enabled":true,"ephemeral":true,"clusterName":"DEFAULT","serviceName":"DEFAULT_GROUP@@mf-gateway","metadata":{"preserved.register.source":"SPRING_CLOUD"},"ipDeleteTimeout":30000,"instanceHeartBeatTimeOut":15000,"instanceHeartBeatInterval":5000}]
14:49:30.925 [boundedElastic-1] INFO  c.a.n.client.naming - [processServiceInfo,169] - current ips:(1) service: DEFAULT_GROUP@@mf-gateway -> [{"ip":"169.254.54.134","port":8888,"weight":1.0,"healthy":true,"enabled":true,"ephemeral":true,"clusterName":"DEFAULT","serviceName":"DEFAULT_GROUP@@mf-gateway","metadata":{"preserved.register.source":"SPRING_CLOUD"},"ipDeleteTimeout":30000,"instanceHeartBeatTimeOut":15000,"instanceHeartBeatInterval":5000}]
14:49:30.941 [main] INFO  c.a.s.g.MfGatewayApplication - [logStarted,61] - Started MfGatewayApplication in 23.669 seconds (JVM running for 25.198)
14:49:30.947 [main] INFO  c.a.n.c.c.i.ClientWorker - [addCacheDataIfAbsent,381] - [fixed-localhost_8848] [subscribe] mf-gateway+DEFAULT_GROUP
14:49:30.948 [main] INFO  c.a.n.c.c.i.CacheData - [addListener,197] - [fixed-localhost_8848] [add-listener] ok, tenant=, dataId=mf-gateway, group=DEFAULT_GROUP, cnt=1
14:49:30.948 [main] INFO  c.a.c.n.r.NacosContextRefresher - [registerNacosListener,129] - [Nacos Config] Listening config: dataId=mf-gateway, group=DEFAULT_GROUP
14:49:30.949 [main] INFO  c.a.n.c.c.i.ClientWorker - [addCacheDataIfAbsent,381] - [fixed-localhost_8848] [subscribe] mf-gateway.yml+DEFAULT_GROUP
14:49:30.949 [main] INFO  c.a.n.c.c.i.CacheData - [addListener,197] - [fixed-localhost_8848] [add-listener] ok, tenant=, dataId=mf-gateway.yml, group=DEFAULT_GROUP, cnt=1
14:49:30.949 [main] INFO  c.a.c.n.r.NacosContextRefresher - [registerNacosListener,129] - [Nacos Config] Listening config: dataId=mf-gateway.yml, group=DEFAULT_GROUP
14:49:30.951 [main] INFO  c.a.n.c.c.i.ClientWorker - [addCacheDataIfAbsent,381] - [fixed-localhost_8848] [subscribe] mf-gateway-dev.yml+DEFAULT_GROUP
14:49:30.951 [main] INFO  c.a.n.c.c.i.CacheData - [addListener,197] - [fixed-localhost_8848] [add-listener] ok, tenant=, dataId=mf-gateway-dev.yml, group=DEFAULT_GROUP, cnt=1
14:49:30.951 [main] INFO  c.a.c.n.r.NacosContextRefresher - [registerNacosListener,129] - [Nacos Config] Listening config: dataId=mf-gateway-dev.yml, group=DEFAULT_GROUP
14:49:30.953 [main] INFO  c.a.n.c.c.i.ClientWorker - [addCacheDataIfAbsent,381] - [fixed-localhost_8848] [subscribe] application-dev.yml+DEFAULT_GROUP
14:49:30.954 [main] INFO  c.a.n.c.c.i.CacheData - [addListener,197] - [fixed-localhost_8848] [add-listener] ok, tenant=, dataId=application-dev.yml, group=DEFAULT_GROUP, cnt=1
14:49:30.955 [main] INFO  c.a.c.n.r.NacosContextRefresher - [registerNacosListener,129] - [Nacos Config] Listening config: dataId=application-dev.yml, group=DEFAULT_GROUP
14:49:30.956 [main] INFO  c.a.s.g.MfGatewayApplication - [main,19] - 
	----------------------------------------------------------
	
	--------------------网关服务启动成功-----------------------
	
14:49:31.506 [nacos-grpc-client-executor-localhost-4] INFO  c.a.n.c.r.client - [printIfInfoEnabled,60] - [3f167734-5fdf-4e2c-9383-09992b4445bb] Receive server push request, request = NotifySubscriberRequest, requestId = 5
14:49:31.506 [nacos-grpc-client-executor-localhost-4] INFO  c.a.n.c.r.client - [printIfInfoEnabled,60] - [3f167734-5fdf-4e2c-9383-09992b4445bb] Ack server push request, request = NotifySubscriberRequest, requestId = 5
14:49:57.086 [boundedElastic-4] INFO  c.a.n.client.naming - [subscribe,167] - [SUBSCRIBE-SERVICE] service:mf-oauth, group:DEFAULT_GROUP, clusters: 
14:49:57.086 [boundedElastic-2] INFO  c.a.n.client.naming - [subscribe,167] - [SUBSCRIBE-SERVICE] service:mf-oauth, group:DEFAULT_GROUP, clusters: 
14:49:57.097 [boundedElastic-4] INFO  c.a.n.client.naming - [isChangedServiceInfo,184] - init new ips(1) service: DEFAULT_GROUP@@mf-oauth -> [{"ip":"169.254.54.134","port":9218,"weight":1.0,"healthy":true,"enabled":true,"ephemeral":true,"clusterName":"DEFAULT","serviceName":"DEFAULT_GROUP@@mf-oauth","metadata":{"preserved.register.source":"SPRING_CLOUD"},"ipDeleteTimeout":30000,"instanceHeartBeatTimeOut":15000,"instanceHeartBeatInterval":5000}]
14:49:57.103 [boundedElastic-4] INFO  c.a.n.client.naming - [processServiceInfo,169] - current ips:(1) service: DEFAULT_GROUP@@mf-oauth -> [{"ip":"169.254.54.134","port":9218,"weight":1.0,"healthy":true,"enabled":true,"ephemeral":true,"clusterName":"DEFAULT","serviceName":"DEFAULT_GROUP@@mf-oauth","metadata":{"preserved.register.source":"SPRING_CLOUD"},"ipDeleteTimeout":30000,"instanceHeartBeatTimeOut":15000,"instanceHeartBeatInterval":5000}]
14:49:57.621 [nacos-grpc-client-executor-localhost-45] INFO  c.a.n.c.r.client - [printIfInfoEnabled,60] - [3f167734-5fdf-4e2c-9383-09992b4445bb] Receive server push request, request = NotifySubscriberRequest, requestId = 7
14:49:57.621 [nacos-grpc-client-executor-localhost-45] INFO  c.a.n.c.r.client - [printIfInfoEnabled,60] - [3f167734-5fdf-4e2c-9383-09992b4445bb] Ack server push request, request = NotifySubscriberRequest, requestId = 7
14:50:27.099 [boundedElastic-8] INFO  c.a.n.client.naming - [subscribe,167] - [SUBSCRIBE-SERVICE] service:mf-sys, group:DEFAULT_GROUP, clusters: 
14:50:27.099 [boundedElastic-7] INFO  c.a.n.client.naming - [subscribe,167] - [SUBSCRIBE-SERVICE] service:mf-sys, group:DEFAULT_GROUP, clusters: 
14:50:27.106 [boundedElastic-7] INFO  c.a.n.client.naming - [isChangedServiceInfo,184] - init new ips(1) service: DEFAULT_GROUP@@mf-sys -> [{"ip":"169.254.54.134","port":9221,"weight":1.0,"healthy":true,"enabled":true,"ephemeral":true,"clusterName":"DEFAULT","serviceName":"DEFAULT_GROUP@@mf-sys","metadata":{"preserved.register.source":"SPRING_CLOUD"},"ipDeleteTimeout":30000,"instanceHeartBeatTimeOut":15000,"instanceHeartBeatInterval":5000}]
14:50:27.108 [boundedElastic-7] INFO  c.a.n.client.naming - [processServiceInfo,169] - current ips:(1) service: DEFAULT_GROUP@@mf-sys -> [{"ip":"169.254.54.134","port":9221,"weight":1.0,"healthy":true,"enabled":true,"ephemeral":true,"clusterName":"DEFAULT","serviceName":"DEFAULT_GROUP@@mf-sys","metadata":{"preserved.register.source":"SPRING_CLOUD"},"ipDeleteTimeout":30000,"instanceHeartBeatTimeOut":15000,"instanceHeartBeatInterval":5000}]
14:50:27.711 [nacos-grpc-client-executor-localhost-58] INFO  c.a.n.c.r.client - [printIfInfoEnabled,60] - [3f167734-5fdf-4e2c-9383-09992b4445bb] Receive server push request, request = NotifySubscriberRequest, requestId = 9
14:50:27.711 [nacos-grpc-client-executor-localhost-58] INFO  c.a.n.c.r.client - [printIfInfoEnabled,60] - [3f167734-5fdf-4e2c-9383-09992b4445bb] Ack server push request, request = NotifySubscriberRequest, requestId = 9
14:52:55.817 [boundedElastic-5] INFO  c.a.n.client.naming - [subscribe,167] - [SUBSCRIBE-SERVICE] service:mf-storage, group:DEFAULT_GROUP, clusters: 
14:52:55.827 [boundedElastic-5] INFO  c.a.n.client.naming - [isChangedServiceInfo,184] - init new ips(0) service: DEFAULT_GROUP@@mf-storage -> []
14:52:55.827 [boundedElastic-5] INFO  c.a.n.client.naming - [processServiceInfo,169] - current ips:(0) service: DEFAULT_GROUP@@mf-storage -> []
14:52:56.333 [nacos-grpc-client-executor-localhost-107] INFO  c.a.n.c.r.client - [printIfInfoEnabled,60] - [3f167734-5fdf-4e2c-9383-09992b4445bb] Receive server push request, request = NotifySubscriberRequest, requestId = 11
14:52:56.333 [nacos-grpc-client-executor-localhost-107] INFO  c.a.n.c.r.client - [printIfInfoEnabled,60] - [3f167734-5fdf-4e2c-9383-09992b4445bb] Ack server push request, request = NotifySubscriberRequest, requestId = 11
14:56:17.986 [nacos-grpc-client-executor-localhost-158] INFO  c.a.n.c.r.client - [printIfInfoEnabled,60] - [3f167734-5fdf-4e2c-9383-09992b4445bb] Receive server push request, request = NotifySubscriberRequest, requestId = 12
14:56:17.988 [nacos-grpc-client-executor-localhost-158] INFO  c.a.n.client.naming - [isChangedServiceInfo,235] - new ips(1) service: DEFAULT_GROUP@@mf-storage -> [{"ip":"169.254.54.134","port":9222,"weight":1.0,"healthy":true,"enabled":true,"ephemeral":true,"clusterName":"DEFAULT","serviceName":"DEFAULT_GROUP@@mf-storage","metadata":{"preserved.register.source":"SPRING_CLOUD"},"ipDeleteTimeout":30000,"instanceHeartBeatTimeOut":15000,"instanceHeartBeatInterval":5000}]
14:56:17.989 [nacos-grpc-client-executor-localhost-158] INFO  c.a.n.client.naming - [processServiceInfo,169] - current ips:(1) service: DEFAULT_GROUP@@mf-storage -> [{"ip":"169.254.54.134","port":9222,"weight":1.0,"healthy":true,"enabled":true,"ephemeral":true,"clusterName":"DEFAULT","serviceName":"DEFAULT_GROUP@@mf-storage","metadata":{"preserved.register.source":"SPRING_CLOUD"},"ipDeleteTimeout":30000,"instanceHeartBeatTimeOut":15000,"instanceHeartBeatInterval":5000}]
14:56:17.998 [nacos-grpc-client-executor-localhost-158] INFO  c.a.n.c.r.client - [printIfInfoEnabled,60] - [3f167734-5fdf-4e2c-9383-09992b4445bb] Ack server push request, request = NotifySubscriberRequest, requestId = 12
15:47:58.385 [nacos-grpc-client-executor-localhost-888] INFO  c.a.n.c.r.client - [printIfInfoEnabled,60] - [3f167734-5fdf-4e2c-9383-09992b4445bb] Receive server push request, request = NotifySubscriberRequest, requestId = 14
15:47:58.388 [nacos-grpc-client-executor-localhost-888] INFO  c.a.n.client.naming - [isChangedServiceInfo,241] - removed ips(1) service: DEFAULT_GROUP@@mf-code -> [{"ip":"169.254.54.134","port":9220,"weight":1.0,"healthy":true,"enabled":true,"ephemeral":true,"clusterName":"DEFAULT","serviceName":"DEFAULT_GROUP@@mf-code","metadata":{"preserved.register.source":"SPRING_CLOUD"},"ipDeleteTimeout":30000,"instanceHeartBeatTimeOut":15000,"instanceHeartBeatInterval":5000}]
15:47:58.389 [nacos-grpc-client-executor-localhost-888] INFO  c.a.n.client.naming - [processServiceInfo,169] - current ips:(0) service: DEFAULT_GROUP@@mf-code -> []
15:47:58.398 [nacos-grpc-client-executor-localhost-888] INFO  c.a.n.c.r.client - [printIfInfoEnabled,60] - [3f167734-5fdf-4e2c-9383-09992b4445bb] Ack server push request, request = NotifySubscriberRequest, requestId = 14
16:08:18.520 [main] INFO  c.a.s.g.MfGatewayApplication - [logStartupProfileInfo,637] - The following 1 profile is active: "dev"
16:08:26.213 [main] INFO  c.a.c.s.g.s.SentinelSCGAutoConfiguration - [sentinelGatewayFilter,144] - [Sentinel SpringCloudGateway] register SentinelGatewayFilter with order: -2147483648
16:08:26.580 [main] INFO  c.a.c.s.g.s.SentinelSCGAutoConfiguration - [sentinelGatewayBlockExceptionHandler,134] - [Sentinel SpringCloudGateway] register SentinelGatewayBlockExceptionHandler
16:08:26.885 [boundedElastic-1] INFO  c.a.n.c.e.SearchableProperties - [sortPropertySourceDefaultOrder,197] - properties search order:PROPERTIES->JVM->ENV->DEFAULT_SETTING
16:08:26.888 [boundedElastic-1] INFO  c.a.n.client.naming - [initNamespaceForNaming,61] - initializer namespace from System Property : null
16:08:26.888 [boundedElastic-1] INFO  c.a.n.client.naming - [lambda$initNamespaceForNaming$0,65] - initializer namespace from System Environment :null
16:08:26.889 [boundedElastic-1] INFO  c.a.n.client.naming - [lambda$initNamespaceForNaming$1,72] - initializer namespace from System Property :
16:08:26.898 [boundedElastic-1] INFO  c.a.n.p.a.s.c.ClientAuthPluginManager - [init,56] - [ClientAuthPluginManager] Load ClientAuthService com.alibaba.nacos.client.auth.impl.NacosClientAuthServiceImpl success.
16:08:26.898 [boundedElastic-1] INFO  c.a.n.p.a.s.c.ClientAuthPluginManager - [init,56] - [ClientAuthPluginManager] Load ClientAuthService com.alibaba.nacos.client.auth.ram.RamClientAuthServiceImpl success.
16:08:26.901 [boundedElastic-1] INFO  c.a.n.c.r.client - [lambda$createClient$0,94] - [RpcClientFactory] create a new rpc client of ba41b474-5bd7-4e8a-be10-8546c0437ccc
16:08:26.903 [boundedElastic-1] INFO  c.a.n.c.r.client - [printIfInfoEnabled,60] - [ba41b474-5bd7-4e8a-be10-8546c0437ccc] RpcClient init, ServerListFactory = com.alibaba.nacos.client.naming.core.ServerListManager
16:08:26.903 [boundedElastic-1] INFO  c.a.n.c.r.client - [printIfInfoEnabled,60] - [ba41b474-5bd7-4e8a-be10-8546c0437ccc] Registry connection listener to current client:com.alibaba.nacos.client.naming.remote.gprc.redo.NamingGrpcRedoService
16:08:26.904 [boundedElastic-1] INFO  c.a.n.c.r.client - [printIfInfoEnabled,60] - [ba41b474-5bd7-4e8a-be10-8546c0437ccc] Register server push request handler:com.alibaba.nacos.client.naming.remote.gprc.NamingPushRequestHandler
16:08:26.904 [boundedElastic-1] INFO  c.a.n.c.r.client - [printIfInfoEnabled,60] - [ba41b474-5bd7-4e8a-be10-8546c0437ccc] Try to connect to server on start up, server: {serverIp = 'localhost', server main port = 8848}
16:08:27.029 [boundedElastic-1] INFO  c.a.n.c.r.client - [printIfInfoEnabled,60] - [ba41b474-5bd7-4e8a-be10-8546c0437ccc] Success to connect to server [localhost:8848] on start up, connectionId = 1684138106912_127.0.0.1_61966
16:08:27.029 [boundedElastic-1] INFO  c.a.n.c.r.client - [printIfInfoEnabled,60] - [ba41b474-5bd7-4e8a-be10-8546c0437ccc] Register server push request handler:com.alibaba.nacos.common.remote.client.RpcClient$ConnectResetRequestHandler
16:08:27.029 [com.alibaba.nacos.client.remote.worker] INFO  c.a.n.c.r.client - [printIfInfoEnabled,60] - [ba41b474-5bd7-4e8a-be10-8546c0437ccc] Notify connected event to listeners.
16:08:27.030 [boundedElastic-1] INFO  c.a.n.c.r.client - [printIfInfoEnabled,60] - [ba41b474-5bd7-4e8a-be10-8546c0437ccc] Register server push request handler:com.alibaba.nacos.common.remote.client.RpcClient$$Lambda$357/1884422865
16:08:27.030 [com.alibaba.nacos.client.remote.worker] INFO  c.a.n.client.naming - [onConnected,78] - Grpc connection connect
16:08:27.371 [main] INFO  c.a.n.c.e.SearchableProperties - [sortPropertySourceDefaultOrder,197] - properties search order:PROPERTIES->JVM->ENV->DEFAULT_SETTING
16:08:27.372 [main] INFO  c.a.n.p.a.s.c.ClientAuthPluginManager - [init,56] - [ClientAuthPluginManager] Load ClientAuthService com.alibaba.nacos.client.auth.impl.NacosClientAuthServiceImpl success.
16:08:27.372 [main] INFO  c.a.n.p.a.s.c.ClientAuthPluginManager - [init,56] - [ClientAuthPluginManager] Load ClientAuthService com.alibaba.nacos.client.auth.ram.RamClientAuthServiceImpl success.
16:08:27.374 [main] INFO  c.a.n.c.c.i.CacheData - [<clinit>,67] - nacos.cache.data.init.snapshot = true 
16:08:27.382 [main] INFO  c.a.n.c.c.i.ClientWorker - [addCacheDataIfAbsent,381] - [fixed-localhost_8848] [subscribe] sentinel-mf-gateway+DEFAULT_GROUP
16:08:27.387 [main] INFO  c.a.n.c.c.i.CacheData - [addListener,197] - [fixed-localhost_8848] [add-listener] ok, tenant=, dataId=sentinel-mf-gateway, group=DEFAULT_GROUP, cnt=1
16:08:27.388 [main] INFO  c.a.n.c.r.client - [lambda$createClient$0,94] - [RpcClientFactory] create a new rpc client of 4722c303-a9b5-4b41-a1cb-e73975e9251c_config-0
16:08:27.388 [main] INFO  c.a.n.c.r.client - [printIfInfoEnabled,60] - [4722c303-a9b5-4b41-a1cb-e73975e9251c_config-0] Register server push request handler:com.alibaba.nacos.client.config.impl.ClientWorker$ConfigRpcTransportClient$$Lambda$348/696165690
16:08:27.388 [main] INFO  c.a.n.c.r.client - [printIfInfoEnabled,60] - [4722c303-a9b5-4b41-a1cb-e73975e9251c_config-0] Register server push request handler:com.alibaba.nacos.client.config.impl.ClientWorker$ConfigRpcTransportClient$$Lambda$349/645875534
16:08:27.388 [main] INFO  c.a.n.c.r.client - [printIfInfoEnabled,60] - [4722c303-a9b5-4b41-a1cb-e73975e9251c_config-0] Registry connection listener to current client:com.alibaba.nacos.client.config.impl.ClientWorker$ConfigRpcTransportClient$1
16:08:27.388 [main] INFO  c.a.n.c.r.client - [printIfInfoEnabled,60] - [4722c303-a9b5-4b41-a1cb-e73975e9251c_config-0] RpcClient init, ServerListFactory = com.alibaba.nacos.client.config.impl.ClientWorker$ConfigRpcTransportClient$2
16:08:27.389 [main] INFO  c.a.n.c.r.client - [printIfInfoEnabled,60] - [4722c303-a9b5-4b41-a1cb-e73975e9251c_config-0] Try to connect to server on start up, server: {serverIp = 'localhost', server main port = 8848}
16:08:27.503 [main] INFO  c.a.n.c.r.client - [printIfInfoEnabled,60] - [4722c303-a9b5-4b41-a1cb-e73975e9251c_config-0] Success to connect to server [localhost:8848] on start up, connectionId = 1684138107395_127.0.0.1_61967
16:08:27.503 [main] INFO  c.a.n.c.r.client - [printIfInfoEnabled,60] - [4722c303-a9b5-4b41-a1cb-e73975e9251c_config-0] Register server push request handler:com.alibaba.nacos.common.remote.client.RpcClient$ConnectResetRequestHandler
16:08:27.503 [com.alibaba.nacos.client.remote.worker] INFO  c.a.n.c.r.client - [printIfInfoEnabled,60] - [4722c303-a9b5-4b41-a1cb-e73975e9251c_config-0] Notify connected event to listeners.
16:08:27.504 [main] INFO  c.a.n.c.r.client - [printIfInfoEnabled,60] - [4722c303-a9b5-4b41-a1cb-e73975e9251c_config-0] Register server push request handler:com.alibaba.nacos.common.remote.client.RpcClient$$Lambda$357/1884422865
16:08:27.504 [com.alibaba.nacos.client.remote.worker] INFO  c.a.n.c.c.i.ClientWorker - [onConnected,639] - [4722c303-a9b5-4b41-a1cb-e73975e9251c_config-0] Connected,notify listen context...
16:08:27.568 [main] INFO  c.a.n.client.naming - [subscribe,167] - [SUBSCRIBE-SERVICE] service:mf-gateway, group:DEFAULT_GROUP, clusters:DEFAULT 
16:08:27.576 [main] INFO  c.a.n.client.naming - [isChangedServiceInfo,184] - init new ips(0) service: DEFAULT_GROUP@@mf-gateway@@DEFAULT -> []
16:08:27.577 [main] INFO  c.a.n.client.naming - [processServiceInfo,169] - current ips:(0) service: DEFAULT_GROUP@@mf-gateway@@DEFAULT -> []
16:08:28.106 [nacos-grpc-client-executor-localhost-11] INFO  c.a.n.c.r.client - [printIfInfoEnabled,60] - [ba41b474-5bd7-4e8a-be10-8546c0437ccc] Receive server push request, request = NotifySubscriberRequest, requestId = 15
16:08:28.107 [nacos-grpc-client-executor-localhost-11] INFO  c.a.n.c.r.client - [printIfInfoEnabled,60] - [ba41b474-5bd7-4e8a-be10-8546c0437ccc] Ack server push request, request = NotifySubscriberRequest, requestId = 15
16:08:31.134 [main] INFO  c.a.n.client.naming - [registerService,120] - [REGISTER-SERVICE] public registering service mf-gateway with instance Instance{instanceId='null', ip='169.254.54.134', port=8888, weight=1.0, healthy=true, enabled=true, ephemeral=true, clusterName='DEFAULT', serviceName='null', metadata={preserved.register.source=SPRING_CLOUD}}
16:08:31.139 [main] INFO  c.a.c.n.r.NacosServiceRegistry - [register,75] - nacos registry, DEFAULT_GROUP mf-gateway 169.254.54.134:8888 register finished
16:08:31.146 [boundedElastic-4] INFO  c.a.n.client.naming - [subscribe,167] - [SUBSCRIBE-SERVICE] service:mf-gateway, group:DEFAULT_GROUP, clusters: 
16:08:31.146 [boundedElastic-3] INFO  c.a.n.client.naming - [subscribe,167] - [SUBSCRIBE-SERVICE] service:mf-gateway, group:DEFAULT_GROUP, clusters: 
16:08:31.150 [boundedElastic-3] INFO  c.a.n.client.naming - [isChangedServiceInfo,184] - init new ips(1) service: DEFAULT_GROUP@@mf-gateway -> [{"ip":"169.254.54.134","port":8888,"weight":1.0,"healthy":true,"enabled":true,"ephemeral":true,"clusterName":"DEFAULT","serviceName":"DEFAULT_GROUP@@mf-gateway","metadata":{"preserved.register.source":"SPRING_CLOUD"},"ipDeleteTimeout":30000,"instanceHeartBeatInterval":5000,"instanceHeartBeatTimeOut":15000}]
16:08:31.151 [boundedElastic-3] INFO  c.a.n.client.naming - [processServiceInfo,169] - current ips:(1) service: DEFAULT_GROUP@@mf-gateway -> [{"ip":"169.254.54.134","port":8888,"weight":1.0,"healthy":true,"enabled":true,"ephemeral":true,"clusterName":"DEFAULT","serviceName":"DEFAULT_GROUP@@mf-gateway","metadata":{"preserved.register.source":"SPRING_CLOUD"},"ipDeleteTimeout":30000,"instanceHeartBeatInterval":5000,"instanceHeartBeatTimeOut":15000}]
16:08:31.161 [main] INFO  c.a.s.g.MfGatewayApplication - [logStarted,61] - Started MfGatewayApplication in 18.953 seconds (JVM running for 20.327)
16:08:31.167 [main] INFO  c.a.n.c.c.i.ClientWorker - [addCacheDataIfAbsent,381] - [fixed-localhost_8848] [subscribe] mf-gateway+DEFAULT_GROUP
16:08:31.167 [main] INFO  c.a.n.c.c.i.CacheData - [addListener,197] - [fixed-localhost_8848] [add-listener] ok, tenant=, dataId=mf-gateway, group=DEFAULT_GROUP, cnt=1
16:08:31.167 [main] INFO  c.a.c.n.r.NacosContextRefresher - [registerNacosListener,129] - [Nacos Config] Listening config: dataId=mf-gateway, group=DEFAULT_GROUP
16:08:31.168 [main] INFO  c.a.n.c.c.i.ClientWorker - [addCacheDataIfAbsent,381] - [fixed-localhost_8848] [subscribe] mf-gateway.yml+DEFAULT_GROUP
16:08:31.169 [main] INFO  c.a.n.c.c.i.CacheData - [addListener,197] - [fixed-localhost_8848] [add-listener] ok, tenant=, dataId=mf-gateway.yml, group=DEFAULT_GROUP, cnt=1
16:08:31.169 [main] INFO  c.a.c.n.r.NacosContextRefresher - [registerNacosListener,129] - [Nacos Config] Listening config: dataId=mf-gateway.yml, group=DEFAULT_GROUP
16:08:31.171 [main] INFO  c.a.n.c.c.i.ClientWorker - [addCacheDataIfAbsent,381] - [fixed-localhost_8848] [subscribe] mf-gateway-dev.yml+DEFAULT_GROUP
16:08:31.171 [main] INFO  c.a.n.c.c.i.CacheData - [addListener,197] - [fixed-localhost_8848] [add-listener] ok, tenant=, dataId=mf-gateway-dev.yml, group=DEFAULT_GROUP, cnt=1
16:08:31.171 [main] INFO  c.a.c.n.r.NacosContextRefresher - [registerNacosListener,129] - [Nacos Config] Listening config: dataId=mf-gateway-dev.yml, group=DEFAULT_GROUP
16:08:31.178 [main] INFO  c.a.n.c.c.i.ClientWorker - [addCacheDataIfAbsent,381] - [fixed-localhost_8848] [subscribe] application-dev.yml+DEFAULT_GROUP
16:08:31.178 [main] INFO  c.a.n.c.c.i.CacheData - [addListener,197] - [fixed-localhost_8848] [add-listener] ok, tenant=, dataId=application-dev.yml, group=DEFAULT_GROUP, cnt=1
16:08:31.178 [main] INFO  c.a.c.n.r.NacosContextRefresher - [registerNacosListener,129] - [Nacos Config] Listening config: dataId=application-dev.yml, group=DEFAULT_GROUP
16:08:31.178 [main] INFO  c.a.s.g.MfGatewayApplication - [main,19] - 
	----------------------------------------------------------
	
	--------------------网关服务启动成功-----------------------
	
16:08:31.741 [nacos-grpc-client-executor-localhost-21] INFO  c.a.n.c.r.client - [printIfInfoEnabled,60] - [ba41b474-5bd7-4e8a-be10-8546c0437ccc] Receive server push request, request = NotifySubscriberRequest, requestId = 16
16:08:31.742 [nacos-grpc-client-executor-localhost-21] INFO  c.a.n.c.r.client - [printIfInfoEnabled,60] - [ba41b474-5bd7-4e8a-be10-8546c0437ccc] Ack server push request, request = NotifySubscriberRequest, requestId = 16
16:08:38.868 [boundedElastic-2] INFO  c.a.n.client.naming - [subscribe,167] - [SUBSCRIBE-SERVICE] service:mf-sys, group:DEFAULT_GROUP, clusters: 
16:08:38.871 [boundedElastic-2] INFO  c.a.n.client.naming - [isChangedServiceInfo,184] - init new ips(0) service: DEFAULT_GROUP@@mf-sys -> []
16:08:38.871 [boundedElastic-2] INFO  c.a.n.client.naming - [processServiceInfo,169] - current ips:(0) service: DEFAULT_GROUP@@mf-sys -> []
16:08:38.879 [boundedElastic-1] INFO  c.a.n.client.naming - [subscribe,167] - [SUBSCRIBE-SERVICE] service:mf-oauth, group:DEFAULT_GROUP, clusters: 
16:08:38.883 [boundedElastic-1] INFO  c.a.n.client.naming - [isChangedServiceInfo,184] - init new ips(0) service: DEFAULT_GROUP@@mf-oauth -> []
16:08:38.884 [boundedElastic-1] INFO  c.a.n.client.naming - [processServiceInfo,169] - current ips:(0) service: DEFAULT_GROUP@@mf-oauth -> []
16:08:39.456 [nacos-grpc-client-executor-localhost-32] INFO  c.a.n.c.r.client - [printIfInfoEnabled,60] - [ba41b474-5bd7-4e8a-be10-8546c0437ccc] Receive server push request, request = NotifySubscriberRequest, requestId = 18
16:08:39.456 [nacos-grpc-client-executor-localhost-32] INFO  c.a.n.c.r.client - [printIfInfoEnabled,60] - [ba41b474-5bd7-4e8a-be10-8546c0437ccc] Ack server push request, request = NotifySubscriberRequest, requestId = 18
16:08:39.458 [nacos-grpc-client-executor-localhost-33] INFO  c.a.n.c.r.client - [printIfInfoEnabled,60] - [ba41b474-5bd7-4e8a-be10-8546c0437ccc] Receive server push request, request = NotifySubscriberRequest, requestId = 17
16:08:39.459 [nacos-grpc-client-executor-localhost-33] INFO  c.a.n.c.r.client - [printIfInfoEnabled,60] - [ba41b474-5bd7-4e8a-be10-8546c0437ccc] Ack server push request, request = NotifySubscriberRequest, requestId = 17
16:11:02.970 [nacos-grpc-client-executor-localhost-72] INFO  c.a.n.c.r.client - [printIfInfoEnabled,60] - [ba41b474-5bd7-4e8a-be10-8546c0437ccc] Receive server push request, request = NotifySubscriberRequest, requestId = 19
16:11:02.971 [nacos-grpc-client-executor-localhost-72] INFO  c.a.n.client.naming - [isChangedServiceInfo,235] - new ips(1) service: DEFAULT_GROUP@@mf-oauth -> [{"ip":"169.254.54.134","port":9218,"weight":1.0,"healthy":true,"enabled":true,"ephemeral":true,"clusterName":"DEFAULT","serviceName":"DEFAULT_GROUP@@mf-oauth","metadata":{"preserved.register.source":"SPRING_CLOUD"},"ipDeleteTimeout":30000,"instanceHeartBeatInterval":5000,"instanceHeartBeatTimeOut":15000}]
16:11:02.971 [nacos-grpc-client-executor-localhost-72] INFO  c.a.n.client.naming - [processServiceInfo,169] - current ips:(1) service: DEFAULT_GROUP@@mf-oauth -> [{"ip":"169.254.54.134","port":9218,"weight":1.0,"healthy":true,"enabled":true,"ephemeral":true,"clusterName":"DEFAULT","serviceName":"DEFAULT_GROUP@@mf-oauth","metadata":{"preserved.register.source":"SPRING_CLOUD"},"ipDeleteTimeout":30000,"instanceHeartBeatInterval":5000,"instanceHeartBeatTimeOut":15000}]
16:11:02.976 [nacos-grpc-client-executor-localhost-72] INFO  c.a.n.c.r.client - [printIfInfoEnabled,60] - [ba41b474-5bd7-4e8a-be10-8546c0437ccc] Ack server push request, request = NotifySubscriberRequest, requestId = 19
16:11:14.489 [nacos-grpc-client-executor-localhost-74] INFO  c.a.n.c.r.client - [printIfInfoEnabled,60] - [ba41b474-5bd7-4e8a-be10-8546c0437ccc] Receive server push request, request = NotifySubscriberRequest, requestId = 21
16:11:14.490 [nacos-grpc-client-executor-localhost-74] INFO  c.a.n.client.naming - [isChangedServiceInfo,235] - new ips(1) service: DEFAULT_GROUP@@mf-sys -> [{"ip":"169.254.54.134","port":9221,"weight":1.0,"healthy":true,"enabled":true,"ephemeral":true,"clusterName":"DEFAULT","serviceName":"DEFAULT_GROUP@@mf-sys","metadata":{"preserved.register.source":"SPRING_CLOUD"},"ipDeleteTimeout":30000,"instanceHeartBeatInterval":5000,"instanceHeartBeatTimeOut":15000}]
16:11:14.490 [nacos-grpc-client-executor-localhost-74] INFO  c.a.n.client.naming - [processServiceInfo,169] - current ips:(1) service: DEFAULT_GROUP@@mf-sys -> [{"ip":"169.254.54.134","port":9221,"weight":1.0,"healthy":true,"enabled":true,"ephemeral":true,"clusterName":"DEFAULT","serviceName":"DEFAULT_GROUP@@mf-sys","metadata":{"preserved.register.source":"SPRING_CLOUD"},"ipDeleteTimeout":30000,"instanceHeartBeatInterval":5000,"instanceHeartBeatTimeOut":15000}]
16:11:14.495 [nacos-grpc-client-executor-localhost-74] INFO  c.a.n.c.r.client - [printIfInfoEnabled,60] - [ba41b474-5bd7-4e8a-be10-8546c0437ccc] Ack server push request, request = NotifySubscriberRequest, requestId = 21
16:11:57.655 [boundedElastic-7] INFO  c.a.n.client.naming - [subscribe,167] - [SUBSCRIBE-SERVICE] service:mf-code, group:DEFAULT_GROUP, clusters: 
16:11:57.655 [boundedElastic-10] INFO  c.a.n.client.naming - [subscribe,167] - [SUBSCRIBE-SERVICE] service:mf-code, group:DEFAULT_GROUP, clusters: 
16:11:57.658 [boundedElastic-10] INFO  c.a.n.client.naming - [isChangedServiceInfo,184] - init new ips(1) service: DEFAULT_GROUP@@mf-code -> [{"ip":"169.254.54.134","port":9220,"weight":1.0,"healthy":true,"enabled":true,"ephemeral":true,"clusterName":"DEFAULT","serviceName":"DEFAULT_GROUP@@mf-code","metadata":{"preserved.register.source":"SPRING_CLOUD"},"ipDeleteTimeout":30000,"instanceHeartBeatInterval":5000,"instanceHeartBeatTimeOut":15000}]
16:11:57.660 [boundedElastic-10] INFO  c.a.n.client.naming - [processServiceInfo,169] - current ips:(1) service: DEFAULT_GROUP@@mf-code -> [{"ip":"169.254.54.134","port":9220,"weight":1.0,"healthy":true,"enabled":true,"ephemeral":true,"clusterName":"DEFAULT","serviceName":"DEFAULT_GROUP@@mf-code","metadata":{"preserved.register.source":"SPRING_CLOUD"},"ipDeleteTimeout":30000,"instanceHeartBeatInterval":5000,"instanceHeartBeatTimeOut":15000}]
16:11:58.248 [nacos-grpc-client-executor-localhost-91] INFO  c.a.n.c.r.client - [printIfInfoEnabled,60] - [ba41b474-5bd7-4e8a-be10-8546c0437ccc] Receive server push request, request = NotifySubscriberRequest, requestId = 24
16:11:58.249 [nacos-grpc-client-executor-localhost-91] INFO  c.a.n.c.r.client - [printIfInfoEnabled,60] - [ba41b474-5bd7-4e8a-be10-8546c0437ccc] Ack server push request, request = NotifySubscriberRequest, requestId = 24
16:12:00.813 [boundedElastic-5] INFO  c.a.n.client.naming - [subscribe,167] - [SUBSCRIBE-SERVICE] service:mf-storage, group:DEFAULT_GROUP, clusters: 
16:12:00.817 [boundedElastic-5] INFO  c.a.n.client.naming - [isChangedServiceInfo,184] - init new ips(0) service: DEFAULT_GROUP@@mf-storage -> []
16:12:00.818 [boundedElastic-5] INFO  c.a.n.client.naming - [processServiceInfo,169] - current ips:(0) service: DEFAULT_GROUP@@mf-storage -> []
16:12:01.329 [nacos-grpc-client-executor-localhost-96] INFO  c.a.n.c.r.client - [printIfInfoEnabled,60] - [ba41b474-5bd7-4e8a-be10-8546c0437ccc] Receive server push request, request = NotifySubscriberRequest, requestId = 26
16:12:01.330 [nacos-grpc-client-executor-localhost-96] INFO  c.a.n.c.r.client - [printIfInfoEnabled,60] - [ba41b474-5bd7-4e8a-be10-8546c0437ccc] Ack server push request, request = NotifySubscriberRequest, requestId = 26
16:24:57.887 [boundedElastic-9] INFO  c.a.n.client.naming - [subscribe,167] - [SUBSCRIBE-SERVICE] service:mf-web, group:DEFAULT_GROUP, clusters: 
16:24:57.888 [boundedElastic-1] INFO  c.a.n.client.naming - [subscribe,167] - [SUBSCRIBE-SERVICE] service:mf-web, group:DEFAULT_GROUP, clusters: 
16:24:57.890 [boundedElastic-1] INFO  c.a.n.client.naming - [isChangedServiceInfo,184] - init new ips(1) service: DEFAULT_GROUP@@mf-web -> [{"ip":"169.254.54.134","port":9225,"weight":1.0,"healthy":true,"enabled":true,"ephemeral":true,"clusterName":"DEFAULT","serviceName":"DEFAULT_GROUP@@mf-web","metadata":{"preserved.register.source":"SPRING_CLOUD"},"ipDeleteTimeout":30000,"instanceHeartBeatInterval":5000,"instanceHeartBeatTimeOut":15000}]
16:24:57.891 [boundedElastic-1] INFO  c.a.n.client.naming - [processServiceInfo,169] - current ips:(1) service: DEFAULT_GROUP@@mf-web -> [{"ip":"169.254.54.134","port":9225,"weight":1.0,"healthy":true,"enabled":true,"ephemeral":true,"clusterName":"DEFAULT","serviceName":"DEFAULT_GROUP@@mf-web","metadata":{"preserved.register.source":"SPRING_CLOUD"},"ipDeleteTimeout":30000,"instanceHeartBeatInterval":5000,"instanceHeartBeatTimeOut":15000}]
16:24:58.438 [nacos-grpc-client-executor-localhost-287] INFO  c.a.n.c.r.client - [printIfInfoEnabled,60] - [ba41b474-5bd7-4e8a-be10-8546c0437ccc] Receive server push request, request = NotifySubscriberRequest, requestId = 30
16:24:58.438 [nacos-grpc-client-executor-localhost-287] INFO  c.a.n.c.r.client - [printIfInfoEnabled,60] - [ba41b474-5bd7-4e8a-be10-8546c0437ccc] Ack server push request, request = NotifySubscriberRequest, requestId = 30
17:38:56.833 [nacos-grpc-client-executor-localhost-1329] INFO  c.a.n.c.r.client - [printIfInfoEnabled,60] - [ba41b474-5bd7-4e8a-be10-8546c0437ccc] Receive server push request, request = NotifySubscriberRequest, requestId = 33
17:38:56.837 [nacos-grpc-client-executor-localhost-1329] INFO  c.a.n.client.naming - [isChangedServiceInfo,241] - removed ips(1) service: DEFAULT_GROUP@@mf-web -> [{"ip":"169.254.54.134","port":9225,"weight":1.0,"healthy":true,"enabled":true,"ephemeral":true,"clusterName":"DEFAULT","serviceName":"DEFAULT_GROUP@@mf-web","metadata":{"preserved.register.source":"SPRING_CLOUD"},"ipDeleteTimeout":30000,"instanceHeartBeatInterval":5000,"instanceHeartBeatTimeOut":15000}]
17:38:56.839 [nacos-grpc-client-executor-localhost-1329] INFO  c.a.n.client.naming - [processServiceInfo,169] - current ips:(0) service: DEFAULT_GROUP@@mf-web -> []
17:38:56.849 [nacos-grpc-client-executor-localhost-1329] INFO  c.a.n.c.r.client - [printIfInfoEnabled,60] - [ba41b474-5bd7-4e8a-be10-8546c0437ccc] Ack server push request, request = NotifySubscriberRequest, requestId = 33
17:39:16.412 [nacos-grpc-client-executor-localhost-1334] INFO  c.a.n.c.r.client - [printIfInfoEnabled,60] - [ba41b474-5bd7-4e8a-be10-8546c0437ccc] Receive server push request, request = NotifySubscriberRequest, requestId = 34
17:39:16.412 [nacos-grpc-client-executor-localhost-1334] INFO  c.a.n.client.naming - [isChangedServiceInfo,235] - new ips(1) service: DEFAULT_GROUP@@mf-web -> [{"ip":"169.254.54.134","port":9225,"weight":1.0,"healthy":true,"enabled":true,"ephemeral":true,"clusterName":"DEFAULT","serviceName":"DEFAULT_GROUP@@mf-web","metadata":{"preserved.register.source":"SPRING_CLOUD"},"ipDeleteTimeout":30000,"instanceHeartBeatInterval":5000,"instanceHeartBeatTimeOut":15000}]
17:39:16.412 [nacos-grpc-client-executor-localhost-1334] INFO  c.a.n.client.naming - [processServiceInfo,169] - current ips:(1) service: DEFAULT_GROUP@@mf-web -> [{"ip":"169.254.54.134","port":9225,"weight":1.0,"healthy":true,"enabled":true,"ephemeral":true,"clusterName":"DEFAULT","serviceName":"DEFAULT_GROUP@@mf-web","metadata":{"preserved.register.source":"SPRING_CLOUD"},"ipDeleteTimeout":30000,"instanceHeartBeatInterval":5000,"instanceHeartBeatTimeOut":15000}]
17:39:16.417 [nacos-grpc-client-executor-localhost-1334] INFO  c.a.n.c.r.client - [printIfInfoEnabled,60] - [ba41b474-5bd7-4e8a-be10-8546c0437ccc] Ack server push request, request = NotifySubscriberRequest, requestId = 34
20:33:59.943 [main] INFO  c.a.s.g.MfGatewayApplication - [logStartupProfileInfo,637] - The following 1 profile is active: "dev"
20:34:08.063 [main] INFO  c.a.c.s.g.s.SentinelSCGAutoConfiguration - [sentinelGatewayFilter,144] - [Sentinel SpringCloudGateway] register SentinelGatewayFilter with order: -2147483648
20:34:09.432 [main] INFO  c.a.c.s.g.s.SentinelSCGAutoConfiguration - [sentinelGatewayBlockExceptionHandler,134] - [Sentinel SpringCloudGateway] register SentinelGatewayBlockExceptionHandler
20:34:10.069 [boundedElastic-1] INFO  c.a.n.c.e.SearchableProperties - [sortPropertySourceDefaultOrder,197] - properties search order:PROPERTIES->JVM->ENV->DEFAULT_SETTING
20:34:10.069 [boundedElastic-1] INFO  c.a.n.client.naming - [initNamespaceForNaming,61] - initializer namespace from System Property : null
20:34:10.069 [boundedElastic-1] INFO  c.a.n.client.naming - [lambda$initNamespaceForNaming$0,65] - initializer namespace from System Environment :null
20:34:10.069 [boundedElastic-1] INFO  c.a.n.client.naming - [lambda$initNamespaceForNaming$1,72] - initializer namespace from System Property :
20:34:10.089 [boundedElastic-1] INFO  c.a.n.p.a.s.c.ClientAuthPluginManager - [init,56] - [ClientAuthPluginManager] Load ClientAuthService com.alibaba.nacos.client.auth.impl.NacosClientAuthServiceImpl success.
20:34:10.089 [boundedElastic-1] INFO  c.a.n.p.a.s.c.ClientAuthPluginManager - [init,56] - [ClientAuthPluginManager] Load ClientAuthService com.alibaba.nacos.client.auth.ram.RamClientAuthServiceImpl success.
20:34:10.089 [boundedElastic-1] INFO  c.a.n.c.r.client - [lambda$createClient$0,94] - [RpcClientFactory] create a new rpc client of 0d49ff31-77bf-4c57-a0dc-8de1ae4a028c
20:34:10.099 [boundedElastic-1] INFO  c.a.n.c.r.client - [printIfInfoEnabled,60] - [0d49ff31-77bf-4c57-a0dc-8de1ae4a028c] RpcClient init, ServerListFactory = com.alibaba.nacos.client.naming.core.ServerListManager
20:34:10.099 [boundedElastic-1] INFO  c.a.n.c.r.client - [printIfInfoEnabled,60] - [0d49ff31-77bf-4c57-a0dc-8de1ae4a028c] Registry connection listener to current client:com.alibaba.nacos.client.naming.remote.gprc.redo.NamingGrpcRedoService
20:34:10.099 [boundedElastic-1] INFO  c.a.n.c.r.client - [printIfInfoEnabled,60] - [0d49ff31-77bf-4c57-a0dc-8de1ae4a028c] Register server push request handler:com.alibaba.nacos.client.naming.remote.gprc.NamingPushRequestHandler
20:34:10.099 [boundedElastic-1] INFO  c.a.n.c.r.client - [printIfInfoEnabled,60] - [0d49ff31-77bf-4c57-a0dc-8de1ae4a028c] Try to connect to server on start up, server: {serverIp = 'localhost', server main port = 8848}
20:34:10.219 [boundedElastic-1] INFO  c.a.n.c.r.client - [printIfInfoEnabled,60] - [0d49ff31-77bf-4c57-a0dc-8de1ae4a028c] Success to connect to server [localhost:8848] on start up, connectionId = 1684154050109_127.0.0.1_62789
20:34:10.219 [com.alibaba.nacos.client.remote.worker] INFO  c.a.n.c.r.client - [printIfInfoEnabled,60] - [0d49ff31-77bf-4c57-a0dc-8de1ae4a028c] Notify connected event to listeners.
20:34:10.219 [boundedElastic-1] INFO  c.a.n.c.r.client - [printIfInfoEnabled,60] - [0d49ff31-77bf-4c57-a0dc-8de1ae4a028c] Register server push request handler:com.alibaba.nacos.common.remote.client.RpcClient$ConnectResetRequestHandler
20:34:10.219 [boundedElastic-1] INFO  c.a.n.c.r.client - [printIfInfoEnabled,60] - [0d49ff31-77bf-4c57-a0dc-8de1ae4a028c] Register server push request handler:com.alibaba.nacos.common.remote.client.RpcClient$$Lambda$357/1062181581
20:34:10.219 [com.alibaba.nacos.client.remote.worker] INFO  c.a.n.client.naming - [onConnected,78] - Grpc connection connect
20:34:10.239 [boundedElastic-6] INFO  c.a.n.client.naming - [subscribe,167] - [SUBSCRIBE-SERVICE] service:mf-gateway, group:DEFAULT_GROUP, clusters: 
20:34:10.239 [boundedElastic-11] INFO  c.a.n.client.naming - [subscribe,167] - [SUBSCRIBE-SERVICE] service:mf-code, group:DEFAULT_GROUP, clusters: 
20:34:10.239 [boundedElastic-9] INFO  c.a.n.client.naming - [subscribe,167] - [SUBSCRIBE-SERVICE] service:mf-web, group:DEFAULT_GROUP, clusters: 
20:34:10.239 [boundedElastic-7] INFO  c.a.n.client.naming - [subscribe,167] - [SUBSCRIBE-SERVICE] service:mf-oauth, group:DEFAULT_GROUP, clusters: 
20:34:10.239 [boundedElastic-10] INFO  c.a.n.client.naming - [subscribe,167] - [SUBSCRIBE-SERVICE] service:mf-web, group:DEFAULT_GROUP, clusters: 
20:34:10.239 [boundedElastic-4] INFO  c.a.n.client.naming - [subscribe,167] - [SUBSCRIBE-SERVICE] service:mf-sys, group:DEFAULT_GROUP, clusters: 
20:34:10.239 [boundedElastic-8] INFO  c.a.n.client.naming - [subscribe,167] - [SUBSCRIBE-SERVICE] service:mf-oauth, group:DEFAULT_GROUP, clusters: 
20:34:10.239 [boundedElastic-5] INFO  c.a.n.client.naming - [subscribe,167] - [SUBSCRIBE-SERVICE] service:mf-gateway, group:DEFAULT_GROUP, clusters: 
20:34:10.239 [boundedElastic-12] INFO  c.a.n.client.naming - [subscribe,167] - [SUBSCRIBE-SERVICE] service:mf-code, group:DEFAULT_GROUP, clusters: 
20:34:10.239 [boundedElastic-3] INFO  c.a.n.client.naming - [subscribe,167] - [SUBSCRIBE-SERVICE] service:mf-sys, group:DEFAULT_GROUP, clusters: 
20:34:10.293 [boundedElastic-12] INFO  c.a.n.client.naming - [isChangedServiceInfo,184] - init new ips(0) service: DEFAULT_GROUP@@mf-code -> []
20:34:10.293 [boundedElastic-7] INFO  c.a.n.client.naming - [isChangedServiceInfo,184] - init new ips(0) service: DEFAULT_GROUP@@mf-oauth -> []
20:34:10.293 [boundedElastic-11] INFO  c.a.n.client.naming - [isChangedServiceInfo,184] - init new ips(0) service: DEFAULT_GROUP@@mf-code -> []
20:34:10.293 [boundedElastic-6] INFO  c.a.n.client.naming - [isChangedServiceInfo,184] - init new ips(0) service: DEFAULT_GROUP@@mf-gateway -> []
20:34:10.293 [boundedElastic-9] INFO  c.a.n.client.naming - [isChangedServiceInfo,184] - init new ips(0) service: DEFAULT_GROUP@@mf-web -> []
20:34:10.293 [boundedElastic-8] INFO  c.a.n.client.naming - [isChangedServiceInfo,184] - init new ips(0) service: DEFAULT_GROUP@@mf-oauth -> []
20:34:10.293 [boundedElastic-3] INFO  c.a.n.client.naming - [isChangedServiceInfo,184] - init new ips(0) service: DEFAULT_GROUP@@mf-sys -> []
20:34:10.303 [boundedElastic-9] INFO  c.a.n.client.naming - [processServiceInfo,169] - current ips:(0) service: DEFAULT_GROUP@@mf-web -> []
20:34:10.303 [boundedElastic-8] INFO  c.a.n.client.naming - [processServiceInfo,169] - current ips:(0) service: DEFAULT_GROUP@@mf-oauth -> []
20:34:10.303 [boundedElastic-7] INFO  c.a.n.client.naming - [processServiceInfo,169] - current ips:(0) service: DEFAULT_GROUP@@mf-oauth -> []
20:34:10.303 [boundedElastic-6] INFO  c.a.n.client.naming - [processServiceInfo,169] - current ips:(0) service: DEFAULT_GROUP@@mf-gateway -> []
20:34:10.303 [boundedElastic-3] INFO  c.a.n.client.naming - [processServiceInfo,169] - current ips:(0) service: DEFAULT_GROUP@@mf-sys -> []
20:34:10.303 [boundedElastic-11] INFO  c.a.n.client.naming - [processServiceInfo,169] - current ips:(0) service: DEFAULT_GROUP@@mf-code -> []
20:34:10.303 [boundedElastic-12] INFO  c.a.n.client.naming - [processServiceInfo,169] - current ips:(0) service: DEFAULT_GROUP@@mf-code -> []
20:34:10.773 [nacos-grpc-client-executor-localhost-26] INFO  c.a.n.c.r.client - [printIfInfoEnabled,60] - [0d49ff31-77bf-4c57-a0dc-8de1ae4a028c] Receive server push request, request = NotifySubscriberRequest, requestId = 40
20:34:10.773 [nacos-grpc-client-executor-localhost-26] INFO  c.a.n.c.r.client - [printIfInfoEnabled,60] - [0d49ff31-77bf-4c57-a0dc-8de1ae4a028c] Ack server push request, request = NotifySubscriberRequest, requestId = 40
20:34:10.783 [nacos-grpc-client-executor-localhost-27] INFO  c.a.n.c.r.client - [printIfInfoEnabled,60] - [0d49ff31-77bf-4c57-a0dc-8de1ae4a028c] Receive server push request, request = NotifySubscriberRequest, requestId = 39
20:34:10.783 [nacos-grpc-client-executor-localhost-27] INFO  c.a.n.c.r.client - [printIfInfoEnabled,60] - [0d49ff31-77bf-4c57-a0dc-8de1ae4a028c] Ack server push request, request = NotifySubscriberRequest, requestId = 39
20:34:10.783 [nacos-grpc-client-executor-localhost-28] INFO  c.a.n.c.r.client - [printIfInfoEnabled,60] - [0d49ff31-77bf-4c57-a0dc-8de1ae4a028c] Receive server push request, request = NotifySubscriberRequest, requestId = 41
20:34:10.783 [nacos-grpc-client-executor-localhost-28] INFO  c.a.n.c.r.client - [printIfInfoEnabled,60] - [0d49ff31-77bf-4c57-a0dc-8de1ae4a028c] Ack server push request, request = NotifySubscriberRequest, requestId = 41
20:34:10.783 [nacos-grpc-client-executor-localhost-29] INFO  c.a.n.c.r.client - [printIfInfoEnabled,60] - [0d49ff31-77bf-4c57-a0dc-8de1ae4a028c] Receive server push request, request = NotifySubscriberRequest, requestId = 42
20:34:10.783 [nacos-grpc-client-executor-localhost-29] INFO  c.a.n.c.r.client - [printIfInfoEnabled,60] - [0d49ff31-77bf-4c57-a0dc-8de1ae4a028c] Ack server push request, request = NotifySubscriberRequest, requestId = 42
20:34:10.783 [nacos-grpc-client-executor-localhost-30] INFO  c.a.n.c.r.client - [printIfInfoEnabled,60] - [0d49ff31-77bf-4c57-a0dc-8de1ae4a028c] Receive server push request, request = NotifySubscriberRequest, requestId = 43
20:34:10.783 [nacos-grpc-client-executor-localhost-30] INFO  c.a.n.c.r.client - [printIfInfoEnabled,60] - [0d49ff31-77bf-4c57-a0dc-8de1ae4a028c] Ack server push request, request = NotifySubscriberRequest, requestId = 43
20:34:10.993 [main] INFO  c.a.n.c.e.SearchableProperties - [sortPropertySourceDefaultOrder,197] - properties search order:PROPERTIES->JVM->ENV->DEFAULT_SETTING
20:34:10.993 [main] INFO  c.a.n.p.a.s.c.ClientAuthPluginManager - [init,56] - [ClientAuthPluginManager] Load ClientAuthService com.alibaba.nacos.client.auth.impl.NacosClientAuthServiceImpl success.
20:34:10.993 [main] INFO  c.a.n.p.a.s.c.ClientAuthPluginManager - [init,56] - [ClientAuthPluginManager] Load ClientAuthService com.alibaba.nacos.client.auth.ram.RamClientAuthServiceImpl success.
20:34:11.003 [main] INFO  c.a.n.c.c.i.CacheData - [<clinit>,67] - nacos.cache.data.init.snapshot = true 
20:34:11.013 [main] INFO  c.a.n.c.c.i.ClientWorker - [addCacheDataIfAbsent,381] - [fixed-localhost_8848] [subscribe] sentinel-mf-gateway+DEFAULT_GROUP
20:34:11.013 [main] INFO  c.a.n.c.c.i.CacheData - [addListener,197] - [fixed-localhost_8848] [add-listener] ok, tenant=, dataId=sentinel-mf-gateway, group=DEFAULT_GROUP, cnt=1
20:34:11.013 [main] INFO  c.a.n.c.r.client - [lambda$createClient$0,94] - [RpcClientFactory] create a new rpc client of b7fcccdd-f234-4660-b03f-41ec8dd6e586_config-0
20:34:11.013 [main] INFO  c.a.n.c.r.client - [printIfInfoEnabled,60] - [b7fcccdd-f234-4660-b03f-41ec8dd6e586_config-0] Register server push request handler:com.alibaba.nacos.client.config.impl.ClientWorker$ConfigRpcTransportClient$$Lambda$348/883380345
20:34:11.013 [main] INFO  c.a.n.c.r.client - [printIfInfoEnabled,60] - [b7fcccdd-f234-4660-b03f-41ec8dd6e586_config-0] Register server push request handler:com.alibaba.nacos.client.config.impl.ClientWorker$ConfigRpcTransportClient$$Lambda$349/373544591
20:34:11.013 [main] INFO  c.a.n.c.r.client - [printIfInfoEnabled,60] - [b7fcccdd-f234-4660-b03f-41ec8dd6e586_config-0] Registry connection listener to current client:com.alibaba.nacos.client.config.impl.ClientWorker$ConfigRpcTransportClient$1
20:34:11.013 [main] INFO  c.a.n.c.r.client - [printIfInfoEnabled,60] - [b7fcccdd-f234-4660-b03f-41ec8dd6e586_config-0] RpcClient init, ServerListFactory = com.alibaba.nacos.client.config.impl.ClientWorker$ConfigRpcTransportClient$2
20:34:11.013 [main] INFO  c.a.n.c.r.client - [printIfInfoEnabled,60] - [b7fcccdd-f234-4660-b03f-41ec8dd6e586_config-0] Try to connect to server on start up, server: {serverIp = 'localhost', server main port = 8848}
20:34:11.133 [main] INFO  c.a.n.c.r.client - [printIfInfoEnabled,60] - [b7fcccdd-f234-4660-b03f-41ec8dd6e586_config-0] Success to connect to server [localhost:8848] on start up, connectionId = 1684154051023_127.0.0.1_62791
20:34:11.133 [com.alibaba.nacos.client.remote.worker] INFO  c.a.n.c.r.client - [printIfInfoEnabled,60] - [b7fcccdd-f234-4660-b03f-41ec8dd6e586_config-0] Notify connected event to listeners.
20:34:11.133 [main] INFO  c.a.n.c.r.client - [printIfInfoEnabled,60] - [b7fcccdd-f234-4660-b03f-41ec8dd6e586_config-0] Register server push request handler:com.alibaba.nacos.common.remote.client.RpcClient$ConnectResetRequestHandler
20:34:11.133 [com.alibaba.nacos.client.remote.worker] INFO  c.a.n.c.c.i.ClientWorker - [onConnected,639] - [b7fcccdd-f234-4660-b03f-41ec8dd6e586_config-0] Connected,notify listen context...
20:34:11.133 [main] INFO  c.a.n.c.r.client - [printIfInfoEnabled,60] - [b7fcccdd-f234-4660-b03f-41ec8dd6e586_config-0] Register server push request handler:com.alibaba.nacos.common.remote.client.RpcClient$$Lambda$357/1062181581
20:34:11.273 [main] INFO  c.a.n.client.naming - [subscribe,167] - [SUBSCRIBE-SERVICE] service:mf-gateway, group:DEFAULT_GROUP, clusters:DEFAULT 
20:34:11.273 [main] INFO  c.a.n.client.naming - [isChangedServiceInfo,184] - init new ips(0) service: DEFAULT_GROUP@@mf-gateway@@DEFAULT -> []
20:34:11.273 [main] INFO  c.a.n.client.naming - [processServiceInfo,169] - current ips:(0) service: DEFAULT_GROUP@@mf-gateway@@DEFAULT -> []
20:34:14.020 [main] INFO  c.a.n.client.naming - [registerService,120] - [REGISTER-SERVICE] public registering service mf-gateway with instance Instance{instanceId='null', ip='169.254.54.134', port=8888, weight=1.0, healthy=true, enabled=true, ephemeral=true, clusterName='DEFAULT', serviceName='null', metadata={preserved.register.source=SPRING_CLOUD}}
20:34:14.030 [main] INFO  c.a.c.n.r.NacosServiceRegistry - [register,75] - nacos registry, DEFAULT_GROUP mf-gateway 169.254.54.134:8888 register finished
20:34:14.059 [main] INFO  c.a.s.g.MfGatewayApplication - [logStarted,61] - Started MfGatewayApplication in 20.002 seconds (JVM running for 21.524)
20:34:14.069 [main] INFO  c.a.n.c.c.i.ClientWorker - [addCacheDataIfAbsent,381] - [fixed-localhost_8848] [subscribe] mf-gateway+DEFAULT_GROUP
20:34:14.069 [main] INFO  c.a.n.c.c.i.CacheData - [addListener,197] - [fixed-localhost_8848] [add-listener] ok, tenant=, dataId=mf-gateway, group=DEFAULT_GROUP, cnt=1
20:34:14.069 [main] INFO  c.a.c.n.r.NacosContextRefresher - [registerNacosListener,129] - [Nacos Config] Listening config: dataId=mf-gateway, group=DEFAULT_GROUP
20:34:14.069 [main] INFO  c.a.n.c.c.i.ClientWorker - [addCacheDataIfAbsent,381] - [fixed-localhost_8848] [subscribe] mf-gateway.yml+DEFAULT_GROUP
20:34:14.069 [main] INFO  c.a.n.c.c.i.CacheData - [addListener,197] - [fixed-localhost_8848] [add-listener] ok, tenant=, dataId=mf-gateway.yml, group=DEFAULT_GROUP, cnt=1
20:34:14.069 [main] INFO  c.a.c.n.r.NacosContextRefresher - [registerNacosListener,129] - [Nacos Config] Listening config: dataId=mf-gateway.yml, group=DEFAULT_GROUP
20:34:14.079 [main] INFO  c.a.n.c.c.i.ClientWorker - [addCacheDataIfAbsent,381] - [fixed-localhost_8848] [subscribe] mf-gateway-dev.yml+DEFAULT_GROUP
20:34:14.079 [main] INFO  c.a.n.c.c.i.CacheData - [addListener,197] - [fixed-localhost_8848] [add-listener] ok, tenant=, dataId=mf-gateway-dev.yml, group=DEFAULT_GROUP, cnt=1
20:34:14.079 [main] INFO  c.a.c.n.r.NacosContextRefresher - [registerNacosListener,129] - [Nacos Config] Listening config: dataId=mf-gateway-dev.yml, group=DEFAULT_GROUP
20:34:14.079 [main] INFO  c.a.n.c.c.i.ClientWorker - [addCacheDataIfAbsent,381] - [fixed-localhost_8848] [subscribe] application-dev.yml+DEFAULT_GROUP
20:34:14.079 [main] INFO  c.a.n.c.c.i.CacheData - [addListener,197] - [fixed-localhost_8848] [add-listener] ok, tenant=, dataId=application-dev.yml, group=DEFAULT_GROUP, cnt=1
20:34:14.079 [main] INFO  c.a.c.n.r.NacosContextRefresher - [registerNacosListener,129] - [Nacos Config] Listening config: dataId=application-dev.yml, group=DEFAULT_GROUP
20:34:14.079 [main] INFO  c.a.s.g.MfGatewayApplication - [main,19] - 
	----------------------------------------------------------
	
	--------------------网关服务启动成功-----------------------
	
20:34:14.623 [nacos-grpc-client-executor-localhost-16] INFO  c.a.n.c.r.client - [printIfInfoEnabled,60] - [0d49ff31-77bf-4c57-a0dc-8de1ae4a028c] Receive server push request, request = NotifySubscriberRequest, requestId = 44
20:34:14.623 [nacos-grpc-client-executor-localhost-16] INFO  c.a.n.client.naming - [isChangedServiceInfo,235] - new ips(1) service: DEFAULT_GROUP@@mf-gateway@@DEFAULT -> [{"ip":"169.254.54.134","port":8888,"weight":1.0,"healthy":true,"enabled":true,"ephemeral":true,"clusterName":"DEFAULT","serviceName":"DEFAULT_GROUP@@mf-gateway","metadata":{"preserved.register.source":"SPRING_CLOUD"},"ipDeleteTimeout":30000,"instanceHeartBeatInterval":5000,"instanceHeartBeatTimeOut":15000}]
20:34:14.623 [nacos-grpc-client-executor-localhost-16] INFO  c.a.n.client.naming - [processServiceInfo,169] - current ips:(1) service: DEFAULT_GROUP@@mf-gateway@@DEFAULT -> [{"ip":"169.254.54.134","port":8888,"weight":1.0,"healthy":true,"enabled":true,"ephemeral":true,"clusterName":"DEFAULT","serviceName":"DEFAULT_GROUP@@mf-gateway","metadata":{"preserved.register.source":"SPRING_CLOUD"},"ipDeleteTimeout":30000,"instanceHeartBeatInterval":5000,"instanceHeartBeatTimeOut":15000}]
20:34:14.633 [nacos-grpc-client-executor-localhost-16] INFO  c.a.n.c.r.client - [printIfInfoEnabled,60] - [0d49ff31-77bf-4c57-a0dc-8de1ae4a028c] Ack server push request, request = NotifySubscriberRequest, requestId = 44
20:34:16.945 [nacos-grpc-client-executor-localhost-17] INFO  c.a.n.c.r.client - [printIfInfoEnabled,60] - [0d49ff31-77bf-4c57-a0dc-8de1ae4a028c] Receive server push request, request = NotifySubscriberRequest, requestId = 45
20:34:16.945 [nacos-grpc-client-executor-localhost-17] INFO  c.a.n.c.r.client - [printIfInfoEnabled,60] - [0d49ff31-77bf-4c57-a0dc-8de1ae4a028c] Ack server push request, request = NotifySubscriberRequest, requestId = 45
20:34:27.312 [nacos-grpc-client-executor-localhost-33] INFO  c.a.n.c.r.client - [printIfInfoEnabled,60] - [0d49ff31-77bf-4c57-a0dc-8de1ae4a028c] Receive server push request, request = NotifySubscriberRequest, requestId = 47
20:34:27.312 [nacos-grpc-client-executor-localhost-33] INFO  c.a.n.client.naming - [isChangedServiceInfo,235] - new ips(1) service: DEFAULT_GROUP@@mf-sys -> [{"ip":"169.254.54.134","port":9221,"weight":1.0,"healthy":true,"enabled":true,"ephemeral":true,"clusterName":"DEFAULT","serviceName":"DEFAULT_GROUP@@mf-sys","metadata":{"preserved.register.source":"SPRING_CLOUD"},"ipDeleteTimeout":30000,"instanceHeartBeatInterval":5000,"instanceHeartBeatTimeOut":15000}]
20:34:27.312 [nacos-grpc-client-executor-localhost-33] INFO  c.a.n.client.naming - [processServiceInfo,169] - current ips:(1) service: DEFAULT_GROUP@@mf-sys -> [{"ip":"169.254.54.134","port":9221,"weight":1.0,"healthy":true,"enabled":true,"ephemeral":true,"clusterName":"DEFAULT","serviceName":"DEFAULT_GROUP@@mf-sys","metadata":{"preserved.register.source":"SPRING_CLOUD"},"ipDeleteTimeout":30000,"instanceHeartBeatInterval":5000,"instanceHeartBeatTimeOut":15000}]
20:34:27.312 [nacos-grpc-client-executor-localhost-33] INFO  c.a.n.c.r.client - [printIfInfoEnabled,60] - [0d49ff31-77bf-4c57-a0dc-8de1ae4a028c] Ack server push request, request = NotifySubscriberRequest, requestId = 47
20:34:27.944 [nacos-grpc-client-executor-localhost-34] INFO  c.a.n.c.r.client - [printIfInfoEnabled,60] - [0d49ff31-77bf-4c57-a0dc-8de1ae4a028c] Receive server push request, request = NotifySubscriberRequest, requestId = 49
20:34:27.944 [nacos-grpc-client-executor-localhost-34] INFO  c.a.n.client.naming - [isChangedServiceInfo,235] - new ips(1) service: DEFAULT_GROUP@@mf-oauth -> [{"ip":"169.254.54.134","port":9218,"weight":1.0,"healthy":true,"enabled":true,"ephemeral":true,"clusterName":"DEFAULT","serviceName":"DEFAULT_GROUP@@mf-oauth","metadata":{"preserved.register.source":"SPRING_CLOUD"},"ipDeleteTimeout":30000,"instanceHeartBeatInterval":5000,"instanceHeartBeatTimeOut":15000}]
20:34:27.944 [nacos-grpc-client-executor-localhost-34] INFO  c.a.n.client.naming - [processServiceInfo,169] - current ips:(1) service: DEFAULT_GROUP@@mf-oauth -> [{"ip":"169.254.54.134","port":9218,"weight":1.0,"healthy":true,"enabled":true,"ephemeral":true,"clusterName":"DEFAULT","serviceName":"DEFAULT_GROUP@@mf-oauth","metadata":{"preserved.register.source":"SPRING_CLOUD"},"ipDeleteTimeout":30000,"instanceHeartBeatInterval":5000,"instanceHeartBeatTimeOut":15000}]
20:34:27.954 [nacos-grpc-client-executor-localhost-34] INFO  c.a.n.c.r.client - [printIfInfoEnabled,60] - [0d49ff31-77bf-4c57-a0dc-8de1ae4a028c] Ack server push request, request = NotifySubscriberRequest, requestId = 49
20:34:28.476 [nacos-grpc-client-executor-localhost-35] INFO  c.a.n.c.r.client - [printIfInfoEnabled,60] - [0d49ff31-77bf-4c57-a0dc-8de1ae4a028c] Receive server push request, request = NotifySubscriberRequest, requestId = 51
20:34:28.476 [nacos-grpc-client-executor-localhost-35] INFO  c.a.n.client.naming - [isChangedServiceInfo,235] - new ips(1) service: DEFAULT_GROUP@@mf-code -> [{"ip":"169.254.54.134","port":9220,"weight":1.0,"healthy":true,"enabled":true,"ephemeral":true,"clusterName":"DEFAULT","serviceName":"DEFAULT_GROUP@@mf-code","metadata":{"preserved.register.source":"SPRING_CLOUD"},"ipDeleteTimeout":30000,"instanceHeartBeatInterval":5000,"instanceHeartBeatTimeOut":15000}]
20:34:28.476 [nacos-grpc-client-executor-localhost-35] INFO  c.a.n.client.naming - [processServiceInfo,169] - current ips:(1) service: DEFAULT_GROUP@@mf-code -> [{"ip":"169.254.54.134","port":9220,"weight":1.0,"healthy":true,"enabled":true,"ephemeral":true,"clusterName":"DEFAULT","serviceName":"DEFAULT_GROUP@@mf-code","metadata":{"preserved.register.source":"SPRING_CLOUD"},"ipDeleteTimeout":30000,"instanceHeartBeatInterval":5000,"instanceHeartBeatTimeOut":15000}]
20:34:28.486 [nacos-grpc-client-executor-localhost-35] INFO  c.a.n.c.r.client - [printIfInfoEnabled,60] - [0d49ff31-77bf-4c57-a0dc-8de1ae4a028c] Ack server push request, request = NotifySubscriberRequest, requestId = 51
20:34:31.684 [nacos-grpc-client-executor-localhost-36] INFO  c.a.n.c.r.client - [printIfInfoEnabled,60] - [0d49ff31-77bf-4c57-a0dc-8de1ae4a028c] Receive server push request, request = NotifySubscriberRequest, requestId = 53
20:34:31.684 [nacos-grpc-client-executor-localhost-36] INFO  c.a.n.client.naming - [isChangedServiceInfo,235] - new ips(1) service: DEFAULT_GROUP@@mf-web -> [{"ip":"169.254.54.134","port":9225,"weight":1.0,"healthy":true,"enabled":true,"ephemeral":true,"clusterName":"DEFAULT","serviceName":"DEFAULT_GROUP@@mf-web","metadata":{"preserved.register.source":"SPRING_CLOUD"},"ipDeleteTimeout":30000,"instanceHeartBeatInterval":5000,"instanceHeartBeatTimeOut":15000}]
20:34:31.684 [nacos-grpc-client-executor-localhost-36] INFO  c.a.n.client.naming - [processServiceInfo,169] - current ips:(1) service: DEFAULT_GROUP@@mf-web -> [{"ip":"169.254.54.134","port":9225,"weight":1.0,"healthy":true,"enabled":true,"ephemeral":true,"clusterName":"DEFAULT","serviceName":"DEFAULT_GROUP@@mf-web","metadata":{"preserved.register.source":"SPRING_CLOUD"},"ipDeleteTimeout":30000,"instanceHeartBeatInterval":5000,"instanceHeartBeatTimeOut":15000}]
20:34:31.684 [nacos-grpc-client-executor-localhost-36] INFO  c.a.n.c.r.client - [printIfInfoEnabled,60] - [0d49ff31-77bf-4c57-a0dc-8de1ae4a028c] Ack server push request, request = NotifySubscriberRequest, requestId = 53
20:34:56.341 [boundedElastic-8] INFO  c.a.n.client.naming - [subscribe,167] - [SUBSCRIBE-SERVICE] service:mf-storage, group:DEFAULT_GROUP, clusters: 
20:34:56.346 [boundedElastic-8] INFO  c.a.n.client.naming - [isChangedServiceInfo,184] - init new ips(0) service: DEFAULT_GROUP@@mf-storage -> []
20:34:56.347 [boundedElastic-8] INFO  c.a.n.client.naming - [processServiceInfo,169] - current ips:(0) service: DEFAULT_GROUP@@mf-storage -> []
20:34:56.886 [nacos-grpc-client-executor-localhost-49] INFO  c.a.n.c.r.client - [printIfInfoEnabled,60] - [0d49ff31-77bf-4c57-a0dc-8de1ae4a028c] Receive server push request, request = NotifySubscriberRequest, requestId = 55
20:34:56.886 [nacos-grpc-client-executor-localhost-49] INFO  c.a.n.c.r.client - [printIfInfoEnabled,60] - [0d49ff31-77bf-4c57-a0dc-8de1ae4a028c] Ack server push request, request = NotifySubscriberRequest, requestId = 55
22:52:37.134 [nacos-grpc-client-executor-localhost-1997] INFO  c.a.n.c.r.client - [printIfInfoEnabled,60] - [0d49ff31-77bf-4c57-a0dc-8de1ae4a028c] Receive server push request, request = NotifySubscriberRequest, requestId = 56
22:52:37.144 [nacos-grpc-client-executor-localhost-1997] INFO  c.a.n.client.naming - [isChangedServiceInfo,241] - removed ips(1) service: DEFAULT_GROUP@@mf-web -> [{"ip":"169.254.54.134","port":9225,"weight":1.0,"healthy":true,"enabled":true,"ephemeral":true,"clusterName":"DEFAULT","serviceName":"DEFAULT_GROUP@@mf-web","metadata":{"preserved.register.source":"SPRING_CLOUD"},"ipDeleteTimeout":30000,"instanceHeartBeatInterval":5000,"instanceHeartBeatTimeOut":15000}]
22:52:37.144 [nacos-grpc-client-executor-localhost-1997] INFO  c.a.n.client.naming - [processServiceInfo,169] - current ips:(0) service: DEFAULT_GROUP@@mf-web -> []
22:52:37.154 [nacos-grpc-client-executor-localhost-1997] INFO  c.a.n.c.r.client - [printIfInfoEnabled,60] - [0d49ff31-77bf-4c57-a0dc-8de1ae4a028c] Ack server push request, request = NotifySubscriberRequest, requestId = 56
22:54:29.746 [nacos-grpc-client-executor-localhost-2024] INFO  c.a.n.c.r.client - [printIfInfoEnabled,60] - [0d49ff31-77bf-4c57-a0dc-8de1ae4a028c] Receive server push request, request = NotifySubscriberRequest, requestId = 58
22:54:29.746 [nacos-grpc-client-executor-localhost-2024] INFO  c.a.n.client.naming - [isChangedServiceInfo,235] - new ips(1) service: DEFAULT_GROUP@@mf-web -> [{"ip":"169.254.54.134","port":9225,"weight":1.0,"healthy":true,"enabled":true,"ephemeral":true,"clusterName":"DEFAULT","serviceName":"DEFAULT_GROUP@@mf-web","metadata":{"preserved.register.source":"SPRING_CLOUD"},"ipDeleteTimeout":30000,"instanceHeartBeatInterval":5000,"instanceHeartBeatTimeOut":15000}]
22:54:29.746 [nacos-grpc-client-executor-localhost-2024] INFO  c.a.n.client.naming - [processServiceInfo,169] - current ips:(1) service: DEFAULT_GROUP@@mf-web -> [{"ip":"169.254.54.134","port":9225,"weight":1.0,"healthy":true,"enabled":true,"ephemeral":true,"clusterName":"DEFAULT","serviceName":"DEFAULT_GROUP@@mf-web","metadata":{"preserved.register.source":"SPRING_CLOUD"},"ipDeleteTimeout":30000,"instanceHeartBeatInterval":5000,"instanceHeartBeatTimeOut":15000}]
22:54:29.751 [nacos-grpc-client-executor-localhost-2024] INFO  c.a.n.c.r.client - [printIfInfoEnabled,60] - [0d49ff31-77bf-4c57-a0dc-8de1ae4a028c] Ack server push request, request = NotifySubscriberRequest, requestId = 58
23:10:14.465 [nacos-grpc-client-executor-localhost-2246] INFO  c.a.n.c.r.client - [printIfInfoEnabled,60] - [0d49ff31-77bf-4c57-a0dc-8de1ae4a028c] Receive server push request, request = NotifySubscriberRequest, requestId = 59
23:10:14.466 [nacos-grpc-client-executor-localhost-2246] INFO  c.a.n.client.naming - [isChangedServiceInfo,241] - removed ips(1) service: DEFAULT_GROUP@@mf-web -> [{"ip":"169.254.54.134","port":9225,"weight":1.0,"healthy":true,"enabled":true,"ephemeral":true,"clusterName":"DEFAULT","serviceName":"DEFAULT_GROUP@@mf-web","metadata":{"preserved.register.source":"SPRING_CLOUD"},"ipDeleteTimeout":30000,"instanceHeartBeatInterval":5000,"instanceHeartBeatTimeOut":15000}]
23:10:14.466 [nacos-grpc-client-executor-localhost-2246] INFO  c.a.n.client.naming - [processServiceInfo,169] - current ips:(0) service: DEFAULT_GROUP@@mf-web -> []
23:10:14.466 [nacos-grpc-client-executor-localhost-2246] INFO  c.a.n.c.r.client - [printIfInfoEnabled,60] - [0d49ff31-77bf-4c57-a0dc-8de1ae4a028c] Ack server push request, request = NotifySubscriberRequest, requestId = 59
23:10:33.035 [nacos-grpc-client-executor-localhost-2250] INFO  c.a.n.c.r.client - [printIfInfoEnabled,60] - [0d49ff31-77bf-4c57-a0dc-8de1ae4a028c] Receive server push request, request = NotifySubscriberRequest, requestId = 61
23:10:33.037 [nacos-grpc-client-executor-localhost-2250] INFO  c.a.n.client.naming - [isChangedServiceInfo,235] - new ips(1) service: DEFAULT_GROUP@@mf-web -> [{"ip":"169.254.54.134","port":9225,"weight":1.0,"healthy":true,"enabled":true,"ephemeral":true,"clusterName":"DEFAULT","serviceName":"DEFAULT_GROUP@@mf-web","metadata":{"preserved.register.source":"SPRING_CLOUD"},"ipDeleteTimeout":30000,"instanceHeartBeatInterval":5000,"instanceHeartBeatTimeOut":15000}]
23:10:33.039 [nacos-grpc-client-executor-localhost-2250] INFO  c.a.n.client.naming - [processServiceInfo,169] - current ips:(1) service: DEFAULT_GROUP@@mf-web -> [{"ip":"169.254.54.134","port":9225,"weight":1.0,"healthy":true,"enabled":true,"ephemeral":true,"clusterName":"DEFAULT","serviceName":"DEFAULT_GROUP@@mf-web","metadata":{"preserved.register.source":"SPRING_CLOUD"},"ipDeleteTimeout":30000,"instanceHeartBeatInterval":5000,"instanceHeartBeatTimeOut":15000}]
23:10:33.048 [nacos-grpc-client-executor-localhost-2250] INFO  c.a.n.c.r.client - [printIfInfoEnabled,60] - [0d49ff31-77bf-4c57-a0dc-8de1ae4a028c] Ack server push request, request = NotifySubscriberRequest, requestId = 61
23:24:16.761 [nacos-grpc-client-executor-localhost-2445] INFO  c.a.n.c.r.client - [printIfInfoEnabled,60] - [0d49ff31-77bf-4c57-a0dc-8de1ae4a028c] Receive server push request, request = NotifySubscriberRequest, requestId = 63
23:24:16.762 [nacos-grpc-client-executor-localhost-2445] INFO  c.a.n.client.naming - [isChangedServiceInfo,241] - removed ips(1) service: DEFAULT_GROUP@@mf-web -> [{"ip":"169.254.54.134","port":9225,"weight":1.0,"healthy":true,"enabled":true,"ephemeral":true,"clusterName":"DEFAULT","serviceName":"DEFAULT_GROUP@@mf-web","metadata":{"preserved.register.source":"SPRING_CLOUD"},"ipDeleteTimeout":30000,"instanceHeartBeatInterval":5000,"instanceHeartBeatTimeOut":15000}]
23:24:16.763 [nacos-grpc-client-executor-localhost-2445] INFO  c.a.n.client.naming - [processServiceInfo,169] - current ips:(0) service: DEFAULT_GROUP@@mf-web -> []
23:24:16.769 [nacos-grpc-client-executor-localhost-2445] INFO  c.a.n.c.r.client - [printIfInfoEnabled,60] - [0d49ff31-77bf-4c57-a0dc-8de1ae4a028c] Ack server push request, request = NotifySubscriberRequest, requestId = 63
23:24:37.912 [nacos-grpc-client-executor-localhost-2451] INFO  c.a.n.c.r.client - [printIfInfoEnabled,60] - [0d49ff31-77bf-4c57-a0dc-8de1ae4a028c] Receive server push request, request = NotifySubscriberRequest, requestId = 65
23:24:37.912 [nacos-grpc-client-executor-localhost-2451] INFO  c.a.n.client.naming - [isChangedServiceInfo,235] - new ips(1) service: DEFAULT_GROUP@@mf-web -> [{"ip":"169.254.54.134","port":9225,"weight":1.0,"healthy":true,"enabled":true,"ephemeral":true,"clusterName":"DEFAULT","serviceName":"DEFAULT_GROUP@@mf-web","metadata":{"preserved.register.source":"SPRING_CLOUD"},"ipDeleteTimeout":30000,"instanceHeartBeatInterval":5000,"instanceHeartBeatTimeOut":15000}]
23:24:37.913 [nacos-grpc-client-executor-localhost-2451] INFO  c.a.n.client.naming - [processServiceInfo,169] - current ips:(1) service: DEFAULT_GROUP@@mf-web -> [{"ip":"169.254.54.134","port":9225,"weight":1.0,"healthy":true,"enabled":true,"ephemeral":true,"clusterName":"DEFAULT","serviceName":"DEFAULT_GROUP@@mf-web","metadata":{"preserved.register.source":"SPRING_CLOUD"},"ipDeleteTimeout":30000,"instanceHeartBeatInterval":5000,"instanceHeartBeatTimeOut":15000}]
23:24:37.919 [nacos-grpc-client-executor-localhost-2451] INFO  c.a.n.c.r.client - [printIfInfoEnabled,60] - [0d49ff31-77bf-4c57-a0dc-8de1ae4a028c] Ack server push request, request = NotifySubscriberRequest, requestId = 65
23:26:17.673 [nacos-grpc-client-executor-localhost-2475] INFO  c.a.n.c.r.client - [printIfInfoEnabled,60] - [0d49ff31-77bf-4c57-a0dc-8de1ae4a028c] Receive server push request, request = NotifySubscriberRequest, requestId = 66
23:26:17.673 [nacos-grpc-client-executor-localhost-2475] INFO  c.a.n.client.naming - [isChangedServiceInfo,241] - removed ips(1) service: DEFAULT_GROUP@@mf-web -> [{"ip":"169.254.54.134","port":9225,"weight":1.0,"healthy":true,"enabled":true,"ephemeral":true,"clusterName":"DEFAULT","serviceName":"DEFAULT_GROUP@@mf-web","metadata":{"preserved.register.source":"SPRING_CLOUD"},"ipDeleteTimeout":30000,"instanceHeartBeatInterval":5000,"instanceHeartBeatTimeOut":15000}]
23:26:17.673 [nacos-grpc-client-executor-localhost-2475] INFO  c.a.n.client.naming - [processServiceInfo,169] - current ips:(0) service: DEFAULT_GROUP@@mf-web -> []
23:26:17.683 [nacos-grpc-client-executor-localhost-2475] INFO  c.a.n.c.r.client - [printIfInfoEnabled,60] - [0d49ff31-77bf-4c57-a0dc-8de1ae4a028c] Ack server push request, request = NotifySubscriberRequest, requestId = 66
23:26:39.925 [nacos-grpc-client-executor-localhost-2480] INFO  c.a.n.c.r.client - [printIfInfoEnabled,60] - [0d49ff31-77bf-4c57-a0dc-8de1ae4a028c] Receive server push request, request = NotifySubscriberRequest, requestId = 68
23:26:39.926 [nacos-grpc-client-executor-localhost-2480] INFO  c.a.n.client.naming - [isChangedServiceInfo,235] - new ips(1) service: DEFAULT_GROUP@@mf-web -> [{"ip":"169.254.54.134","port":9225,"weight":1.0,"healthy":true,"enabled":true,"ephemeral":true,"clusterName":"DEFAULT","serviceName":"DEFAULT_GROUP@@mf-web","metadata":{"preserved.register.source":"SPRING_CLOUD"},"ipDeleteTimeout":30000,"instanceHeartBeatInterval":5000,"instanceHeartBeatTimeOut":15000}]
23:26:39.926 [nacos-grpc-client-executor-localhost-2480] INFO  c.a.n.client.naming - [processServiceInfo,169] - current ips:(1) service: DEFAULT_GROUP@@mf-web -> [{"ip":"169.254.54.134","port":9225,"weight":1.0,"healthy":true,"enabled":true,"ephemeral":true,"clusterName":"DEFAULT","serviceName":"DEFAULT_GROUP@@mf-web","metadata":{"preserved.register.source":"SPRING_CLOUD"},"ipDeleteTimeout":30000,"instanceHeartBeatInterval":5000,"instanceHeartBeatTimeOut":15000}]
23:26:39.933 [nacos-grpc-client-executor-localhost-2480] INFO  c.a.n.c.r.client - [printIfInfoEnabled,60] - [0d49ff31-77bf-4c57-a0dc-8de1ae4a028c] Ack server push request, request = NotifySubscriberRequest, requestId = 68
23:42:35.853 [nacos-grpc-client-executor-localhost-2706] INFO  c.a.n.c.r.client - [printIfInfoEnabled,60] - [0d49ff31-77bf-4c57-a0dc-8de1ae4a028c] Receive server push request, request = NotifySubscriberRequest, requestId = 69
23:42:35.853 [nacos-grpc-client-executor-localhost-2706] INFO  c.a.n.client.naming - [isChangedServiceInfo,241] - removed ips(1) service: DEFAULT_GROUP@@mf-web -> [{"ip":"169.254.54.134","port":9225,"weight":1.0,"healthy":true,"enabled":true,"ephemeral":true,"clusterName":"DEFAULT","serviceName":"DEFAULT_GROUP@@mf-web","metadata":{"preserved.register.source":"SPRING_CLOUD"},"ipDeleteTimeout":30000,"instanceHeartBeatInterval":5000,"instanceHeartBeatTimeOut":15000}]
23:42:35.853 [nacos-grpc-client-executor-localhost-2706] INFO  c.a.n.client.naming - [processServiceInfo,169] - current ips:(0) service: DEFAULT_GROUP@@mf-web -> []
23:42:35.863 [nacos-grpc-client-executor-localhost-2706] INFO  c.a.n.c.r.client - [printIfInfoEnabled,60] - [0d49ff31-77bf-4c57-a0dc-8de1ae4a028c] Ack server push request, request = NotifySubscriberRequest, requestId = 69
23:42:58.081 [nacos-grpc-client-executor-localhost-2712] INFO  c.a.n.c.r.client - [printIfInfoEnabled,60] - [0d49ff31-77bf-4c57-a0dc-8de1ae4a028c] Receive server push request, request = NotifySubscriberRequest, requestId = 71
23:42:58.082 [nacos-grpc-client-executor-localhost-2712] INFO  c.a.n.client.naming - [isChangedServiceInfo,235] - new ips(1) service: DEFAULT_GROUP@@mf-web -> [{"ip":"169.254.54.134","port":9225,"weight":1.0,"healthy":true,"enabled":true,"ephemeral":true,"clusterName":"DEFAULT","serviceName":"DEFAULT_GROUP@@mf-web","metadata":{"preserved.register.source":"SPRING_CLOUD"},"ipDeleteTimeout":30000,"instanceHeartBeatInterval":5000,"instanceHeartBeatTimeOut":15000}]
23:42:58.082 [nacos-grpc-client-executor-localhost-2712] INFO  c.a.n.client.naming - [processServiceInfo,169] - current ips:(1) service: DEFAULT_GROUP@@mf-web -> [{"ip":"169.254.54.134","port":9225,"weight":1.0,"healthy":true,"enabled":true,"ephemeral":true,"clusterName":"DEFAULT","serviceName":"DEFAULT_GROUP@@mf-web","metadata":{"preserved.register.source":"SPRING_CLOUD"},"ipDeleteTimeout":30000,"instanceHeartBeatInterval":5000,"instanceHeartBeatTimeOut":15000}]
23:42:58.083 [nacos-grpc-client-executor-localhost-2712] INFO  c.a.n.c.r.client - [printIfInfoEnabled,60] - [0d49ff31-77bf-4c57-a0dc-8de1ae4a028c] Ack server push request, request = NotifySubscriberRequest, requestId = 71
23:51:34.575 [nacos-grpc-client-executor-localhost-2834] INFO  c.a.n.c.r.client - [printIfInfoEnabled,60] - [0d49ff31-77bf-4c57-a0dc-8de1ae4a028c] Receive server push request, request = NotifySubscriberRequest, requestId = 72
23:51:34.575 [nacos-grpc-client-executor-localhost-2834] INFO  c.a.n.client.naming - [isChangedServiceInfo,241] - removed ips(1) service: DEFAULT_GROUP@@mf-web -> [{"ip":"169.254.54.134","port":9225,"weight":1.0,"healthy":true,"enabled":true,"ephemeral":true,"clusterName":"DEFAULT","serviceName":"DEFAULT_GROUP@@mf-web","metadata":{"preserved.register.source":"SPRING_CLOUD"},"ipDeleteTimeout":30000,"instanceHeartBeatInterval":5000,"instanceHeartBeatTimeOut":15000}]
23:51:34.576 [nacos-grpc-client-executor-localhost-2834] INFO  c.a.n.client.naming - [processServiceInfo,169] - current ips:(0) service: DEFAULT_GROUP@@mf-web -> []
23:51:34.582 [nacos-grpc-client-executor-localhost-2834] INFO  c.a.n.c.r.client - [printIfInfoEnabled,60] - [0d49ff31-77bf-4c57-a0dc-8de1ae4a028c] Ack server push request, request = NotifySubscriberRequest, requestId = 72
23:51:57.285 [nacos-grpc-client-executor-localhost-2840] INFO  c.a.n.c.r.client - [printIfInfoEnabled,60] - [0d49ff31-77bf-4c57-a0dc-8de1ae4a028c] Receive server push request, request = NotifySubscriberRequest, requestId = 74
23:51:57.285 [nacos-grpc-client-executor-localhost-2840] INFO  c.a.n.client.naming - [isChangedServiceInfo,235] - new ips(1) service: DEFAULT_GROUP@@mf-web -> [{"ip":"169.254.54.134","port":9225,"weight":1.0,"healthy":true,"enabled":true,"ephemeral":true,"clusterName":"DEFAULT","serviceName":"DEFAULT_GROUP@@mf-web","metadata":{"preserved.register.source":"SPRING_CLOUD"},"ipDeleteTimeout":30000,"instanceHeartBeatInterval":5000,"instanceHeartBeatTimeOut":15000}]
23:51:57.286 [nacos-grpc-client-executor-localhost-2840] INFO  c.a.n.client.naming - [processServiceInfo,169] - current ips:(1) service: DEFAULT_GROUP@@mf-web -> [{"ip":"169.254.54.134","port":9225,"weight":1.0,"healthy":true,"enabled":true,"ephemeral":true,"clusterName":"DEFAULT","serviceName":"DEFAULT_GROUP@@mf-web","metadata":{"preserved.register.source":"SPRING_CLOUD"},"ipDeleteTimeout":30000,"instanceHeartBeatInterval":5000,"instanceHeartBeatTimeOut":15000}]
23:51:57.290 [nacos-grpc-client-executor-localhost-2840] INFO  c.a.n.c.r.client - [printIfInfoEnabled,60] - [0d49ff31-77bf-4c57-a0dc-8de1ae4a028c] Ack server push request, request = NotifySubscriberRequest, requestId = 74
