16:38:19.774 [main] INFO  c.a.s.g.MfGatewayApplication - [logStartupProfileInfo,637] - The following 1 profile is active: "dev"
16:38:30.312 [main] INFO  c.a.c.s.g.s.SentinelSCGAutoConfiguration - [sentinelGatewayFilter,144] - [Sentinel SpringCloudGateway] register SentinelGatewayFilter with order: -2147483648
16:38:30.934 [main] INFO  c.a.c.s.g.s.SentinelSCGAutoConfiguration - [sentinelGatewayBlockExceptionHandler,134] - [Sentinel SpringCloudGateway] register SentinelGatewayBlockExceptionHandler
16:38:31.450 [boundedElastic-1] INFO  c.a.n.c.e.SearchableProperties - [sortPropertySourceDefaultOrder,197] - properties search order:PROPERTIES->JVM->ENV->DEFAULT_SETTING
16:38:31.454 [boundedElastic-1] INFO  c.a.n.client.naming - [initNamespaceForNaming,61] - initializer namespace from System Property : null
16:38:31.456 [boundedElastic-1] INFO  c.a.n.client.naming - [lambda$initNamespaceForNaming$0,65] - initializer namespace from System Environment :null
16:38:31.456 [boundedElastic-1] INFO  c.a.n.client.naming - [lambda$initNamespaceForNaming$1,72] - initializer namespace from System Property :
16:38:31.477 [boundedElastic-1] INFO  c.a.n.p.a.s.c.ClientAuthPluginManager - [init,56] - [ClientAuthPluginManager] Load ClientAuthService com.alibaba.nacos.client.auth.impl.NacosClientAuthServiceImpl success.
16:38:31.478 [boundedElastic-1] INFO  c.a.n.p.a.s.c.ClientAuthPluginManager - [init,56] - [ClientAuthPluginManager] Load ClientAuthService com.alibaba.nacos.client.auth.ram.RamClientAuthServiceImpl success.
16:38:31.484 [boundedElastic-1] INFO  c.a.n.c.r.client - [lambda$createClient$0,94] - [RpcClientFactory] create a new rpc client of 0da5a7ca-1983-41bb-8daa-295ab6ab71ce
16:38:31.488 [boundedElastic-1] INFO  c.a.n.c.r.client - [printIfInfoEnabled,60] - [0da5a7ca-1983-41bb-8daa-295ab6ab71ce] RpcClient init, ServerListFactory = com.alibaba.nacos.client.naming.core.ServerListManager
16:38:31.488 [boundedElastic-1] INFO  c.a.n.c.r.client - [printIfInfoEnabled,60] - [0da5a7ca-1983-41bb-8daa-295ab6ab71ce] Registry connection listener to current client:com.alibaba.nacos.client.naming.remote.gprc.redo.NamingGrpcRedoService
16:38:31.490 [boundedElastic-1] INFO  c.a.n.c.r.client - [printIfInfoEnabled,60] - [0da5a7ca-1983-41bb-8daa-295ab6ab71ce] Register server push request handler:com.alibaba.nacos.client.naming.remote.gprc.NamingPushRequestHandler
16:38:31.490 [boundedElastic-1] INFO  c.a.n.c.r.client - [printIfInfoEnabled,60] - [0da5a7ca-1983-41bb-8daa-295ab6ab71ce] Try to connect to server on start up, server: {serverIp = 'localhost', server main port = 8848}
16:38:31.611 [boundedElastic-1] INFO  c.a.n.c.r.client - [printIfInfoEnabled,60] - [0da5a7ca-1983-41bb-8daa-295ab6ab71ce] Success to connect to server [localhost:8848] on start up, connectionId = 1684226311499_127.0.0.1_49331
16:38:31.611 [boundedElastic-1] INFO  c.a.n.c.r.client - [printIfInfoEnabled,60] - [0da5a7ca-1983-41bb-8daa-295ab6ab71ce] Register server push request handler:com.alibaba.nacos.common.remote.client.RpcClient$ConnectResetRequestHandler
16:38:31.611 [boundedElastic-1] INFO  c.a.n.c.r.client - [printIfInfoEnabled,60] - [0da5a7ca-1983-41bb-8daa-295ab6ab71ce] Register server push request handler:com.alibaba.nacos.common.remote.client.RpcClient$$Lambda$357/1333529571
16:38:31.611 [com.alibaba.nacos.client.remote.worker] INFO  c.a.n.c.r.client - [printIfInfoEnabled,60] - [0da5a7ca-1983-41bb-8daa-295ab6ab71ce] Notify connected event to listeners.
16:38:31.612 [com.alibaba.nacos.client.remote.worker] INFO  c.a.n.client.naming - [onConnected,78] - Grpc connection connect
16:38:32.231 [main] INFO  c.a.n.c.e.SearchableProperties - [sortPropertySourceDefaultOrder,197] - properties search order:PROPERTIES->JVM->ENV->DEFAULT_SETTING
16:38:32.233 [main] INFO  c.a.n.p.a.s.c.ClientAuthPluginManager - [init,56] - [ClientAuthPluginManager] Load ClientAuthService com.alibaba.nacos.client.auth.impl.NacosClientAuthServiceImpl success.
16:38:32.234 [main] INFO  c.a.n.p.a.s.c.ClientAuthPluginManager - [init,56] - [ClientAuthPluginManager] Load ClientAuthService com.alibaba.nacos.client.auth.ram.RamClientAuthServiceImpl success.
16:38:32.236 [main] INFO  c.a.n.c.c.i.CacheData - [<clinit>,67] - nacos.cache.data.init.snapshot = true 
16:38:32.244 [main] INFO  c.a.n.c.c.i.ClientWorker - [addCacheDataIfAbsent,381] - [fixed-localhost_8848] [subscribe] sentinel-mf-gateway+DEFAULT_GROUP
16:38:32.256 [main] INFO  c.a.n.c.c.i.CacheData - [addListener,197] - [fixed-localhost_8848] [add-listener] ok, tenant=, dataId=sentinel-mf-gateway, group=DEFAULT_GROUP, cnt=1
16:38:32.257 [main] INFO  c.a.n.c.r.client - [lambda$createClient$0,94] - [RpcClientFactory] create a new rpc client of 8900e7c6-959c-476c-87bb-034a17fe8b5b_config-0
16:38:32.258 [main] INFO  c.a.n.c.r.client - [printIfInfoEnabled,60] - [8900e7c6-959c-476c-87bb-034a17fe8b5b_config-0] Register server push request handler:com.alibaba.nacos.client.config.impl.ClientWorker$ConfigRpcTransportClient$$Lambda$348/373544591
16:38:32.258 [main] INFO  c.a.n.c.r.client - [printIfInfoEnabled,60] - [8900e7c6-959c-476c-87bb-034a17fe8b5b_config-0] Register server push request handler:com.alibaba.nacos.client.config.impl.ClientWorker$ConfigRpcTransportClient$$Lambda$349/1210939243
16:38:32.258 [main] INFO  c.a.n.c.r.client - [printIfInfoEnabled,60] - [8900e7c6-959c-476c-87bb-034a17fe8b5b_config-0] Registry connection listener to current client:com.alibaba.nacos.client.config.impl.ClientWorker$ConfigRpcTransportClient$1
16:38:32.258 [main] INFO  c.a.n.c.r.client - [printIfInfoEnabled,60] - [8900e7c6-959c-476c-87bb-034a17fe8b5b_config-0] RpcClient init, ServerListFactory = com.alibaba.nacos.client.config.impl.ClientWorker$ConfigRpcTransportClient$2
16:38:32.259 [main] INFO  c.a.n.c.r.client - [printIfInfoEnabled,60] - [8900e7c6-959c-476c-87bb-034a17fe8b5b_config-0] Try to connect to server on start up, server: {serverIp = 'localhost', server main port = 8848}
16:38:32.384 [main] INFO  c.a.n.c.r.client - [printIfInfoEnabled,60] - [8900e7c6-959c-476c-87bb-034a17fe8b5b_config-0] Success to connect to server [localhost:8848] on start up, connectionId = 1684226312266_127.0.0.1_49335
16:38:32.384 [com.alibaba.nacos.client.remote.worker] INFO  c.a.n.c.r.client - [printIfInfoEnabled,60] - [8900e7c6-959c-476c-87bb-034a17fe8b5b_config-0] Notify connected event to listeners.
16:38:32.384 [main] INFO  c.a.n.c.r.client - [printIfInfoEnabled,60] - [8900e7c6-959c-476c-87bb-034a17fe8b5b_config-0] Register server push request handler:com.alibaba.nacos.common.remote.client.RpcClient$ConnectResetRequestHandler
16:38:32.385 [main] INFO  c.a.n.c.r.client - [printIfInfoEnabled,60] - [8900e7c6-959c-476c-87bb-034a17fe8b5b_config-0] Register server push request handler:com.alibaba.nacos.common.remote.client.RpcClient$$Lambda$357/1333529571
16:38:32.385 [com.alibaba.nacos.client.remote.worker] INFO  c.a.n.c.c.i.ClientWorker - [onConnected,639] - [8900e7c6-959c-476c-87bb-034a17fe8b5b_config-0] Connected,notify listen context...
16:38:32.531 [main] INFO  c.a.n.client.naming - [subscribe,167] - [SUBSCRIBE-SERVICE] service:mf-gateway, group:DEFAULT_GROUP, clusters:DEFAULT 
16:38:32.562 [main] INFO  c.a.n.client.naming - [isChangedServiceInfo,184] - init new ips(0) service: DEFAULT_GROUP@@mf-gateway@@DEFAULT -> []
16:38:32.563 [main] INFO  c.a.n.client.naming - [processServiceInfo,169] - current ips:(0) service: DEFAULT_GROUP@@mf-gateway@@DEFAULT -> []
16:38:34.582 [nacos-grpc-client-executor-localhost-15] INFO  c.a.n.c.r.client - [printIfInfoEnabled,60] - [0da5a7ca-1983-41bb-8daa-295ab6ab71ce] Receive server push request, request = NotifySubscriberRequest, requestId = 1
16:38:34.583 [nacos-grpc-client-executor-localhost-15] INFO  c.a.n.c.r.client - [printIfInfoEnabled,60] - [0da5a7ca-1983-41bb-8daa-295ab6ab71ce] Ack server push request, request = NotifySubscriberRequest, requestId = 1
16:38:38.195 [main] INFO  c.a.n.client.naming - [registerService,120] - [REGISTER-SERVICE] public registering service mf-gateway with instance Instance{instanceId='null', ip='169.254.54.134', port=8888, weight=1.0, healthy=true, enabled=true, ephemeral=true, clusterName='DEFAULT', serviceName='null', metadata={preserved.register.source=SPRING_CLOUD}}
16:38:38.214 [main] INFO  c.a.c.n.r.NacosServiceRegistry - [register,75] - nacos registry, DEFAULT_GROUP mf-gateway 169.254.54.134:8888 register finished
16:38:38.229 [boundedElastic-4] INFO  c.a.n.client.naming - [subscribe,167] - [SUBSCRIBE-SERVICE] service:mf-gateway, group:DEFAULT_GROUP, clusters: 
16:38:38.229 [boundedElastic-3] INFO  c.a.n.client.naming - [subscribe,167] - [SUBSCRIBE-SERVICE] service:mf-gateway, group:DEFAULT_GROUP, clusters: 
16:38:38.252 [boundedElastic-4] INFO  c.a.n.client.naming - [isChangedServiceInfo,184] - init new ips(1) service: DEFAULT_GROUP@@mf-gateway -> [{"ip":"169.254.54.134","port":8888,"weight":1.0,"healthy":true,"enabled":true,"ephemeral":true,"clusterName":"DEFAULT","serviceName":"DEFAULT_GROUP@@mf-gateway","metadata":{"preserved.register.source":"SPRING_CLOUD"},"ipDeleteTimeout":30000,"instanceHeartBeatTimeOut":15000,"instanceHeartBeatInterval":5000}]
16:38:38.253 [boundedElastic-4] INFO  c.a.n.client.naming - [processServiceInfo,169] - current ips:(1) service: DEFAULT_GROUP@@mf-gateway -> [{"ip":"169.254.54.134","port":8888,"weight":1.0,"healthy":true,"enabled":true,"ephemeral":true,"clusterName":"DEFAULT","serviceName":"DEFAULT_GROUP@@mf-gateway","metadata":{"preserved.register.source":"SPRING_CLOUD"},"ipDeleteTimeout":30000,"instanceHeartBeatTimeOut":15000,"instanceHeartBeatInterval":5000}]
16:38:38.263 [main] INFO  c.a.s.g.MfGatewayApplication - [logStarted,61] - Started MfGatewayApplication in 26.288 seconds (JVM running for 27.781)
16:38:38.273 [main] INFO  c.a.n.c.c.i.ClientWorker - [addCacheDataIfAbsent,381] - [fixed-localhost_8848] [subscribe] mf-gateway+DEFAULT_GROUP
16:38:38.275 [main] INFO  c.a.n.c.c.i.CacheData - [addListener,197] - [fixed-localhost_8848] [add-listener] ok, tenant=, dataId=mf-gateway, group=DEFAULT_GROUP, cnt=1
16:38:38.277 [main] INFO  c.a.c.n.r.NacosContextRefresher - [registerNacosListener,129] - [Nacos Config] Listening config: dataId=mf-gateway, group=DEFAULT_GROUP
16:38:38.279 [main] INFO  c.a.n.c.c.i.ClientWorker - [addCacheDataIfAbsent,381] - [fixed-localhost_8848] [subscribe] mf-gateway.yml+DEFAULT_GROUP
16:38:38.280 [main] INFO  c.a.n.c.c.i.CacheData - [addListener,197] - [fixed-localhost_8848] [add-listener] ok, tenant=, dataId=mf-gateway.yml, group=DEFAULT_GROUP, cnt=1
16:38:38.280 [main] INFO  c.a.c.n.r.NacosContextRefresher - [registerNacosListener,129] - [Nacos Config] Listening config: dataId=mf-gateway.yml, group=DEFAULT_GROUP
16:38:38.292 [main] INFO  c.a.n.c.c.i.ClientWorker - [addCacheDataIfAbsent,381] - [fixed-localhost_8848] [subscribe] mf-gateway-dev.yml+DEFAULT_GROUP
16:38:38.294 [main] INFO  c.a.n.c.c.i.CacheData - [addListener,197] - [fixed-localhost_8848] [add-listener] ok, tenant=, dataId=mf-gateway-dev.yml, group=DEFAULT_GROUP, cnt=1
16:38:38.295 [main] INFO  c.a.c.n.r.NacosContextRefresher - [registerNacosListener,129] - [Nacos Config] Listening config: dataId=mf-gateway-dev.yml, group=DEFAULT_GROUP
16:38:38.309 [main] INFO  c.a.n.c.c.i.ClientWorker - [addCacheDataIfAbsent,381] - [fixed-localhost_8848] [subscribe] application-dev.yml+DEFAULT_GROUP
16:38:38.310 [main] INFO  c.a.n.c.c.i.CacheData - [addListener,197] - [fixed-localhost_8848] [add-listener] ok, tenant=, dataId=application-dev.yml, group=DEFAULT_GROUP, cnt=1
16:38:38.310 [main] INFO  c.a.c.n.r.NacosContextRefresher - [registerNacosListener,129] - [Nacos Config] Listening config: dataId=application-dev.yml, group=DEFAULT_GROUP
16:38:38.311 [main] INFO  c.a.s.g.MfGatewayApplication - [main,19] - 
	----------------------------------------------------------
	
	--------------------网关服务启动成功-----------------------
	
16:38:38.734 [nacos-grpc-client-executor-localhost-29] INFO  c.a.n.c.r.client - [printIfInfoEnabled,60] - [0da5a7ca-1983-41bb-8daa-295ab6ab71ce] Receive server push request, request = NotifySubscriberRequest, requestId = 2
16:38:38.734 [nacos-grpc-client-executor-localhost-29] INFO  c.a.n.c.r.client - [printIfInfoEnabled,60] - [0da5a7ca-1983-41bb-8daa-295ab6ab71ce] Ack server push request, request = NotifySubscriberRequest, requestId = 2
16:39:02.591 [boundedElastic-5] INFO  c.a.n.client.naming - [subscribe,167] - [SUBSCRIBE-SERVICE] service:mf-sys, group:DEFAULT_GROUP, clusters: 
16:39:02.591 [boundedElastic-3] INFO  c.a.n.client.naming - [subscribe,167] - [SUBSCRIBE-SERVICE] service:mf-sys, group:DEFAULT_GROUP, clusters: 
16:39:02.592 [boundedElastic-7] INFO  c.a.n.client.naming - [subscribe,167] - [SUBSCRIBE-SERVICE] service:mf-oauth, group:DEFAULT_GROUP, clusters: 
16:39:02.592 [boundedElastic-8] INFO  c.a.n.client.naming - [subscribe,167] - [SUBSCRIBE-SERVICE] service:mf-oauth, group:DEFAULT_GROUP, clusters: 
16:39:02.593 [boundedElastic-9] INFO  c.a.n.client.naming - [subscribe,167] - [SUBSCRIBE-SERVICE] service:mf-web, group:DEFAULT_GROUP, clusters: 
16:39:02.594 [boundedElastic-10] INFO  c.a.n.client.naming - [subscribe,167] - [SUBSCRIBE-SERVICE] service:mf-web, group:DEFAULT_GROUP, clusters: 
16:39:02.600 [boundedElastic-8] INFO  c.a.n.client.naming - [isChangedServiceInfo,184] - init new ips(1) service: DEFAULT_GROUP@@mf-oauth -> [{"ip":"169.254.54.134","port":9218,"weight":1.0,"healthy":true,"enabled":true,"ephemeral":true,"clusterName":"DEFAULT","serviceName":"DEFAULT_GROUP@@mf-oauth","metadata":{"preserved.register.source":"SPRING_CLOUD"},"ipDeleteTimeout":30000,"instanceHeartBeatTimeOut":15000,"instanceHeartBeatInterval":5000}]
16:39:02.602 [boundedElastic-9] INFO  c.a.n.client.naming - [isChangedServiceInfo,184] - init new ips(1) service: DEFAULT_GROUP@@mf-web -> [{"ip":"169.254.54.134","port":9225,"weight":1.0,"healthy":true,"enabled":true,"ephemeral":true,"clusterName":"DEFAULT","serviceName":"DEFAULT_GROUP@@mf-web","metadata":{"preserved.register.source":"SPRING_CLOUD"},"ipDeleteTimeout":30000,"instanceHeartBeatTimeOut":15000,"instanceHeartBeatInterval":5000}]
16:39:02.602 [boundedElastic-8] INFO  c.a.n.client.naming - [processServiceInfo,169] - current ips:(1) service: DEFAULT_GROUP@@mf-oauth -> [{"ip":"169.254.54.134","port":9218,"weight":1.0,"healthy":true,"enabled":true,"ephemeral":true,"clusterName":"DEFAULT","serviceName":"DEFAULT_GROUP@@mf-oauth","metadata":{"preserved.register.source":"SPRING_CLOUD"},"ipDeleteTimeout":30000,"instanceHeartBeatTimeOut":15000,"instanceHeartBeatInterval":5000}]
16:39:02.602 [boundedElastic-3] INFO  c.a.n.client.naming - [isChangedServiceInfo,184] - init new ips(1) service: DEFAULT_GROUP@@mf-sys -> [{"ip":"169.254.54.134","port":9221,"weight":1.0,"healthy":true,"enabled":true,"ephemeral":true,"clusterName":"DEFAULT","serviceName":"DEFAULT_GROUP@@mf-sys","metadata":{"preserved.register.source":"SPRING_CLOUD"},"ipDeleteTimeout":30000,"instanceHeartBeatTimeOut":15000,"instanceHeartBeatInterval":5000}]
16:39:02.602 [boundedElastic-9] INFO  c.a.n.client.naming - [processServiceInfo,169] - current ips:(1) service: DEFAULT_GROUP@@mf-web -> [{"ip":"169.254.54.134","port":9225,"weight":1.0,"healthy":true,"enabled":true,"ephemeral":true,"clusterName":"DEFAULT","serviceName":"DEFAULT_GROUP@@mf-web","metadata":{"preserved.register.source":"SPRING_CLOUD"},"ipDeleteTimeout":30000,"instanceHeartBeatTimeOut":15000,"instanceHeartBeatInterval":5000}]
16:39:02.606 [boundedElastic-3] INFO  c.a.n.client.naming - [processServiceInfo,169] - current ips:(1) service: DEFAULT_GROUP@@mf-sys -> [{"ip":"169.254.54.134","port":9221,"weight":1.0,"healthy":true,"enabled":true,"ephemeral":true,"clusterName":"DEFAULT","serviceName":"DEFAULT_GROUP@@mf-sys","metadata":{"preserved.register.source":"SPRING_CLOUD"},"ipDeleteTimeout":30000,"instanceHeartBeatTimeOut":15000,"instanceHeartBeatInterval":5000}]
16:39:03.191 [nacos-grpc-client-executor-localhost-56] INFO  c.a.n.c.r.client - [printIfInfoEnabled,60] - [0da5a7ca-1983-41bb-8daa-295ab6ab71ce] Receive server push request, request = NotifySubscriberRequest, requestId = 7
16:39:03.192 [nacos-grpc-client-executor-localhost-56] INFO  c.a.n.c.r.client - [printIfInfoEnabled,60] - [0da5a7ca-1983-41bb-8daa-295ab6ab71ce] Ack server push request, request = NotifySubscriberRequest, requestId = 7
16:39:03.195 [nacos-grpc-client-executor-localhost-57] INFO  c.a.n.c.r.client - [printIfInfoEnabled,60] - [0da5a7ca-1983-41bb-8daa-295ab6ab71ce] Receive server push request, request = NotifySubscriberRequest, requestId = 8
16:39:03.195 [nacos-grpc-client-executor-localhost-57] INFO  c.a.n.c.r.client - [printIfInfoEnabled,60] - [0da5a7ca-1983-41bb-8daa-295ab6ab71ce] Ack server push request, request = NotifySubscriberRequest, requestId = 8
16:39:03.196 [nacos-grpc-client-executor-localhost-58] INFO  c.a.n.c.r.client - [printIfInfoEnabled,60] - [0da5a7ca-1983-41bb-8daa-295ab6ab71ce] Receive server push request, request = NotifySubscriberRequest, requestId = 6
16:39:03.197 [nacos-grpc-client-executor-localhost-58] INFO  c.a.n.c.r.client - [printIfInfoEnabled,60] - [0da5a7ca-1983-41bb-8daa-295ab6ab71ce] Ack server push request, request = NotifySubscriberRequest, requestId = 6
16:41:49.666 [boundedElastic-3] INFO  c.a.n.client.naming - [subscribe,167] - [SUBSCRIBE-SERVICE] service:mf-storage, group:DEFAULT_GROUP, clusters: 
16:41:49.666 [boundedElastic-3] INFO  c.a.n.client.naming - [isChangedServiceInfo,184] - init new ips(0) service: DEFAULT_GROUP@@mf-storage -> []
16:41:49.666 [boundedElastic-3] INFO  c.a.n.client.naming - [processServiceInfo,169] - current ips:(0) service: DEFAULT_GROUP@@mf-storage -> []
16:41:50.209 [nacos-grpc-client-executor-localhost-110] INFO  c.a.n.c.r.client - [printIfInfoEnabled,60] - [0da5a7ca-1983-41bb-8daa-295ab6ab71ce] Receive server push request, request = NotifySubscriberRequest, requestId = 10
16:41:50.209 [nacos-grpc-client-executor-localhost-110] INFO  c.a.n.c.r.client - [printIfInfoEnabled,60] - [0da5a7ca-1983-41bb-8daa-295ab6ab71ce] Ack server push request, request = NotifySubscriberRequest, requestId = 10
17:28:48.032 [nacos-grpc-client-executor-localhost-778] INFO  c.a.n.c.r.client - [printIfInfoEnabled,60] - [0da5a7ca-1983-41bb-8daa-295ab6ab71ce] Receive server push request, request = NotifySubscriberRequest, requestId = 12
17:28:48.052 [nacos-grpc-client-executor-localhost-778] INFO  c.a.n.client.naming - [isChangedServiceInfo,241] - removed ips(1) service: DEFAULT_GROUP@@mf-web -> [{"ip":"169.254.54.134","port":9225,"weight":1.0,"healthy":true,"enabled":true,"ephemeral":true,"clusterName":"DEFAULT","serviceName":"DEFAULT_GROUP@@mf-web","metadata":{"preserved.register.source":"SPRING_CLOUD"},"ipDeleteTimeout":30000,"instanceHeartBeatTimeOut":15000,"instanceHeartBeatInterval":5000}]
17:28:48.052 [nacos-grpc-client-executor-localhost-778] INFO  c.a.n.client.naming - [processServiceInfo,169] - current ips:(0) service: DEFAULT_GROUP@@mf-web -> []
17:28:48.076 [nacos-grpc-client-executor-localhost-778] INFO  c.a.n.c.r.client - [printIfInfoEnabled,60] - [0da5a7ca-1983-41bb-8daa-295ab6ab71ce] Ack server push request, request = NotifySubscriberRequest, requestId = 12
17:29:17.945 [nacos-grpc-client-executor-localhost-785] INFO  c.a.n.c.r.client - [printIfInfoEnabled,60] - [0da5a7ca-1983-41bb-8daa-295ab6ab71ce] Receive server push request, request = NotifySubscriberRequest, requestId = 14
17:29:17.945 [nacos-grpc-client-executor-localhost-785] INFO  c.a.n.client.naming - [isChangedServiceInfo,235] - new ips(1) service: DEFAULT_GROUP@@mf-web -> [{"ip":"169.254.54.134","port":9225,"weight":1.0,"healthy":true,"enabled":true,"ephemeral":true,"clusterName":"DEFAULT","serviceName":"DEFAULT_GROUP@@mf-web","metadata":{"preserved.register.source":"SPRING_CLOUD"},"ipDeleteTimeout":30000,"instanceHeartBeatTimeOut":15000,"instanceHeartBeatInterval":5000}]
17:29:17.945 [nacos-grpc-client-executor-localhost-785] INFO  c.a.n.client.naming - [processServiceInfo,169] - current ips:(1) service: DEFAULT_GROUP@@mf-web -> [{"ip":"169.254.54.134","port":9225,"weight":1.0,"healthy":true,"enabled":true,"ephemeral":true,"clusterName":"DEFAULT","serviceName":"DEFAULT_GROUP@@mf-web","metadata":{"preserved.register.source":"SPRING_CLOUD"},"ipDeleteTimeout":30000,"instanceHeartBeatTimeOut":15000,"instanceHeartBeatInterval":5000}]
17:29:17.953 [nacos-grpc-client-executor-localhost-785] INFO  c.a.n.c.r.client - [printIfInfoEnabled,60] - [0da5a7ca-1983-41bb-8daa-295ab6ab71ce] Ack server push request, request = NotifySubscriberRequest, requestId = 14
