09:58:15.642 [main] INFO  c.a.s.s.MfSysApplication - [logStartupProfileInfo,637] - The following 1 profile is active: "dev"
09:58:18.973 [main] INFO  o.a.c.c.StandardService - [log,173] - Starting service [Tomcat]
09:58:18.973 [main] INFO  o.a.c.c.StandardEngine - [log,173] - Starting Servlet engine: [Apache Tomcat/9.0.70]
09:58:19.254 [main] INFO  o.a.c.c.C.[.[.[/] - [log,173] - Initializing Spring embedded WebApplicationContext
09:58:21.325 [main] INFO  c.a.d.p.DruidDataSource - [init,985] - {dataSource-1,master} inited
09:58:21.325 [main] INFO  c.b.d.d.DynamicRoutingDataSource - [addDataSource,154] - dynamic-datasource - add a datasource named [master] success
09:58:21.325 [main] INFO  c.b.d.d.DynamicRoutingDataSource - [afterPropertiesSet,234] - dynamic-datasource initial loaded [1] datasource,primary datasource named [master]
09:58:27.358 [main] INFO  c.a.c.s.SentinelWebMvcConfigurer - [addInterceptors,52] - [Sentinel Starter] register SentinelWebInterceptor with urlPatterns: [/**].
09:58:33.875 [main] INFO  c.a.n.c.e.SearchableProperties - [sortPropertySourceDefaultOrder,197] - properties search order:PROPERTIES->JVM->ENV->DEFAULT_SETTING
09:58:33.875 [main] INFO  c.a.n.client.naming - [initNamespaceForNaming,61] - initializer namespace from System Property : null
09:58:33.875 [main] INFO  c.a.n.client.naming - [lambda$initNamespaceForNaming$0,65] - initializer namespace from System Environment :null
09:58:33.885 [main] INFO  c.a.n.client.naming - [lambda$initNamespaceForNaming$1,72] - initializer namespace from System Property :
09:58:33.895 [main] INFO  c.a.n.p.a.s.c.ClientAuthPluginManager - [init,56] - [ClientAuthPluginManager] Load ClientAuthService com.alibaba.nacos.client.auth.impl.NacosClientAuthServiceImpl success.
09:58:33.895 [main] INFO  c.a.n.p.a.s.c.ClientAuthPluginManager - [init,56] - [ClientAuthPluginManager] Load ClientAuthService com.alibaba.nacos.client.auth.ram.RamClientAuthServiceImpl success.
09:58:33.905 [main] INFO  c.a.n.c.r.client - [lambda$createClient$0,94] - [RpcClientFactory] create a new rpc client of d27d3a89-8aff-419a-9555-064e4ca52975
09:58:33.905 [main] INFO  c.a.n.c.r.client - [printIfInfoEnabled,60] - [d27d3a89-8aff-419a-9555-064e4ca52975] RpcClient init, ServerListFactory = com.alibaba.nacos.client.naming.core.ServerListManager
09:58:33.905 [main] INFO  c.a.n.c.r.client - [printIfInfoEnabled,60] - [d27d3a89-8aff-419a-9555-064e4ca52975] Registry connection listener to current client:com.alibaba.nacos.client.naming.remote.gprc.redo.NamingGrpcRedoService
09:58:33.905 [main] INFO  c.a.n.c.r.client - [printIfInfoEnabled,60] - [d27d3a89-8aff-419a-9555-064e4ca52975] Register server push request handler:com.alibaba.nacos.client.naming.remote.gprc.NamingPushRequestHandler
09:58:33.905 [main] INFO  c.a.n.c.r.client - [printIfInfoEnabled,60] - [d27d3a89-8aff-419a-9555-064e4ca52975] Try to connect to server on start up, server: {serverIp = 'localhost', server main port = 8848}
09:58:34.038 [main] INFO  c.a.n.c.r.client - [printIfInfoEnabled,60] - [d27d3a89-8aff-419a-9555-064e4ca52975] Success to connect to server [localhost:8848] on start up, connectionId = 1684288713919_127.0.0.1_59488
09:58:34.038 [main] INFO  c.a.n.c.r.client - [printIfInfoEnabled,60] - [d27d3a89-8aff-419a-9555-064e4ca52975] Register server push request handler:com.alibaba.nacos.common.remote.client.RpcClient$ConnectResetRequestHandler
09:58:34.038 [com.alibaba.nacos.client.remote.worker] INFO  c.a.n.c.r.client - [printIfInfoEnabled,60] - [d27d3a89-8aff-419a-9555-064e4ca52975] Notify connected event to listeners.
09:58:34.038 [main] INFO  c.a.n.c.r.client - [printIfInfoEnabled,60] - [d27d3a89-8aff-419a-9555-064e4ca52975] Register server push request handler:com.alibaba.nacos.common.remote.client.RpcClient$$Lambda$356/1323514615
09:58:34.038 [com.alibaba.nacos.client.remote.worker] INFO  c.a.n.client.naming - [onConnected,78] - Grpc connection connect
09:58:34.038 [main] INFO  c.a.n.client.naming - [subscribe,167] - [SUBSCRIBE-SERVICE] service:mf-sys, group:DEFAULT_GROUP, clusters:DEFAULT 
09:58:34.048 [main] INFO  c.a.n.client.naming - [isChangedServiceInfo,184] - init new ips(0) service: DEFAULT_GROUP@@mf-sys@@DEFAULT -> []
09:58:34.068 [main] INFO  c.a.n.client.naming - [processServiceInfo,169] - current ips:(0) service: DEFAULT_GROUP@@mf-sys@@DEFAULT -> []
09:58:34.108 [main] INFO  c.a.n.client.naming - [registerService,120] - [REGISTER-SERVICE] public registering service mf-sys with instance Instance{instanceId='null', ip='169.254.54.134', port=9221, weight=1.0, healthy=true, enabled=true, ephemeral=true, clusterName='DEFAULT', serviceName='null', metadata={preserved.register.source=SPRING_CLOUD}}
09:58:34.118 [main] INFO  c.a.c.n.r.NacosServiceRegistry - [register,75] - nacos registry, DEFAULT_GROUP mf-sys 169.254.54.134:9221 register finished
09:58:34.639 [nacos-grpc-client-executor-localhost-7] INFO  c.a.n.c.r.client - [printIfInfoEnabled,60] - [d27d3a89-8aff-419a-9555-064e4ca52975] Receive server push request, request = NotifySubscriberRequest, requestId = 13
09:58:34.649 [nacos-grpc-client-executor-localhost-7] INFO  c.a.n.client.naming - [isChangedServiceInfo,235] - new ips(1) service: DEFAULT_GROUP@@mf-sys@@DEFAULT -> [{"ip":"169.254.54.134","port":9221,"weight":1.0,"healthy":true,"enabled":true,"ephemeral":true,"clusterName":"DEFAULT","serviceName":"DEFAULT_GROUP@@mf-sys","metadata":{"preserved.register.source":"SPRING_CLOUD"},"ipDeleteTimeout":30000,"instanceHeartBeatTimeOut":15000,"instanceHeartBeatInterval":5000}]
09:58:34.649 [nacos-grpc-client-executor-localhost-7] INFO  c.a.n.client.naming - [processServiceInfo,169] - current ips:(1) service: DEFAULT_GROUP@@mf-sys@@DEFAULT -> [{"ip":"169.254.54.134","port":9221,"weight":1.0,"healthy":true,"enabled":true,"ephemeral":true,"clusterName":"DEFAULT","serviceName":"DEFAULT_GROUP@@mf-sys","metadata":{"preserved.register.source":"SPRING_CLOUD"},"ipDeleteTimeout":30000,"instanceHeartBeatTimeOut":15000,"instanceHeartBeatInterval":5000}]
09:58:34.649 [nacos-grpc-client-executor-localhost-7] INFO  c.a.n.c.r.client - [printIfInfoEnabled,60] - [d27d3a89-8aff-419a-9555-064e4ca52975] Ack server push request, request = NotifySubscriberRequest, requestId = 13
09:58:36.768 [main] INFO  c.a.s.s.MfSysApplication - [logStarted,61] - Started MfSysApplication in 29.29 seconds (JVM running for 31.088)
09:58:36.788 [main] INFO  c.a.n.c.c.i.CacheData - [<clinit>,67] - nacos.cache.data.init.snapshot = true 
09:58:36.788 [main] INFO  c.a.n.c.c.i.ClientWorker - [addCacheDataIfAbsent,381] - [fixed-localhost_8848] [subscribe] mf-sys.yml+DEFAULT_GROUP
09:58:36.788 [main] INFO  c.a.n.c.c.i.CacheData - [addListener,197] - [fixed-localhost_8848] [add-listener] ok, tenant=, dataId=mf-sys.yml, group=DEFAULT_GROUP, cnt=1
09:58:36.788 [main] INFO  c.a.c.n.r.NacosContextRefresher - [registerNacosListener,129] - [Nacos Config] Listening config: dataId=mf-sys.yml, group=DEFAULT_GROUP
09:58:36.788 [main] INFO  c.a.n.c.c.i.ClientWorker - [addCacheDataIfAbsent,381] - [fixed-localhost_8848] [subscribe] mf-sys+DEFAULT_GROUP
09:58:36.788 [main] INFO  c.a.n.c.c.i.CacheData - [addListener,197] - [fixed-localhost_8848] [add-listener] ok, tenant=, dataId=mf-sys, group=DEFAULT_GROUP, cnt=1
09:58:36.788 [main] INFO  c.a.c.n.r.NacosContextRefresher - [registerNacosListener,129] - [Nacos Config] Listening config: dataId=mf-sys, group=DEFAULT_GROUP
09:58:36.788 [main] INFO  c.a.n.c.c.i.ClientWorker - [addCacheDataIfAbsent,381] - [fixed-localhost_8848] [subscribe] mf-sys-dev.yml+DEFAULT_GROUP
09:58:36.788 [main] INFO  c.a.n.c.c.i.CacheData - [addListener,197] - [fixed-localhost_8848] [add-listener] ok, tenant=, dataId=mf-sys-dev.yml, group=DEFAULT_GROUP, cnt=1
09:58:36.788 [main] INFO  c.a.c.n.r.NacosContextRefresher - [registerNacosListener,129] - [Nacos Config] Listening config: dataId=mf-sys-dev.yml, group=DEFAULT_GROUP
09:58:36.798 [main] INFO  c.a.n.c.c.i.ClientWorker - [addCacheDataIfAbsent,381] - [fixed-localhost_8848] [subscribe] application-dev.yml+DEFAULT_GROUP
09:58:36.798 [main] INFO  c.a.n.c.c.i.CacheData - [addListener,197] - [fixed-localhost_8848] [add-listener] ok, tenant=, dataId=application-dev.yml, group=DEFAULT_GROUP, cnt=1
09:58:36.798 [main] INFO  c.a.c.n.r.NacosContextRefresher - [registerNacosListener,129] - [Nacos Config] Listening config: dataId=application-dev.yml, group=DEFAULT_GROUP
09:58:36.798 [main] INFO  c.a.s.s.MfSysApplication - [main,18] - 
	----------------------------------------------------------
	
	--------------------系统基础框架启动成功-----------------------
	
09:58:37.687 [RMI TCP Connection(3)-192.168.212.125] INFO  o.a.c.c.C.[.[.[/] - [log,173] - Initializing Spring DispatcherServlet 'dispatcherServlet'
12:33:18.415 [http-nio-0.0.0.0-9221-exec-1] INFO  c.a.s.c.d.q.BaseQuery - [query,138] - 执行查询:SELECT COUNT(0) FROM ( 
SELECT table_name, table_comment, table_schema
        FROM INFORMATION_SCHEMA.TABLES where 1=1 and table_schema = ?
 ) TMP_COUNT
12:33:18.415 [http-nio-0.0.0.0-9221-exec-1] INFO  c.a.s.c.d.q.BaseQuery - [query,142] - 查询SQL耗时:0
12:33:18.425 [http-nio-0.0.0.0-9221-exec-1] INFO  c.a.s.c.d.q.BaseQuery - [getMetaDataTable,237] - 组合table耗时:0
12:33:18.435 [http-nio-0.0.0.0-9221-exec-1] INFO  c.a.s.c.d.q.BaseQuery - [query,138] - 执行查询:SELECT * FROM (SELECT table_name, table_comment, table_schema
        FROM INFORMATION_SCHEMA.TABLES where 1=1 and table_schema = ?) TEMP LIMIT ?
12:33:18.445 [http-nio-0.0.0.0-9221-exec-1] INFO  c.a.s.c.d.q.BaseQuery - [query,142] - 查询SQL耗时:10
