08:13:21.611 [main] INFO  c.a.s.c.MfConsumeApplication - [logStartupProfileInfo,637] - The following 1 profile is active: "dev"
08:13:22.785 [main] INFO  o.a.c.c.StandardService - [log,173] - Starting service [Tomcat]
08:13:22.785 [main] INFO  o.a.c.c.StandardEngine - [log,173] - Starting Servlet engine: [Apache Tomcat/9.0.70]
08:13:22.933 [main] INFO  o.a.c.c.C.[.[.[/] - [log,173] - Initializing Spring embedded WebApplicationContext
08:13:27.325 [main] INFO  o.a.r.s.s.DefaultRocketMQListenerContainer - [destroy,322] - container destroyed, DefaultRocketMQListenerContainer{consumerGroup='mfish-scheduler-group', namespace='', nameServer='127.0.0.1:9876', topic='mfish-scheduler-topic', consumeMode=CONCURRENTLY, selectorType=TAG, selectorExpression='*', messageModel=CLUSTERING', tlsEnable=false, instanceName=DEFAULT}
08:13:27.325 [main] INFO  o.a.c.c.StandardService - [log,173] - Stopping service [Tomcat]
08:25:31.666 [main] INFO  c.a.s.c.MfConsumeApplication - [logStartupProfileInfo,637] - The following 1 profile is active: "dev"
08:25:32.874 [main] INFO  o.a.c.c.StandardService - [log,173] - Starting service [Tomcat]
08:25:32.875 [main] INFO  o.a.c.c.StandardEngine - [log,173] - Starting Servlet engine: [Apache Tomcat/9.0.70]
08:25:33.094 [main] INFO  o.a.c.c.C.[.[.[/] - [log,173] - Initializing Spring embedded WebApplicationContext
08:25:35.621 [main] INFO  o.a.r.s.s.DefaultRocketMQListenerContainer - [start,349] - running container: DefaultRocketMQListenerContainer{consumerGroup='mfish-scheduler-group', namespace='', nameServer='127.0.0.1:9876', topic='mfish-scheduler-topic', consumeMode=CONCURRENTLY, selectorType=TAG, selectorExpression='*', messageModel=CLUSTERING', tlsEnable=false, instanceName=DEFAULT}
08:25:35.621 [main] INFO  o.a.r.s.a.ListenerContainerConfiguration - [registerContainer,113] - Register the listener to container, listenerBeanName:jobConsumer, containerBeanName:org.apache.rocketmq.spring.support.DefaultRocketMQListenerContainer_1
08:25:35.833 [main] INFO  c.a.c.s.SentinelWebMvcConfigurer - [addInterceptors,52] - [Sentinel Starter] register SentinelWebInterceptor with urlPatterns: [/**].
08:25:37.278 [main] INFO  c.a.n.c.e.SearchableProperties - [sortPropertySourceDefaultOrder,197] - properties search order:PROPERTIES->JVM->ENV->DEFAULT_SETTING
08:25:37.279 [main] INFO  c.a.n.client.naming - [initNamespaceForNaming,61] - initializer namespace from System Property : null
08:25:37.279 [main] INFO  c.a.n.client.naming - [lambda$initNamespaceForNaming$0,65] - initializer namespace from System Environment :null
08:25:37.279 [main] INFO  c.a.n.client.naming - [lambda$initNamespaceForNaming$1,72] - initializer namespace from System Property :
08:25:37.288 [main] INFO  c.a.n.p.a.s.c.ClientAuthPluginManager - [init,56] - [ClientAuthPluginManager] Load ClientAuthService com.alibaba.nacos.client.auth.impl.NacosClientAuthServiceImpl success.
08:25:37.288 [main] INFO  c.a.n.p.a.s.c.ClientAuthPluginManager - [init,56] - [ClientAuthPluginManager] Load ClientAuthService com.alibaba.nacos.client.auth.ram.RamClientAuthServiceImpl success.
08:25:37.291 [main] INFO  c.a.n.c.r.client - [lambda$createClient$0,94] - [RpcClientFactory] create a new rpc client of 91d567e3-3463-497a-9376-7fce382d6b7f
08:25:37.292 [main] INFO  c.a.n.c.r.client - [printIfInfoEnabled,60] - [91d567e3-3463-497a-9376-7fce382d6b7f] RpcClient init, ServerListFactory = com.alibaba.nacos.client.naming.core.ServerListManager
08:25:37.292 [main] INFO  c.a.n.c.r.client - [printIfInfoEnabled,60] - [91d567e3-3463-497a-9376-7fce382d6b7f] Registry connection listener to current client:com.alibaba.nacos.client.naming.remote.gprc.redo.NamingGrpcRedoService
08:25:37.293 [main] INFO  c.a.n.c.r.client - [printIfInfoEnabled,60] - [91d567e3-3463-497a-9376-7fce382d6b7f] Register server push request handler:com.alibaba.nacos.client.naming.remote.gprc.NamingPushRequestHandler
08:25:37.293 [main] INFO  c.a.n.c.r.client - [printIfInfoEnabled,60] - [91d567e3-3463-497a-9376-7fce382d6b7f] Try to connect to server on start up, server: {serverIp = 'localhost', server main port = 8848}
08:25:37.403 [main] INFO  c.a.n.c.r.client - [printIfInfoEnabled,60] - [91d567e3-3463-497a-9376-7fce382d6b7f] Success to connect to server [localhost:8848] on start up, connectionId = 1683419137298_127.0.0.1_63141
08:25:37.403 [main] INFO  c.a.n.c.r.client - [printIfInfoEnabled,60] - [91d567e3-3463-497a-9376-7fce382d6b7f] Register server push request handler:com.alibaba.nacos.common.remote.client.RpcClient$ConnectResetRequestHandler
08:25:37.403 [main] INFO  c.a.n.c.r.client - [printIfInfoEnabled,60] - [91d567e3-3463-497a-9376-7fce382d6b7f] Register server push request handler:com.alibaba.nacos.common.remote.client.RpcClient$$Lambda$356/1868809295
08:25:37.403 [com.alibaba.nacos.client.remote.worker] INFO  c.a.n.c.r.client - [printIfInfoEnabled,60] - [91d567e3-3463-497a-9376-7fce382d6b7f] Notify connected event to listeners.
08:25:37.404 [com.alibaba.nacos.client.remote.worker] INFO  c.a.n.client.naming - [onConnected,78] - Grpc connection connect
08:25:37.406 [main] INFO  c.a.n.client.naming - [subscribe,167] - [SUBSCRIBE-SERVICE] service:mf-consume, group:DEFAULT_GROUP, clusters:DEFAULT 
08:25:37.413 [main] INFO  c.a.n.client.naming - [isChangedServiceInfo,184] - init new ips(0) service: DEFAULT_GROUP@@mf-consume@@DEFAULT -> []
08:25:37.421 [main] INFO  c.a.n.client.naming - [processServiceInfo,169] - current ips:(0) service: DEFAULT_GROUP@@mf-consume@@DEFAULT -> []
08:25:37.438 [main] INFO  c.a.n.client.naming - [registerService,120] - [REGISTER-SERVICE] public registering service mf-consume with instance Instance{instanceId='null', ip='192.168.178.1', port=9226, weight=1.0, healthy=true, enabled=true, ephemeral=true, clusterName='DEFAULT', serviceName='null', metadata={preserved.register.source=SPRING_CLOUD}}
08:25:37.444 [main] INFO  c.a.c.n.r.NacosServiceRegistry - [register,75] - nacos registry, DEFAULT_GROUP mf-consume 192.168.178.1:9226 register finished
08:25:37.930 [main] INFO  c.a.s.c.MfConsumeApplication - [logStarted,61] - Started MfConsumeApplication in 10.087 seconds (JVM running for 11.184)
08:25:37.937 [main] INFO  c.a.n.c.c.i.CacheData - [<clinit>,67] - nacos.cache.data.init.snapshot = true 
08:25:37.941 [main] INFO  c.a.n.c.c.i.ClientWorker - [addCacheDataIfAbsent,381] - [fixed-localhost_8848] [subscribe] mf-consume-dev.yml+DEFAULT_GROUP
08:25:37.942 [main] INFO  c.a.n.c.c.i.CacheData - [addListener,197] - [fixed-localhost_8848] [add-listener] ok, tenant=, dataId=mf-consume-dev.yml, group=DEFAULT_GROUP, cnt=1
08:25:37.942 [main] INFO  c.a.c.n.r.NacosContextRefresher - [registerNacosListener,129] - [Nacos Config] Listening config: dataId=mf-consume-dev.yml, group=DEFAULT_GROUP
08:25:37.943 [main] INFO  c.a.n.c.c.i.ClientWorker - [addCacheDataIfAbsent,381] - [fixed-localhost_8848] [subscribe] mf-consume+DEFAULT_GROUP
08:25:37.943 [main] INFO  c.a.n.c.c.i.CacheData - [addListener,197] - [fixed-localhost_8848] [add-listener] ok, tenant=, dataId=mf-consume, group=DEFAULT_GROUP, cnt=1
08:25:37.943 [main] INFO  c.a.c.n.r.NacosContextRefresher - [registerNacosListener,129] - [Nacos Config] Listening config: dataId=mf-consume, group=DEFAULT_GROUP
08:25:37.943 [main] INFO  c.a.n.c.c.i.ClientWorker - [addCacheDataIfAbsent,381] - [fixed-localhost_8848] [subscribe] mf-consume.yml+DEFAULT_GROUP
08:25:37.943 [main] INFO  c.a.n.c.c.i.CacheData - [addListener,197] - [fixed-localhost_8848] [add-listener] ok, tenant=, dataId=mf-consume.yml, group=DEFAULT_GROUP, cnt=1
08:25:37.943 [main] INFO  c.a.c.n.r.NacosContextRefresher - [registerNacosListener,129] - [Nacos Config] Listening config: dataId=mf-consume.yml, group=DEFAULT_GROUP
08:25:37.949 [main] INFO  c.a.n.c.c.i.ClientWorker - [addCacheDataIfAbsent,381] - [fixed-localhost_8848] [subscribe] application-dev.yml+DEFAULT_GROUP
08:25:37.950 [main] INFO  c.a.n.c.c.i.CacheData - [addListener,197] - [fixed-localhost_8848] [add-listener] ok, tenant=, dataId=application-dev.yml, group=DEFAULT_GROUP, cnt=1
08:25:37.950 [main] INFO  c.a.c.n.r.NacosContextRefresher - [registerNacosListener,129] - [Nacos Config] Listening config: dataId=application-dev.yml, group=DEFAULT_GROUP
08:25:37.950 [main] INFO  c.a.s.c.MfConsumeApplication - [main,17] - 
	----------------------------------------------------------
	
	--------------------调度中心消费端测试样例启动成功-----------------------
	
08:25:37.962 [nacos-grpc-client-executor-localhost-6] INFO  c.a.n.c.r.client - [printIfInfoEnabled,60] - [91d567e3-3463-497a-9376-7fce382d6b7f] Receive server push request, request = NotifySubscriberRequest, requestId = 43
08:25:37.963 [nacos-grpc-client-executor-localhost-6] INFO  c.a.n.client.naming - [isChangedServiceInfo,235] - new ips(1) service: DEFAULT_GROUP@@mf-consume@@DEFAULT -> [{"ip":"192.168.178.1","port":9226,"weight":1.0,"healthy":true,"enabled":true,"ephemeral":true,"clusterName":"DEFAULT","serviceName":"DEFAULT_GROUP@@mf-consume","metadata":{"preserved.register.source":"SPRING_CLOUD"},"ipDeleteTimeout":30000,"instanceHeartBeatTimeOut":15000,"instanceHeartBeatInterval":5000}]
08:25:37.964 [nacos-grpc-client-executor-localhost-6] INFO  c.a.n.client.naming - [processServiceInfo,169] - current ips:(1) service: DEFAULT_GROUP@@mf-consume@@DEFAULT -> [{"ip":"192.168.178.1","port":9226,"weight":1.0,"healthy":true,"enabled":true,"ephemeral":true,"clusterName":"DEFAULT","serviceName":"DEFAULT_GROUP@@mf-consume","metadata":{"preserved.register.source":"SPRING_CLOUD"},"ipDeleteTimeout":30000,"instanceHeartBeatTimeOut":15000,"instanceHeartBeatInterval":5000}]
08:25:37.969 [nacos-grpc-client-executor-localhost-6] INFO  c.a.n.c.r.client - [printIfInfoEnabled,60] - [91d567e3-3463-497a-9376-7fce382d6b7f] Ack server push request, request = NotifySubscriberRequest, requestId = 43
08:25:38.695 [RMI TCP Connection(3)-172.18.217.135] INFO  o.a.c.c.C.[.[.[/] - [log,173] - Initializing Spring DispatcherServlet 'dispatcherServlet'
