00:40:54.512 [SessionValidationThread-1] INFO  o.a.s.s.m.AbstractValidatingSessionManager - [validateSessions,275] - Validating all active sessions...
00:40:54.533 [SessionValidationThread-1] INFO  o.a.s.s.m.AbstractValidatingSessionManager - [validateSessions,308] - Finished session validation.  No sessions were stopped.
09:56:39.018 [main] INFO  c.a.s.o.MfOauthApplication - [logStartupProfileInfo,637] - The following 1 profile is active: "dev"
09:56:43.559 [main] INFO  c.a.d.p.DruidDataSource - [init,985] - {dataSource-1,master} inited
09:56:43.569 [main] INFO  c.b.d.d.DynamicRoutingDataSource - [addDataSource,154] - dynamic-datasource - add a datasource named [master] success
09:56:43.569 [main] INFO  c.b.d.d.DynamicRoutingDataSource - [afterPropertiesSet,234] - dynamic-datasource initial loaded [1] datasource,primary datasource named [master]
09:56:46.728 [main] INFO  o.a.c.h.Http11NioProtocol - [log,173] - Initializing ProtocolHandler ["http-nio-0.0.0.0-9218"]
09:56:46.728 [main] INFO  o.a.c.c.StandardService - [log,173] - Starting service [Tomcat]
09:56:46.728 [main] INFO  o.a.c.c.StandardEngine - [log,173] - Starting Servlet engine: [Apache Tomcat/9.0.70]
09:56:46.878 [main] INFO  o.a.c.c.C.[.[.[/] - [log,173] - Initializing Spring embedded WebApplicationContext
09:56:48.778 [main] INFO  c.a.c.s.SentinelWebMvcConfigurer - [addInterceptors,52] - [Sentinel Starter] register SentinelWebInterceptor with urlPatterns: [/**].
09:56:56.275 [main] INFO  c.a.n.c.e.SearchableProperties - [sortPropertySourceDefaultOrder,197] - properties search order:PROPERTIES->JVM->ENV->DEFAULT_SETTING
09:56:56.275 [main] INFO  c.a.n.client.naming - [initNamespaceForNaming,61] - initializer namespace from System Property : null
09:56:56.275 [main] INFO  c.a.n.client.naming - [lambda$initNamespaceForNaming$0,65] - initializer namespace from System Environment :null
09:56:56.275 [main] INFO  c.a.n.client.naming - [lambda$initNamespaceForNaming$1,72] - initializer namespace from System Property :
09:56:56.295 [main] INFO  c.a.n.p.a.s.c.ClientAuthPluginManager - [init,56] - [ClientAuthPluginManager] Load ClientAuthService com.alibaba.nacos.client.auth.impl.NacosClientAuthServiceImpl success.
09:56:56.295 [main] INFO  c.a.n.p.a.s.c.ClientAuthPluginManager - [init,56] - [ClientAuthPluginManager] Load ClientAuthService com.alibaba.nacos.client.auth.ram.RamClientAuthServiceImpl success.
09:56:56.305 [main] INFO  c.a.n.c.r.client - [lambda$createClient$0,94] - [RpcClientFactory] create a new rpc client of 106f5070-a2f8-4607-aa73-64ec5a640029
09:56:56.305 [main] INFO  c.a.n.c.r.client - [printIfInfoEnabled,60] - [106f5070-a2f8-4607-aa73-64ec5a640029] RpcClient init, ServerListFactory = com.alibaba.nacos.client.naming.core.ServerListManager
09:56:56.305 [main] INFO  c.a.n.c.r.client - [printIfInfoEnabled,60] - [106f5070-a2f8-4607-aa73-64ec5a640029] Registry connection listener to current client:com.alibaba.nacos.client.naming.remote.gprc.redo.NamingGrpcRedoService
09:56:56.305 [main] INFO  c.a.n.c.r.client - [printIfInfoEnabled,60] - [106f5070-a2f8-4607-aa73-64ec5a640029] Register server push request handler:com.alibaba.nacos.client.naming.remote.gprc.NamingPushRequestHandler
09:56:56.305 [main] INFO  c.a.n.c.r.client - [printIfInfoEnabled,60] - [106f5070-a2f8-4607-aa73-64ec5a640029] Try to connect to server on start up, server: {serverIp = 'localhost', server main port = 8848}
09:56:56.426 [main] INFO  c.a.n.c.r.client - [printIfInfoEnabled,60] - [106f5070-a2f8-4607-aa73-64ec5a640029] Success to connect to server [localhost:8848] on start up, connectionId = 1684288616315_127.0.0.1_59255
09:56:56.426 [main] INFO  c.a.n.c.r.client - [printIfInfoEnabled,60] - [106f5070-a2f8-4607-aa73-64ec5a640029] Register server push request handler:com.alibaba.nacos.common.remote.client.RpcClient$ConnectResetRequestHandler
09:56:56.426 [main] INFO  c.a.n.c.r.client - [printIfInfoEnabled,60] - [106f5070-a2f8-4607-aa73-64ec5a640029] Register server push request handler:com.alibaba.nacos.common.remote.client.RpcClient$$Lambda$356/1904273153
09:56:56.426 [com.alibaba.nacos.client.remote.worker] INFO  c.a.n.c.r.client - [printIfInfoEnabled,60] - [106f5070-a2f8-4607-aa73-64ec5a640029] Notify connected event to listeners.
09:56:56.426 [com.alibaba.nacos.client.remote.worker] INFO  c.a.n.client.naming - [onConnected,78] - Grpc connection connect
09:56:56.426 [main] INFO  c.a.n.client.naming - [subscribe,167] - [SUBSCRIBE-SERVICE] service:mf-oauth, group:DEFAULT_GROUP, clusters:DEFAULT 
09:56:56.445 [main] INFO  c.a.n.client.naming - [isChangedServiceInfo,184] - init new ips(0) service: DEFAULT_GROUP@@mf-oauth@@DEFAULT -> []
09:56:56.455 [main] INFO  c.a.n.client.naming - [processServiceInfo,169] - current ips:(0) service: DEFAULT_GROUP@@mf-oauth@@DEFAULT -> []
09:56:56.475 [main] INFO  o.a.c.h.Http11NioProtocol - [log,173] - Starting ProtocolHandler ["http-nio-0.0.0.0-9218"]
09:56:56.495 [main] INFO  c.a.n.client.naming - [registerService,120] - [REGISTER-SERVICE] public registering service mf-oauth with instance Instance{instanceId='null', ip='169.254.54.134', port=9218, weight=1.0, healthy=true, enabled=true, ephemeral=true, clusterName='DEFAULT', serviceName='null', metadata={preserved.register.source=SPRING_CLOUD}}
09:56:56.505 [main] INFO  c.a.c.n.r.NacosServiceRegistry - [register,75] - nacos registry, DEFAULT_GROUP mf-oauth 169.254.54.134:9218 register finished
09:56:57.056 [nacos-grpc-client-executor-localhost-6] INFO  c.a.n.c.r.client - [printIfInfoEnabled,60] - [106f5070-a2f8-4607-aa73-64ec5a640029] Receive server push request, request = NotifySubscriberRequest, requestId = 7
09:56:57.066 [nacos-grpc-client-executor-localhost-6] INFO  c.a.n.client.naming - [isChangedServiceInfo,235] - new ips(1) service: DEFAULT_GROUP@@mf-oauth@@DEFAULT -> [{"ip":"169.254.54.134","port":9218,"weight":1.0,"healthy":true,"enabled":true,"ephemeral":true,"clusterName":"DEFAULT","serviceName":"DEFAULT_GROUP@@mf-oauth","metadata":{"preserved.register.source":"SPRING_CLOUD"},"ipDeleteTimeout":30000,"instanceHeartBeatTimeOut":15000,"instanceHeartBeatInterval":5000}]
09:56:57.066 [nacos-grpc-client-executor-localhost-6] INFO  c.a.n.client.naming - [processServiceInfo,169] - current ips:(1) service: DEFAULT_GROUP@@mf-oauth@@DEFAULT -> [{"ip":"169.254.54.134","port":9218,"weight":1.0,"healthy":true,"enabled":true,"ephemeral":true,"clusterName":"DEFAULT","serviceName":"DEFAULT_GROUP@@mf-oauth","metadata":{"preserved.register.source":"SPRING_CLOUD"},"ipDeleteTimeout":30000,"instanceHeartBeatTimeOut":15000,"instanceHeartBeatInterval":5000}]
09:56:57.076 [nacos-grpc-client-executor-localhost-6] INFO  c.a.n.c.r.client - [printIfInfoEnabled,60] - [106f5070-a2f8-4607-aa73-64ec5a640029] Ack server push request, request = NotifySubscriberRequest, requestId = 7
09:56:59.638 [main] INFO  c.a.s.o.MfOauthApplication - [logStarted,61] - Started MfOauthApplication in 28.035 seconds (JVM running for 29.596)
09:56:59.647 [main] INFO  c.a.n.c.c.i.CacheData - [<clinit>,67] - nacos.cache.data.init.snapshot = true 
09:56:59.647 [main] INFO  c.a.n.c.c.i.ClientWorker - [addCacheDataIfAbsent,381] - [fixed-localhost_8848] [subscribe] mf-oauth.yml+DEFAULT_GROUP
09:56:59.657 [main] INFO  c.a.n.c.c.i.CacheData - [addListener,197] - [fixed-localhost_8848] [add-listener] ok, tenant=, dataId=mf-oauth.yml, group=DEFAULT_GROUP, cnt=1
09:56:59.657 [main] INFO  c.a.c.n.r.NacosContextRefresher - [registerNacosListener,129] - [Nacos Config] Listening config: dataId=mf-oauth.yml, group=DEFAULT_GROUP
09:56:59.657 [main] INFO  c.a.n.c.c.i.ClientWorker - [addCacheDataIfAbsent,381] - [fixed-localhost_8848] [subscribe] mf-oauth-dev.yml+DEFAULT_GROUP
09:56:59.657 [main] INFO  c.a.n.c.c.i.CacheData - [addListener,197] - [fixed-localhost_8848] [add-listener] ok, tenant=, dataId=mf-oauth-dev.yml, group=DEFAULT_GROUP, cnt=1
09:56:59.657 [main] INFO  c.a.c.n.r.NacosContextRefresher - [registerNacosListener,129] - [Nacos Config] Listening config: dataId=mf-oauth-dev.yml, group=DEFAULT_GROUP
09:56:59.657 [main] INFO  c.a.n.c.c.i.ClientWorker - [addCacheDataIfAbsent,381] - [fixed-localhost_8848] [subscribe] mf-oauth+DEFAULT_GROUP
09:56:59.657 [main] INFO  c.a.n.c.c.i.CacheData - [addListener,197] - [fixed-localhost_8848] [add-listener] ok, tenant=, dataId=mf-oauth, group=DEFAULT_GROUP, cnt=1
09:56:59.657 [main] INFO  c.a.c.n.r.NacosContextRefresher - [registerNacosListener,129] - [Nacos Config] Listening config: dataId=mf-oauth, group=DEFAULT_GROUP
09:56:59.657 [main] INFO  c.a.n.c.c.i.ClientWorker - [addCacheDataIfAbsent,381] - [fixed-localhost_8848] [subscribe] application-dev.yml+DEFAULT_GROUP
09:56:59.657 [main] INFO  c.a.n.c.c.i.CacheData - [addListener,197] - [fixed-localhost_8848] [add-listener] ok, tenant=, dataId=application-dev.yml, group=DEFAULT_GROUP, cnt=1
09:56:59.657 [main] INFO  c.a.c.n.r.NacosContextRefresher - [registerNacosListener,129] - [Nacos Config] Listening config: dataId=application-dev.yml, group=DEFAULT_GROUP
09:56:59.657 [main] INFO  c.a.s.o.MfOauthApplication - [main,17] - 
	----------------------------------------------------------
	
	--------------------认证中心启动成功-----------------------
	
09:57:00.837 [RMI TCP Connection(6)-192.168.212.125] INFO  o.a.c.c.C.[.[.[/] - [log,173] - Initializing Spring DispatcherServlet 'dispatcherServlet'
09:57:15.837 [http-nio-0.0.0.0-9218-exec-1] INFO  o.a.s.s.m.AbstractValidatingSessionManager - [enableSessionValidation,233] - Enabling session validation scheduler...
09:57:19.432 [task-1] INFO  c.a.n.client.naming - [subscribe,167] - [SUBSCRIBE-SERVICE] service:mf-sys, group:DEFAULT_GROUP, clusters: 
09:57:19.442 [task-1] INFO  c.a.n.client.naming - [isChangedServiceInfo,184] - init new ips(0) service: DEFAULT_GROUP@@mf-sys -> []
09:57:19.442 [task-1] INFO  c.a.n.client.naming - [processServiceInfo,169] - current ips:(0) service: DEFAULT_GROUP@@mf-sys -> []
09:57:20.031 [nacos-grpc-client-executor-localhost-15] INFO  c.a.n.c.r.client - [printIfInfoEnabled,60] - [106f5070-a2f8-4607-aa73-64ec5a640029] Receive server push request, request = NotifySubscriberRequest, requestId = 8
09:57:20.031 [nacos-grpc-client-executor-localhost-15] INFO  c.a.n.c.r.client - [printIfInfoEnabled,60] - [106f5070-a2f8-4607-aa73-64ec5a640029] Ack server push request, request = NotifySubscriberRequest, requestId = 8
09:58:34.629 [nacos-grpc-client-executor-localhost-34] INFO  c.a.n.c.r.client - [printIfInfoEnabled,60] - [106f5070-a2f8-4607-aa73-64ec5a640029] Receive server push request, request = NotifySubscriberRequest, requestId = 12
09:58:34.629 [nacos-grpc-client-executor-localhost-34] INFO  c.a.n.client.naming - [isChangedServiceInfo,235] - new ips(1) service: DEFAULT_GROUP@@mf-sys -> [{"ip":"169.254.54.134","port":9221,"weight":1.0,"healthy":true,"enabled":true,"ephemeral":true,"clusterName":"DEFAULT","serviceName":"DEFAULT_GROUP@@mf-sys","metadata":{"preserved.register.source":"SPRING_CLOUD"},"ipDeleteTimeout":30000,"instanceHeartBeatTimeOut":15000,"instanceHeartBeatInterval":5000}]
09:58:34.629 [nacos-grpc-client-executor-localhost-34] INFO  c.a.n.client.naming - [processServiceInfo,169] - current ips:(1) service: DEFAULT_GROUP@@mf-sys -> [{"ip":"169.254.54.134","port":9221,"weight":1.0,"healthy":true,"enabled":true,"ephemeral":true,"clusterName":"DEFAULT","serviceName":"DEFAULT_GROUP@@mf-sys","metadata":{"preserved.register.source":"SPRING_CLOUD"},"ipDeleteTimeout":30000,"instanceHeartBeatTimeOut":15000,"instanceHeartBeatInterval":5000}]
09:58:34.629 [nacos-grpc-client-executor-localhost-34] INFO  c.a.n.c.r.client - [printIfInfoEnabled,60] - [106f5070-a2f8-4607-aa73-64ec5a640029] Ack server push request, request = NotifySubscriberRequest, requestId = 12
10:57:15.847 [SessionValidationThread-1] INFO  o.a.s.s.m.AbstractValidatingSessionManager - [validateSessions,275] - Validating all active sessions...
10:57:15.880 [SessionValidationThread-1] INFO  o.a.s.s.m.AbstractValidatingSessionManager - [validateSessions,308] - Finished session validation.  No sessions were stopped.
12:41:44.731 [SessionValidationThread-1] INFO  o.a.s.s.m.AbstractValidatingSessionManager - [validateSessions,275] - Validating all active sessions...
12:41:44.738 [SessionValidationThread-1] INFO  o.a.s.s.m.AbstractValidatingSessionManager - [validateSessions,308] - Finished session validation.  No sessions were stopped.
12:57:15.858 [SessionValidationThread-1] INFO  o.a.s.s.m.AbstractValidatingSessionManager - [validateSessions,275] - Validating all active sessions...
12:57:15.861 [SessionValidationThread-1] INFO  o.a.s.s.m.AbstractValidatingSessionManager - [validateSessions,308] - Finished session validation.  No sessions were stopped.
13:57:15.859 [SessionValidationThread-1] INFO  o.a.s.s.m.AbstractValidatingSessionManager - [validateSessions,275] - Validating all active sessions...
13:57:15.869 [SessionValidationThread-1] INFO  o.a.s.s.m.AbstractValidatingSessionManager - [validateSessions,308] - Finished session validation.  No sessions were stopped.
14:57:17.713 [SessionValidationThread-1] INFO  o.a.s.s.m.AbstractValidatingSessionManager - [validateSessions,275] - Validating all active sessions...
14:57:17.723 [SessionValidationThread-1] INFO  o.a.s.s.m.AbstractValidatingSessionManager - [validateSessions,308] - Finished session validation.  No sessions were stopped.
16:17:11.005 [SessionValidationThread-1] INFO  o.a.s.s.m.AbstractValidatingSessionManager - [validateSessions,275] - Validating all active sessions...
16:17:11.015 [SessionValidationThread-1] INFO  o.a.s.s.m.AbstractValidatingSessionManager - [validateSessions,308] - Finished session validation.  No sessions were stopped.
16:57:15.860 [SessionValidationThread-1] INFO  o.a.s.s.m.AbstractValidatingSessionManager - [validateSessions,275] - Validating all active sessions...
16:57:15.863 [SessionValidationThread-1] INFO  o.a.s.s.m.AbstractValidatingSessionManager - [validateSessions,308] - Finished session validation.  No sessions were stopped.
18:17:30.463 [SessionValidationThread-1] INFO  o.a.s.s.m.AbstractValidatingSessionManager - [validateSessions,275] - Validating all active sessions...
18:17:30.475 [SessionValidationThread-1] INFO  o.a.s.s.m.AbstractValidatingSessionManager - [validateSessions,308] - Finished session validation.  No sessions were stopped.
19:22:51.079 [SessionValidationThread-1] INFO  o.a.s.s.m.AbstractValidatingSessionManager - [validateSessions,275] - Validating all active sessions...
19:22:51.095 [SessionValidationThread-1] INFO  o.a.s.s.m.AbstractValidatingSessionManager - [validateSessions,308] - Finished session validation.  No sessions were stopped.
21:45:38.078 [SessionValidationThread-1] INFO  o.a.s.s.m.AbstractValidatingSessionManager - [validateSessions,275] - Validating all active sessions...
21:45:38.084 [SessionValidationThread-1] INFO  o.a.s.s.m.AbstractValidatingSessionManager - [validateSessions,308] - Finished session validation.  No sessions were stopped.
21:45:38.084 [SessionValidationThread-1] INFO  o.a.s.s.m.AbstractValidatingSessionManager - [validateSessions,275] - Validating all active sessions...
21:45:38.087 [SessionValidationThread-1] INFO  o.a.s.s.m.AbstractValidatingSessionManager - [validateSessions,308] - Finished session validation.  No sessions were stopped.
21:57:15.851 [SessionValidationThread-1] INFO  o.a.s.s.m.AbstractValidatingSessionManager - [validateSessions,275] - Validating all active sessions...
21:57:15.856 [SessionValidationThread-1] INFO  o.a.s.s.m.AbstractValidatingSessionManager - [validateSessions,308] - Finished session validation.  No sessions were stopped.
22:57:15.848 [SessionValidationThread-1] INFO  o.a.s.s.m.AbstractValidatingSessionManager - [validateSessions,275] - Validating all active sessions...
22:57:15.859 [SessionValidationThread-1] INFO  o.a.s.s.m.AbstractValidatingSessionManager - [validateSessions,308] - Finished session validation.  No sessions were stopped.
23:57:15.857 [SessionValidationThread-1] INFO  o.a.s.s.m.AbstractValidatingSessionManager - [validateSessions,275] - Validating all active sessions...
23:57:15.861 [SessionValidationThread-1] INFO  o.a.s.s.m.AbstractValidatingSessionManager - [validateSessions,308] - Finished session validation.  No sessions were stopped.
