14:49:24.827 [main] INFO  c.a.s.o.MfOauthApplication - [logStartupProfileInfo,637] - The following 1 profile is active: "dev"
14:49:29.198 [main] INFO  c.a.d.p.DruidDataSource - [init,985] - {dataSource-1,master} inited
14:49:29.200 [main] INFO  c.b.d.d.DynamicRoutingDataSource - [addDataSource,154] - dynamic-datasource - add a datasource named [master] success
14:49:29.200 [main] INFO  c.b.d.d.DynamicRoutingDataSource - [afterPropertiesSet,234] - dynamic-datasource initial loaded [1] datasource,primary datasource named [master]
14:49:31.800 [main] INFO  o.a.c.h.Http11NioProtocol - [log,173] - Initializing ProtocolHandler ["http-nio-0.0.0.0-9218"]
14:49:31.801 [main] INFO  o.a.c.c.StandardService - [log,173] - Starting service [Tomcat]
14:49:31.802 [main] INFO  o.a.c.c.StandardEngine - [log,173] - Starting Servlet engine: [Apache Tomcat/9.0.70]
14:49:31.944 [main] INFO  o.a.c.c.C.[.[.[/] - [log,173] - Initializing Spring embedded WebApplicationContext
14:49:33.790 [main] INFO  c.a.c.s.SentinelWebMvcConfigurer - [addInterceptors,52] - [Sentinel Starter] register SentinelWebInterceptor with urlPatterns: [/**].
14:49:40.460 [main] INFO  c.a.n.c.e.SearchableProperties - [sortPropertySourceDefaultOrder,197] - properties search order:PROPERTIES->JVM->ENV->DEFAULT_SETTING
14:49:40.461 [main] INFO  c.a.n.client.naming - [initNamespaceForNaming,61] - initializer namespace from System Property : null
14:49:40.462 [main] INFO  c.a.n.client.naming - [lambda$initNamespaceForNaming$0,65] - initializer namespace from System Environment :null
14:49:40.462 [main] INFO  c.a.n.client.naming - [lambda$initNamespaceForNaming$1,72] - initializer namespace from System Property :
14:49:40.478 [main] INFO  c.a.n.p.a.s.c.ClientAuthPluginManager - [init,56] - [ClientAuthPluginManager] Load ClientAuthService com.alibaba.nacos.client.auth.impl.NacosClientAuthServiceImpl success.
14:49:40.479 [main] INFO  c.a.n.p.a.s.c.ClientAuthPluginManager - [init,56] - [ClientAuthPluginManager] Load ClientAuthService com.alibaba.nacos.client.auth.ram.RamClientAuthServiceImpl success.
14:49:40.484 [main] INFO  c.a.n.c.r.client - [lambda$createClient$0,94] - [RpcClientFactory] create a new rpc client of 466d19f7-87b1-4c05-9de9-bc0471639d2d
14:49:40.487 [main] INFO  c.a.n.c.r.client - [printIfInfoEnabled,60] - [466d19f7-87b1-4c05-9de9-bc0471639d2d] RpcClient init, ServerListFactory = com.alibaba.nacos.client.naming.core.ServerListManager
14:49:40.488 [main] INFO  c.a.n.c.r.client - [printIfInfoEnabled,60] - [466d19f7-87b1-4c05-9de9-bc0471639d2d] Registry connection listener to current client:com.alibaba.nacos.client.naming.remote.gprc.redo.NamingGrpcRedoService
14:49:40.489 [main] INFO  c.a.n.c.r.client - [printIfInfoEnabled,60] - [466d19f7-87b1-4c05-9de9-bc0471639d2d] Register server push request handler:com.alibaba.nacos.client.naming.remote.gprc.NamingPushRequestHandler
14:49:40.490 [main] INFO  c.a.n.c.r.client - [printIfInfoEnabled,60] - [466d19f7-87b1-4c05-9de9-bc0471639d2d] Try to connect to server on start up, server: {serverIp = 'localhost', server main port = 8848}
14:49:40.609 [main] INFO  c.a.n.c.r.client - [printIfInfoEnabled,60] - [466d19f7-87b1-4c05-9de9-bc0471639d2d] Success to connect to server [localhost:8848] on start up, connectionId = 1684133380499_127.0.0.1_59339
14:49:40.610 [main] INFO  c.a.n.c.r.client - [printIfInfoEnabled,60] - [466d19f7-87b1-4c05-9de9-bc0471639d2d] Register server push request handler:com.alibaba.nacos.common.remote.client.RpcClient$ConnectResetRequestHandler
14:49:40.610 [com.alibaba.nacos.client.remote.worker] INFO  c.a.n.c.r.client - [printIfInfoEnabled,60] - [466d19f7-87b1-4c05-9de9-bc0471639d2d] Notify connected event to listeners.
14:49:40.610 [main] INFO  c.a.n.c.r.client - [printIfInfoEnabled,60] - [466d19f7-87b1-4c05-9de9-bc0471639d2d] Register server push request handler:com.alibaba.nacos.common.remote.client.RpcClient$$Lambda$356/1904273153
14:49:40.611 [com.alibaba.nacos.client.remote.worker] INFO  c.a.n.client.naming - [onConnected,78] - Grpc connection connect
14:49:40.614 [main] INFO  c.a.n.client.naming - [subscribe,167] - [SUBSCRIBE-SERVICE] service:mf-oauth, group:DEFAULT_GROUP, clusters:DEFAULT 
14:49:40.633 [main] INFO  c.a.n.client.naming - [isChangedServiceInfo,184] - init new ips(0) service: DEFAULT_GROUP@@mf-oauth@@DEFAULT -> []
14:49:40.647 [main] INFO  c.a.n.client.naming - [processServiceInfo,169] - current ips:(0) service: DEFAULT_GROUP@@mf-oauth@@DEFAULT -> []
14:49:40.662 [main] INFO  o.a.c.h.Http11NioProtocol - [log,173] - Starting ProtocolHandler ["http-nio-0.0.0.0-9218"]
14:49:40.758 [main] INFO  c.a.n.client.naming - [registerService,120] - [REGISTER-SERVICE] public registering service mf-oauth with instance Instance{instanceId='null', ip='169.254.54.134', port=9218, weight=1.0, healthy=true, enabled=true, ephemeral=true, clusterName='DEFAULT', serviceName='null', metadata={preserved.register.source=SPRING_CLOUD}}
14:49:40.766 [main] INFO  c.a.c.n.r.NacosServiceRegistry - [register,75] - nacos registry, DEFAULT_GROUP mf-oauth 169.254.54.134:9218 register finished
14:49:41.244 [nacos-grpc-client-executor-localhost-6] INFO  c.a.n.c.r.client - [printIfInfoEnabled,60] - [466d19f7-87b1-4c05-9de9-bc0471639d2d] Receive server push request, request = NotifySubscriberRequest, requestId = 6
14:49:41.246 [nacos-grpc-client-executor-localhost-6] INFO  c.a.n.client.naming - [isChangedServiceInfo,235] - new ips(1) service: DEFAULT_GROUP@@mf-oauth@@DEFAULT -> [{"ip":"169.254.54.134","port":9218,"weight":1.0,"healthy":true,"enabled":true,"ephemeral":true,"clusterName":"DEFAULT","serviceName":"DEFAULT_GROUP@@mf-oauth","metadata":{"preserved.register.source":"SPRING_CLOUD"},"ipDeleteTimeout":30000,"instanceHeartBeatInterval":5000,"instanceHeartBeatTimeOut":15000}]
14:49:41.247 [nacos-grpc-client-executor-localhost-6] INFO  c.a.n.client.naming - [processServiceInfo,169] - current ips:(1) service: DEFAULT_GROUP@@mf-oauth@@DEFAULT -> [{"ip":"169.254.54.134","port":9218,"weight":1.0,"healthy":true,"enabled":true,"ephemeral":true,"clusterName":"DEFAULT","serviceName":"DEFAULT_GROUP@@mf-oauth","metadata":{"preserved.register.source":"SPRING_CLOUD"},"ipDeleteTimeout":30000,"instanceHeartBeatInterval":5000,"instanceHeartBeatTimeOut":15000}]
14:49:41.253 [nacos-grpc-client-executor-localhost-6] INFO  c.a.n.c.r.client - [printIfInfoEnabled,60] - [466d19f7-87b1-4c05-9de9-bc0471639d2d] Ack server push request, request = NotifySubscriberRequest, requestId = 6
14:49:43.101 [main] INFO  c.a.s.o.MfOauthApplication - [logStarted,61] - Started MfOauthApplication in 25.755 seconds (JVM running for 27.646)
14:49:43.116 [main] INFO  c.a.n.c.c.i.CacheData - [<clinit>,67] - nacos.cache.data.init.snapshot = true 
14:49:43.117 [main] INFO  c.a.n.c.c.i.ClientWorker - [addCacheDataIfAbsent,381] - [fixed-localhost_8848] [subscribe] mf-oauth.yml+DEFAULT_GROUP
14:49:43.118 [main] INFO  c.a.n.c.c.i.CacheData - [addListener,197] - [fixed-localhost_8848] [add-listener] ok, tenant=, dataId=mf-oauth.yml, group=DEFAULT_GROUP, cnt=1
14:49:43.118 [main] INFO  c.a.c.n.r.NacosContextRefresher - [registerNacosListener,129] - [Nacos Config] Listening config: dataId=mf-oauth.yml, group=DEFAULT_GROUP
14:49:43.120 [main] INFO  c.a.n.c.c.i.ClientWorker - [addCacheDataIfAbsent,381] - [fixed-localhost_8848] [subscribe] mf-oauth-dev.yml+DEFAULT_GROUP
14:49:43.121 [main] INFO  c.a.n.c.c.i.CacheData - [addListener,197] - [fixed-localhost_8848] [add-listener] ok, tenant=, dataId=mf-oauth-dev.yml, group=DEFAULT_GROUP, cnt=1
14:49:43.121 [main] INFO  c.a.c.n.r.NacosContextRefresher - [registerNacosListener,129] - [Nacos Config] Listening config: dataId=mf-oauth-dev.yml, group=DEFAULT_GROUP
14:49:43.121 [main] INFO  c.a.n.c.c.i.ClientWorker - [addCacheDataIfAbsent,381] - [fixed-localhost_8848] [subscribe] mf-oauth+DEFAULT_GROUP
14:49:43.121 [main] INFO  c.a.n.c.c.i.CacheData - [addListener,197] - [fixed-localhost_8848] [add-listener] ok, tenant=, dataId=mf-oauth, group=DEFAULT_GROUP, cnt=1
14:49:43.121 [main] INFO  c.a.c.n.r.NacosContextRefresher - [registerNacosListener,129] - [Nacos Config] Listening config: dataId=mf-oauth, group=DEFAULT_GROUP
14:49:43.122 [main] INFO  c.a.n.c.c.i.ClientWorker - [addCacheDataIfAbsent,381] - [fixed-localhost_8848] [subscribe] application-dev.yml+DEFAULT_GROUP
14:49:43.122 [main] INFO  c.a.n.c.c.i.CacheData - [addListener,197] - [fixed-localhost_8848] [add-listener] ok, tenant=, dataId=application-dev.yml, group=DEFAULT_GROUP, cnt=1
14:49:43.122 [main] INFO  c.a.c.n.r.NacosContextRefresher - [registerNacosListener,129] - [Nacos Config] Listening config: dataId=application-dev.yml, group=DEFAULT_GROUP
14:49:43.123 [main] INFO  c.a.s.o.MfOauthApplication - [main,17] - 
	----------------------------------------------------------
	
	--------------------认证中心启动成功-----------------------
	
14:49:43.481 [RMI TCP Connection(2)-172.18.217.135] INFO  o.a.c.c.C.[.[.[/] - [log,173] - Initializing Spring DispatcherServlet 'dispatcherServlet'
14:52:32.395 [http-nio-0.0.0.0-9218-exec-1] INFO  o.a.s.s.m.AbstractValidatingSessionManager - [enableSessionValidation,233] - Enabling session validation scheduler...
14:52:49.637 [task-1] INFO  c.a.n.client.naming - [subscribe,167] - [SUBSCRIBE-SERVICE] service:mf-sys, group:DEFAULT_GROUP, clusters: 
14:52:49.637 [task-1] INFO  c.a.n.client.naming - [isChangedServiceInfo,184] - init new ips(1) service: DEFAULT_GROUP@@mf-sys -> [{"ip":"169.254.54.134","port":9221,"weight":1.0,"healthy":true,"enabled":true,"ephemeral":true,"clusterName":"DEFAULT","serviceName":"DEFAULT_GROUP@@mf-sys","metadata":{"preserved.register.source":"SPRING_CLOUD"},"ipDeleteTimeout":30000,"instanceHeartBeatInterval":5000,"instanceHeartBeatTimeOut":15000}]
14:52:49.637 [task-1] INFO  c.a.n.client.naming - [processServiceInfo,169] - current ips:(1) service: DEFAULT_GROUP@@mf-sys -> [{"ip":"169.254.54.134","port":9221,"weight":1.0,"healthy":true,"enabled":true,"ephemeral":true,"clusterName":"DEFAULT","serviceName":"DEFAULT_GROUP@@mf-sys","metadata":{"preserved.register.source":"SPRING_CLOUD"},"ipDeleteTimeout":30000,"instanceHeartBeatInterval":5000,"instanceHeartBeatTimeOut":15000}]
14:52:50.188 [nacos-grpc-client-executor-localhost-54] INFO  c.a.n.c.r.client - [printIfInfoEnabled,60] - [466d19f7-87b1-4c05-9de9-bc0471639d2d] Receive server push request, request = NotifySubscriberRequest, requestId = 10
14:52:50.188 [nacos-grpc-client-executor-localhost-54] INFO  c.a.n.c.r.client - [printIfInfoEnabled,60] - [466d19f7-87b1-4c05-9de9-bc0471639d2d] Ack server push request, request = NotifySubscriberRequest, requestId = 10
16:10:47.779 [main] INFO  c.a.s.o.MfOauthApplication - [logStartupProfileInfo,637] - The following 1 profile is active: "dev"
16:10:51.504 [main] INFO  c.a.d.p.DruidDataSource - [init,985] - {dataSource-1,master} inited
16:10:51.505 [main] INFO  c.b.d.d.DynamicRoutingDataSource - [addDataSource,154] - dynamic-datasource - add a datasource named [master] success
16:10:51.506 [main] INFO  c.b.d.d.DynamicRoutingDataSource - [afterPropertiesSet,234] - dynamic-datasource initial loaded [1] datasource,primary datasource named [master]
16:10:53.751 [main] INFO  o.a.c.h.Http11NioProtocol - [log,173] - Initializing ProtocolHandler ["http-nio-0.0.0.0-9218"]
16:10:53.752 [main] INFO  o.a.c.c.StandardService - [log,173] - Starting service [Tomcat]
16:10:53.752 [main] INFO  o.a.c.c.StandardEngine - [log,173] - Starting Servlet engine: [Apache Tomcat/9.0.70]
16:10:53.914 [main] INFO  o.a.c.c.C.[.[.[/] - [log,173] - Initializing Spring embedded WebApplicationContext
16:10:56.529 [main] INFO  c.a.c.s.SentinelWebMvcConfigurer - [addInterceptors,52] - [Sentinel Starter] register SentinelWebInterceptor with urlPatterns: [/**].
16:11:02.286 [main] INFO  c.a.n.c.e.SearchableProperties - [sortPropertySourceDefaultOrder,197] - properties search order:PROPERTIES->JVM->ENV->DEFAULT_SETTING
16:11:02.287 [main] INFO  c.a.n.client.naming - [initNamespaceForNaming,61] - initializer namespace from System Property : null
16:11:02.288 [main] INFO  c.a.n.client.naming - [lambda$initNamespaceForNaming$0,65] - initializer namespace from System Environment :null
16:11:02.288 [main] INFO  c.a.n.client.naming - [lambda$initNamespaceForNaming$1,72] - initializer namespace from System Property :
16:11:02.297 [main] INFO  c.a.n.p.a.s.c.ClientAuthPluginManager - [init,56] - [ClientAuthPluginManager] Load ClientAuthService com.alibaba.nacos.client.auth.impl.NacosClientAuthServiceImpl success.
16:11:02.297 [main] INFO  c.a.n.p.a.s.c.ClientAuthPluginManager - [init,56] - [ClientAuthPluginManager] Load ClientAuthService com.alibaba.nacos.client.auth.ram.RamClientAuthServiceImpl success.
16:11:02.300 [main] INFO  c.a.n.c.r.client - [lambda$createClient$0,94] - [RpcClientFactory] create a new rpc client of 0374c273-4257-48dc-9fff-7c99bb7e64e8
16:11:02.301 [main] INFO  c.a.n.c.r.client - [printIfInfoEnabled,60] - [0374c273-4257-48dc-9fff-7c99bb7e64e8] RpcClient init, ServerListFactory = com.alibaba.nacos.client.naming.core.ServerListManager
16:11:02.302 [main] INFO  c.a.n.c.r.client - [printIfInfoEnabled,60] - [0374c273-4257-48dc-9fff-7c99bb7e64e8] Registry connection listener to current client:com.alibaba.nacos.client.naming.remote.gprc.redo.NamingGrpcRedoService
16:11:02.302 [main] INFO  c.a.n.c.r.client - [printIfInfoEnabled,60] - [0374c273-4257-48dc-9fff-7c99bb7e64e8] Register server push request handler:com.alibaba.nacos.client.naming.remote.gprc.NamingPushRequestHandler
16:11:02.302 [main] INFO  c.a.n.c.r.client - [printIfInfoEnabled,60] - [0374c273-4257-48dc-9fff-7c99bb7e64e8] Try to connect to server on start up, server: {serverIp = 'localhost', server main port = 8848}
16:11:02.419 [main] INFO  c.a.n.c.r.client - [printIfInfoEnabled,60] - [0374c273-4257-48dc-9fff-7c99bb7e64e8] Success to connect to server [localhost:8848] on start up, connectionId = 1684138262307_127.0.0.1_62345
16:11:02.419 [main] INFO  c.a.n.c.r.client - [printIfInfoEnabled,60] - [0374c273-4257-48dc-9fff-7c99bb7e64e8] Register server push request handler:com.alibaba.nacos.common.remote.client.RpcClient$ConnectResetRequestHandler
16:11:02.419 [com.alibaba.nacos.client.remote.worker] INFO  c.a.n.c.r.client - [printIfInfoEnabled,60] - [0374c273-4257-48dc-9fff-7c99bb7e64e8] Notify connected event to listeners.
16:11:02.419 [main] INFO  c.a.n.c.r.client - [printIfInfoEnabled,60] - [0374c273-4257-48dc-9fff-7c99bb7e64e8] Register server push request handler:com.alibaba.nacos.common.remote.client.RpcClient$$Lambda$356/94748968
16:11:02.420 [com.alibaba.nacos.client.remote.worker] INFO  c.a.n.client.naming - [onConnected,78] - Grpc connection connect
16:11:02.422 [main] INFO  c.a.n.client.naming - [subscribe,167] - [SUBSCRIBE-SERVICE] service:mf-oauth, group:DEFAULT_GROUP, clusters:DEFAULT 
16:11:02.431 [main] INFO  c.a.n.client.naming - [isChangedServiceInfo,184] - init new ips(0) service: DEFAULT_GROUP@@mf-oauth@@DEFAULT -> []
16:11:02.440 [main] INFO  c.a.n.client.naming - [processServiceInfo,169] - current ips:(0) service: DEFAULT_GROUP@@mf-oauth@@DEFAULT -> []
16:11:02.450 [main] INFO  o.a.c.h.Http11NioProtocol - [log,173] - Starting ProtocolHandler ["http-nio-0.0.0.0-9218"]
16:11:02.462 [main] INFO  c.a.n.client.naming - [registerService,120] - [REGISTER-SERVICE] public registering service mf-oauth with instance Instance{instanceId='null', ip='169.254.54.134', port=9218, weight=1.0, healthy=true, enabled=true, ephemeral=true, clusterName='DEFAULT', serviceName='null', metadata={preserved.register.source=SPRING_CLOUD}}
16:11:02.467 [main] INFO  c.a.c.n.r.NacosServiceRegistry - [register,75] - nacos registry, DEFAULT_GROUP mf-oauth 169.254.54.134:9218 register finished
16:11:02.982 [nacos-grpc-client-executor-localhost-6] INFO  c.a.n.c.r.client - [printIfInfoEnabled,60] - [0374c273-4257-48dc-9fff-7c99bb7e64e8] Receive server push request, request = NotifySubscriberRequest, requestId = 20
16:11:02.985 [nacos-grpc-client-executor-localhost-6] INFO  c.a.n.client.naming - [isChangedServiceInfo,235] - new ips(1) service: DEFAULT_GROUP@@mf-oauth@@DEFAULT -> [{"ip":"169.254.54.134","port":9218,"weight":1.0,"healthy":true,"enabled":true,"ephemeral":true,"clusterName":"DEFAULT","serviceName":"DEFAULT_GROUP@@mf-oauth","metadata":{"preserved.register.source":"SPRING_CLOUD"},"instanceHeartBeatInterval":5000,"instanceHeartBeatTimeOut":15000,"ipDeleteTimeout":30000}]
16:11:02.986 [nacos-grpc-client-executor-localhost-6] INFO  c.a.n.client.naming - [processServiceInfo,169] - current ips:(1) service: DEFAULT_GROUP@@mf-oauth@@DEFAULT -> [{"ip":"169.254.54.134","port":9218,"weight":1.0,"healthy":true,"enabled":true,"ephemeral":true,"clusterName":"DEFAULT","serviceName":"DEFAULT_GROUP@@mf-oauth","metadata":{"preserved.register.source":"SPRING_CLOUD"},"instanceHeartBeatInterval":5000,"instanceHeartBeatTimeOut":15000,"ipDeleteTimeout":30000}]
16:11:02.990 [nacos-grpc-client-executor-localhost-6] INFO  c.a.n.c.r.client - [printIfInfoEnabled,60] - [0374c273-4257-48dc-9fff-7c99bb7e64e8] Ack server push request, request = NotifySubscriberRequest, requestId = 20
16:11:03.578 [main] INFO  c.a.s.o.MfOauthApplication - [logStarted,61] - Started MfOauthApplication in 20.948 seconds (JVM running for 22.234)
16:11:03.586 [main] INFO  c.a.n.c.c.i.CacheData - [<clinit>,67] - nacos.cache.data.init.snapshot = true 
16:11:03.587 [main] INFO  c.a.n.c.c.i.ClientWorker - [addCacheDataIfAbsent,381] - [fixed-localhost_8848] [subscribe] mf-oauth.yml+DEFAULT_GROUP
16:11:03.588 [main] INFO  c.a.n.c.c.i.CacheData - [addListener,197] - [fixed-localhost_8848] [add-listener] ok, tenant=, dataId=mf-oauth.yml, group=DEFAULT_GROUP, cnt=1
16:11:03.588 [main] INFO  c.a.c.n.r.NacosContextRefresher - [registerNacosListener,129] - [Nacos Config] Listening config: dataId=mf-oauth.yml, group=DEFAULT_GROUP
16:11:03.589 [main] INFO  c.a.n.c.c.i.ClientWorker - [addCacheDataIfAbsent,381] - [fixed-localhost_8848] [subscribe] mf-oauth-dev.yml+DEFAULT_GROUP
16:11:03.590 [main] INFO  c.a.n.c.c.i.CacheData - [addListener,197] - [fixed-localhost_8848] [add-listener] ok, tenant=, dataId=mf-oauth-dev.yml, group=DEFAULT_GROUP, cnt=1
16:11:03.590 [main] INFO  c.a.c.n.r.NacosContextRefresher - [registerNacosListener,129] - [Nacos Config] Listening config: dataId=mf-oauth-dev.yml, group=DEFAULT_GROUP
16:11:03.590 [main] INFO  c.a.n.c.c.i.ClientWorker - [addCacheDataIfAbsent,381] - [fixed-localhost_8848] [subscribe] mf-oauth+DEFAULT_GROUP
16:11:03.590 [main] INFO  c.a.n.c.c.i.CacheData - [addListener,197] - [fixed-localhost_8848] [add-listener] ok, tenant=, dataId=mf-oauth, group=DEFAULT_GROUP, cnt=1
16:11:03.590 [main] INFO  c.a.c.n.r.NacosContextRefresher - [registerNacosListener,129] - [Nacos Config] Listening config: dataId=mf-oauth, group=DEFAULT_GROUP
16:11:03.591 [main] INFO  c.a.n.c.c.i.ClientWorker - [addCacheDataIfAbsent,381] - [fixed-localhost_8848] [subscribe] application-dev.yml+DEFAULT_GROUP
16:11:03.591 [main] INFO  c.a.n.c.c.i.CacheData - [addListener,197] - [fixed-localhost_8848] [add-listener] ok, tenant=, dataId=application-dev.yml, group=DEFAULT_GROUP, cnt=1
16:11:03.592 [main] INFO  c.a.c.n.r.NacosContextRefresher - [registerNacosListener,129] - [Nacos Config] Listening config: dataId=application-dev.yml, group=DEFAULT_GROUP
16:11:03.592 [main] INFO  c.a.s.o.MfOauthApplication - [main,17] - 
	----------------------------------------------------------
	
	--------------------认证中心启动成功-----------------------
	
16:11:04.134 [RMI TCP Connection(6)-172.18.217.135] INFO  o.a.c.c.C.[.[.[/] - [log,173] - Initializing Spring DispatcherServlet 'dispatcherServlet'
16:11:58.498 [http-nio-0.0.0.0-9218-exec-1] INFO  o.a.s.s.m.AbstractValidatingSessionManager - [enableSessionValidation,233] - Enabling session validation scheduler...
16:11:59.847 [task-1] INFO  c.a.n.client.naming - [subscribe,167] - [SUBSCRIBE-SERVICE] service:mf-sys, group:DEFAULT_GROUP, clusters: 
16:11:59.847 [task-2] INFO  c.a.n.client.naming - [subscribe,167] - [SUBSCRIBE-SERVICE] service:mf-sys, group:DEFAULT_GROUP, clusters: 
16:11:59.851 [task-1] INFO  c.a.n.client.naming - [isChangedServiceInfo,184] - init new ips(1) service: DEFAULT_GROUP@@mf-sys -> [{"ip":"169.254.54.134","port":9221,"weight":1.0,"healthy":true,"enabled":true,"ephemeral":true,"clusterName":"DEFAULT","serviceName":"DEFAULT_GROUP@@mf-sys","metadata":{"preserved.register.source":"SPRING_CLOUD"},"instanceHeartBeatInterval":5000,"instanceHeartBeatTimeOut":15000,"ipDeleteTimeout":30000}]
16:11:59.851 [task-1] INFO  c.a.n.client.naming - [processServiceInfo,169] - current ips:(1) service: DEFAULT_GROUP@@mf-sys -> [{"ip":"169.254.54.134","port":9221,"weight":1.0,"healthy":true,"enabled":true,"ephemeral":true,"clusterName":"DEFAULT","serviceName":"DEFAULT_GROUP@@mf-sys","metadata":{"preserved.register.source":"SPRING_CLOUD"},"instanceHeartBeatInterval":5000,"instanceHeartBeatTimeOut":15000,"ipDeleteTimeout":30000}]
16:12:00.445 [nacos-grpc-client-executor-localhost-21] INFO  c.a.n.c.r.client - [printIfInfoEnabled,60] - [0374c273-4257-48dc-9fff-7c99bb7e64e8] Receive server push request, request = NotifySubscriberRequest, requestId = 25
16:12:00.446 [nacos-grpc-client-executor-localhost-21] INFO  c.a.n.c.r.client - [printIfInfoEnabled,60] - [0374c273-4257-48dc-9fff-7c99bb7e64e8] Ack server push request, request = NotifySubscriberRequest, requestId = 25
17:11:58.500 [SessionValidationThread-1] INFO  o.a.s.s.m.AbstractValidatingSessionManager - [validateSessions,275] - Validating all active sessions...
17:11:58.590 [SessionValidationThread-1] INFO  o.a.s.s.m.AbstractValidatingSessionManager - [validateSessions,308] - Finished session validation.  No sessions were stopped.
18:11:58.507 [SessionValidationThread-1] INFO  o.a.s.s.m.AbstractValidatingSessionManager - [validateSessions,275] - Validating all active sessions...
18:11:58.512 [SessionValidationThread-1] INFO  o.a.s.s.m.AbstractValidatingSessionManager - [validateSessions,308] - Finished session validation.  No sessions were stopped.
19:28:46.470 [SessionValidationThread-1] INFO  o.a.s.s.m.AbstractValidatingSessionManager - [validateSessions,275] - Validating all active sessions...
19:28:46.475 [SessionValidationThread-1] INFO  o.a.s.s.m.AbstractValidatingSessionManager - [validateSessions,308] - Finished session validation.  No sessions were stopped.
20:11:58.507 [SessionValidationThread-1] INFO  o.a.s.s.m.AbstractValidatingSessionManager - [validateSessions,275] - Validating all active sessions...
20:11:58.509 [SessionValidationThread-1] INFO  o.a.s.s.m.AbstractValidatingSessionManager - [validateSessions,308] - Finished session validation.  No sessions were stopped.
20:34:04.960 [main] INFO  c.a.s.o.MfOauthApplication - [logStartupProfileInfo,637] - The following 1 profile is active: "dev"
20:34:12.493 [main] INFO  c.a.d.p.DruidDataSource - [init,985] - {dataSource-1,master} inited
20:34:12.503 [main] INFO  c.b.d.d.DynamicRoutingDataSource - [addDataSource,154] - dynamic-datasource - add a datasource named [master] success
20:34:12.503 [main] INFO  c.b.d.d.DynamicRoutingDataSource - [afterPropertiesSet,234] - dynamic-datasource initial loaded [1] datasource,primary datasource named [master]
20:34:16.383 [main] INFO  o.a.c.h.Http11NioProtocol - [log,173] - Initializing ProtocolHandler ["http-nio-0.0.0.0-9218"]
20:34:16.393 [main] INFO  o.a.c.c.StandardService - [log,173] - Starting service [Tomcat]
20:34:16.393 [main] INFO  o.a.c.c.StandardEngine - [log,173] - Starting Servlet engine: [Apache Tomcat/9.0.70]
20:34:17.035 [main] INFO  o.a.c.c.C.[.[.[/] - [log,173] - Initializing Spring embedded WebApplicationContext
20:34:21.259 [main] INFO  c.a.c.s.SentinelWebMvcConfigurer - [addInterceptors,52] - [Sentinel Starter] register SentinelWebInterceptor with urlPatterns: [/**].
20:34:27.243 [main] INFO  c.a.n.c.e.SearchableProperties - [sortPropertySourceDefaultOrder,197] - properties search order:PROPERTIES->JVM->ENV->DEFAULT_SETTING
20:34:27.243 [main] INFO  c.a.n.client.naming - [initNamespaceForNaming,61] - initializer namespace from System Property : null
20:34:27.243 [main] INFO  c.a.n.client.naming - [lambda$initNamespaceForNaming$0,65] - initializer namespace from System Environment :null
20:34:27.243 [main] INFO  c.a.n.client.naming - [lambda$initNamespaceForNaming$1,72] - initializer namespace from System Property :
20:34:27.253 [main] INFO  c.a.n.p.a.s.c.ClientAuthPluginManager - [init,56] - [ClientAuthPluginManager] Load ClientAuthService com.alibaba.nacos.client.auth.impl.NacosClientAuthServiceImpl success.
20:34:27.253 [main] INFO  c.a.n.p.a.s.c.ClientAuthPluginManager - [init,56] - [ClientAuthPluginManager] Load ClientAuthService com.alibaba.nacos.client.auth.ram.RamClientAuthServiceImpl success.
20:34:27.264 [main] INFO  c.a.n.c.r.client - [lambda$createClient$0,94] - [RpcClientFactory] create a new rpc client of 9a1d7994-74d3-427c-a8b2-0df75647122c
20:34:27.266 [main] INFO  c.a.n.c.r.client - [printIfInfoEnabled,60] - [9a1d7994-74d3-427c-a8b2-0df75647122c] RpcClient init, ServerListFactory = com.alibaba.nacos.client.naming.core.ServerListManager
20:34:27.266 [main] INFO  c.a.n.c.r.client - [printIfInfoEnabled,60] - [9a1d7994-74d3-427c-a8b2-0df75647122c] Registry connection listener to current client:com.alibaba.nacos.client.naming.remote.gprc.redo.NamingGrpcRedoService
20:34:27.266 [main] INFO  c.a.n.c.r.client - [printIfInfoEnabled,60] - [9a1d7994-74d3-427c-a8b2-0df75647122c] Register server push request handler:com.alibaba.nacos.client.naming.remote.gprc.NamingPushRequestHandler
20:34:27.266 [main] INFO  c.a.n.c.r.client - [printIfInfoEnabled,60] - [9a1d7994-74d3-427c-a8b2-0df75647122c] Try to connect to server on start up, server: {serverIp = 'localhost', server main port = 8848}
20:34:27.382 [main] INFO  c.a.n.c.r.client - [printIfInfoEnabled,60] - [9a1d7994-74d3-427c-a8b2-0df75647122c] Success to connect to server [localhost:8848] on start up, connectionId = 1684154067266_127.0.0.1_63024
20:34:27.382 [main] INFO  c.a.n.c.r.client - [printIfInfoEnabled,60] - [9a1d7994-74d3-427c-a8b2-0df75647122c] Register server push request handler:com.alibaba.nacos.common.remote.client.RpcClient$ConnectResetRequestHandler
20:34:27.382 [com.alibaba.nacos.client.remote.worker] INFO  c.a.n.c.r.client - [printIfInfoEnabled,60] - [9a1d7994-74d3-427c-a8b2-0df75647122c] Notify connected event to listeners.
20:34:27.382 [main] INFO  c.a.n.c.r.client - [printIfInfoEnabled,60] - [9a1d7994-74d3-427c-a8b2-0df75647122c] Register server push request handler:com.alibaba.nacos.common.remote.client.RpcClient$$Lambda$356/1904273153
20:34:27.382 [com.alibaba.nacos.client.remote.worker] INFO  c.a.n.client.naming - [onConnected,78] - Grpc connection connect
20:34:27.382 [main] INFO  c.a.n.client.naming - [subscribe,167] - [SUBSCRIBE-SERVICE] service:mf-oauth, group:DEFAULT_GROUP, clusters:DEFAULT 
20:34:27.392 [main] INFO  c.a.n.client.naming - [isChangedServiceInfo,184] - init new ips(0) service: DEFAULT_GROUP@@mf-oauth@@DEFAULT -> []
20:34:27.402 [main] INFO  c.a.n.client.naming - [processServiceInfo,169] - current ips:(0) service: DEFAULT_GROUP@@mf-oauth@@DEFAULT -> []
20:34:27.412 [main] INFO  o.a.c.h.Http11NioProtocol - [log,173] - Starting ProtocolHandler ["http-nio-0.0.0.0-9218"]
20:34:27.422 [main] INFO  c.a.n.client.naming - [registerService,120] - [REGISTER-SERVICE] public registering service mf-oauth with instance Instance{instanceId='null', ip='169.254.54.134', port=9218, weight=1.0, healthy=true, enabled=true, ephemeral=true, clusterName='DEFAULT', serviceName='null', metadata={preserved.register.source=SPRING_CLOUD}}
20:34:27.432 [main] INFO  c.a.c.n.r.NacosServiceRegistry - [register,75] - nacos registry, DEFAULT_GROUP mf-oauth 169.254.54.134:9218 register finished
20:34:27.966 [nacos-grpc-client-executor-localhost-7] INFO  c.a.n.c.r.client - [printIfInfoEnabled,60] - [9a1d7994-74d3-427c-a8b2-0df75647122c] Receive server push request, request = NotifySubscriberRequest, requestId = 48
20:34:27.966 [nacos-grpc-client-executor-localhost-7] INFO  c.a.n.client.naming - [isChangedServiceInfo,235] - new ips(1) service: DEFAULT_GROUP@@mf-oauth@@DEFAULT -> [{"ip":"169.254.54.134","port":9218,"weight":1.0,"healthy":true,"enabled":true,"ephemeral":true,"clusterName":"DEFAULT","serviceName":"DEFAULT_GROUP@@mf-oauth","metadata":{"preserved.register.source":"SPRING_CLOUD"},"ipDeleteTimeout":30000,"instanceHeartBeatTimeOut":15000,"instanceHeartBeatInterval":5000}]
20:34:27.966 [nacos-grpc-client-executor-localhost-7] INFO  c.a.n.client.naming - [processServiceInfo,169] - current ips:(1) service: DEFAULT_GROUP@@mf-oauth@@DEFAULT -> [{"ip":"169.254.54.134","port":9218,"weight":1.0,"healthy":true,"enabled":true,"ephemeral":true,"clusterName":"DEFAULT","serviceName":"DEFAULT_GROUP@@mf-oauth","metadata":{"preserved.register.source":"SPRING_CLOUD"},"ipDeleteTimeout":30000,"instanceHeartBeatTimeOut":15000,"instanceHeartBeatInterval":5000}]
20:34:27.976 [nacos-grpc-client-executor-localhost-7] INFO  c.a.n.c.r.client - [printIfInfoEnabled,60] - [9a1d7994-74d3-427c-a8b2-0df75647122c] Ack server push request, request = NotifySubscriberRequest, requestId = 48
20:34:28.943 [main] INFO  c.a.s.o.MfOauthApplication - [logStarted,61] - Started MfOauthApplication in 30.37 seconds (JVM running for 31.713)
20:34:28.953 [main] INFO  c.a.n.c.c.i.CacheData - [<clinit>,67] - nacos.cache.data.init.snapshot = true 
20:34:28.953 [main] INFO  c.a.n.c.c.i.ClientWorker - [addCacheDataIfAbsent,381] - [fixed-localhost_8848] [subscribe] mf-oauth.yml+DEFAULT_GROUP
20:34:28.953 [main] INFO  c.a.n.c.c.i.CacheData - [addListener,197] - [fixed-localhost_8848] [add-listener] ok, tenant=, dataId=mf-oauth.yml, group=DEFAULT_GROUP, cnt=1
20:34:28.953 [main] INFO  c.a.c.n.r.NacosContextRefresher - [registerNacosListener,129] - [Nacos Config] Listening config: dataId=mf-oauth.yml, group=DEFAULT_GROUP
20:34:28.964 [main] INFO  c.a.n.c.c.i.ClientWorker - [addCacheDataIfAbsent,381] - [fixed-localhost_8848] [subscribe] mf-oauth-dev.yml+DEFAULT_GROUP
20:34:28.964 [main] INFO  c.a.n.c.c.i.CacheData - [addListener,197] - [fixed-localhost_8848] [add-listener] ok, tenant=, dataId=mf-oauth-dev.yml, group=DEFAULT_GROUP, cnt=1
20:34:28.964 [main] INFO  c.a.c.n.r.NacosContextRefresher - [registerNacosListener,129] - [Nacos Config] Listening config: dataId=mf-oauth-dev.yml, group=DEFAULT_GROUP
20:34:28.964 [main] INFO  c.a.n.c.c.i.ClientWorker - [addCacheDataIfAbsent,381] - [fixed-localhost_8848] [subscribe] mf-oauth+DEFAULT_GROUP
20:34:28.964 [main] INFO  c.a.n.c.c.i.CacheData - [addListener,197] - [fixed-localhost_8848] [add-listener] ok, tenant=, dataId=mf-oauth, group=DEFAULT_GROUP, cnt=1
20:34:28.964 [main] INFO  c.a.c.n.r.NacosContextRefresher - [registerNacosListener,129] - [Nacos Config] Listening config: dataId=mf-oauth, group=DEFAULT_GROUP
20:34:28.965 [main] INFO  c.a.n.c.c.i.ClientWorker - [addCacheDataIfAbsent,381] - [fixed-localhost_8848] [subscribe] application-dev.yml+DEFAULT_GROUP
20:34:28.965 [main] INFO  c.a.n.c.c.i.CacheData - [addListener,197] - [fixed-localhost_8848] [add-listener] ok, tenant=, dataId=application-dev.yml, group=DEFAULT_GROUP, cnt=1
20:34:28.965 [main] INFO  c.a.c.n.r.NacosContextRefresher - [registerNacosListener,129] - [Nacos Config] Listening config: dataId=application-dev.yml, group=DEFAULT_GROUP
20:34:28.965 [main] INFO  c.a.s.o.MfOauthApplication - [main,17] - 
	----------------------------------------------------------
	
	--------------------认证中心启动成功-----------------------
	
20:34:29.735 [RMI TCP Connection(12)-192.168.114.125] INFO  o.a.c.c.C.[.[.[/] - [log,173] - Initializing Spring DispatcherServlet 'dispatcherServlet'
20:34:46.275 [http-nio-0.0.0.0-9218-exec-1] INFO  o.a.s.s.m.AbstractValidatingSessionManager - [enableSessionValidation,233] - Enabling session validation scheduler...
20:34:50.890 [task-1] INFO  c.a.n.client.naming - [subscribe,167] - [SUBSCRIBE-SERVICE] service:mf-sys, group:DEFAULT_GROUP, clusters: 
20:34:50.894 [task-1] INFO  c.a.n.client.naming - [isChangedServiceInfo,184] - init new ips(1) service: DEFAULT_GROUP@@mf-sys -> [{"ip":"169.254.54.134","port":9221,"weight":1.0,"healthy":true,"enabled":true,"ephemeral":true,"clusterName":"DEFAULT","serviceName":"DEFAULT_GROUP@@mf-sys","metadata":{"preserved.register.source":"SPRING_CLOUD"},"ipDeleteTimeout":30000,"instanceHeartBeatTimeOut":15000,"instanceHeartBeatInterval":5000}]
20:34:50.894 [task-1] INFO  c.a.n.client.naming - [processServiceInfo,169] - current ips:(1) service: DEFAULT_GROUP@@mf-sys -> [{"ip":"169.254.54.134","port":9221,"weight":1.0,"healthy":true,"enabled":true,"ephemeral":true,"clusterName":"DEFAULT","serviceName":"DEFAULT_GROUP@@mf-sys","metadata":{"preserved.register.source":"SPRING_CLOUD"},"ipDeleteTimeout":30000,"instanceHeartBeatTimeOut":15000,"instanceHeartBeatInterval":5000}]
20:34:51.505 [nacos-grpc-client-executor-localhost-13] INFO  c.a.n.c.r.client - [printIfInfoEnabled,60] - [9a1d7994-74d3-427c-a8b2-0df75647122c] Receive server push request, request = NotifySubscriberRequest, requestId = 54
20:34:51.506 [nacos-grpc-client-executor-localhost-13] INFO  c.a.n.c.r.client - [printIfInfoEnabled,60] - [9a1d7994-74d3-427c-a8b2-0df75647122c] Ack server push request, request = NotifySubscriberRequest, requestId = 54
21:34:46.286 [SessionValidationThread-1] INFO  o.a.s.s.m.AbstractValidatingSessionManager - [validateSessions,275] - Validating all active sessions...
21:34:46.316 [SessionValidationThread-1] INFO  o.a.s.s.m.AbstractValidatingSessionManager - [validateSessions,308] - Finished session validation.  No sessions were stopped.
22:34:46.281 [SessionValidationThread-1] INFO  o.a.s.s.m.AbstractValidatingSessionManager - [validateSessions,275] - Validating all active sessions...
22:34:46.283 [SessionValidationThread-1] INFO  o.a.s.s.m.AbstractValidatingSessionManager - [validateSessions,308] - Finished session validation.  No sessions were stopped.
23:34:46.277 [SessionValidationThread-1] INFO  o.a.s.s.m.AbstractValidatingSessionManager - [validateSessions,275] - Validating all active sessions...
23:34:46.283 [SessionValidationThread-1] INFO  o.a.s.s.m.AbstractValidatingSessionManager - [validateSessions,308] - Finished session validation.  No sessions were stopped.
