08:01:27.835 [main] INFO  c.a.s.s.MfStorageApplication - [logStartupProfileInfo,637] - The following 1 profile is active: "dev"
08:01:31.363 [main] INFO  o.a.c.c.StandardService - [log,173] - Starting service [Tomcat]
08:01:31.363 [main] INFO  o.a.c.c.StandardEngine - [log,173] - Starting Servlet engine: [Apache Tomcat/9.0.70]
08:01:31.663 [main] INFO  o.a.c.c.C.[.[.[/] - [log,173] - Initializing Spring embedded WebApplicationContext
08:01:33.046 [main] INFO  c.a.d.p.DruidDataSource - [init,985] - {dataSource-1,master} inited
08:01:33.093 [Druid-ConnectionPool-Create-1192632691] INFO  c.a.d.p.DruidAbstractDataSource - [setFailContinuous,1883] - {dataSource-1} failContinuous is true
08:01:33.103 [main] INFO  o.a.c.c.StandardService - [log,173] - Stopping service [Tomcat]
08:26:18.332 [main] INFO  c.a.s.s.MfStorageApplication - [logStartupProfileInfo,637] - The following 1 profile is active: "dev"
08:26:20.265 [main] INFO  o.a.c.c.StandardService - [log,173] - Starting service [Tomcat]
08:26:20.266 [main] INFO  o.a.c.c.StandardEngine - [log,173] - Starting Servlet engine: [Apache Tomcat/9.0.70]
08:26:20.411 [main] INFO  o.a.c.c.C.[.[.[/] - [log,173] - Initializing Spring embedded WebApplicationContext
08:26:21.271 [main] INFO  c.a.d.p.DruidDataSource - [init,985] - {dataSource-1,master} inited
08:26:21.300 [Druid-ConnectionPool-Create-1606542587] INFO  c.a.d.p.DruidAbstractDataSource - [setFailContinuous,1883] - {dataSource-1} failContinuous is true
08:26:21.302 [main] INFO  o.a.c.c.StandardService - [log,173] - Stopping service [Tomcat]
08:26:50.158 [main] INFO  c.a.s.s.MfStorageApplication - [logStartupProfileInfo,637] - The following 1 profile is active: "dev"
08:26:52.811 [main] INFO  o.a.c.c.StandardService - [log,173] - Starting service [Tomcat]
08:26:52.811 [main] INFO  o.a.c.c.StandardEngine - [log,173] - Starting Servlet engine: [Apache Tomcat/9.0.70]
08:26:52.977 [main] INFO  o.a.c.c.C.[.[.[/] - [log,173] - Initializing Spring embedded WebApplicationContext
08:26:54.164 [main] INFO  c.a.d.p.DruidDataSource - [init,985] - {dataSource-1,master} inited
08:26:54.165 [main] INFO  c.b.d.d.DynamicRoutingDataSource - [addDataSource,154] - dynamic-datasource - add a datasource named [master] success
08:26:54.165 [main] INFO  c.b.d.d.DynamicRoutingDataSource - [afterPropertiesSet,234] - dynamic-datasource initial loaded [1] datasource,primary datasource named [master]
08:26:56.753 [main] INFO  c.a.c.s.SentinelWebMvcConfigurer - [addInterceptors,52] - [Sentinel Starter] register SentinelWebInterceptor with urlPatterns: [/**].
08:26:59.595 [main] INFO  c.a.n.c.e.SearchableProperties - [sortPropertySourceDefaultOrder,197] - properties search order:PROPERTIES->JVM->ENV->DEFAULT_SETTING
08:26:59.596 [main] INFO  c.a.n.client.naming - [initNamespaceForNaming,61] - initializer namespace from System Property : null
08:26:59.597 [main] INFO  c.a.n.client.naming - [lambda$initNamespaceForNaming$0,65] - initializer namespace from System Environment :null
08:26:59.597 [main] INFO  c.a.n.client.naming - [lambda$initNamespaceForNaming$1,72] - initializer namespace from System Property :
08:26:59.607 [main] INFO  c.a.n.p.a.s.c.ClientAuthPluginManager - [init,56] - [ClientAuthPluginManager] Load ClientAuthService com.alibaba.nacos.client.auth.impl.NacosClientAuthServiceImpl success.
08:26:59.608 [main] INFO  c.a.n.p.a.s.c.ClientAuthPluginManager - [init,56] - [ClientAuthPluginManager] Load ClientAuthService com.alibaba.nacos.client.auth.ram.RamClientAuthServiceImpl success.
08:26:59.611 [main] INFO  c.a.n.c.r.client - [lambda$createClient$0,94] - [RpcClientFactory] create a new rpc client of 3b6f302a-8ae1-43ec-a102-d142e844ea14
08:26:59.613 [main] INFO  c.a.n.c.r.client - [printIfInfoEnabled,60] - [3b6f302a-8ae1-43ec-a102-d142e844ea14] RpcClient init, ServerListFactory = com.alibaba.nacos.client.naming.core.ServerListManager
08:26:59.613 [main] INFO  c.a.n.c.r.client - [printIfInfoEnabled,60] - [3b6f302a-8ae1-43ec-a102-d142e844ea14] Registry connection listener to current client:com.alibaba.nacos.client.naming.remote.gprc.redo.NamingGrpcRedoService
08:26:59.613 [main] INFO  c.a.n.c.r.client - [printIfInfoEnabled,60] - [3b6f302a-8ae1-43ec-a102-d142e844ea14] Register server push request handler:com.alibaba.nacos.client.naming.remote.gprc.NamingPushRequestHandler
08:26:59.614 [main] INFO  c.a.n.c.r.client - [printIfInfoEnabled,60] - [3b6f302a-8ae1-43ec-a102-d142e844ea14] Try to connect to server on start up, server: {serverIp = 'localhost', server main port = 8848}
08:26:59.728 [main] INFO  c.a.n.c.r.client - [printIfInfoEnabled,60] - [3b6f302a-8ae1-43ec-a102-d142e844ea14] Success to connect to server [localhost:8848] on start up, connectionId = 1683419219620_127.0.0.1_63315
08:26:59.728 [main] INFO  c.a.n.c.r.client - [printIfInfoEnabled,60] - [3b6f302a-8ae1-43ec-a102-d142e844ea14] Register server push request handler:com.alibaba.nacos.common.remote.client.RpcClient$ConnectResetRequestHandler
08:26:59.728 [com.alibaba.nacos.client.remote.worker] INFO  c.a.n.c.r.client - [printIfInfoEnabled,60] - [3b6f302a-8ae1-43ec-a102-d142e844ea14] Notify connected event to listeners.
08:26:59.728 [main] INFO  c.a.n.c.r.client - [printIfInfoEnabled,60] - [3b6f302a-8ae1-43ec-a102-d142e844ea14] Register server push request handler:com.alibaba.nacos.common.remote.client.RpcClient$$Lambda$356/1236303587
08:26:59.729 [com.alibaba.nacos.client.remote.worker] INFO  c.a.n.client.naming - [onConnected,78] - Grpc connection connect
08:26:59.731 [main] INFO  c.a.n.client.naming - [subscribe,167] - [SUBSCRIBE-SERVICE] service:mf-storage, group:DEFAULT_GROUP, clusters:DEFAULT 
08:26:59.740 [main] INFO  c.a.n.client.naming - [isChangedServiceInfo,184] - init new ips(0) service: DEFAULT_GROUP@@mf-storage@@DEFAULT -> []
08:26:59.750 [main] INFO  c.a.n.client.naming - [processServiceInfo,169] - current ips:(0) service: DEFAULT_GROUP@@mf-storage@@DEFAULT -> []
08:26:59.784 [main] INFO  c.a.n.client.naming - [registerService,120] - [REGISTER-SERVICE] public registering service mf-storage with instance Instance{instanceId='null', ip='192.168.178.1', port=9222, weight=1.0, healthy=true, enabled=true, ephemeral=true, clusterName='DEFAULT', serviceName='null', metadata={preserved.register.source=SPRING_CLOUD}}
08:26:59.789 [main] INFO  c.a.c.n.r.NacosServiceRegistry - [register,75] - nacos registry, DEFAULT_GROUP mf-storage 192.168.178.1:9222 register finished
08:27:00.292 [nacos-grpc-client-executor-localhost-6] INFO  c.a.n.c.r.client - [printIfInfoEnabled,60] - [3b6f302a-8ae1-43ec-a102-d142e844ea14] Receive server push request, request = NotifySubscriberRequest, requestId = 46
08:27:00.293 [nacos-grpc-client-executor-localhost-6] INFO  c.a.n.client.naming - [isChangedServiceInfo,235] - new ips(1) service: DEFAULT_GROUP@@mf-storage@@DEFAULT -> [{"ip":"192.168.178.1","port":9222,"weight":1.0,"healthy":true,"enabled":true,"ephemeral":true,"clusterName":"DEFAULT","serviceName":"DEFAULT_GROUP@@mf-storage","metadata":{"preserved.register.source":"SPRING_CLOUD"},"ipDeleteTimeout":30000,"instanceHeartBeatInterval":5000,"instanceHeartBeatTimeOut":15000}]
08:27:00.294 [nacos-grpc-client-executor-localhost-6] INFO  c.a.n.client.naming - [processServiceInfo,169] - current ips:(1) service: DEFAULT_GROUP@@mf-storage@@DEFAULT -> [{"ip":"192.168.178.1","port":9222,"weight":1.0,"healthy":true,"enabled":true,"ephemeral":true,"clusterName":"DEFAULT","serviceName":"DEFAULT_GROUP@@mf-storage","metadata":{"preserved.register.source":"SPRING_CLOUD"},"ipDeleteTimeout":30000,"instanceHeartBeatInterval":5000,"instanceHeartBeatTimeOut":15000}]
08:27:00.299 [nacos-grpc-client-executor-localhost-6] INFO  c.a.n.c.r.client - [printIfInfoEnabled,60] - [3b6f302a-8ae1-43ec-a102-d142e844ea14] Ack server push request, request = NotifySubscriberRequest, requestId = 46
08:27:00.546 [main] INFO  c.a.s.s.MfStorageApplication - [logStarted,61] - Started MfStorageApplication in 14.236 seconds (JVM running for 15.292)
08:27:00.554 [main] INFO  c.a.n.c.c.i.CacheData - [<clinit>,67] - nacos.cache.data.init.snapshot = true 
08:27:00.554 [main] INFO  c.a.n.c.c.i.ClientWorker - [addCacheDataIfAbsent,381] - [fixed-localhost_8848] [subscribe] mf-storage.yml+DEFAULT_GROUP
08:27:00.555 [main] INFO  c.a.n.c.c.i.CacheData - [addListener,197] - [fixed-localhost_8848] [add-listener] ok, tenant=, dataId=mf-storage.yml, group=DEFAULT_GROUP, cnt=1
08:27:00.555 [main] INFO  c.a.c.n.r.NacosContextRefresher - [registerNacosListener,129] - [Nacos Config] Listening config: dataId=mf-storage.yml, group=DEFAULT_GROUP
08:27:00.556 [main] INFO  c.a.n.c.c.i.ClientWorker - [addCacheDataIfAbsent,381] - [fixed-localhost_8848] [subscribe] mf-storage+DEFAULT_GROUP
08:27:00.556 [main] INFO  c.a.n.c.c.i.CacheData - [addListener,197] - [fixed-localhost_8848] [add-listener] ok, tenant=, dataId=mf-storage, group=DEFAULT_GROUP, cnt=1
08:27:00.556 [main] INFO  c.a.c.n.r.NacosContextRefresher - [registerNacosListener,129] - [Nacos Config] Listening config: dataId=mf-storage, group=DEFAULT_GROUP
08:27:00.557 [main] INFO  c.a.n.c.c.i.ClientWorker - [addCacheDataIfAbsent,381] - [fixed-localhost_8848] [subscribe] mf-storage-dev.yml+DEFAULT_GROUP
08:27:00.557 [main] INFO  c.a.n.c.c.i.CacheData - [addListener,197] - [fixed-localhost_8848] [add-listener] ok, tenant=, dataId=mf-storage-dev.yml, group=DEFAULT_GROUP, cnt=1
08:27:00.558 [main] INFO  c.a.c.n.r.NacosContextRefresher - [registerNacosListener,129] - [Nacos Config] Listening config: dataId=mf-storage-dev.yml, group=DEFAULT_GROUP
08:27:00.559 [main] INFO  c.a.n.c.c.i.ClientWorker - [addCacheDataIfAbsent,381] - [fixed-localhost_8848] [subscribe] application-dev.yml+DEFAULT_GROUP
08:27:00.559 [main] INFO  c.a.n.c.c.i.CacheData - [addListener,197] - [fixed-localhost_8848] [add-listener] ok, tenant=, dataId=application-dev.yml, group=DEFAULT_GROUP, cnt=1
08:27:00.559 [main] INFO  c.a.c.n.r.NacosContextRefresher - [registerNacosListener,129] - [Nacos Config] Listening config: dataId=application-dev.yml, group=DEFAULT_GROUP
08:27:00.559 [main] INFO  c.a.s.s.MfStorageApplication - [main,17] - 
	----------------------------------------------------------
	
	--------------------文件中心启动成功-----------------------
	
08:27:00.966 [RMI TCP Connection(6)-172.18.217.135] INFO  o.a.c.c.C.[.[.[/] - [log,173] - Initializing Spring DispatcherServlet 'dispatcherServlet'
