01:32:49.834 [com.alibaba.nacos.client.remote.worker] INFO  c.a.n.c.r.client - [printIfInfoEnabled,60] - [d827d4d9-68d3-4b31-9270-2248264e2f51_config-0] Try to reconnect to a new server, server is  not appointed, will choose a random server.
01:32:49.834 [com.alibaba.nacos.client.remote.worker] INFO  c.a.n.c.r.client - [printIfInfoEnabled,60] - [7f65e528-a969-459f-8a2f-f33a3ba7c15c] Try to reconnect to a new server, server is  not appointed, will choose a random server.
01:32:50.408 [lettuce-nioEventLoop-4-1] INFO  i.l.c.p.CommandHandler - [log,217] - null Unexpected exception during request: java.io.IOException: 远程主机强迫关闭了一个现有的连接。
java.io.IOException: 远程主机强迫关闭了一个现有的连接。
	at sun.nio.ch.SocketDispatcher.read0(Native Method)
	at sun.nio.ch.SocketDispatcher.read(SocketDispatcher.java:43)
	at sun.nio.ch.IOUtil.readIntoNativeBuffer(IOUtil.java:223)
	at sun.nio.ch.IOUtil.read(IOUtil.java:192)
	at sun.nio.ch.SocketChannelImpl.read(SocketChannelImpl.java:378)
	at io.netty.buffer.PooledByteBuf.setBytes(PooledByteBuf.java:259)
	at io.netty.buffer.AbstractByteBuf.writeBytes(AbstractByteBuf.java:1132)
	at io.netty.channel.socket.nio.NioSocketChannel.doReadBytes(NioSocketChannel.java:357)
	at io.netty.channel.nio.AbstractNioByteChannel$NioByteUnsafe.read(AbstractNioByteChannel.java:151)
	at io.netty.channel.nio.NioEventLoop.processSelectedKey(NioEventLoop.java:788)
	at io.netty.channel.nio.NioEventLoop.processSelectedKeysOptimized(NioEventLoop.java:724)
	at io.netty.channel.nio.NioEventLoop.processSelectedKeys(NioEventLoop.java:650)
	at io.netty.channel.nio.NioEventLoop.run(NioEventLoop.java:562)
	at io.netty.util.concurrent.SingleThreadEventExecutor$4.run(SingleThreadEventExecutor.java:997)
	at io.netty.util.internal.ThreadExecutorMap$2.run(ThreadExecutorMap.java:74)
	at io.netty.util.concurrent.FastThreadLocalRunnable.run(FastThreadLocalRunnable.java:30)
	at java.lang.Thread.run(Thread.java:750)
01:32:50.487 [lettuce-eventExecutorLoop-1-2] INFO  i.l.c.p.ConnectionWatchdog - [log,171] - Reconnecting, last destination was localhost/127.0.0.1:6379
01:32:56.039 [com.alibaba.nacos.client.remote.worker] INFO  c.a.n.c.r.client - [printIfInfoEnabled,60] - [d827d4d9-68d3-4b31-9270-2248264e2f51_config-0] Fail to connect server, after trying 1 times, last try server is {serverIp = 'localhost', server main port = 8848}, error = unknown
01:32:56.040 [com.alibaba.nacos.client.remote.worker] INFO  c.a.n.c.r.client - [printIfInfoEnabled,60] - [7f65e528-a969-459f-8a2f-f33a3ba7c15c] Fail to connect server, after trying 1 times, last try server is {serverIp = 'localhost', server main port = 8848}, error = unknown
01:32:56.792 [lettuce-eventExecutorLoop-1-5] INFO  i.l.c.p.ConnectionWatchdog - [log,171] - Reconnecting, last destination was localhost:6379
01:32:59.274 [com.alibaba.nacos.client.remote.worker] INFO  c.a.n.c.r.client - [printIfInfoEnabled,60] - [d827d4d9-68d3-4b31-9270-2248264e2f51_config-0] Fail to connect server, after trying 2 times, last try server is {serverIp = 'localhost', server main port = 8848}, error = unknown
01:32:59.274 [com.alibaba.nacos.client.remote.worker] INFO  c.a.n.c.r.client - [printIfInfoEnabled,60] - [7f65e528-a969-459f-8a2f-f33a3ba7c15c] Fail to connect server, after trying 2 times, last try server is {serverIp = 'localhost', server main port = 8848}, error = unknown
10:19:21.351 [main] INFO  c.a.s.w.MfWebApplication - [logStartupProfileInfo,637] - The following 1 profile is active: "dev"
10:19:24.542 [main] INFO  o.a.c.c.StandardService - [log,173] - Starting service [Tomcat]
10:19:24.543 [main] INFO  o.a.c.c.StandardEngine - [log,173] - Starting Servlet engine: [Apache Tomcat/9.0.70]
10:19:24.753 [main] INFO  o.a.c.c.C.[.[.[/] - [log,173] - Initializing Spring embedded WebApplicationContext
10:19:26.658 [main] INFO  c.a.d.p.DruidDataSource - [init,985] - {dataSource-1,master} inited
10:19:26.660 [main] INFO  c.b.d.d.DynamicRoutingDataSource - [addDataSource,154] - dynamic-datasource - add a datasource named [master] success
10:19:26.660 [main] INFO  c.b.d.d.DynamicRoutingDataSource - [afterPropertiesSet,234] - dynamic-datasource initial loaded [1] datasource,primary datasource named [master]
10:19:31.161 [main] INFO  c.a.c.s.SentinelWebMvcConfigurer - [addInterceptors,52] - [Sentinel Starter] register SentinelWebInterceptor with urlPatterns: [/**].
10:19:35.346 [main] INFO  c.a.n.c.e.SearchableProperties - [sortPropertySourceDefaultOrder,197] - properties search order:PROPERTIES->JVM->ENV->DEFAULT_SETTING
10:19:35.348 [main] INFO  c.a.n.client.naming - [initNamespaceForNaming,61] - initializer namespace from System Property : null
10:19:35.348 [main] INFO  c.a.n.client.naming - [lambda$initNamespaceForNaming$0,65] - initializer namespace from System Environment :null
10:19:35.348 [main] INFO  c.a.n.client.naming - [lambda$initNamespaceForNaming$1,72] - initializer namespace from System Property :
10:19:35.373 [main] INFO  c.a.n.p.a.s.c.ClientAuthPluginManager - [init,56] - [ClientAuthPluginManager] Load ClientAuthService com.alibaba.nacos.client.auth.impl.NacosClientAuthServiceImpl success.
10:19:35.373 [main] INFO  c.a.n.p.a.s.c.ClientAuthPluginManager - [init,56] - [ClientAuthPluginManager] Load ClientAuthService com.alibaba.nacos.client.auth.ram.RamClientAuthServiceImpl success.
10:19:35.376 [main] INFO  c.a.n.c.r.client - [lambda$createClient$0,94] - [RpcClientFactory] create a new rpc client of 8c9f33e9-486d-49bd-996e-822457130da4
10:19:35.378 [main] INFO  c.a.n.c.r.client - [printIfInfoEnabled,60] - [8c9f33e9-486d-49bd-996e-822457130da4] RpcClient init, ServerListFactory = com.alibaba.nacos.client.naming.core.ServerListManager
10:19:35.378 [main] INFO  c.a.n.c.r.client - [printIfInfoEnabled,60] - [8c9f33e9-486d-49bd-996e-822457130da4] Registry connection listener to current client:com.alibaba.nacos.client.naming.remote.gprc.redo.NamingGrpcRedoService
10:19:35.379 [main] INFO  c.a.n.c.r.client - [printIfInfoEnabled,60] - [8c9f33e9-486d-49bd-996e-822457130da4] Register server push request handler:com.alibaba.nacos.client.naming.remote.gprc.NamingPushRequestHandler
10:19:35.379 [main] INFO  c.a.n.c.r.client - [printIfInfoEnabled,60] - [8c9f33e9-486d-49bd-996e-822457130da4] Try to connect to server on start up, server: {serverIp = 'localhost', server main port = 8848}
10:19:35.496 [main] INFO  c.a.n.c.r.client - [printIfInfoEnabled,60] - [8c9f33e9-486d-49bd-996e-822457130da4] Success to connect to server [localhost:8848] on start up, connectionId = 1684376375386_127.0.0.1_57288
10:19:35.497 [main] INFO  c.a.n.c.r.client - [printIfInfoEnabled,60] - [8c9f33e9-486d-49bd-996e-822457130da4] Register server push request handler:com.alibaba.nacos.common.remote.client.RpcClient$ConnectResetRequestHandler
10:19:35.497 [com.alibaba.nacos.client.remote.worker] INFO  c.a.n.c.r.client - [printIfInfoEnabled,60] - [8c9f33e9-486d-49bd-996e-822457130da4] Notify connected event to listeners.
10:19:35.497 [main] INFO  c.a.n.c.r.client - [printIfInfoEnabled,60] - [8c9f33e9-486d-49bd-996e-822457130da4] Register server push request handler:com.alibaba.nacos.common.remote.client.RpcClient$$Lambda$356/1795468466
10:19:35.498 [com.alibaba.nacos.client.remote.worker] INFO  c.a.n.client.naming - [onConnected,78] - Grpc connection connect
10:19:35.500 [main] INFO  c.a.n.client.naming - [subscribe,167] - [SUBSCRIBE-SERVICE] service:mf-web, group:DEFAULT_GROUP, clusters:DEFAULT 
10:19:35.513 [main] INFO  c.a.n.client.naming - [isChangedServiceInfo,184] - init new ips(0) service: DEFAULT_GROUP@@mf-web@@DEFAULT -> []
10:19:35.521 [main] INFO  c.a.n.client.naming - [processServiceInfo,169] - current ips:(0) service: DEFAULT_GROUP@@mf-web@@DEFAULT -> []
10:19:35.543 [main] INFO  c.a.n.client.naming - [registerService,120] - [REGISTER-SERVICE] public registering service mf-web with instance Instance{instanceId='null', ip='169.254.54.134', port=9225, weight=1.0, healthy=true, enabled=true, ephemeral=true, clusterName='DEFAULT', serviceName='null', metadata={preserved.register.source=SPRING_CLOUD}}
10:19:35.550 [main] INFO  c.a.c.n.r.NacosServiceRegistry - [register,75] - nacos registry, DEFAULT_GROUP mf-web 169.254.54.134:9225 register finished
10:19:36.079 [nacos-grpc-client-executor-localhost-8] INFO  c.a.n.c.r.client - [printIfInfoEnabled,60] - [8c9f33e9-486d-49bd-996e-822457130da4] Receive server push request, request = NotifySubscriberRequest, requestId = 4
10:19:36.081 [nacos-grpc-client-executor-localhost-8] INFO  c.a.n.client.naming - [isChangedServiceInfo,235] - new ips(1) service: DEFAULT_GROUP@@mf-web@@DEFAULT -> [{"ip":"169.254.54.134","port":9225,"weight":1.0,"healthy":true,"enabled":true,"ephemeral":true,"clusterName":"DEFAULT","serviceName":"DEFAULT_GROUP@@mf-web","metadata":{"preserved.register.source":"SPRING_CLOUD"},"ipDeleteTimeout":30000,"instanceHeartBeatTimeOut":15000,"instanceHeartBeatInterval":5000}]
10:19:36.082 [nacos-grpc-client-executor-localhost-8] INFO  c.a.n.client.naming - [processServiceInfo,169] - current ips:(1) service: DEFAULT_GROUP@@mf-web@@DEFAULT -> [{"ip":"169.254.54.134","port":9225,"weight":1.0,"healthy":true,"enabled":true,"ephemeral":true,"clusterName":"DEFAULT","serviceName":"DEFAULT_GROUP@@mf-web","metadata":{"preserved.register.source":"SPRING_CLOUD"},"ipDeleteTimeout":30000,"instanceHeartBeatTimeOut":15000,"instanceHeartBeatInterval":5000}]
10:19:36.088 [nacos-grpc-client-executor-localhost-8] INFO  c.a.n.c.r.client - [printIfInfoEnabled,60] - [8c9f33e9-486d-49bd-996e-822457130da4] Ack server push request, request = NotifySubscriberRequest, requestId = 4
10:19:36.855 [main] INFO  c.a.s.w.MfWebApplication - [logStarted,61] - Started MfWebApplication in 28.189 seconds (JVM running for 30.321)
10:19:36.864 [main] INFO  c.a.n.c.c.i.CacheData - [<clinit>,67] - nacos.cache.data.init.snapshot = true 
10:19:36.864 [main] INFO  c.a.n.c.c.i.ClientWorker - [addCacheDataIfAbsent,381] - [fixed-localhost_8848] [subscribe] mf-web.yml+DEFAULT_GROUP
10:19:36.865 [main] INFO  c.a.n.c.c.i.CacheData - [addListener,197] - [fixed-localhost_8848] [add-listener] ok, tenant=, dataId=mf-web.yml, group=DEFAULT_GROUP, cnt=1
10:19:36.865 [main] INFO  c.a.c.n.r.NacosContextRefresher - [registerNacosListener,129] - [Nacos Config] Listening config: dataId=mf-web.yml, group=DEFAULT_GROUP
10:19:36.867 [main] INFO  c.a.n.c.c.i.ClientWorker - [addCacheDataIfAbsent,381] - [fixed-localhost_8848] [subscribe] mf-web-dev.yml+DEFAULT_GROUP
10:19:36.867 [main] INFO  c.a.n.c.c.i.CacheData - [addListener,197] - [fixed-localhost_8848] [add-listener] ok, tenant=, dataId=mf-web-dev.yml, group=DEFAULT_GROUP, cnt=1
10:19:36.867 [main] INFO  c.a.c.n.r.NacosContextRefresher - [registerNacosListener,129] - [Nacos Config] Listening config: dataId=mf-web-dev.yml, group=DEFAULT_GROUP
10:19:36.867 [main] INFO  c.a.n.c.c.i.ClientWorker - [addCacheDataIfAbsent,381] - [fixed-localhost_8848] [subscribe] mf-web+DEFAULT_GROUP
10:19:36.867 [main] INFO  c.a.n.c.c.i.CacheData - [addListener,197] - [fixed-localhost_8848] [add-listener] ok, tenant=, dataId=mf-web, group=DEFAULT_GROUP, cnt=1
10:19:36.867 [main] INFO  c.a.c.n.r.NacosContextRefresher - [registerNacosListener,129] - [Nacos Config] Listening config: dataId=mf-web, group=DEFAULT_GROUP
10:19:36.868 [main] INFO  c.a.n.c.c.i.ClientWorker - [addCacheDataIfAbsent,381] - [fixed-localhost_8848] [subscribe] application-dev.yml+DEFAULT_GROUP
10:19:36.868 [main] INFO  c.a.n.c.c.i.CacheData - [addListener,197] - [fixed-localhost_8848] [add-listener] ok, tenant=, dataId=application-dev.yml, group=DEFAULT_GROUP, cnt=1
10:19:36.868 [main] INFO  c.a.c.n.r.NacosContextRefresher - [registerNacosListener,129] - [Nacos Config] Listening config: dataId=application-dev.yml, group=DEFAULT_GROUP
10:19:36.869 [main] INFO  c.a.s.w.MfWebApplication - [main,17] - 
	----------------------------------------------------------
	
	--------------------其他web业务服务启动成功-----------------------
	
10:19:38.204 [RMI TCP Connection(4)-172.18.217.135] INFO  o.a.c.c.C.[.[.[/] - [log,173] - Initializing Spring DispatcherServlet 'dispatcherServlet'
10:24:13.137 [task-1] INFO  c.a.n.client.naming - [subscribe,167] - [SUBSCRIBE-SERVICE] service:mf-sys, group:DEFAULT_GROUP, clusters: 
10:24:13.147 [task-1] INFO  c.a.n.client.naming - [isChangedServiceInfo,184] - init new ips(1) service: DEFAULT_GROUP@@mf-sys -> [{"ip":"169.254.54.134","port":9221,"weight":1.0,"healthy":true,"enabled":true,"ephemeral":true,"clusterName":"DEFAULT","serviceName":"DEFAULT_GROUP@@mf-sys","metadata":{"preserved.register.source":"SPRING_CLOUD"},"ipDeleteTimeout":30000,"instanceHeartBeatTimeOut":15000,"instanceHeartBeatInterval":5000}]
10:24:13.148 [task-1] INFO  c.a.n.client.naming - [processServiceInfo,169] - current ips:(1) service: DEFAULT_GROUP@@mf-sys -> [{"ip":"169.254.54.134","port":9221,"weight":1.0,"healthy":true,"enabled":true,"ephemeral":true,"clusterName":"DEFAULT","serviceName":"DEFAULT_GROUP@@mf-sys","metadata":{"preserved.register.source":"SPRING_CLOUD"},"ipDeleteTimeout":30000,"instanceHeartBeatTimeOut":15000,"instanceHeartBeatInterval":5000}]
10:24:13.693 [nacos-grpc-client-executor-localhost-75] INFO  c.a.n.c.r.client - [printIfInfoEnabled,60] - [8c9f33e9-486d-49bd-996e-822457130da4] Receive server push request, request = NotifySubscriberRequest, requestId = 11
10:24:13.694 [nacos-grpc-client-executor-localhost-75] INFO  c.a.n.c.r.client - [printIfInfoEnabled,60] - [8c9f33e9-486d-49bd-996e-822457130da4] Ack server push request, request = NotifySubscriberRequest, requestId = 11
