08:34:37.323 [main] INFO  c.a.s.s.MfSchedulerApplication - [logStartupProfileInfo,637] - The following 1 profile is active: "dev"
08:34:39.618 [main] INFO  o.a.c.c.StandardService - [log,173] - Starting service [Tomcat]
08:34:39.619 [main] INFO  o.a.c.c.StandardEngine - [log,173] - Starting Servlet engine: [Apache Tomcat/9.0.70]
08:34:39.792 [main] INFO  o.a.c.c.C.[.[.[/] - [log,173] - Initializing Spring embedded WebApplicationContext
08:34:40.640 [main] INFO  c.a.d.p.DruidDataSource - [init,985] - {dataSource-1,master} inited
08:34:40.666 [Druid-ConnectionPool-Create-608486367] INFO  c.a.d.p.DruidAbstractDataSource - [setFailContinuous,1883] - {dataSource-1} failContinuous is true
08:34:40.669 [main] INFO  o.a.c.c.StandardService - [log,173] - Stopping service [Tomcat]
08:35:15.756 [main] INFO  c.a.s.s.MfSchedulerApplication - [logStartupProfileInfo,637] - The following 1 profile is active: "dev"
08:35:18.114 [main] INFO  o.a.c.c.StandardService - [log,173] - Starting service [Tomcat]
08:35:18.114 [main] INFO  o.a.c.c.StandardEngine - [log,173] - Starting Servlet engine: [Apache Tomcat/9.0.70]
08:35:18.282 [main] INFO  o.a.c.c.C.[.[.[/] - [log,173] - Initializing Spring embedded WebApplicationContext
08:35:19.205 [main] INFO  c.a.d.p.DruidDataSource - [init,985] - {dataSource-1,master} inited
08:35:19.206 [main] INFO  c.b.d.d.DynamicRoutingDataSource - [addDataSource,154] - dynamic-datasource - add a datasource named [master] success
08:35:19.206 [main] INFO  c.b.d.d.DynamicRoutingDataSource - [afterPropertiesSet,234] - dynamic-datasource initial loaded [1] datasource,primary datasource named [master]
08:35:19.448 [main] INFO  o.q.i.StdSchedulerFactory - [instantiate,1220] - Using default implementation for ThreadExecutor
08:35:19.463 [main] INFO  o.q.c.SchedulerSignalerImpl - [<init>,61] - Initialized Scheduler Signaller of type: class org.quartz.core.SchedulerSignalerImpl
08:35:19.464 [main] INFO  o.q.c.QuartzScheduler - [<init>,229] - Quartz Scheduler v.2.3.2 created.
08:35:19.465 [main] INFO  o.q.i.j.JobStoreTX - [initialize,672] - Using db table-based data access locking (synchronization).
08:35:19.467 [main] INFO  o.q.i.j.JobStoreTX - [initialize,59] - JobStoreTX initialized.
08:35:19.468 [main] INFO  o.q.c.QuartzScheduler - [initialize,294] - Scheduler meta-data: Quartz Scheduler (v2.3.2) 'MfishClusteredScheduler' with instanceId 'LAPTOP-MO2Q3E771683419719450'
  Scheduler class: 'org.quartz.core.QuartzScheduler' - running locally.
  NOT STARTED.
  Currently in standby mode.
  Number of jobs executed: 0
  Using thread pool 'org.quartz.simpl.SimpleThreadPool' - with 50 threads.
  Using job-store 'org.quartz.impl.jdbcjobstore.JobStoreTX' - which supports persistence. and is clustered.

08:35:19.468 [main] INFO  o.q.i.StdSchedulerFactory - [instantiate,1374] - Quartz scheduler 'MfishClusteredScheduler' initialized from an externally provided properties instance.
08:35:19.468 [main] INFO  o.q.i.StdSchedulerFactory - [instantiate,1378] - Quartz scheduler version: 2.3.2
08:35:19.468 [main] INFO  o.q.c.QuartzScheduler - [setJobFactory,2293] - JobFactory set to: org.springframework.scheduling.quartz.SpringBeanJobFactory@7252bdb
08:35:21.457 [main] INFO  c.a.c.s.SentinelWebMvcConfigurer - [addInterceptors,52] - [Sentinel Starter] register SentinelWebInterceptor with urlPatterns: [/**].
08:35:24.279 [main] INFO  o.a.r.s.a.RocketMQAutoConfiguration - [defaultMQProducer,121] - a producer (mfish-scheduler-group) init on namesrv 127.0.0.1:9876
08:35:26.391 [main] INFO  c.a.n.c.e.SearchableProperties - [sortPropertySourceDefaultOrder,197] - properties search order:PROPERTIES->JVM->ENV->DEFAULT_SETTING
08:35:26.392 [main] INFO  c.a.n.client.naming - [initNamespaceForNaming,61] - initializer namespace from System Property : null
08:35:26.393 [main] INFO  c.a.n.client.naming - [lambda$initNamespaceForNaming$0,65] - initializer namespace from System Environment :null
08:35:26.393 [main] INFO  c.a.n.client.naming - [lambda$initNamespaceForNaming$1,72] - initializer namespace from System Property :
08:35:26.399 [main] INFO  c.a.n.p.a.s.c.ClientAuthPluginManager - [init,56] - [ClientAuthPluginManager] Load ClientAuthService com.alibaba.nacos.client.auth.impl.NacosClientAuthServiceImpl success.
08:35:26.399 [main] INFO  c.a.n.p.a.s.c.ClientAuthPluginManager - [init,56] - [ClientAuthPluginManager] Load ClientAuthService com.alibaba.nacos.client.auth.ram.RamClientAuthServiceImpl success.
08:35:26.404 [main] INFO  c.a.n.c.r.client - [lambda$createClient$0,94] - [RpcClientFactory] create a new rpc client of 99123d0c-ff64-490c-92ae-9ef658977226
08:35:26.405 [main] INFO  c.a.n.c.r.client - [printIfInfoEnabled,60] - [99123d0c-ff64-490c-92ae-9ef658977226] RpcClient init, ServerListFactory = com.alibaba.nacos.client.naming.core.ServerListManager
08:35:26.405 [main] INFO  c.a.n.c.r.client - [printIfInfoEnabled,60] - [99123d0c-ff64-490c-92ae-9ef658977226] Registry connection listener to current client:com.alibaba.nacos.client.naming.remote.gprc.redo.NamingGrpcRedoService
08:35:26.406 [main] INFO  c.a.n.c.r.client - [printIfInfoEnabled,60] - [99123d0c-ff64-490c-92ae-9ef658977226] Register server push request handler:com.alibaba.nacos.client.naming.remote.gprc.NamingPushRequestHandler
08:35:26.406 [main] INFO  c.a.n.c.r.client - [printIfInfoEnabled,60] - [99123d0c-ff64-490c-92ae-9ef658977226] Try to connect to server on start up, server: {serverIp = 'localhost', server main port = 8848}
08:35:26.525 [main] INFO  c.a.n.c.r.client - [printIfInfoEnabled,60] - [99123d0c-ff64-490c-92ae-9ef658977226] Success to connect to server [localhost:8848] on start up, connectionId = 1683419726411_127.0.0.1_63768
08:35:26.525 [main] INFO  c.a.n.c.r.client - [printIfInfoEnabled,60] - [99123d0c-ff64-490c-92ae-9ef658977226] Register server push request handler:com.alibaba.nacos.common.remote.client.RpcClient$ConnectResetRequestHandler
08:35:26.525 [com.alibaba.nacos.client.remote.worker] INFO  c.a.n.c.r.client - [printIfInfoEnabled,60] - [99123d0c-ff64-490c-92ae-9ef658977226] Notify connected event to listeners.
08:35:26.525 [main] INFO  c.a.n.c.r.client - [printIfInfoEnabled,60] - [99123d0c-ff64-490c-92ae-9ef658977226] Register server push request handler:com.alibaba.nacos.common.remote.client.RpcClient$$Lambda$356/949314262
08:35:26.526 [com.alibaba.nacos.client.remote.worker] INFO  c.a.n.client.naming - [onConnected,78] - Grpc connection connect
08:35:26.529 [main] INFO  c.a.n.client.naming - [subscribe,167] - [SUBSCRIBE-SERVICE] service:mf-scheduler, group:DEFAULT_GROUP, clusters:DEFAULT 
08:35:26.537 [main] INFO  c.a.n.client.naming - [isChangedServiceInfo,184] - init new ips(0) service: DEFAULT_GROUP@@mf-scheduler@@DEFAULT -> []
08:35:26.546 [main] INFO  c.a.n.client.naming - [processServiceInfo,169] - current ips:(0) service: DEFAULT_GROUP@@mf-scheduler@@DEFAULT -> []
08:35:26.566 [main] INFO  c.a.n.client.naming - [registerService,120] - [REGISTER-SERVICE] public registering service mf-scheduler with instance Instance{instanceId='null', ip='192.168.178.1', port=9224, weight=1.0, healthy=true, enabled=true, ephemeral=true, clusterName='DEFAULT', serviceName='null', metadata={preserved.register.source=SPRING_CLOUD}}
08:35:26.573 [main] INFO  c.a.c.n.r.NacosServiceRegistry - [register,75] - nacos registry, DEFAULT_GROUP mf-scheduler 192.168.178.1:9224 register finished
08:35:27.081 [nacos-grpc-client-executor-localhost-6] INFO  c.a.n.c.r.client - [printIfInfoEnabled,60] - [99123d0c-ff64-490c-92ae-9ef658977226] Receive server push request, request = NotifySubscriberRequest, requestId = 49
08:35:27.083 [nacos-grpc-client-executor-localhost-6] INFO  c.a.n.client.naming - [isChangedServiceInfo,235] - new ips(1) service: DEFAULT_GROUP@@mf-scheduler@@DEFAULT -> [{"ip":"192.168.178.1","port":9224,"weight":1.0,"healthy":true,"enabled":true,"ephemeral":true,"clusterName":"DEFAULT","serviceName":"DEFAULT_GROUP@@mf-scheduler","metadata":{"preserved.register.source":"SPRING_CLOUD"},"instanceHeartBeatInterval":5000,"instanceHeartBeatTimeOut":15000,"ipDeleteTimeout":30000}]
08:35:27.084 [nacos-grpc-client-executor-localhost-6] INFO  c.a.n.client.naming - [processServiceInfo,169] - current ips:(1) service: DEFAULT_GROUP@@mf-scheduler@@DEFAULT -> [{"ip":"192.168.178.1","port":9224,"weight":1.0,"healthy":true,"enabled":true,"ephemeral":true,"clusterName":"DEFAULT","serviceName":"DEFAULT_GROUP@@mf-scheduler","metadata":{"preserved.register.source":"SPRING_CLOUD"},"instanceHeartBeatInterval":5000,"instanceHeartBeatTimeOut":15000,"ipDeleteTimeout":30000}]
08:35:27.088 [nacos-grpc-client-executor-localhost-6] INFO  c.a.n.c.r.client - [printIfInfoEnabled,60] - [99123d0c-ff64-490c-92ae-9ef658977226] Ack server push request, request = NotifySubscriberRequest, requestId = 49
08:35:27.333 [main] INFO  c.a.s.s.l.ListenerEvent - [save,14] - ----- ListenerEvent.save -----> [schedulerStarting]计划任务正在启动中
08:35:27.375 [main] INFO  o.q.i.j.JobStoreTX - [logWarnIfNonZero,3644] - ClusterManager: detected 1 failed or restarted instances.
08:35:27.376 [main] INFO  o.q.i.j.JobStoreTX - [clusterRecover,3503] - ClusterManager: Scanning for instance "niting1682215259714"'s failed in-progress jobs.
08:35:27.379 [main] INFO  o.q.c.QuartzScheduler - [start,547] - Scheduler MfishClusteredScheduler_$_LAPTOP-MO2Q3E771683419719450 started.
08:35:27.380 [main] INFO  c.a.s.s.l.ListenerEvent - [save,14] - ----- ListenerEvent.save -----> [schedulerStarted]计划任务已经启动
08:35:27.401 [main] INFO  c.a.s.s.MfSchedulerApplication - [logStarted,61] - Started MfSchedulerApplication in 15.765 seconds (JVM running for 16.875)
08:35:27.409 [main] INFO  c.a.n.c.c.i.CacheData - [<clinit>,67] - nacos.cache.data.init.snapshot = true 
08:35:27.410 [main] INFO  c.a.n.c.c.i.ClientWorker - [addCacheDataIfAbsent,381] - [fixed-localhost_8848] [subscribe] mf-scheduler+DEFAULT_GROUP
08:35:27.411 [main] INFO  c.a.n.c.c.i.CacheData - [addListener,197] - [fixed-localhost_8848] [add-listener] ok, tenant=, dataId=mf-scheduler, group=DEFAULT_GROUP, cnt=1
08:35:27.411 [main] INFO  c.a.c.n.r.NacosContextRefresher - [registerNacosListener,129] - [Nacos Config] Listening config: dataId=mf-scheduler, group=DEFAULT_GROUP
08:35:27.413 [main] INFO  c.a.n.c.c.i.ClientWorker - [addCacheDataIfAbsent,381] - [fixed-localhost_8848] [subscribe] mf-scheduler-dev.yml+DEFAULT_GROUP
08:35:27.413 [main] INFO  c.a.n.c.c.i.CacheData - [addListener,197] - [fixed-localhost_8848] [add-listener] ok, tenant=, dataId=mf-scheduler-dev.yml, group=DEFAULT_GROUP, cnt=1
08:35:27.413 [main] INFO  c.a.c.n.r.NacosContextRefresher - [registerNacosListener,129] - [Nacos Config] Listening config: dataId=mf-scheduler-dev.yml, group=DEFAULT_GROUP
08:35:27.413 [main] INFO  c.a.n.c.c.i.ClientWorker - [addCacheDataIfAbsent,381] - [fixed-localhost_8848] [subscribe] mf-scheduler.yml+DEFAULT_GROUP
08:35:27.413 [main] INFO  c.a.n.c.c.i.CacheData - [addListener,197] - [fixed-localhost_8848] [add-listener] ok, tenant=, dataId=mf-scheduler.yml, group=DEFAULT_GROUP, cnt=1
08:35:27.414 [main] INFO  c.a.c.n.r.NacosContextRefresher - [registerNacosListener,129] - [Nacos Config] Listening config: dataId=mf-scheduler.yml, group=DEFAULT_GROUP
08:35:27.415 [main] INFO  c.a.n.c.c.i.ClientWorker - [addCacheDataIfAbsent,381] - [fixed-localhost_8848] [subscribe] application-dev.yml+DEFAULT_GROUP
08:35:27.415 [main] INFO  c.a.n.c.c.i.CacheData - [addListener,197] - [fixed-localhost_8848] [add-listener] ok, tenant=, dataId=application-dev.yml, group=DEFAULT_GROUP, cnt=1
08:35:27.415 [main] INFO  c.a.c.n.r.NacosContextRefresher - [registerNacosListener,129] - [Nacos Config] Listening config: dataId=application-dev.yml, group=DEFAULT_GROUP
08:35:27.416 [main] INFO  c.a.s.s.MfSchedulerApplication - [main,19] - 
	----------------------------------------------------------
	
	--------------------调度中心启动成功-----------------------
	
08:35:27.839 [RMI TCP Connection(1)-172.18.217.135] INFO  o.a.c.c.C.[.[.[/] - [log,173] - Initializing Spring DispatcherServlet 'dispatcherServlet'
