08:38:10.427 [http-nio-9224-exec-2] DEBUG c.a.s.s.m.J.selectList_COUNT - [debug,137] - ==>  Preparing: SELECT count(0) FROM qrtz_job
08:38:10.434 [http-nio-9224-exec-2] DEBUG c.a.s.s.m.J.selectList_COUNT - [debug,137] - ==> Parameters: 
08:38:10.452 [http-nio-9224-exec-2] DEBUG c.a.s.s.m.J.selectList_COUNT - [debug,137] - <==      Total: 1
08:38:10.455 [http-nio-9224-exec-2] DEBUG c.a.s.s.m.J.selectList - [debug,137] - ==>  Preparing: SELECT id,job_name,job_group,job_type,class_name,method_name,params,allow_concurrent,misfire_handler,status,priority,time_zone,remark,create_by,create_time,update_by,update_time FROM qrtz_job ORDER BY create_time DESC LIMIT ?
08:38:10.457 [http-nio-9224-exec-2] DEBUG c.a.s.s.m.J.selectList - [debug,137] - ==> Parameters: 10(Integer)
08:38:10.462 [http-nio-9224-exec-2] DEBUG c.a.s.s.m.J.selectList - [debug,137] - <==      Total: 3
08:38:10.473 [http-nio-9224-exec-2] DEBUG c.a.s.s.m.J.getSubscribesByJobIds - [debug,137] - ==>  Preparing: select * from qrtz_job_subscribe WHERE job_id in ( ? , ? , ? )
08:38:10.474 [http-nio-9224-exec-2] DEBUG c.a.s.s.m.J.getSubscribesByJobIds - [debug,137] - ==> Parameters: 895baafe9caa9afd089f54d7c3932a25(String), 357b8d7dac67eaf0a1a0ce369ec25462(String), 908c3637e3c9914eb97f4576f187d668(String)
08:38:10.480 [http-nio-9224-exec-2] DEBUG c.a.s.s.m.J.getSubscribesByJobIds - [debug,137] - <==      Total: 4
08:38:11.211 [http-nio-9224-exec-6] DEBUG c.a.s.s.m.J.selectList_COUNT - [debug,137] - ==>  Preparing: SELECT count(0) FROM qrtz_job_log
08:38:11.214 [http-nio-9224-exec-6] DEBUG c.a.s.s.m.J.selectList_COUNT - [debug,137] - ==> Parameters: 
08:38:11.218 [http-nio-9224-exec-6] DEBUG c.a.s.s.m.J.selectList_COUNT - [debug,137] - <==      Total: 1
08:38:12.114 [http-nio-9224-exec-5] DEBUG c.a.s.s.m.J.selectList_COUNT - [debug,137] - ==>  Preparing: SELECT count(0) FROM qrtz_job
08:38:12.115 [http-nio-9224-exec-5] DEBUG c.a.s.s.m.J.selectList_COUNT - [debug,137] - ==> Parameters: 
08:38:12.116 [http-nio-9224-exec-5] DEBUG c.a.s.s.m.J.selectList_COUNT - [debug,137] - <==      Total: 1
08:38:12.116 [http-nio-9224-exec-5] DEBUG c.a.s.s.m.J.selectList - [debug,137] - ==>  Preparing: SELECT id,job_name,job_group,job_type,class_name,method_name,params,allow_concurrent,misfire_handler,status,priority,time_zone,remark,create_by,create_time,update_by,update_time FROM qrtz_job ORDER BY create_time DESC LIMIT ?
08:38:12.117 [http-nio-9224-exec-5] DEBUG c.a.s.s.m.J.selectList - [debug,137] - ==> Parameters: 10(Integer)
08:38:12.120 [http-nio-9224-exec-5] DEBUG c.a.s.s.m.J.selectList - [debug,137] - <==      Total: 3
08:38:12.121 [http-nio-9224-exec-5] DEBUG c.a.s.s.m.J.getSubscribesByJobIds - [debug,137] - ==>  Preparing: select * from qrtz_job_subscribe WHERE job_id in ( ? , ? , ? )
08:38:12.121 [http-nio-9224-exec-5] DEBUG c.a.s.s.m.J.getSubscribesByJobIds - [debug,137] - ==> Parameters: 895baafe9caa9afd089f54d7c3932a25(String), 357b8d7dac67eaf0a1a0ce369ec25462(String), 908c3637e3c9914eb97f4576f187d668(String)
08:38:12.123 [http-nio-9224-exec-5] DEBUG c.a.s.s.m.J.getSubscribesByJobIds - [debug,137] - <==      Total: 4
08:38:13.457 [http-nio-9224-exec-4] DEBUG c.a.s.s.m.J.selectList_COUNT - [debug,137] - ==>  Preparing: SELECT count(0) FROM qrtz_job_log
08:38:13.457 [http-nio-9224-exec-4] DEBUG c.a.s.s.m.J.selectList_COUNT - [debug,137] - ==> Parameters: 
08:38:13.459 [http-nio-9224-exec-4] DEBUG c.a.s.s.m.J.selectList_COUNT - [debug,137] - <==      Total: 1
08:39:45.690 [http-nio-9224-exec-5] DEBUG c.a.s.s.m.J.selectList_COUNT - [debug,137] - ==>  Preparing: SELECT count(0) FROM qrtz_job
08:39:45.691 [http-nio-9224-exec-5] DEBUG c.a.s.s.m.J.selectList_COUNT - [debug,137] - ==> Parameters: 
08:39:45.693 [http-nio-9224-exec-5] DEBUG c.a.s.s.m.J.selectList_COUNT - [debug,137] - <==      Total: 1
08:39:45.694 [http-nio-9224-exec-5] DEBUG c.a.s.s.m.J.selectList - [debug,137] - ==>  Preparing: SELECT id,job_name,job_group,job_type,class_name,method_name,params,allow_concurrent,misfire_handler,status,priority,time_zone,remark,create_by,create_time,update_by,update_time FROM qrtz_job ORDER BY create_time DESC LIMIT ?
08:39:45.694 [http-nio-9224-exec-5] DEBUG c.a.s.s.m.J.selectList - [debug,137] - ==> Parameters: 10(Integer)
08:39:45.696 [http-nio-9224-exec-5] DEBUG c.a.s.s.m.J.selectList - [debug,137] - <==      Total: 3
08:39:45.698 [http-nio-9224-exec-5] DEBUG c.a.s.s.m.J.getSubscribesByJobIds - [debug,137] - ==>  Preparing: select * from qrtz_job_subscribe WHERE job_id in ( ? , ? , ? )
08:39:45.699 [http-nio-9224-exec-5] DEBUG c.a.s.s.m.J.getSubscribesByJobIds - [debug,137] - ==> Parameters: 895baafe9caa9afd089f54d7c3932a25(String), 357b8d7dac67eaf0a1a0ce369ec25462(String), 908c3637e3c9914eb97f4576f187d668(String)
08:39:45.701 [http-nio-9224-exec-5] DEBUG c.a.s.s.m.J.getSubscribesByJobIds - [debug,137] - <==      Total: 4
08:39:46.303 [http-nio-9224-exec-4] DEBUG c.a.s.s.m.J.selectList_COUNT - [debug,137] - ==>  Preparing: SELECT count(0) FROM qrtz_job_log
08:39:46.303 [http-nio-9224-exec-4] DEBUG c.a.s.s.m.J.selectList_COUNT - [debug,137] - ==> Parameters: 
08:39:46.304 [http-nio-9224-exec-4] DEBUG c.a.s.s.m.J.selectList_COUNT - [debug,137] - <==      Total: 1
10:16:24.185 [http-nio-9224-exec-2] DEBUG c.a.s.s.m.J.selectList_COUNT - [debug,137] - ==>  Preparing: SELECT count(0) FROM qrtz_job
10:16:24.234 [http-nio-9224-exec-2] DEBUG c.a.s.s.m.J.selectList_COUNT - [debug,137] - ==> Parameters: 
10:16:24.248 [http-nio-9224-exec-2] DEBUG c.a.s.s.m.J.selectList_COUNT - [debug,137] - <==      Total: 1
10:16:24.250 [http-nio-9224-exec-2] DEBUG c.a.s.s.m.J.selectList - [debug,137] - ==>  Preparing: SELECT id,job_name,job_group,job_type,class_name,method_name,params,allow_concurrent,misfire_handler,status,priority,time_zone,remark,create_by,create_time,update_by,update_time FROM qrtz_job ORDER BY create_time DESC LIMIT ?
10:16:24.252 [http-nio-9224-exec-2] DEBUG c.a.s.s.m.J.selectList - [debug,137] - ==> Parameters: 10(Integer)
10:16:24.258 [http-nio-9224-exec-2] DEBUG c.a.s.s.m.J.selectList - [debug,137] - <==      Total: 3
10:16:24.264 [http-nio-9224-exec-2] DEBUG c.a.s.s.m.J.getSubscribesByJobIds - [debug,137] - ==>  Preparing: select * from qrtz_job_subscribe WHERE job_id in ( ? , ? , ? )
10:16:24.266 [http-nio-9224-exec-2] DEBUG c.a.s.s.m.J.getSubscribesByJobIds - [debug,137] - ==> Parameters: 895baafe9caa9afd089f54d7c3932a25(String), 357b8d7dac67eaf0a1a0ce369ec25462(String), 908c3637e3c9914eb97f4576f187d668(String)
10:16:24.277 [http-nio-9224-exec-2] DEBUG c.a.s.s.m.J.getSubscribesByJobIds - [debug,137] - <==      Total: 4
10:16:40.417 [http-nio-9224-exec-4] DEBUG c.a.s.s.m.J.selectList_COUNT - [debug,137] - ==>  Preparing: SELECT count(0) FROM qrtz_job_log
10:16:40.419 [http-nio-9224-exec-4] DEBUG c.a.s.s.m.J.selectList_COUNT - [debug,137] - ==> Parameters: 
10:16:40.426 [http-nio-9224-exec-4] DEBUG c.a.s.s.m.J.selectList_COUNT - [debug,137] - <==      Total: 1
